[2023-04-16T00:49:14.195+0000] {processor.py:153} INFO - Started process (PID=41) to work on /home/airflow/.local/lib/python3.7/site-packages/airflow/example_dags/example_branch_operator.py
[2023-04-16T00:49:14.196+0000] {processor.py:743} INFO - Processing file /home/airflow/.local/lib/python3.7/site-packages/airflow/example_dags/example_branch_operator.py for tasks to queue
[2023-04-16T00:49:14.197+0000] {logging_mixin.py:137} INFO - [2023-04-16T00:49:14.197+0000] {dagbag.py:532} INFO - Filling up the DagBag from /home/airflow/.local/lib/python3.7/site-packages/airflow/example_dags/example_branch_operator.py
[2023-04-16T00:49:14.225+0000] {processor.py:753} INFO - DAG(s) dict_keys(['example_branch_operator']) retrieved from /home/airflow/.local/lib/python3.7/site-packages/airflow/example_dags/example_branch_operator.py
[2023-04-16T00:49:14.264+0000] {logging_mixin.py:137} INFO - [2023-04-16T00:49:14.264+0000] {dag.py:2705} INFO - Sync 1 DAGs
[2023-04-16T00:49:14.308+0000] {logging_mixin.py:137} INFO - [2023-04-16T00:49:14.308+0000] {dag.py:3456} INFO - Setting next_dagrun for example_branch_operator to 2023-04-15T00:00:00+00:00, run_after=2023-04-16T00:00:00+00:00
[2023-04-16T00:49:14.333+0000] {processor.py:175} INFO - Processing /home/airflow/.local/lib/python3.7/site-packages/airflow/example_dags/example_branch_operator.py took 0.142 seconds
[2023-04-16T00:49:44.558+0000] {processor.py:153} INFO - Started process (PID=91) to work on /home/airflow/.local/lib/python3.7/site-packages/airflow/example_dags/example_branch_operator.py
[2023-04-16T00:49:44.559+0000] {processor.py:743} INFO - Processing file /home/airflow/.local/lib/python3.7/site-packages/airflow/example_dags/example_branch_operator.py for tasks to queue
[2023-04-16T00:49:44.560+0000] {logging_mixin.py:137} INFO - [2023-04-16T00:49:44.559+0000] {dagbag.py:532} INFO - Filling up the DagBag from /home/airflow/.local/lib/python3.7/site-packages/airflow/example_dags/example_branch_operator.py
[2023-04-16T00:49:44.582+0000] {processor.py:753} INFO - DAG(s) dict_keys(['example_branch_operator']) retrieved from /home/airflow/.local/lib/python3.7/site-packages/airflow/example_dags/example_branch_operator.py
[2023-04-16T00:49:44.617+0000] {logging_mixin.py:137} INFO - [2023-04-16T00:49:44.617+0000] {dag.py:2705} INFO - Sync 1 DAGs
[2023-04-16T00:49:44.659+0000] {logging_mixin.py:137} INFO - [2023-04-16T00:49:44.659+0000] {dag.py:3456} INFO - Setting next_dagrun for example_branch_operator to 2023-04-15T00:00:00+00:00, run_after=2023-04-16T00:00:00+00:00
[2023-04-16T00:49:44.682+0000] {processor.py:175} INFO - Processing /home/airflow/.local/lib/python3.7/site-packages/airflow/example_dags/example_branch_operator.py took 0.128 seconds
[2023-04-16T00:50:14.842+0000] {processor.py:153} INFO - Started process (PID=141) to work on /home/airflow/.local/lib/python3.7/site-packages/airflow/example_dags/example_branch_operator.py
[2023-04-16T00:50:14.843+0000] {processor.py:743} INFO - Processing file /home/airflow/.local/lib/python3.7/site-packages/airflow/example_dags/example_branch_operator.py for tasks to queue
[2023-04-16T00:50:14.844+0000] {logging_mixin.py:137} INFO - [2023-04-16T00:50:14.844+0000] {dagbag.py:532} INFO - Filling up the DagBag from /home/airflow/.local/lib/python3.7/site-packages/airflow/example_dags/example_branch_operator.py
[2023-04-16T00:50:14.866+0000] {processor.py:753} INFO - DAG(s) dict_keys(['example_branch_operator']) retrieved from /home/airflow/.local/lib/python3.7/site-packages/airflow/example_dags/example_branch_operator.py
[2023-04-16T00:50:14.902+0000] {logging_mixin.py:137} INFO - [2023-04-16T00:50:14.902+0000] {dag.py:2705} INFO - Sync 1 DAGs
[2023-04-16T00:50:14.944+0000] {logging_mixin.py:137} INFO - [2023-04-16T00:50:14.944+0000] {dag.py:3456} INFO - Setting next_dagrun for example_branch_operator to 2023-04-15T00:00:00+00:00, run_after=2023-04-16T00:00:00+00:00
[2023-04-16T00:50:14.968+0000] {processor.py:175} INFO - Processing /home/airflow/.local/lib/python3.7/site-packages/airflow/example_dags/example_branch_operator.py took 0.129 seconds
[2023-04-16T00:50:45.311+0000] {processor.py:153} INFO - Started process (PID=191) to work on /home/airflow/.local/lib/python3.7/site-packages/airflow/example_dags/example_branch_operator.py
[2023-04-16T00:50:45.312+0000] {processor.py:743} INFO - Processing file /home/airflow/.local/lib/python3.7/site-packages/airflow/example_dags/example_branch_operator.py for tasks to queue
[2023-04-16T00:50:45.313+0000] {logging_mixin.py:137} INFO - [2023-04-16T00:50:45.313+0000] {dagbag.py:532} INFO - Filling up the DagBag from /home/airflow/.local/lib/python3.7/site-packages/airflow/example_dags/example_branch_operator.py
[2023-04-16T00:50:45.342+0000] {processor.py:753} INFO - DAG(s) dict_keys(['example_branch_operator']) retrieved from /home/airflow/.local/lib/python3.7/site-packages/airflow/example_dags/example_branch_operator.py
[2023-04-16T00:50:45.383+0000] {logging_mixin.py:137} INFO - [2023-04-16T00:50:45.382+0000] {dag.py:2705} INFO - Sync 1 DAGs
[2023-04-16T00:50:45.427+0000] {logging_mixin.py:137} INFO - [2023-04-16T00:50:45.427+0000] {dag.py:3456} INFO - Setting next_dagrun for example_branch_operator to 2023-04-15T00:00:00+00:00, run_after=2023-04-16T00:00:00+00:00
[2023-04-16T00:50:45.453+0000] {processor.py:175} INFO - Processing /home/airflow/.local/lib/python3.7/site-packages/airflow/example_dags/example_branch_operator.py took 0.146 seconds
[2023-04-16T00:51:16.007+0000] {processor.py:153} INFO - Started process (PID=241) to work on /home/airflow/.local/lib/python3.7/site-packages/airflow/example_dags/example_branch_operator.py
[2023-04-16T00:51:16.008+0000] {processor.py:743} INFO - Processing file /home/airflow/.local/lib/python3.7/site-packages/airflow/example_dags/example_branch_operator.py for tasks to queue
[2023-04-16T00:51:16.009+0000] {logging_mixin.py:137} INFO - [2023-04-16T00:51:16.009+0000] {dagbag.py:532} INFO - Filling up the DagBag from /home/airflow/.local/lib/python3.7/site-packages/airflow/example_dags/example_branch_operator.py
[2023-04-16T00:51:16.031+0000] {processor.py:753} INFO - DAG(s) dict_keys(['example_branch_operator']) retrieved from /home/airflow/.local/lib/python3.7/site-packages/airflow/example_dags/example_branch_operator.py
[2023-04-16T00:51:16.067+0000] {logging_mixin.py:137} INFO - [2023-04-16T00:51:16.067+0000] {dag.py:2705} INFO - Sync 1 DAGs
[2023-04-16T00:51:16.110+0000] {logging_mixin.py:137} INFO - [2023-04-16T00:51:16.110+0000] {dag.py:3456} INFO - Setting next_dagrun for example_branch_operator to 2023-04-15T00:00:00+00:00, run_after=2023-04-16T00:00:00+00:00
[2023-04-16T00:51:16.135+0000] {processor.py:175} INFO - Processing /home/airflow/.local/lib/python3.7/site-packages/airflow/example_dags/example_branch_operator.py took 0.132 seconds
[2023-04-16T00:51:46.306+0000] {processor.py:153} INFO - Started process (PID=291) to work on /home/airflow/.local/lib/python3.7/site-packages/airflow/example_dags/example_branch_operator.py
[2023-04-16T00:51:46.307+0000] {processor.py:743} INFO - Processing file /home/airflow/.local/lib/python3.7/site-packages/airflow/example_dags/example_branch_operator.py for tasks to queue
[2023-04-16T00:51:46.308+0000] {logging_mixin.py:137} INFO - [2023-04-16T00:51:46.308+0000] {dagbag.py:532} INFO - Filling up the DagBag from /home/airflow/.local/lib/python3.7/site-packages/airflow/example_dags/example_branch_operator.py
[2023-04-16T00:51:46.330+0000] {processor.py:753} INFO - DAG(s) dict_keys(['example_branch_operator']) retrieved from /home/airflow/.local/lib/python3.7/site-packages/airflow/example_dags/example_branch_operator.py
[2023-04-16T00:51:46.366+0000] {logging_mixin.py:137} INFO - [2023-04-16T00:51:46.366+0000] {dag.py:2705} INFO - Sync 1 DAGs
[2023-04-16T00:51:46.409+0000] {logging_mixin.py:137} INFO - [2023-04-16T00:51:46.409+0000] {dag.py:3456} INFO - Setting next_dagrun for example_branch_operator to 2023-04-15T00:00:00+00:00, run_after=2023-04-16T00:00:00+00:00
[2023-04-16T00:51:46.430+0000] {processor.py:175} INFO - Processing /home/airflow/.local/lib/python3.7/site-packages/airflow/example_dags/example_branch_operator.py took 0.128 seconds
[2023-04-16T00:52:16.582+0000] {processor.py:153} INFO - Started process (PID=341) to work on /home/airflow/.local/lib/python3.7/site-packages/airflow/example_dags/example_branch_operator.py
[2023-04-16T00:52:16.583+0000] {processor.py:743} INFO - Processing file /home/airflow/.local/lib/python3.7/site-packages/airflow/example_dags/example_branch_operator.py for tasks to queue
[2023-04-16T00:52:16.583+0000] {logging_mixin.py:137} INFO - [2023-04-16T00:52:16.583+0000] {dagbag.py:532} INFO - Filling up the DagBag from /home/airflow/.local/lib/python3.7/site-packages/airflow/example_dags/example_branch_operator.py
[2023-04-16T00:52:16.624+0000] {processor.py:753} INFO - DAG(s) dict_keys(['example_branch_operator']) retrieved from /home/airflow/.local/lib/python3.7/site-packages/airflow/example_dags/example_branch_operator.py
[2023-04-16T00:52:16.673+0000] {logging_mixin.py:137} INFO - [2023-04-16T00:52:16.672+0000] {dag.py:2705} INFO - Sync 1 DAGs
[2023-04-16T00:52:16.731+0000] {logging_mixin.py:137} INFO - [2023-04-16T00:52:16.731+0000] {dag.py:3456} INFO - Setting next_dagrun for example_branch_operator to 2023-04-15T00:00:00+00:00, run_after=2023-04-16T00:00:00+00:00
[2023-04-16T00:52:16.777+0000] {processor.py:175} INFO - Processing /home/airflow/.local/lib/python3.7/site-packages/airflow/example_dags/example_branch_operator.py took 0.200 seconds
[2023-04-16T00:52:47.053+0000] {processor.py:153} INFO - Started process (PID=391) to work on /home/airflow/.local/lib/python3.7/site-packages/airflow/example_dags/example_branch_operator.py
[2023-04-16T00:52:47.054+0000] {processor.py:743} INFO - Processing file /home/airflow/.local/lib/python3.7/site-packages/airflow/example_dags/example_branch_operator.py for tasks to queue
[2023-04-16T00:52:47.055+0000] {logging_mixin.py:137} INFO - [2023-04-16T00:52:47.055+0000] {dagbag.py:532} INFO - Filling up the DagBag from /home/airflow/.local/lib/python3.7/site-packages/airflow/example_dags/example_branch_operator.py
[2023-04-16T00:52:47.078+0000] {processor.py:753} INFO - DAG(s) dict_keys(['example_branch_operator']) retrieved from /home/airflow/.local/lib/python3.7/site-packages/airflow/example_dags/example_branch_operator.py
[2023-04-16T00:52:47.113+0000] {logging_mixin.py:137} INFO - [2023-04-16T00:52:47.113+0000] {dag.py:2705} INFO - Sync 1 DAGs
[2023-04-16T00:52:47.155+0000] {logging_mixin.py:137} INFO - [2023-04-16T00:52:47.154+0000] {dag.py:3456} INFO - Setting next_dagrun for example_branch_operator to 2023-04-15T00:00:00+00:00, run_after=2023-04-16T00:00:00+00:00
[2023-04-16T00:52:47.176+0000] {processor.py:175} INFO - Processing /home/airflow/.local/lib/python3.7/site-packages/airflow/example_dags/example_branch_operator.py took 0.127 seconds
[2023-04-16T00:53:17.496+0000] {processor.py:153} INFO - Started process (PID=441) to work on /home/airflow/.local/lib/python3.7/site-packages/airflow/example_dags/example_branch_operator.py
[2023-04-16T00:53:17.497+0000] {processor.py:743} INFO - Processing file /home/airflow/.local/lib/python3.7/site-packages/airflow/example_dags/example_branch_operator.py for tasks to queue
[2023-04-16T00:53:17.498+0000] {logging_mixin.py:137} INFO - [2023-04-16T00:53:17.498+0000] {dagbag.py:532} INFO - Filling up the DagBag from /home/airflow/.local/lib/python3.7/site-packages/airflow/example_dags/example_branch_operator.py
[2023-04-16T00:53:17.521+0000] {processor.py:753} INFO - DAG(s) dict_keys(['example_branch_operator']) retrieved from /home/airflow/.local/lib/python3.7/site-packages/airflow/example_dags/example_branch_operator.py
[2023-04-16T00:53:17.557+0000] {logging_mixin.py:137} INFO - [2023-04-16T00:53:17.557+0000] {dag.py:2705} INFO - Sync 1 DAGs
[2023-04-16T00:53:17.600+0000] {logging_mixin.py:137} INFO - [2023-04-16T00:53:17.600+0000] {dag.py:3456} INFO - Setting next_dagrun for example_branch_operator to 2023-04-15T00:00:00+00:00, run_after=2023-04-16T00:00:00+00:00
[2023-04-16T00:53:17.627+0000] {processor.py:175} INFO - Processing /home/airflow/.local/lib/python3.7/site-packages/airflow/example_dags/example_branch_operator.py took 0.135 seconds
[2023-04-16T00:53:47.701+0000] {processor.py:153} INFO - Started process (PID=491) to work on /home/airflow/.local/lib/python3.7/site-packages/airflow/example_dags/example_branch_operator.py
[2023-04-16T00:53:47.702+0000] {processor.py:743} INFO - Processing file /home/airflow/.local/lib/python3.7/site-packages/airflow/example_dags/example_branch_operator.py for tasks to queue
[2023-04-16T00:53:47.703+0000] {logging_mixin.py:137} INFO - [2023-04-16T00:53:47.702+0000] {dagbag.py:532} INFO - Filling up the DagBag from /home/airflow/.local/lib/python3.7/site-packages/airflow/example_dags/example_branch_operator.py
[2023-04-16T00:53:47.725+0000] {processor.py:753} INFO - DAG(s) dict_keys(['example_branch_operator']) retrieved from /home/airflow/.local/lib/python3.7/site-packages/airflow/example_dags/example_branch_operator.py
[2023-04-16T00:53:47.761+0000] {logging_mixin.py:137} INFO - [2023-04-16T00:53:47.760+0000] {dag.py:2705} INFO - Sync 1 DAGs
[2023-04-16T00:53:47.803+0000] {logging_mixin.py:137} INFO - [2023-04-16T00:53:47.803+0000] {dag.py:3456} INFO - Setting next_dagrun for example_branch_operator to 2023-04-15T00:00:00+00:00, run_after=2023-04-16T00:00:00+00:00
[2023-04-16T00:53:47.826+0000] {processor.py:175} INFO - Processing /home/airflow/.local/lib/python3.7/site-packages/airflow/example_dags/example_branch_operator.py took 0.129 seconds
[2023-04-16T00:54:18.433+0000] {processor.py:153} INFO - Started process (PID=541) to work on /home/airflow/.local/lib/python3.7/site-packages/airflow/example_dags/example_branch_operator.py
[2023-04-16T00:54:18.434+0000] {processor.py:743} INFO - Processing file /home/airflow/.local/lib/python3.7/site-packages/airflow/example_dags/example_branch_operator.py for tasks to queue
[2023-04-16T00:54:18.436+0000] {logging_mixin.py:137} INFO - [2023-04-16T00:54:18.435+0000] {dagbag.py:532} INFO - Filling up the DagBag from /home/airflow/.local/lib/python3.7/site-packages/airflow/example_dags/example_branch_operator.py
[2023-04-16T00:54:18.462+0000] {processor.py:753} INFO - DAG(s) dict_keys(['example_branch_operator']) retrieved from /home/airflow/.local/lib/python3.7/site-packages/airflow/example_dags/example_branch_operator.py
[2023-04-16T00:54:18.507+0000] {logging_mixin.py:137} INFO - [2023-04-16T00:54:18.507+0000] {dag.py:2705} INFO - Sync 1 DAGs
[2023-04-16T00:54:18.558+0000] {logging_mixin.py:137} INFO - [2023-04-16T00:54:18.558+0000] {dag.py:3456} INFO - Setting next_dagrun for example_branch_operator to 2023-04-15T00:00:00+00:00, run_after=2023-04-16T00:00:00+00:00
[2023-04-16T00:54:18.590+0000] {processor.py:175} INFO - Processing /home/airflow/.local/lib/python3.7/site-packages/airflow/example_dags/example_branch_operator.py took 0.161 seconds
[2023-04-16T00:54:48.641+0000] {processor.py:153} INFO - Started process (PID=590) to work on /home/airflow/.local/lib/python3.7/site-packages/airflow/example_dags/example_branch_operator.py
[2023-04-16T00:54:48.641+0000] {processor.py:743} INFO - Processing file /home/airflow/.local/lib/python3.7/site-packages/airflow/example_dags/example_branch_operator.py for tasks to queue
[2023-04-16T00:54:48.642+0000] {logging_mixin.py:137} INFO - [2023-04-16T00:54:48.642+0000] {dagbag.py:532} INFO - Filling up the DagBag from /home/airflow/.local/lib/python3.7/site-packages/airflow/example_dags/example_branch_operator.py
[2023-04-16T00:54:48.665+0000] {processor.py:753} INFO - DAG(s) dict_keys(['example_branch_operator']) retrieved from /home/airflow/.local/lib/python3.7/site-packages/airflow/example_dags/example_branch_operator.py
[2023-04-16T00:54:48.700+0000] {logging_mixin.py:137} INFO - [2023-04-16T00:54:48.700+0000] {dag.py:2705} INFO - Sync 1 DAGs
[2023-04-16T00:54:48.742+0000] {logging_mixin.py:137} INFO - [2023-04-16T00:54:48.742+0000] {dag.py:3456} INFO - Setting next_dagrun for example_branch_operator to 2023-04-15T00:00:00+00:00, run_after=2023-04-16T00:00:00+00:00
[2023-04-16T00:54:48.765+0000] {processor.py:175} INFO - Processing /home/airflow/.local/lib/python3.7/site-packages/airflow/example_dags/example_branch_operator.py took 0.128 seconds
[2023-04-16T00:55:19.028+0000] {processor.py:153} INFO - Started process (PID=640) to work on /home/airflow/.local/lib/python3.7/site-packages/airflow/example_dags/example_branch_operator.py
[2023-04-16T00:55:19.029+0000] {processor.py:743} INFO - Processing file /home/airflow/.local/lib/python3.7/site-packages/airflow/example_dags/example_branch_operator.py for tasks to queue
[2023-04-16T00:55:19.029+0000] {logging_mixin.py:137} INFO - [2023-04-16T00:55:19.029+0000] {dagbag.py:532} INFO - Filling up the DagBag from /home/airflow/.local/lib/python3.7/site-packages/airflow/example_dags/example_branch_operator.py
[2023-04-16T00:55:19.051+0000] {processor.py:753} INFO - DAG(s) dict_keys(['example_branch_operator']) retrieved from /home/airflow/.local/lib/python3.7/site-packages/airflow/example_dags/example_branch_operator.py
[2023-04-16T00:55:19.086+0000] {logging_mixin.py:137} INFO - [2023-04-16T00:55:19.086+0000] {dag.py:2705} INFO - Sync 1 DAGs
[2023-04-16T00:55:19.130+0000] {logging_mixin.py:137} INFO - [2023-04-16T00:55:19.130+0000] {dag.py:3456} INFO - Setting next_dagrun for example_branch_operator to 2023-04-15T00:00:00+00:00, run_after=2023-04-16T00:00:00+00:00
[2023-04-16T00:55:19.152+0000] {processor.py:175} INFO - Processing /home/airflow/.local/lib/python3.7/site-packages/airflow/example_dags/example_branch_operator.py took 0.129 seconds
[2023-04-16T00:55:49.465+0000] {processor.py:153} INFO - Started process (PID=690) to work on /home/airflow/.local/lib/python3.7/site-packages/airflow/example_dags/example_branch_operator.py
[2023-04-16T00:55:49.466+0000] {processor.py:743} INFO - Processing file /home/airflow/.local/lib/python3.7/site-packages/airflow/example_dags/example_branch_operator.py for tasks to queue
[2023-04-16T00:55:49.467+0000] {logging_mixin.py:137} INFO - [2023-04-16T00:55:49.466+0000] {dagbag.py:532} INFO - Filling up the DagBag from /home/airflow/.local/lib/python3.7/site-packages/airflow/example_dags/example_branch_operator.py
[2023-04-16T00:55:49.489+0000] {processor.py:753} INFO - DAG(s) dict_keys(['example_branch_operator']) retrieved from /home/airflow/.local/lib/python3.7/site-packages/airflow/example_dags/example_branch_operator.py
[2023-04-16T00:55:49.525+0000] {logging_mixin.py:137} INFO - [2023-04-16T00:55:49.525+0000] {dag.py:2705} INFO - Sync 1 DAGs
[2023-04-16T00:55:49.572+0000] {logging_mixin.py:137} INFO - [2023-04-16T00:55:49.572+0000] {dag.py:3456} INFO - Setting next_dagrun for example_branch_operator to 2023-04-15T00:00:00+00:00, run_after=2023-04-16T00:00:00+00:00
[2023-04-16T00:55:49.595+0000] {processor.py:175} INFO - Processing /home/airflow/.local/lib/python3.7/site-packages/airflow/example_dags/example_branch_operator.py took 0.134 seconds
[2023-04-16T00:56:19.789+0000] {processor.py:153} INFO - Started process (PID=740) to work on /home/airflow/.local/lib/python3.7/site-packages/airflow/example_dags/example_branch_operator.py
[2023-04-16T00:56:19.790+0000] {processor.py:743} INFO - Processing file /home/airflow/.local/lib/python3.7/site-packages/airflow/example_dags/example_branch_operator.py for tasks to queue
[2023-04-16T00:56:19.791+0000] {logging_mixin.py:137} INFO - [2023-04-16T00:56:19.791+0000] {dagbag.py:532} INFO - Filling up the DagBag from /home/airflow/.local/lib/python3.7/site-packages/airflow/example_dags/example_branch_operator.py
[2023-04-16T00:56:19.814+0000] {processor.py:753} INFO - DAG(s) dict_keys(['example_branch_operator']) retrieved from /home/airflow/.local/lib/python3.7/site-packages/airflow/example_dags/example_branch_operator.py
[2023-04-16T00:56:19.850+0000] {logging_mixin.py:137} INFO - [2023-04-16T00:56:19.850+0000] {dag.py:2705} INFO - Sync 1 DAGs
[2023-04-16T00:56:19.893+0000] {logging_mixin.py:137} INFO - [2023-04-16T00:56:19.893+0000] {dag.py:3456} INFO - Setting next_dagrun for example_branch_operator to 2023-04-15T00:00:00+00:00, run_after=2023-04-16T00:00:00+00:00
[2023-04-16T00:56:19.919+0000] {processor.py:175} INFO - Processing /home/airflow/.local/lib/python3.7/site-packages/airflow/example_dags/example_branch_operator.py took 0.145 seconds
[2023-04-16T00:56:50.095+0000] {processor.py:153} INFO - Started process (PID=790) to work on /home/airflow/.local/lib/python3.7/site-packages/airflow/example_dags/example_branch_operator.py
[2023-04-16T00:56:50.100+0000] {processor.py:743} INFO - Processing file /home/airflow/.local/lib/python3.7/site-packages/airflow/example_dags/example_branch_operator.py for tasks to queue
[2023-04-16T00:56:50.101+0000] {logging_mixin.py:137} INFO - [2023-04-16T00:56:50.101+0000] {dagbag.py:532} INFO - Filling up the DagBag from /home/airflow/.local/lib/python3.7/site-packages/airflow/example_dags/example_branch_operator.py
[2023-04-16T00:56:50.130+0000] {processor.py:753} INFO - DAG(s) dict_keys(['example_branch_operator']) retrieved from /home/airflow/.local/lib/python3.7/site-packages/airflow/example_dags/example_branch_operator.py
[2023-04-16T00:56:50.169+0000] {logging_mixin.py:137} INFO - [2023-04-16T00:56:50.169+0000] {dag.py:2705} INFO - Sync 1 DAGs
[2023-04-16T00:56:50.216+0000] {logging_mixin.py:137} INFO - [2023-04-16T00:56:50.215+0000] {dag.py:3456} INFO - Setting next_dagrun for example_branch_operator to 2023-04-15T00:00:00+00:00, run_after=2023-04-16T00:00:00+00:00
[2023-04-16T00:56:50.242+0000] {processor.py:175} INFO - Processing /home/airflow/.local/lib/python3.7/site-packages/airflow/example_dags/example_branch_operator.py took 0.154 seconds
[2023-04-16T00:57:20.515+0000] {processor.py:153} INFO - Started process (PID=840) to work on /home/airflow/.local/lib/python3.7/site-packages/airflow/example_dags/example_branch_operator.py
[2023-04-16T00:57:20.516+0000] {processor.py:743} INFO - Processing file /home/airflow/.local/lib/python3.7/site-packages/airflow/example_dags/example_branch_operator.py for tasks to queue
[2023-04-16T00:57:20.517+0000] {logging_mixin.py:137} INFO - [2023-04-16T00:57:20.516+0000] {dagbag.py:532} INFO - Filling up the DagBag from /home/airflow/.local/lib/python3.7/site-packages/airflow/example_dags/example_branch_operator.py
[2023-04-16T00:57:20.539+0000] {processor.py:753} INFO - DAG(s) dict_keys(['example_branch_operator']) retrieved from /home/airflow/.local/lib/python3.7/site-packages/airflow/example_dags/example_branch_operator.py
[2023-04-16T00:57:20.574+0000] {logging_mixin.py:137} INFO - [2023-04-16T00:57:20.574+0000] {dag.py:2705} INFO - Sync 1 DAGs
[2023-04-16T00:57:20.625+0000] {logging_mixin.py:137} INFO - [2023-04-16T00:57:20.621+0000] {dag.py:3456} INFO - Setting next_dagrun for example_branch_operator to 2023-04-15T00:00:00+00:00, run_after=2023-04-16T00:00:00+00:00
[2023-04-16T00:57:20.649+0000] {processor.py:175} INFO - Processing /home/airflow/.local/lib/python3.7/site-packages/airflow/example_dags/example_branch_operator.py took 0.138 seconds
[2023-04-16T00:57:50.799+0000] {processor.py:153} INFO - Started process (PID=890) to work on /home/airflow/.local/lib/python3.7/site-packages/airflow/example_dags/example_branch_operator.py
[2023-04-16T00:57:50.800+0000] {processor.py:743} INFO - Processing file /home/airflow/.local/lib/python3.7/site-packages/airflow/example_dags/example_branch_operator.py for tasks to queue
[2023-04-16T00:57:50.801+0000] {logging_mixin.py:137} INFO - [2023-04-16T00:57:50.801+0000] {dagbag.py:532} INFO - Filling up the DagBag from /home/airflow/.local/lib/python3.7/site-packages/airflow/example_dags/example_branch_operator.py
[2023-04-16T00:57:50.826+0000] {processor.py:753} INFO - DAG(s) dict_keys(['example_branch_operator']) retrieved from /home/airflow/.local/lib/python3.7/site-packages/airflow/example_dags/example_branch_operator.py
[2023-04-16T00:57:50.872+0000] {logging_mixin.py:137} INFO - [2023-04-16T00:57:50.872+0000] {dag.py:2705} INFO - Sync 1 DAGs
[2023-04-16T00:57:50.915+0000] {logging_mixin.py:137} INFO - [2023-04-16T00:57:50.915+0000] {dag.py:3456} INFO - Setting next_dagrun for example_branch_operator to 2023-04-15T00:00:00+00:00, run_after=2023-04-16T00:00:00+00:00
[2023-04-16T00:57:50.940+0000] {processor.py:175} INFO - Processing /home/airflow/.local/lib/python3.7/site-packages/airflow/example_dags/example_branch_operator.py took 0.144 seconds
[2023-04-16T00:58:21.166+0000] {processor.py:153} INFO - Started process (PID=940) to work on /home/airflow/.local/lib/python3.7/site-packages/airflow/example_dags/example_branch_operator.py
[2023-04-16T00:58:21.167+0000] {processor.py:743} INFO - Processing file /home/airflow/.local/lib/python3.7/site-packages/airflow/example_dags/example_branch_operator.py for tasks to queue
[2023-04-16T00:58:21.168+0000] {logging_mixin.py:137} INFO - [2023-04-16T00:58:21.168+0000] {dagbag.py:532} INFO - Filling up the DagBag from /home/airflow/.local/lib/python3.7/site-packages/airflow/example_dags/example_branch_operator.py
[2023-04-16T00:58:21.190+0000] {processor.py:753} INFO - DAG(s) dict_keys(['example_branch_operator']) retrieved from /home/airflow/.local/lib/python3.7/site-packages/airflow/example_dags/example_branch_operator.py
[2023-04-16T00:58:21.227+0000] {logging_mixin.py:137} INFO - [2023-04-16T00:58:21.227+0000] {dag.py:2705} INFO - Sync 1 DAGs
[2023-04-16T00:58:21.269+0000] {logging_mixin.py:137} INFO - [2023-04-16T00:58:21.269+0000] {dag.py:3456} INFO - Setting next_dagrun for example_branch_operator to 2023-04-15T00:00:00+00:00, run_after=2023-04-16T00:00:00+00:00
[2023-04-16T00:58:21.293+0000] {processor.py:175} INFO - Processing /home/airflow/.local/lib/python3.7/site-packages/airflow/example_dags/example_branch_operator.py took 0.131 seconds
[2023-04-16T00:58:51.419+0000] {processor.py:153} INFO - Started process (PID=990) to work on /home/airflow/.local/lib/python3.7/site-packages/airflow/example_dags/example_branch_operator.py
[2023-04-16T00:58:51.420+0000] {processor.py:743} INFO - Processing file /home/airflow/.local/lib/python3.7/site-packages/airflow/example_dags/example_branch_operator.py for tasks to queue
[2023-04-16T00:58:51.421+0000] {logging_mixin.py:137} INFO - [2023-04-16T00:58:51.420+0000] {dagbag.py:532} INFO - Filling up the DagBag from /home/airflow/.local/lib/python3.7/site-packages/airflow/example_dags/example_branch_operator.py
[2023-04-16T00:58:51.443+0000] {processor.py:753} INFO - DAG(s) dict_keys(['example_branch_operator']) retrieved from /home/airflow/.local/lib/python3.7/site-packages/airflow/example_dags/example_branch_operator.py
[2023-04-16T00:58:51.478+0000] {logging_mixin.py:137} INFO - [2023-04-16T00:58:51.478+0000] {dag.py:2705} INFO - Sync 1 DAGs
[2023-04-16T00:58:51.519+0000] {logging_mixin.py:137} INFO - [2023-04-16T00:58:51.519+0000] {dag.py:3456} INFO - Setting next_dagrun for example_branch_operator to 2023-04-15T00:00:00+00:00, run_after=2023-04-16T00:00:00+00:00
[2023-04-16T00:58:51.542+0000] {processor.py:175} INFO - Processing /home/airflow/.local/lib/python3.7/site-packages/airflow/example_dags/example_branch_operator.py took 0.127 seconds
[2023-04-16T00:59:21.563+0000] {processor.py:153} INFO - Started process (PID=1039) to work on /home/airflow/.local/lib/python3.7/site-packages/airflow/example_dags/example_branch_operator.py
[2023-04-16T00:59:21.564+0000] {processor.py:743} INFO - Processing file /home/airflow/.local/lib/python3.7/site-packages/airflow/example_dags/example_branch_operator.py for tasks to queue
[2023-04-16T00:59:21.565+0000] {logging_mixin.py:137} INFO - [2023-04-16T00:59:21.565+0000] {dagbag.py:532} INFO - Filling up the DagBag from /home/airflow/.local/lib/python3.7/site-packages/airflow/example_dags/example_branch_operator.py
[2023-04-16T00:59:21.587+0000] {processor.py:753} INFO - DAG(s) dict_keys(['example_branch_operator']) retrieved from /home/airflow/.local/lib/python3.7/site-packages/airflow/example_dags/example_branch_operator.py
[2023-04-16T00:59:21.624+0000] {logging_mixin.py:137} INFO - [2023-04-16T00:59:21.623+0000] {dag.py:2705} INFO - Sync 1 DAGs
[2023-04-16T00:59:21.667+0000] {logging_mixin.py:137} INFO - [2023-04-16T00:59:21.666+0000] {dag.py:3456} INFO - Setting next_dagrun for example_branch_operator to 2023-04-15T00:00:00+00:00, run_after=2023-04-16T00:00:00+00:00
[2023-04-16T00:59:21.689+0000] {processor.py:175} INFO - Processing /home/airflow/.local/lib/python3.7/site-packages/airflow/example_dags/example_branch_operator.py took 0.129 seconds
[2023-04-16T00:59:51.754+0000] {processor.py:153} INFO - Started process (PID=1089) to work on /home/airflow/.local/lib/python3.7/site-packages/airflow/example_dags/example_branch_operator.py
[2023-04-16T00:59:51.755+0000] {processor.py:743} INFO - Processing file /home/airflow/.local/lib/python3.7/site-packages/airflow/example_dags/example_branch_operator.py for tasks to queue
[2023-04-16T00:59:51.755+0000] {logging_mixin.py:137} INFO - [2023-04-16T00:59:51.755+0000] {dagbag.py:532} INFO - Filling up the DagBag from /home/airflow/.local/lib/python3.7/site-packages/airflow/example_dags/example_branch_operator.py
[2023-04-16T00:59:51.777+0000] {processor.py:753} INFO - DAG(s) dict_keys(['example_branch_operator']) retrieved from /home/airflow/.local/lib/python3.7/site-packages/airflow/example_dags/example_branch_operator.py
[2023-04-16T00:59:51.813+0000] {logging_mixin.py:137} INFO - [2023-04-16T00:59:51.813+0000] {dag.py:2705} INFO - Sync 1 DAGs
[2023-04-16T00:59:51.855+0000] {logging_mixin.py:137} INFO - [2023-04-16T00:59:51.854+0000] {dag.py:3456} INFO - Setting next_dagrun for example_branch_operator to 2023-04-15T00:00:00+00:00, run_after=2023-04-16T00:00:00+00:00
[2023-04-16T00:59:51.876+0000] {processor.py:175} INFO - Processing /home/airflow/.local/lib/python3.7/site-packages/airflow/example_dags/example_branch_operator.py took 0.127 seconds
