[2023-04-16T00:49:14.483+0000] {processor.py:153} INFO - Started process (PID=44) to work on /home/airflow/.local/lib/python3.7/site-packages/airflow/example_dags/example_latest_only_with_trigger.py
[2023-04-16T00:49:14.484+0000] {processor.py:743} INFO - Processing file /home/airflow/.local/lib/python3.7/site-packages/airflow/example_dags/example_latest_only_with_trigger.py for tasks to queue
[2023-04-16T00:49:14.485+0000] {logging_mixin.py:137} INFO - [2023-04-16T00:49:14.484+0000] {dagbag.py:532} INFO - Filling up the DagBag from /home/airflow/.local/lib/python3.7/site-packages/airflow/example_dags/example_latest_only_with_trigger.py
[2023-04-16T00:49:14.505+0000] {processor.py:753} INFO - DAG(s) dict_keys(['latest_only_with_trigger']) retrieved from /home/airflow/.local/lib/python3.7/site-packages/airflow/example_dags/example_latest_only_with_trigger.py
[2023-04-16T00:49:14.545+0000] {logging_mixin.py:137} INFO - [2023-04-16T00:49:14.544+0000] {dag.py:2705} INFO - Sync 1 DAGs
[2023-04-16T00:49:14.607+0000] {logging_mixin.py:137} INFO - [2023-04-16T00:49:14.607+0000] {dag.py:3456} INFO - Setting next_dagrun for latest_only_with_trigger to 2023-04-15T20:49:14.606942+00:00, run_after=2023-04-16T00:49:14.606942+00:00
[2023-04-16T00:49:14.677+0000] {processor.py:175} INFO - Processing /home/airflow/.local/lib/python3.7/site-packages/airflow/example_dags/example_latest_only_with_trigger.py took 0.197 seconds
[2023-04-16T00:49:44.844+0000] {processor.py:153} INFO - Started process (PID=94) to work on /home/airflow/.local/lib/python3.7/site-packages/airflow/example_dags/example_latest_only_with_trigger.py
[2023-04-16T00:49:44.846+0000] {processor.py:743} INFO - Processing file /home/airflow/.local/lib/python3.7/site-packages/airflow/example_dags/example_latest_only_with_trigger.py for tasks to queue
[2023-04-16T00:49:44.847+0000] {logging_mixin.py:137} INFO - [2023-04-16T00:49:44.846+0000] {dagbag.py:532} INFO - Filling up the DagBag from /home/airflow/.local/lib/python3.7/site-packages/airflow/example_dags/example_latest_only_with_trigger.py
[2023-04-16T00:49:44.865+0000] {processor.py:753} INFO - DAG(s) dict_keys(['latest_only_with_trigger']) retrieved from /home/airflow/.local/lib/python3.7/site-packages/airflow/example_dags/example_latest_only_with_trigger.py
[2023-04-16T00:49:44.900+0000] {logging_mixin.py:137} INFO - [2023-04-16T00:49:44.900+0000] {dag.py:2705} INFO - Sync 1 DAGs
[2023-04-16T00:49:44.947+0000] {logging_mixin.py:137} INFO - [2023-04-16T00:49:44.947+0000] {dag.py:3456} INFO - Setting next_dagrun for latest_only_with_trigger to 2023-04-15T20:49:44.946888+00:00, run_after=2023-04-16T00:49:44.946888+00:00
[2023-04-16T00:49:44.974+0000] {processor.py:175} INFO - Processing /home/airflow/.local/lib/python3.7/site-packages/airflow/example_dags/example_latest_only_with_trigger.py took 0.137 seconds
[2023-04-16T00:50:15.115+0000] {processor.py:153} INFO - Started process (PID=144) to work on /home/airflow/.local/lib/python3.7/site-packages/airflow/example_dags/example_latest_only_with_trigger.py
[2023-04-16T00:50:15.116+0000] {processor.py:743} INFO - Processing file /home/airflow/.local/lib/python3.7/site-packages/airflow/example_dags/example_latest_only_with_trigger.py for tasks to queue
[2023-04-16T00:50:15.117+0000] {logging_mixin.py:137} INFO - [2023-04-16T00:50:15.117+0000] {dagbag.py:532} INFO - Filling up the DagBag from /home/airflow/.local/lib/python3.7/site-packages/airflow/example_dags/example_latest_only_with_trigger.py
[2023-04-16T00:50:15.134+0000] {processor.py:753} INFO - DAG(s) dict_keys(['latest_only_with_trigger']) retrieved from /home/airflow/.local/lib/python3.7/site-packages/airflow/example_dags/example_latest_only_with_trigger.py
[2023-04-16T00:50:15.165+0000] {logging_mixin.py:137} INFO - [2023-04-16T00:50:15.165+0000] {dag.py:2705} INFO - Sync 1 DAGs
[2023-04-16T00:50:15.206+0000] {logging_mixin.py:137} INFO - [2023-04-16T00:50:15.205+0000] {dag.py:3456} INFO - Setting next_dagrun for latest_only_with_trigger to 2023-04-15T20:50:15.205692+00:00, run_after=2023-04-16T00:50:15.205692+00:00
[2023-04-16T00:50:15.227+0000] {processor.py:175} INFO - Processing /home/airflow/.local/lib/python3.7/site-packages/airflow/example_dags/example_latest_only_with_trigger.py took 0.116 seconds
[2023-04-16T00:50:45.620+0000] {processor.py:153} INFO - Started process (PID=194) to work on /home/airflow/.local/lib/python3.7/site-packages/airflow/example_dags/example_latest_only_with_trigger.py
[2023-04-16T00:50:45.622+0000] {processor.py:743} INFO - Processing file /home/airflow/.local/lib/python3.7/site-packages/airflow/example_dags/example_latest_only_with_trigger.py for tasks to queue
[2023-04-16T00:50:45.623+0000] {logging_mixin.py:137} INFO - [2023-04-16T00:50:45.623+0000] {dagbag.py:532} INFO - Filling up the DagBag from /home/airflow/.local/lib/python3.7/site-packages/airflow/example_dags/example_latest_only_with_trigger.py
[2023-04-16T00:50:45.644+0000] {processor.py:753} INFO - DAG(s) dict_keys(['latest_only_with_trigger']) retrieved from /home/airflow/.local/lib/python3.7/site-packages/airflow/example_dags/example_latest_only_with_trigger.py
[2023-04-16T00:50:45.677+0000] {logging_mixin.py:137} INFO - [2023-04-16T00:50:45.677+0000] {dag.py:2705} INFO - Sync 1 DAGs
[2023-04-16T00:50:45.719+0000] {logging_mixin.py:137} INFO - [2023-04-16T00:50:45.719+0000] {dag.py:3456} INFO - Setting next_dagrun for latest_only_with_trigger to 2023-04-15T20:50:45.719482+00:00, run_after=2023-04-16T00:50:45.719482+00:00
[2023-04-16T00:50:45.748+0000] {processor.py:175} INFO - Processing /home/airflow/.local/lib/python3.7/site-packages/airflow/example_dags/example_latest_only_with_trigger.py took 0.132 seconds
[2023-04-16T00:51:16.427+0000] {processor.py:153} INFO - Started process (PID=244) to work on /home/airflow/.local/lib/python3.7/site-packages/airflow/example_dags/example_latest_only_with_trigger.py
[2023-04-16T00:51:16.428+0000] {processor.py:743} INFO - Processing file /home/airflow/.local/lib/python3.7/site-packages/airflow/example_dags/example_latest_only_with_trigger.py for tasks to queue
[2023-04-16T00:51:16.429+0000] {logging_mixin.py:137} INFO - [2023-04-16T00:51:16.429+0000] {dagbag.py:532} INFO - Filling up the DagBag from /home/airflow/.local/lib/python3.7/site-packages/airflow/example_dags/example_latest_only_with_trigger.py
[2023-04-16T00:51:16.448+0000] {processor.py:753} INFO - DAG(s) dict_keys(['latest_only_with_trigger']) retrieved from /home/airflow/.local/lib/python3.7/site-packages/airflow/example_dags/example_latest_only_with_trigger.py
[2023-04-16T00:51:16.481+0000] {logging_mixin.py:137} INFO - [2023-04-16T00:51:16.481+0000] {dag.py:2705} INFO - Sync 1 DAGs
[2023-04-16T00:51:16.523+0000] {logging_mixin.py:137} INFO - [2023-04-16T00:51:16.523+0000] {dag.py:3456} INFO - Setting next_dagrun for latest_only_with_trigger to 2023-04-15T20:51:16.523160+00:00, run_after=2023-04-16T00:51:16.523160+00:00
[2023-04-16T00:51:16.548+0000] {processor.py:175} INFO - Processing /home/airflow/.local/lib/python3.7/site-packages/airflow/example_dags/example_latest_only_with_trigger.py took 0.125 seconds
[2023-04-16T00:51:46.592+0000] {processor.py:153} INFO - Started process (PID=294) to work on /home/airflow/.local/lib/python3.7/site-packages/airflow/example_dags/example_latest_only_with_trigger.py
[2023-04-16T00:51:46.593+0000] {processor.py:743} INFO - Processing file /home/airflow/.local/lib/python3.7/site-packages/airflow/example_dags/example_latest_only_with_trigger.py for tasks to queue
[2023-04-16T00:51:46.594+0000] {logging_mixin.py:137} INFO - [2023-04-16T00:51:46.594+0000] {dagbag.py:532} INFO - Filling up the DagBag from /home/airflow/.local/lib/python3.7/site-packages/airflow/example_dags/example_latest_only_with_trigger.py
[2023-04-16T00:51:46.612+0000] {processor.py:753} INFO - DAG(s) dict_keys(['latest_only_with_trigger']) retrieved from /home/airflow/.local/lib/python3.7/site-packages/airflow/example_dags/example_latest_only_with_trigger.py
[2023-04-16T00:51:46.641+0000] {logging_mixin.py:137} INFO - [2023-04-16T00:51:46.641+0000] {dag.py:2705} INFO - Sync 1 DAGs
[2023-04-16T00:51:46.683+0000] {logging_mixin.py:137} INFO - [2023-04-16T00:51:46.683+0000] {dag.py:3456} INFO - Setting next_dagrun for latest_only_with_trigger to 2023-04-15T20:51:46.683109+00:00, run_after=2023-04-16T00:51:46.683109+00:00
[2023-04-16T00:51:46.706+0000] {processor.py:175} INFO - Processing /home/airflow/.local/lib/python3.7/site-packages/airflow/example_dags/example_latest_only_with_trigger.py took 0.118 seconds
[2023-04-16T00:52:16.982+0000] {processor.py:153} INFO - Started process (PID=344) to work on /home/airflow/.local/lib/python3.7/site-packages/airflow/example_dags/example_latest_only_with_trigger.py
[2023-04-16T00:52:16.983+0000] {processor.py:743} INFO - Processing file /home/airflow/.local/lib/python3.7/site-packages/airflow/example_dags/example_latest_only_with_trigger.py for tasks to queue
[2023-04-16T00:52:16.984+0000] {logging_mixin.py:137} INFO - [2023-04-16T00:52:16.984+0000] {dagbag.py:532} INFO - Filling up the DagBag from /home/airflow/.local/lib/python3.7/site-packages/airflow/example_dags/example_latest_only_with_trigger.py
[2023-04-16T00:52:17.002+0000] {processor.py:753} INFO - DAG(s) dict_keys(['latest_only_with_trigger']) retrieved from /home/airflow/.local/lib/python3.7/site-packages/airflow/example_dags/example_latest_only_with_trigger.py
[2023-04-16T00:52:17.035+0000] {logging_mixin.py:137} INFO - [2023-04-16T00:52:17.035+0000] {dag.py:2705} INFO - Sync 1 DAGs
[2023-04-16T00:52:17.075+0000] {logging_mixin.py:137} INFO - [2023-04-16T00:52:17.075+0000] {dag.py:3456} INFO - Setting next_dagrun for latest_only_with_trigger to 2023-04-15T20:52:17.075230+00:00, run_after=2023-04-16T00:52:17.075230+00:00
[2023-04-16T00:52:17.099+0000] {processor.py:175} INFO - Processing /home/airflow/.local/lib/python3.7/site-packages/airflow/example_dags/example_latest_only_with_trigger.py took 0.123 seconds
[2023-04-16T00:52:47.319+0000] {processor.py:153} INFO - Started process (PID=394) to work on /home/airflow/.local/lib/python3.7/site-packages/airflow/example_dags/example_latest_only_with_trigger.py
[2023-04-16T00:52:47.320+0000] {processor.py:743} INFO - Processing file /home/airflow/.local/lib/python3.7/site-packages/airflow/example_dags/example_latest_only_with_trigger.py for tasks to queue
[2023-04-16T00:52:47.321+0000] {logging_mixin.py:137} INFO - [2023-04-16T00:52:47.321+0000] {dagbag.py:532} INFO - Filling up the DagBag from /home/airflow/.local/lib/python3.7/site-packages/airflow/example_dags/example_latest_only_with_trigger.py
[2023-04-16T00:52:47.339+0000] {processor.py:753} INFO - DAG(s) dict_keys(['latest_only_with_trigger']) retrieved from /home/airflow/.local/lib/python3.7/site-packages/airflow/example_dags/example_latest_only_with_trigger.py
[2023-04-16T00:52:47.370+0000] {logging_mixin.py:137} INFO - [2023-04-16T00:52:47.370+0000] {dag.py:2705} INFO - Sync 1 DAGs
[2023-04-16T00:52:47.436+0000] {logging_mixin.py:137} INFO - [2023-04-16T00:52:47.436+0000] {dag.py:3456} INFO - Setting next_dagrun for latest_only_with_trigger to 2023-04-15T20:52:47.435759+00:00, run_after=2023-04-16T00:52:47.435759+00:00
[2023-04-16T00:52:47.468+0000] {processor.py:175} INFO - Processing /home/airflow/.local/lib/python3.7/site-packages/airflow/example_dags/example_latest_only_with_trigger.py took 0.153 seconds
[2023-04-16T00:53:17.772+0000] {processor.py:153} INFO - Started process (PID=444) to work on /home/airflow/.local/lib/python3.7/site-packages/airflow/example_dags/example_latest_only_with_trigger.py
[2023-04-16T00:53:17.773+0000] {processor.py:743} INFO - Processing file /home/airflow/.local/lib/python3.7/site-packages/airflow/example_dags/example_latest_only_with_trigger.py for tasks to queue
[2023-04-16T00:53:17.774+0000] {logging_mixin.py:137} INFO - [2023-04-16T00:53:17.774+0000] {dagbag.py:532} INFO - Filling up the DagBag from /home/airflow/.local/lib/python3.7/site-packages/airflow/example_dags/example_latest_only_with_trigger.py
[2023-04-16T00:53:17.792+0000] {processor.py:753} INFO - DAG(s) dict_keys(['latest_only_with_trigger']) retrieved from /home/airflow/.local/lib/python3.7/site-packages/airflow/example_dags/example_latest_only_with_trigger.py
[2023-04-16T00:53:17.824+0000] {logging_mixin.py:137} INFO - [2023-04-16T00:53:17.824+0000] {dag.py:2705} INFO - Sync 1 DAGs
[2023-04-16T00:53:17.868+0000] {logging_mixin.py:137} INFO - [2023-04-16T00:53:17.867+0000] {dag.py:3456} INFO - Setting next_dagrun for latest_only_with_trigger to 2023-04-15T20:53:17.867561+00:00, run_after=2023-04-16T00:53:17.867561+00:00
[2023-04-16T00:53:17.903+0000] {processor.py:175} INFO - Processing /home/airflow/.local/lib/python3.7/site-packages/airflow/example_dags/example_latest_only_with_trigger.py took 0.135 seconds
[2023-04-16T00:53:47.978+0000] {processor.py:153} INFO - Started process (PID=494) to work on /home/airflow/.local/lib/python3.7/site-packages/airflow/example_dags/example_latest_only_with_trigger.py
[2023-04-16T00:53:47.979+0000] {processor.py:743} INFO - Processing file /home/airflow/.local/lib/python3.7/site-packages/airflow/example_dags/example_latest_only_with_trigger.py for tasks to queue
[2023-04-16T00:53:47.979+0000] {logging_mixin.py:137} INFO - [2023-04-16T00:53:47.979+0000] {dagbag.py:532} INFO - Filling up the DagBag from /home/airflow/.local/lib/python3.7/site-packages/airflow/example_dags/example_latest_only_with_trigger.py
[2023-04-16T00:53:47.996+0000] {processor.py:753} INFO - DAG(s) dict_keys(['latest_only_with_trigger']) retrieved from /home/airflow/.local/lib/python3.7/site-packages/airflow/example_dags/example_latest_only_with_trigger.py
[2023-04-16T00:53:48.027+0000] {logging_mixin.py:137} INFO - [2023-04-16T00:53:48.027+0000] {dag.py:2705} INFO - Sync 1 DAGs
[2023-04-16T00:53:48.067+0000] {logging_mixin.py:137} INFO - [2023-04-16T00:53:48.067+0000] {dag.py:3456} INFO - Setting next_dagrun for latest_only_with_trigger to 2023-04-15T20:53:48.067077+00:00, run_after=2023-04-16T00:53:48.067077+00:00
[2023-04-16T00:53:48.089+0000] {processor.py:175} INFO - Processing /home/airflow/.local/lib/python3.7/site-packages/airflow/example_dags/example_latest_only_with_trigger.py took 0.115 seconds
[2023-04-16T00:54:18.776+0000] {processor.py:153} INFO - Started process (PID=544) to work on /home/airflow/.local/lib/python3.7/site-packages/airflow/example_dags/example_latest_only_with_trigger.py
[2023-04-16T00:54:18.777+0000] {processor.py:743} INFO - Processing file /home/airflow/.local/lib/python3.7/site-packages/airflow/example_dags/example_latest_only_with_trigger.py for tasks to queue
[2023-04-16T00:54:18.778+0000] {logging_mixin.py:137} INFO - [2023-04-16T00:54:18.777+0000] {dagbag.py:532} INFO - Filling up the DagBag from /home/airflow/.local/lib/python3.7/site-packages/airflow/example_dags/example_latest_only_with_trigger.py
[2023-04-16T00:54:18.806+0000] {processor.py:753} INFO - DAG(s) dict_keys(['latest_only_with_trigger']) retrieved from /home/airflow/.local/lib/python3.7/site-packages/airflow/example_dags/example_latest_only_with_trigger.py
[2023-04-16T00:54:18.852+0000] {logging_mixin.py:137} INFO - [2023-04-16T00:54:18.852+0000] {dag.py:2705} INFO - Sync 1 DAGs
[2023-04-16T00:54:18.897+0000] {logging_mixin.py:137} INFO - [2023-04-16T00:54:18.896+0000] {dag.py:3456} INFO - Setting next_dagrun for latest_only_with_trigger to 2023-04-15T20:54:18.896314+00:00, run_after=2023-04-16T00:54:18.896314+00:00
[2023-04-16T00:54:18.927+0000] {processor.py:175} INFO - Processing /home/airflow/.local/lib/python3.7/site-packages/airflow/example_dags/example_latest_only_with_trigger.py took 0.156 seconds
[2023-04-16T00:54:49.054+0000] {processor.py:153} INFO - Started process (PID=593) to work on /home/airflow/.local/lib/python3.7/site-packages/airflow/example_dags/example_latest_only_with_trigger.py
[2023-04-16T00:54:49.055+0000] {processor.py:743} INFO - Processing file /home/airflow/.local/lib/python3.7/site-packages/airflow/example_dags/example_latest_only_with_trigger.py for tasks to queue
[2023-04-16T00:54:49.056+0000] {logging_mixin.py:137} INFO - [2023-04-16T00:54:49.056+0000] {dagbag.py:532} INFO - Filling up the DagBag from /home/airflow/.local/lib/python3.7/site-packages/airflow/example_dags/example_latest_only_with_trigger.py
[2023-04-16T00:54:49.073+0000] {processor.py:753} INFO - DAG(s) dict_keys(['latest_only_with_trigger']) retrieved from /home/airflow/.local/lib/python3.7/site-packages/airflow/example_dags/example_latest_only_with_trigger.py
[2023-04-16T00:54:49.105+0000] {logging_mixin.py:137} INFO - [2023-04-16T00:54:49.105+0000] {dag.py:2705} INFO - Sync 1 DAGs
[2023-04-16T00:54:49.144+0000] {logging_mixin.py:137} INFO - [2023-04-16T00:54:49.144+0000] {dag.py:3456} INFO - Setting next_dagrun for latest_only_with_trigger to 2023-04-15T20:54:49.143797+00:00, run_after=2023-04-16T00:54:49.143797+00:00
[2023-04-16T00:54:49.167+0000] {processor.py:175} INFO - Processing /home/airflow/.local/lib/python3.7/site-packages/airflow/example_dags/example_latest_only_with_trigger.py took 0.117 seconds
[2023-04-16T00:55:19.279+0000] {processor.py:153} INFO - Started process (PID=643) to work on /home/airflow/.local/lib/python3.7/site-packages/airflow/example_dags/example_latest_only_with_trigger.py
[2023-04-16T00:55:19.280+0000] {processor.py:743} INFO - Processing file /home/airflow/.local/lib/python3.7/site-packages/airflow/example_dags/example_latest_only_with_trigger.py for tasks to queue
[2023-04-16T00:55:19.280+0000] {logging_mixin.py:137} INFO - [2023-04-16T00:55:19.280+0000] {dagbag.py:532} INFO - Filling up the DagBag from /home/airflow/.local/lib/python3.7/site-packages/airflow/example_dags/example_latest_only_with_trigger.py
[2023-04-16T00:55:19.298+0000] {processor.py:753} INFO - DAG(s) dict_keys(['latest_only_with_trigger']) retrieved from /home/airflow/.local/lib/python3.7/site-packages/airflow/example_dags/example_latest_only_with_trigger.py
[2023-04-16T00:55:19.330+0000] {logging_mixin.py:137} INFO - [2023-04-16T00:55:19.329+0000] {dag.py:2705} INFO - Sync 1 DAGs
[2023-04-16T00:55:19.371+0000] {logging_mixin.py:137} INFO - [2023-04-16T00:55:19.370+0000] {dag.py:3456} INFO - Setting next_dagrun for latest_only_with_trigger to 2023-04-15T20:55:19.370624+00:00, run_after=2023-04-16T00:55:19.370624+00:00
[2023-04-16T00:55:19.393+0000] {processor.py:175} INFO - Processing /home/airflow/.local/lib/python3.7/site-packages/airflow/example_dags/example_latest_only_with_trigger.py took 0.118 seconds
[2023-04-16T00:55:49.753+0000] {processor.py:153} INFO - Started process (PID=693) to work on /home/airflow/.local/lib/python3.7/site-packages/airflow/example_dags/example_latest_only_with_trigger.py
[2023-04-16T00:55:49.754+0000] {processor.py:743} INFO - Processing file /home/airflow/.local/lib/python3.7/site-packages/airflow/example_dags/example_latest_only_with_trigger.py for tasks to queue
[2023-04-16T00:55:49.755+0000] {logging_mixin.py:137} INFO - [2023-04-16T00:55:49.755+0000] {dagbag.py:532} INFO - Filling up the DagBag from /home/airflow/.local/lib/python3.7/site-packages/airflow/example_dags/example_latest_only_with_trigger.py
[2023-04-16T00:55:49.772+0000] {processor.py:753} INFO - DAG(s) dict_keys(['latest_only_with_trigger']) retrieved from /home/airflow/.local/lib/python3.7/site-packages/airflow/example_dags/example_latest_only_with_trigger.py
[2023-04-16T00:55:49.803+0000] {logging_mixin.py:137} INFO - [2023-04-16T00:55:49.802+0000] {dag.py:2705} INFO - Sync 1 DAGs
[2023-04-16T00:55:49.843+0000] {logging_mixin.py:137} INFO - [2023-04-16T00:55:49.842+0000] {dag.py:3456} INFO - Setting next_dagrun for latest_only_with_trigger to 2023-04-15T20:55:49.842627+00:00, run_after=2023-04-16T00:55:49.842627+00:00
[2023-04-16T00:55:49.865+0000] {processor.py:175} INFO - Processing /home/airflow/.local/lib/python3.7/site-packages/airflow/example_dags/example_latest_only_with_trigger.py took 0.115 seconds
[2023-04-16T00:56:20.094+0000] {processor.py:153} INFO - Started process (PID=743) to work on /home/airflow/.local/lib/python3.7/site-packages/airflow/example_dags/example_latest_only_with_trigger.py
[2023-04-16T00:56:20.095+0000] {processor.py:743} INFO - Processing file /home/airflow/.local/lib/python3.7/site-packages/airflow/example_dags/example_latest_only_with_trigger.py for tasks to queue
[2023-04-16T00:56:20.096+0000] {logging_mixin.py:137} INFO - [2023-04-16T00:56:20.096+0000] {dagbag.py:532} INFO - Filling up the DagBag from /home/airflow/.local/lib/python3.7/site-packages/airflow/example_dags/example_latest_only_with_trigger.py
[2023-04-16T00:56:20.114+0000] {processor.py:753} INFO - DAG(s) dict_keys(['latest_only_with_trigger']) retrieved from /home/airflow/.local/lib/python3.7/site-packages/airflow/example_dags/example_latest_only_with_trigger.py
[2023-04-16T00:56:20.153+0000] {logging_mixin.py:137} INFO - [2023-04-16T00:56:20.152+0000] {dag.py:2705} INFO - Sync 1 DAGs
[2023-04-16T00:56:20.197+0000] {logging_mixin.py:137} INFO - [2023-04-16T00:56:20.197+0000] {dag.py:3456} INFO - Setting next_dagrun for latest_only_with_trigger to 2023-04-15T20:56:20.196790+00:00, run_after=2023-04-16T00:56:20.196790+00:00
[2023-04-16T00:56:20.219+0000] {processor.py:175} INFO - Processing /home/airflow/.local/lib/python3.7/site-packages/airflow/example_dags/example_latest_only_with_trigger.py took 0.129 seconds
[2023-04-16T00:56:50.407+0000] {processor.py:153} INFO - Started process (PID=793) to work on /home/airflow/.local/lib/python3.7/site-packages/airflow/example_dags/example_latest_only_with_trigger.py
[2023-04-16T00:56:50.408+0000] {processor.py:743} INFO - Processing file /home/airflow/.local/lib/python3.7/site-packages/airflow/example_dags/example_latest_only_with_trigger.py for tasks to queue
[2023-04-16T00:56:50.408+0000] {logging_mixin.py:137} INFO - [2023-04-16T00:56:50.408+0000] {dagbag.py:532} INFO - Filling up the DagBag from /home/airflow/.local/lib/python3.7/site-packages/airflow/example_dags/example_latest_only_with_trigger.py
[2023-04-16T00:56:50.425+0000] {processor.py:753} INFO - DAG(s) dict_keys(['latest_only_with_trigger']) retrieved from /home/airflow/.local/lib/python3.7/site-packages/airflow/example_dags/example_latest_only_with_trigger.py
[2023-04-16T00:56:50.456+0000] {logging_mixin.py:137} INFO - [2023-04-16T00:56:50.456+0000] {dag.py:2705} INFO - Sync 1 DAGs
[2023-04-16T00:56:50.500+0000] {logging_mixin.py:137} INFO - [2023-04-16T00:56:50.499+0000] {dag.py:3456} INFO - Setting next_dagrun for latest_only_with_trigger to 2023-04-15T20:56:50.499486+00:00, run_after=2023-04-16T00:56:50.499486+00:00
[2023-04-16T00:56:50.525+0000] {processor.py:175} INFO - Processing /home/airflow/.local/lib/python3.7/site-packages/airflow/example_dags/example_latest_only_with_trigger.py took 0.123 seconds
[2023-04-16T00:57:20.791+0000] {processor.py:153} INFO - Started process (PID=843) to work on /home/airflow/.local/lib/python3.7/site-packages/airflow/example_dags/example_latest_only_with_trigger.py
[2023-04-16T00:57:20.792+0000] {processor.py:743} INFO - Processing file /home/airflow/.local/lib/python3.7/site-packages/airflow/example_dags/example_latest_only_with_trigger.py for tasks to queue
[2023-04-16T00:57:20.793+0000] {logging_mixin.py:137} INFO - [2023-04-16T00:57:20.793+0000] {dagbag.py:532} INFO - Filling up the DagBag from /home/airflow/.local/lib/python3.7/site-packages/airflow/example_dags/example_latest_only_with_trigger.py
[2023-04-16T00:57:20.812+0000] {processor.py:753} INFO - DAG(s) dict_keys(['latest_only_with_trigger']) retrieved from /home/airflow/.local/lib/python3.7/site-packages/airflow/example_dags/example_latest_only_with_trigger.py
[2023-04-16T00:57:20.865+0000] {logging_mixin.py:137} INFO - [2023-04-16T00:57:20.864+0000] {dag.py:2705} INFO - Sync 1 DAGs
[2023-04-16T00:57:20.918+0000] {logging_mixin.py:137} INFO - [2023-04-16T00:57:20.917+0000] {dag.py:3456} INFO - Setting next_dagrun for latest_only_with_trigger to 2023-04-15T20:57:20.917550+00:00, run_after=2023-04-16T00:57:20.917550+00:00
[2023-04-16T00:57:20.952+0000] {processor.py:175} INFO - Processing /home/airflow/.local/lib/python3.7/site-packages/airflow/example_dags/example_latest_only_with_trigger.py took 0.165 seconds
[2023-04-16T00:57:51.275+0000] {processor.py:153} INFO - Started process (PID=893) to work on /home/airflow/.local/lib/python3.7/site-packages/airflow/example_dags/example_latest_only_with_trigger.py
[2023-04-16T00:57:51.276+0000] {processor.py:743} INFO - Processing file /home/airflow/.local/lib/python3.7/site-packages/airflow/example_dags/example_latest_only_with_trigger.py for tasks to queue
[2023-04-16T00:57:51.276+0000] {logging_mixin.py:137} INFO - [2023-04-16T00:57:51.276+0000] {dagbag.py:532} INFO - Filling up the DagBag from /home/airflow/.local/lib/python3.7/site-packages/airflow/example_dags/example_latest_only_with_trigger.py
[2023-04-16T00:57:51.294+0000] {processor.py:753} INFO - DAG(s) dict_keys(['latest_only_with_trigger']) retrieved from /home/airflow/.local/lib/python3.7/site-packages/airflow/example_dags/example_latest_only_with_trigger.py
[2023-04-16T00:57:51.327+0000] {logging_mixin.py:137} INFO - [2023-04-16T00:57:51.326+0000] {dag.py:2705} INFO - Sync 1 DAGs
[2023-04-16T00:57:51.369+0000] {logging_mixin.py:137} INFO - [2023-04-16T00:57:51.369+0000] {dag.py:3456} INFO - Setting next_dagrun for latest_only_with_trigger to 2023-04-15T20:57:51.369493+00:00, run_after=2023-04-16T00:57:51.369493+00:00
[2023-04-16T00:57:51.392+0000] {processor.py:175} INFO - Processing /home/airflow/.local/lib/python3.7/site-packages/airflow/example_dags/example_latest_only_with_trigger.py took 0.121 seconds
[2023-04-16T00:58:21.452+0000] {processor.py:153} INFO - Started process (PID=943) to work on /home/airflow/.local/lib/python3.7/site-packages/airflow/example_dags/example_latest_only_with_trigger.py
[2023-04-16T00:58:21.453+0000] {processor.py:743} INFO - Processing file /home/airflow/.local/lib/python3.7/site-packages/airflow/example_dags/example_latest_only_with_trigger.py for tasks to queue
[2023-04-16T00:58:21.453+0000] {logging_mixin.py:137} INFO - [2023-04-16T00:58:21.453+0000] {dagbag.py:532} INFO - Filling up the DagBag from /home/airflow/.local/lib/python3.7/site-packages/airflow/example_dags/example_latest_only_with_trigger.py
[2023-04-16T00:58:21.470+0000] {processor.py:753} INFO - DAG(s) dict_keys(['latest_only_with_trigger']) retrieved from /home/airflow/.local/lib/python3.7/site-packages/airflow/example_dags/example_latest_only_with_trigger.py
[2023-04-16T00:58:21.500+0000] {logging_mixin.py:137} INFO - [2023-04-16T00:58:21.500+0000] {dag.py:2705} INFO - Sync 1 DAGs
[2023-04-16T00:58:21.539+0000] {logging_mixin.py:137} INFO - [2023-04-16T00:58:21.539+0000] {dag.py:3456} INFO - Setting next_dagrun for latest_only_with_trigger to 2023-04-15T20:58:21.539300+00:00, run_after=2023-04-16T00:58:21.539300+00:00
[2023-04-16T00:58:21.561+0000] {processor.py:175} INFO - Processing /home/airflow/.local/lib/python3.7/site-packages/airflow/example_dags/example_latest_only_with_trigger.py took 0.113 seconds
[2023-04-16T00:58:51.711+0000] {processor.py:153} INFO - Started process (PID=993) to work on /home/airflow/.local/lib/python3.7/site-packages/airflow/example_dags/example_latest_only_with_trigger.py
[2023-04-16T00:58:51.712+0000] {processor.py:743} INFO - Processing file /home/airflow/.local/lib/python3.7/site-packages/airflow/example_dags/example_latest_only_with_trigger.py for tasks to queue
[2023-04-16T00:58:51.713+0000] {logging_mixin.py:137} INFO - [2023-04-16T00:58:51.712+0000] {dagbag.py:532} INFO - Filling up the DagBag from /home/airflow/.local/lib/python3.7/site-packages/airflow/example_dags/example_latest_only_with_trigger.py
[2023-04-16T00:58:51.731+0000] {processor.py:753} INFO - DAG(s) dict_keys(['latest_only_with_trigger']) retrieved from /home/airflow/.local/lib/python3.7/site-packages/airflow/example_dags/example_latest_only_with_trigger.py
[2023-04-16T00:58:51.772+0000] {logging_mixin.py:137} INFO - [2023-04-16T00:58:51.771+0000] {dag.py:2705} INFO - Sync 1 DAGs
[2023-04-16T00:58:51.824+0000] {logging_mixin.py:137} INFO - [2023-04-16T00:58:51.824+0000] {dag.py:3456} INFO - Setting next_dagrun for latest_only_with_trigger to 2023-04-15T20:58:51.824437+00:00, run_after=2023-04-16T00:58:51.824437+00:00
[2023-04-16T00:58:51.852+0000] {processor.py:175} INFO - Processing /home/airflow/.local/lib/python3.7/site-packages/airflow/example_dags/example_latest_only_with_trigger.py took 0.145 seconds
[2023-04-16T00:59:22.010+0000] {processor.py:153} INFO - Started process (PID=1043) to work on /home/airflow/.local/lib/python3.7/site-packages/airflow/example_dags/example_latest_only_with_trigger.py
[2023-04-16T00:59:22.011+0000] {processor.py:743} INFO - Processing file /home/airflow/.local/lib/python3.7/site-packages/airflow/example_dags/example_latest_only_with_trigger.py for tasks to queue
[2023-04-16T00:59:22.011+0000] {logging_mixin.py:137} INFO - [2023-04-16T00:59:22.011+0000] {dagbag.py:532} INFO - Filling up the DagBag from /home/airflow/.local/lib/python3.7/site-packages/airflow/example_dags/example_latest_only_with_trigger.py
[2023-04-16T00:59:22.029+0000] {processor.py:753} INFO - DAG(s) dict_keys(['latest_only_with_trigger']) retrieved from /home/airflow/.local/lib/python3.7/site-packages/airflow/example_dags/example_latest_only_with_trigger.py
[2023-04-16T00:59:22.060+0000] {logging_mixin.py:137} INFO - [2023-04-16T00:59:22.060+0000] {dag.py:2705} INFO - Sync 1 DAGs
[2023-04-16T00:59:22.100+0000] {logging_mixin.py:137} INFO - [2023-04-16T00:59:22.100+0000] {dag.py:3456} INFO - Setting next_dagrun for latest_only_with_trigger to 2023-04-15T20:59:22.100365+00:00, run_after=2023-04-16T00:59:22.100365+00:00
[2023-04-16T00:59:22.122+0000] {processor.py:175} INFO - Processing /home/airflow/.local/lib/python3.7/site-packages/airflow/example_dags/example_latest_only_with_trigger.py took 0.116 seconds
[2023-04-16T00:59:52.192+0000] {processor.py:153} INFO - Started process (PID=1093) to work on /home/airflow/.local/lib/python3.7/site-packages/airflow/example_dags/example_latest_only_with_trigger.py
[2023-04-16T00:59:52.193+0000] {processor.py:743} INFO - Processing file /home/airflow/.local/lib/python3.7/site-packages/airflow/example_dags/example_latest_only_with_trigger.py for tasks to queue
[2023-04-16T00:59:52.194+0000] {logging_mixin.py:137} INFO - [2023-04-16T00:59:52.194+0000] {dagbag.py:532} INFO - Filling up the DagBag from /home/airflow/.local/lib/python3.7/site-packages/airflow/example_dags/example_latest_only_with_trigger.py
[2023-04-16T00:59:52.211+0000] {processor.py:753} INFO - DAG(s) dict_keys(['latest_only_with_trigger']) retrieved from /home/airflow/.local/lib/python3.7/site-packages/airflow/example_dags/example_latest_only_with_trigger.py
[2023-04-16T00:59:52.243+0000] {logging_mixin.py:137} INFO - [2023-04-16T00:59:52.243+0000] {dag.py:2705} INFO - Sync 1 DAGs
[2023-04-16T00:59:52.282+0000] {logging_mixin.py:137} INFO - [2023-04-16T00:59:52.282+0000] {dag.py:3456} INFO - Setting next_dagrun for latest_only_with_trigger to 2023-04-15T20:59:52.282367+00:00, run_after=2023-04-16T00:59:52.282367+00:00
[2023-04-16T00:59:52.304+0000] {processor.py:175} INFO - Processing /home/airflow/.local/lib/python3.7/site-packages/airflow/example_dags/example_latest_only_with_trigger.py took 0.115 seconds
