[2023-04-16T00:49:16.969+0000] {processor.py:153} INFO - Started process (PID=66) to work on /home/airflow/.local/lib/python3.7/site-packages/airflow/example_dags/example_params_ui_tutorial.py
[2023-04-16T00:49:16.970+0000] {processor.py:743} INFO - Processing file /home/airflow/.local/lib/python3.7/site-packages/airflow/example_dags/example_params_ui_tutorial.py for tasks to queue
[2023-04-16T00:49:16.971+0000] {logging_mixin.py:137} INFO - [2023-04-16T00:49:16.971+0000] {dagbag.py:532} INFO - Filling up the DagBag from /home/airflow/.local/lib/python3.7/site-packages/airflow/example_dags/example_params_ui_tutorial.py
[2023-04-16T00:49:17.074+0000] {processor.py:753} INFO - DAG(s) dict_keys(['example_params_ui_tutorial']) retrieved from /home/airflow/.local/lib/python3.7/site-packages/airflow/example_dags/example_params_ui_tutorial.py
[2023-04-16T00:49:17.186+0000] {logging_mixin.py:137} INFO - [2023-04-16T00:49:17.186+0000] {dag.py:2705} INFO - Sync 1 DAGs
[2023-04-16T00:49:17.234+0000] {logging_mixin.py:137} INFO - [2023-04-16T00:49:17.234+0000] {dag.py:3456} INFO - Setting next_dagrun for example_params_ui_tutorial to None, run_after=None
[2023-04-16T00:49:17.259+0000] {processor.py:175} INFO - Processing /home/airflow/.local/lib/python3.7/site-packages/airflow/example_dags/example_params_ui_tutorial.py took 0.294 seconds
[2023-04-16T00:49:48.046+0000] {processor.py:153} INFO - Started process (PID=116) to work on /home/airflow/.local/lib/python3.7/site-packages/airflow/example_dags/example_params_ui_tutorial.py
[2023-04-16T00:49:48.047+0000] {processor.py:743} INFO - Processing file /home/airflow/.local/lib/python3.7/site-packages/airflow/example_dags/example_params_ui_tutorial.py for tasks to queue
[2023-04-16T00:49:48.047+0000] {logging_mixin.py:137} INFO - [2023-04-16T00:49:48.047+0000] {dagbag.py:532} INFO - Filling up the DagBag from /home/airflow/.local/lib/python3.7/site-packages/airflow/example_dags/example_params_ui_tutorial.py
[2023-04-16T00:49:48.135+0000] {processor.py:753} INFO - DAG(s) dict_keys(['example_params_ui_tutorial']) retrieved from /home/airflow/.local/lib/python3.7/site-packages/airflow/example_dags/example_params_ui_tutorial.py
[2023-04-16T00:49:48.257+0000] {logging_mixin.py:137} INFO - [2023-04-16T00:49:48.257+0000] {dag.py:2705} INFO - Sync 1 DAGs
[2023-04-16T00:49:48.295+0000] {logging_mixin.py:137} INFO - [2023-04-16T00:49:48.295+0000] {dag.py:3456} INFO - Setting next_dagrun for example_params_ui_tutorial to None, run_after=None
[2023-04-16T00:49:48.317+0000] {processor.py:175} INFO - Processing /home/airflow/.local/lib/python3.7/site-packages/airflow/example_dags/example_params_ui_tutorial.py took 0.275 seconds
[2023-04-16T00:50:19.206+0000] {processor.py:153} INFO - Started process (PID=166) to work on /home/airflow/.local/lib/python3.7/site-packages/airflow/example_dags/example_params_ui_tutorial.py
[2023-04-16T00:50:19.208+0000] {processor.py:743} INFO - Processing file /home/airflow/.local/lib/python3.7/site-packages/airflow/example_dags/example_params_ui_tutorial.py for tasks to queue
[2023-04-16T00:50:19.209+0000] {logging_mixin.py:137} INFO - [2023-04-16T00:50:19.209+0000] {dagbag.py:532} INFO - Filling up the DagBag from /home/airflow/.local/lib/python3.7/site-packages/airflow/example_dags/example_params_ui_tutorial.py
[2023-04-16T00:50:19.293+0000] {processor.py:753} INFO - DAG(s) dict_keys(['example_params_ui_tutorial']) retrieved from /home/airflow/.local/lib/python3.7/site-packages/airflow/example_dags/example_params_ui_tutorial.py
[2023-04-16T00:50:19.410+0000] {logging_mixin.py:137} INFO - [2023-04-16T00:50:19.410+0000] {dag.py:2705} INFO - Sync 1 DAGs
[2023-04-16T00:50:19.449+0000] {logging_mixin.py:137} INFO - [2023-04-16T00:50:19.449+0000] {dag.py:3456} INFO - Setting next_dagrun for example_params_ui_tutorial to None, run_after=None
[2023-04-16T00:50:19.472+0000] {processor.py:175} INFO - Processing /home/airflow/.local/lib/python3.7/site-packages/airflow/example_dags/example_params_ui_tutorial.py took 0.276 seconds
[2023-04-16T00:50:49.644+0000] {processor.py:153} INFO - Started process (PID=216) to work on /home/airflow/.local/lib/python3.7/site-packages/airflow/example_dags/example_params_ui_tutorial.py
[2023-04-16T00:50:49.645+0000] {processor.py:743} INFO - Processing file /home/airflow/.local/lib/python3.7/site-packages/airflow/example_dags/example_params_ui_tutorial.py for tasks to queue
[2023-04-16T00:50:49.646+0000] {logging_mixin.py:137} INFO - [2023-04-16T00:50:49.645+0000] {dagbag.py:532} INFO - Filling up the DagBag from /home/airflow/.local/lib/python3.7/site-packages/airflow/example_dags/example_params_ui_tutorial.py
[2023-04-16T00:50:49.731+0000] {processor.py:753} INFO - DAG(s) dict_keys(['example_params_ui_tutorial']) retrieved from /home/airflow/.local/lib/python3.7/site-packages/airflow/example_dags/example_params_ui_tutorial.py
[2023-04-16T00:50:49.841+0000] {logging_mixin.py:137} INFO - [2023-04-16T00:50:49.841+0000] {dag.py:2705} INFO - Sync 1 DAGs
[2023-04-16T00:50:49.880+0000] {logging_mixin.py:137} INFO - [2023-04-16T00:50:49.880+0000] {dag.py:3456} INFO - Setting next_dagrun for example_params_ui_tutorial to None, run_after=None
[2023-04-16T00:50:49.902+0000] {processor.py:175} INFO - Processing /home/airflow/.local/lib/python3.7/site-packages/airflow/example_dags/example_params_ui_tutorial.py took 0.263 seconds
[2023-04-16T00:51:20.057+0000] {processor.py:153} INFO - Started process (PID=266) to work on /home/airflow/.local/lib/python3.7/site-packages/airflow/example_dags/example_params_ui_tutorial.py
[2023-04-16T00:51:20.058+0000] {processor.py:743} INFO - Processing file /home/airflow/.local/lib/python3.7/site-packages/airflow/example_dags/example_params_ui_tutorial.py for tasks to queue
[2023-04-16T00:51:20.060+0000] {logging_mixin.py:137} INFO - [2023-04-16T00:51:20.059+0000] {dagbag.py:532} INFO - Filling up the DagBag from /home/airflow/.local/lib/python3.7/site-packages/airflow/example_dags/example_params_ui_tutorial.py
[2023-04-16T00:51:20.161+0000] {processor.py:753} INFO - DAG(s) dict_keys(['example_params_ui_tutorial']) retrieved from /home/airflow/.local/lib/python3.7/site-packages/airflow/example_dags/example_params_ui_tutorial.py
[2023-04-16T00:51:20.272+0000] {logging_mixin.py:137} INFO - [2023-04-16T00:51:20.272+0000] {dag.py:2705} INFO - Sync 1 DAGs
[2023-04-16T00:51:20.312+0000] {logging_mixin.py:137} INFO - [2023-04-16T00:51:20.312+0000] {dag.py:3456} INFO - Setting next_dagrun for example_params_ui_tutorial to None, run_after=None
[2023-04-16T00:51:20.338+0000] {processor.py:175} INFO - Processing /home/airflow/.local/lib/python3.7/site-packages/airflow/example_dags/example_params_ui_tutorial.py took 0.287 seconds
[2023-04-16T00:51:50.428+0000] {processor.py:153} INFO - Started process (PID=316) to work on /home/airflow/.local/lib/python3.7/site-packages/airflow/example_dags/example_params_ui_tutorial.py
[2023-04-16T00:51:50.429+0000] {processor.py:743} INFO - Processing file /home/airflow/.local/lib/python3.7/site-packages/airflow/example_dags/example_params_ui_tutorial.py for tasks to queue
[2023-04-16T00:51:50.429+0000] {logging_mixin.py:137} INFO - [2023-04-16T00:51:50.429+0000] {dagbag.py:532} INFO - Filling up the DagBag from /home/airflow/.local/lib/python3.7/site-packages/airflow/example_dags/example_params_ui_tutorial.py
[2023-04-16T00:51:50.527+0000] {processor.py:753} INFO - DAG(s) dict_keys(['example_params_ui_tutorial']) retrieved from /home/airflow/.local/lib/python3.7/site-packages/airflow/example_dags/example_params_ui_tutorial.py
[2023-04-16T00:51:50.651+0000] {logging_mixin.py:137} INFO - [2023-04-16T00:51:50.650+0000] {dag.py:2705} INFO - Sync 1 DAGs
[2023-04-16T00:51:50.691+0000] {logging_mixin.py:137} INFO - [2023-04-16T00:51:50.691+0000] {dag.py:3456} INFO - Setting next_dagrun for example_params_ui_tutorial to None, run_after=None
[2023-04-16T00:51:50.714+0000] {processor.py:175} INFO - Processing /home/airflow/.local/lib/python3.7/site-packages/airflow/example_dags/example_params_ui_tutorial.py took 0.290 seconds
[2023-04-16T00:52:21.012+0000] {processor.py:153} INFO - Started process (PID=366) to work on /home/airflow/.local/lib/python3.7/site-packages/airflow/example_dags/example_params_ui_tutorial.py
[2023-04-16T00:52:21.013+0000] {processor.py:743} INFO - Processing file /home/airflow/.local/lib/python3.7/site-packages/airflow/example_dags/example_params_ui_tutorial.py for tasks to queue
[2023-04-16T00:52:21.014+0000] {logging_mixin.py:137} INFO - [2023-04-16T00:52:21.014+0000] {dagbag.py:532} INFO - Filling up the DagBag from /home/airflow/.local/lib/python3.7/site-packages/airflow/example_dags/example_params_ui_tutorial.py
[2023-04-16T00:52:21.135+0000] {processor.py:753} INFO - DAG(s) dict_keys(['example_params_ui_tutorial']) retrieved from /home/airflow/.local/lib/python3.7/site-packages/airflow/example_dags/example_params_ui_tutorial.py
[2023-04-16T00:52:21.252+0000] {logging_mixin.py:137} INFO - [2023-04-16T00:52:21.251+0000] {dag.py:2705} INFO - Sync 1 DAGs
[2023-04-16T00:52:21.296+0000] {logging_mixin.py:137} INFO - [2023-04-16T00:52:21.296+0000] {dag.py:3456} INFO - Setting next_dagrun for example_params_ui_tutorial to None, run_after=None
[2023-04-16T00:52:21.320+0000] {processor.py:175} INFO - Processing /home/airflow/.local/lib/python3.7/site-packages/airflow/example_dags/example_params_ui_tutorial.py took 0.314 seconds
[2023-04-16T00:52:51.341+0000] {processor.py:153} INFO - Started process (PID=417) to work on /home/airflow/.local/lib/python3.7/site-packages/airflow/example_dags/example_params_ui_tutorial.py
[2023-04-16T00:52:51.343+0000] {processor.py:743} INFO - Processing file /home/airflow/.local/lib/python3.7/site-packages/airflow/example_dags/example_params_ui_tutorial.py for tasks to queue
[2023-04-16T00:52:51.344+0000] {logging_mixin.py:137} INFO - [2023-04-16T00:52:51.343+0000] {dagbag.py:532} INFO - Filling up the DagBag from /home/airflow/.local/lib/python3.7/site-packages/airflow/example_dags/example_params_ui_tutorial.py
[2023-04-16T00:52:51.433+0000] {processor.py:753} INFO - DAG(s) dict_keys(['example_params_ui_tutorial']) retrieved from /home/airflow/.local/lib/python3.7/site-packages/airflow/example_dags/example_params_ui_tutorial.py
[2023-04-16T00:52:51.545+0000] {logging_mixin.py:137} INFO - [2023-04-16T00:52:51.545+0000] {dag.py:2705} INFO - Sync 1 DAGs
[2023-04-16T00:52:51.593+0000] {logging_mixin.py:137} INFO - [2023-04-16T00:52:51.593+0000] {dag.py:3456} INFO - Setting next_dagrun for example_params_ui_tutorial to None, run_after=None
[2023-04-16T00:52:51.625+0000] {processor.py:175} INFO - Processing /home/airflow/.local/lib/python3.7/site-packages/airflow/example_dags/example_params_ui_tutorial.py took 0.288 seconds
[2023-04-16T00:53:21.645+0000] {processor.py:153} INFO - Started process (PID=467) to work on /home/airflow/.local/lib/python3.7/site-packages/airflow/example_dags/example_params_ui_tutorial.py
[2023-04-16T00:53:21.646+0000] {processor.py:743} INFO - Processing file /home/airflow/.local/lib/python3.7/site-packages/airflow/example_dags/example_params_ui_tutorial.py for tasks to queue
[2023-04-16T00:53:21.647+0000] {logging_mixin.py:137} INFO - [2023-04-16T00:53:21.647+0000] {dagbag.py:532} INFO - Filling up the DagBag from /home/airflow/.local/lib/python3.7/site-packages/airflow/example_dags/example_params_ui_tutorial.py
[2023-04-16T00:53:21.738+0000] {processor.py:753} INFO - DAG(s) dict_keys(['example_params_ui_tutorial']) retrieved from /home/airflow/.local/lib/python3.7/site-packages/airflow/example_dags/example_params_ui_tutorial.py
[2023-04-16T00:53:21.854+0000] {logging_mixin.py:137} INFO - [2023-04-16T00:53:21.854+0000] {dag.py:2705} INFO - Sync 1 DAGs
[2023-04-16T00:53:21.899+0000] {logging_mixin.py:137} INFO - [2023-04-16T00:53:21.898+0000] {dag.py:3456} INFO - Setting next_dagrun for example_params_ui_tutorial to None, run_after=None
[2023-04-16T00:53:21.923+0000] {processor.py:175} INFO - Processing /home/airflow/.local/lib/python3.7/site-packages/airflow/example_dags/example_params_ui_tutorial.py took 0.282 seconds
[2023-04-16T00:53:52.965+0000] {processor.py:153} INFO - Started process (PID=518) to work on /home/airflow/.local/lib/python3.7/site-packages/airflow/example_dags/example_params_ui_tutorial.py
[2023-04-16T00:53:52.966+0000] {processor.py:743} INFO - Processing file /home/airflow/.local/lib/python3.7/site-packages/airflow/example_dags/example_params_ui_tutorial.py for tasks to queue
[2023-04-16T00:53:52.968+0000] {logging_mixin.py:137} INFO - [2023-04-16T00:53:52.968+0000] {dagbag.py:532} INFO - Filling up the DagBag from /home/airflow/.local/lib/python3.7/site-packages/airflow/example_dags/example_params_ui_tutorial.py
[2023-04-16T00:53:53.061+0000] {processor.py:753} INFO - DAG(s) dict_keys(['example_params_ui_tutorial']) retrieved from /home/airflow/.local/lib/python3.7/site-packages/airflow/example_dags/example_params_ui_tutorial.py
[2023-04-16T00:53:53.171+0000] {logging_mixin.py:137} INFO - [2023-04-16T00:53:53.171+0000] {dag.py:2705} INFO - Sync 1 DAGs
[2023-04-16T00:53:53.211+0000] {logging_mixin.py:137} INFO - [2023-04-16T00:53:53.211+0000] {dag.py:3456} INFO - Setting next_dagrun for example_params_ui_tutorial to None, run_after=None
[2023-04-16T00:53:53.233+0000] {processor.py:175} INFO - Processing /home/airflow/.local/lib/python3.7/site-packages/airflow/example_dags/example_params_ui_tutorial.py took 0.278 seconds
[2023-04-16T00:54:23.744+0000] {processor.py:153} INFO - Started process (PID=568) to work on /home/airflow/.local/lib/python3.7/site-packages/airflow/example_dags/example_params_ui_tutorial.py
[2023-04-16T00:54:23.745+0000] {processor.py:743} INFO - Processing file /home/airflow/.local/lib/python3.7/site-packages/airflow/example_dags/example_params_ui_tutorial.py for tasks to queue
[2023-04-16T00:54:23.747+0000] {logging_mixin.py:137} INFO - [2023-04-16T00:54:23.746+0000] {dagbag.py:532} INFO - Filling up the DagBag from /home/airflow/.local/lib/python3.7/site-packages/airflow/example_dags/example_params_ui_tutorial.py
[2023-04-16T00:54:23.846+0000] {processor.py:753} INFO - DAG(s) dict_keys(['example_params_ui_tutorial']) retrieved from /home/airflow/.local/lib/python3.7/site-packages/airflow/example_dags/example_params_ui_tutorial.py
[2023-04-16T00:54:23.963+0000] {logging_mixin.py:137} INFO - [2023-04-16T00:54:23.963+0000] {dag.py:2705} INFO - Sync 1 DAGs
[2023-04-16T00:54:24.004+0000] {logging_mixin.py:137} INFO - [2023-04-16T00:54:24.003+0000] {dag.py:3456} INFO - Setting next_dagrun for example_params_ui_tutorial to None, run_after=None
[2023-04-16T00:54:24.026+0000] {processor.py:175} INFO - Processing /home/airflow/.local/lib/python3.7/site-packages/airflow/example_dags/example_params_ui_tutorial.py took 0.291 seconds
[2023-04-16T00:54:54.104+0000] {processor.py:153} INFO - Started process (PID=617) to work on /home/airflow/.local/lib/python3.7/site-packages/airflow/example_dags/example_params_ui_tutorial.py
[2023-04-16T00:54:54.105+0000] {processor.py:743} INFO - Processing file /home/airflow/.local/lib/python3.7/site-packages/airflow/example_dags/example_params_ui_tutorial.py for tasks to queue
[2023-04-16T00:54:54.107+0000] {logging_mixin.py:137} INFO - [2023-04-16T00:54:54.106+0000] {dagbag.py:532} INFO - Filling up the DagBag from /home/airflow/.local/lib/python3.7/site-packages/airflow/example_dags/example_params_ui_tutorial.py
[2023-04-16T00:54:54.204+0000] {processor.py:753} INFO - DAG(s) dict_keys(['example_params_ui_tutorial']) retrieved from /home/airflow/.local/lib/python3.7/site-packages/airflow/example_dags/example_params_ui_tutorial.py
[2023-04-16T00:54:54.334+0000] {logging_mixin.py:137} INFO - [2023-04-16T00:54:54.334+0000] {dag.py:2705} INFO - Sync 1 DAGs
[2023-04-16T00:54:54.385+0000] {logging_mixin.py:137} INFO - [2023-04-16T00:54:54.385+0000] {dag.py:3456} INFO - Setting next_dagrun for example_params_ui_tutorial to None, run_after=None
[2023-04-16T00:54:54.419+0000] {processor.py:175} INFO - Processing /home/airflow/.local/lib/python3.7/site-packages/airflow/example_dags/example_params_ui_tutorial.py took 0.326 seconds
[2023-04-16T00:55:24.525+0000] {processor.py:153} INFO - Started process (PID=668) to work on /home/airflow/.local/lib/python3.7/site-packages/airflow/example_dags/example_params_ui_tutorial.py
[2023-04-16T00:55:24.525+0000] {processor.py:743} INFO - Processing file /home/airflow/.local/lib/python3.7/site-packages/airflow/example_dags/example_params_ui_tutorial.py for tasks to queue
[2023-04-16T00:55:24.526+0000] {logging_mixin.py:137} INFO - [2023-04-16T00:55:24.526+0000] {dagbag.py:532} INFO - Filling up the DagBag from /home/airflow/.local/lib/python3.7/site-packages/airflow/example_dags/example_params_ui_tutorial.py
[2023-04-16T00:55:24.624+0000] {processor.py:753} INFO - DAG(s) dict_keys(['example_params_ui_tutorial']) retrieved from /home/airflow/.local/lib/python3.7/site-packages/airflow/example_dags/example_params_ui_tutorial.py
[2023-04-16T00:55:24.751+0000] {logging_mixin.py:137} INFO - [2023-04-16T00:55:24.751+0000] {dag.py:2705} INFO - Sync 1 DAGs
[2023-04-16T00:55:24.803+0000] {logging_mixin.py:137} INFO - [2023-04-16T00:55:24.803+0000] {dag.py:3456} INFO - Setting next_dagrun for example_params_ui_tutorial to None, run_after=None
[2023-04-16T00:55:24.838+0000] {processor.py:175} INFO - Processing /home/airflow/.local/lib/python3.7/site-packages/airflow/example_dags/example_params_ui_tutorial.py took 0.318 seconds
[2023-04-16T00:55:54.859+0000] {processor.py:153} INFO - Started process (PID=718) to work on /home/airflow/.local/lib/python3.7/site-packages/airflow/example_dags/example_params_ui_tutorial.py
[2023-04-16T00:55:54.860+0000] {processor.py:743} INFO - Processing file /home/airflow/.local/lib/python3.7/site-packages/airflow/example_dags/example_params_ui_tutorial.py for tasks to queue
[2023-04-16T00:55:54.860+0000] {logging_mixin.py:137} INFO - [2023-04-16T00:55:54.860+0000] {dagbag.py:532} INFO - Filling up the DagBag from /home/airflow/.local/lib/python3.7/site-packages/airflow/example_dags/example_params_ui_tutorial.py
[2023-04-16T00:55:54.952+0000] {processor.py:753} INFO - DAG(s) dict_keys(['example_params_ui_tutorial']) retrieved from /home/airflow/.local/lib/python3.7/site-packages/airflow/example_dags/example_params_ui_tutorial.py
[2023-04-16T00:55:55.082+0000] {logging_mixin.py:137} INFO - [2023-04-16T00:55:55.082+0000] {dag.py:2705} INFO - Sync 1 DAGs
[2023-04-16T00:55:55.128+0000] {logging_mixin.py:137} INFO - [2023-04-16T00:55:55.128+0000] {dag.py:3456} INFO - Setting next_dagrun for example_params_ui_tutorial to None, run_after=None
[2023-04-16T00:55:55.151+0000] {processor.py:175} INFO - Processing /home/airflow/.local/lib/python3.7/site-packages/airflow/example_dags/example_params_ui_tutorial.py took 0.297 seconds
[2023-04-16T00:56:25.257+0000] {processor.py:153} INFO - Started process (PID=769) to work on /home/airflow/.local/lib/python3.7/site-packages/airflow/example_dags/example_params_ui_tutorial.py
[2023-04-16T00:56:25.257+0000] {processor.py:743} INFO - Processing file /home/airflow/.local/lib/python3.7/site-packages/airflow/example_dags/example_params_ui_tutorial.py for tasks to queue
[2023-04-16T00:56:25.258+0000] {logging_mixin.py:137} INFO - [2023-04-16T00:56:25.258+0000] {dagbag.py:532} INFO - Filling up the DagBag from /home/airflow/.local/lib/python3.7/site-packages/airflow/example_dags/example_params_ui_tutorial.py
[2023-04-16T00:56:25.356+0000] {processor.py:753} INFO - DAG(s) dict_keys(['example_params_ui_tutorial']) retrieved from /home/airflow/.local/lib/python3.7/site-packages/airflow/example_dags/example_params_ui_tutorial.py
[2023-04-16T00:56:25.473+0000] {logging_mixin.py:137} INFO - [2023-04-16T00:56:25.473+0000] {dag.py:2705} INFO - Sync 1 DAGs
[2023-04-16T00:56:25.519+0000] {logging_mixin.py:137} INFO - [2023-04-16T00:56:25.519+0000] {dag.py:3456} INFO - Setting next_dagrun for example_params_ui_tutorial to None, run_after=None
[2023-04-16T00:56:25.542+0000] {processor.py:175} INFO - Processing /home/airflow/.local/lib/python3.7/site-packages/airflow/example_dags/example_params_ui_tutorial.py took 0.290 seconds
[2023-04-16T00:56:55.616+0000] {processor.py:153} INFO - Started process (PID=819) to work on /home/airflow/.local/lib/python3.7/site-packages/airflow/example_dags/example_params_ui_tutorial.py
[2023-04-16T00:56:55.616+0000] {processor.py:743} INFO - Processing file /home/airflow/.local/lib/python3.7/site-packages/airflow/example_dags/example_params_ui_tutorial.py for tasks to queue
[2023-04-16T00:56:55.617+0000] {logging_mixin.py:137} INFO - [2023-04-16T00:56:55.617+0000] {dagbag.py:532} INFO - Filling up the DagBag from /home/airflow/.local/lib/python3.7/site-packages/airflow/example_dags/example_params_ui_tutorial.py
[2023-04-16T00:56:55.702+0000] {processor.py:753} INFO - DAG(s) dict_keys(['example_params_ui_tutorial']) retrieved from /home/airflow/.local/lib/python3.7/site-packages/airflow/example_dags/example_params_ui_tutorial.py
[2023-04-16T00:56:55.813+0000] {logging_mixin.py:137} INFO - [2023-04-16T00:56:55.813+0000] {dag.py:2705} INFO - Sync 1 DAGs
[2023-04-16T00:56:55.852+0000] {logging_mixin.py:137} INFO - [2023-04-16T00:56:55.852+0000] {dag.py:3456} INFO - Setting next_dagrun for example_params_ui_tutorial to None, run_after=None
[2023-04-16T00:56:55.873+0000] {processor.py:175} INFO - Processing /home/airflow/.local/lib/python3.7/site-packages/airflow/example_dags/example_params_ui_tutorial.py took 0.261 seconds
[2023-04-16T00:57:25.906+0000] {processor.py:153} INFO - Started process (PID=869) to work on /home/airflow/.local/lib/python3.7/site-packages/airflow/example_dags/example_params_ui_tutorial.py
[2023-04-16T00:57:25.907+0000] {processor.py:743} INFO - Processing file /home/airflow/.local/lib/python3.7/site-packages/airflow/example_dags/example_params_ui_tutorial.py for tasks to queue
[2023-04-16T00:57:25.908+0000] {logging_mixin.py:137} INFO - [2023-04-16T00:57:25.908+0000] {dagbag.py:532} INFO - Filling up the DagBag from /home/airflow/.local/lib/python3.7/site-packages/airflow/example_dags/example_params_ui_tutorial.py
[2023-04-16T00:57:25.993+0000] {processor.py:753} INFO - DAG(s) dict_keys(['example_params_ui_tutorial']) retrieved from /home/airflow/.local/lib/python3.7/site-packages/airflow/example_dags/example_params_ui_tutorial.py
[2023-04-16T00:57:26.106+0000] {logging_mixin.py:137} INFO - [2023-04-16T00:57:26.106+0000] {dag.py:2705} INFO - Sync 1 DAGs
[2023-04-16T00:57:26.145+0000] {logging_mixin.py:137} INFO - [2023-04-16T00:57:26.145+0000] {dag.py:3456} INFO - Setting next_dagrun for example_params_ui_tutorial to None, run_after=None
[2023-04-16T00:57:26.169+0000] {processor.py:175} INFO - Processing /home/airflow/.local/lib/python3.7/site-packages/airflow/example_dags/example_params_ui_tutorial.py took 0.267 seconds
[2023-04-16T00:57:56.194+0000] {processor.py:153} INFO - Started process (PID=917) to work on /home/airflow/.local/lib/python3.7/site-packages/airflow/example_dags/example_params_ui_tutorial.py
[2023-04-16T00:57:56.194+0000] {processor.py:743} INFO - Processing file /home/airflow/.local/lib/python3.7/site-packages/airflow/example_dags/example_params_ui_tutorial.py for tasks to queue
[2023-04-16T00:57:56.195+0000] {logging_mixin.py:137} INFO - [2023-04-16T00:57:56.195+0000] {dagbag.py:532} INFO - Filling up the DagBag from /home/airflow/.local/lib/python3.7/site-packages/airflow/example_dags/example_params_ui_tutorial.py
[2023-04-16T00:57:56.303+0000] {processor.py:753} INFO - DAG(s) dict_keys(['example_params_ui_tutorial']) retrieved from /home/airflow/.local/lib/python3.7/site-packages/airflow/example_dags/example_params_ui_tutorial.py
[2023-04-16T00:57:56.464+0000] {logging_mixin.py:137} INFO - [2023-04-16T00:57:56.464+0000] {dag.py:2705} INFO - Sync 1 DAGs
[2023-04-16T00:57:56.521+0000] {logging_mixin.py:137} INFO - [2023-04-16T00:57:56.521+0000] {dag.py:3456} INFO - Setting next_dagrun for example_params_ui_tutorial to None, run_after=None
[2023-04-16T00:57:56.566+0000] {processor.py:175} INFO - Processing /home/airflow/.local/lib/python3.7/site-packages/airflow/example_dags/example_params_ui_tutorial.py took 0.376 seconds
[2023-04-16T00:58:26.620+0000] {processor.py:153} INFO - Started process (PID=968) to work on /home/airflow/.local/lib/python3.7/site-packages/airflow/example_dags/example_params_ui_tutorial.py
[2023-04-16T00:58:26.621+0000] {processor.py:743} INFO - Processing file /home/airflow/.local/lib/python3.7/site-packages/airflow/example_dags/example_params_ui_tutorial.py for tasks to queue
[2023-04-16T00:58:26.622+0000] {logging_mixin.py:137} INFO - [2023-04-16T00:58:26.622+0000] {dagbag.py:532} INFO - Filling up the DagBag from /home/airflow/.local/lib/python3.7/site-packages/airflow/example_dags/example_params_ui_tutorial.py
[2023-04-16T00:58:26.715+0000] {processor.py:753} INFO - DAG(s) dict_keys(['example_params_ui_tutorial']) retrieved from /home/airflow/.local/lib/python3.7/site-packages/airflow/example_dags/example_params_ui_tutorial.py
[2023-04-16T00:58:26.835+0000] {logging_mixin.py:137} INFO - [2023-04-16T00:58:26.834+0000] {dag.py:2705} INFO - Sync 1 DAGs
[2023-04-16T00:58:26.878+0000] {logging_mixin.py:137} INFO - [2023-04-16T00:58:26.878+0000] {dag.py:3456} INFO - Setting next_dagrun for example_params_ui_tutorial to None, run_after=None
[2023-04-16T00:58:26.900+0000] {processor.py:175} INFO - Processing /home/airflow/.local/lib/python3.7/site-packages/airflow/example_dags/example_params_ui_tutorial.py took 0.283 seconds
[2023-04-16T00:58:56.997+0000] {processor.py:153} INFO - Started process (PID=1019) to work on /home/airflow/.local/lib/python3.7/site-packages/airflow/example_dags/example_params_ui_tutorial.py
[2023-04-16T00:58:56.998+0000] {processor.py:743} INFO - Processing file /home/airflow/.local/lib/python3.7/site-packages/airflow/example_dags/example_params_ui_tutorial.py for tasks to queue
[2023-04-16T00:58:56.998+0000] {logging_mixin.py:137} INFO - [2023-04-16T00:58:56.998+0000] {dagbag.py:532} INFO - Filling up the DagBag from /home/airflow/.local/lib/python3.7/site-packages/airflow/example_dags/example_params_ui_tutorial.py
[2023-04-16T00:58:57.084+0000] {processor.py:753} INFO - DAG(s) dict_keys(['example_params_ui_tutorial']) retrieved from /home/airflow/.local/lib/python3.7/site-packages/airflow/example_dags/example_params_ui_tutorial.py
[2023-04-16T00:58:57.198+0000] {logging_mixin.py:137} INFO - [2023-04-16T00:58:57.198+0000] {dag.py:2705} INFO - Sync 1 DAGs
[2023-04-16T00:58:57.240+0000] {logging_mixin.py:137} INFO - [2023-04-16T00:58:57.240+0000] {dag.py:3456} INFO - Setting next_dagrun for example_params_ui_tutorial to None, run_after=None
[2023-04-16T00:58:57.261+0000] {processor.py:175} INFO - Processing /home/airflow/.local/lib/python3.7/site-packages/airflow/example_dags/example_params_ui_tutorial.py took 0.268 seconds
[2023-04-16T00:59:27.337+0000] {processor.py:153} INFO - Started process (PID=1070) to work on /home/airflow/.local/lib/python3.7/site-packages/airflow/example_dags/example_params_ui_tutorial.py
[2023-04-16T00:59:27.337+0000] {processor.py:743} INFO - Processing file /home/airflow/.local/lib/python3.7/site-packages/airflow/example_dags/example_params_ui_tutorial.py for tasks to queue
[2023-04-16T00:59:27.338+0000] {logging_mixin.py:137} INFO - [2023-04-16T00:59:27.338+0000] {dagbag.py:532} INFO - Filling up the DagBag from /home/airflow/.local/lib/python3.7/site-packages/airflow/example_dags/example_params_ui_tutorial.py
[2023-04-16T00:59:27.423+0000] {processor.py:753} INFO - DAG(s) dict_keys(['example_params_ui_tutorial']) retrieved from /home/airflow/.local/lib/python3.7/site-packages/airflow/example_dags/example_params_ui_tutorial.py
[2023-04-16T00:59:27.535+0000] {logging_mixin.py:137} INFO - [2023-04-16T00:59:27.535+0000] {dag.py:2705} INFO - Sync 1 DAGs
[2023-04-16T00:59:27.576+0000] {logging_mixin.py:137} INFO - [2023-04-16T00:59:27.576+0000] {dag.py:3456} INFO - Setting next_dagrun for example_params_ui_tutorial to None, run_after=None
[2023-04-16T00:59:27.600+0000] {processor.py:175} INFO - Processing /home/airflow/.local/lib/python3.7/site-packages/airflow/example_dags/example_params_ui_tutorial.py took 0.267 seconds
[2023-04-16T00:59:57.687+0000] {processor.py:153} INFO - Started process (PID=1123) to work on /home/airflow/.local/lib/python3.7/site-packages/airflow/example_dags/example_params_ui_tutorial.py
[2023-04-16T00:59:57.689+0000] {processor.py:743} INFO - Processing file /home/airflow/.local/lib/python3.7/site-packages/airflow/example_dags/example_params_ui_tutorial.py for tasks to queue
[2023-04-16T00:59:57.689+0000] {logging_mixin.py:137} INFO - [2023-04-16T00:59:57.689+0000] {dagbag.py:532} INFO - Filling up the DagBag from /home/airflow/.local/lib/python3.7/site-packages/airflow/example_dags/example_params_ui_tutorial.py
[2023-04-16T00:59:57.778+0000] {processor.py:753} INFO - DAG(s) dict_keys(['example_params_ui_tutorial']) retrieved from /home/airflow/.local/lib/python3.7/site-packages/airflow/example_dags/example_params_ui_tutorial.py
[2023-04-16T00:59:57.887+0000] {logging_mixin.py:137} INFO - [2023-04-16T00:59:57.887+0000] {dag.py:2705} INFO - Sync 1 DAGs
[2023-04-16T00:59:57.928+0000] {logging_mixin.py:137} INFO - [2023-04-16T00:59:57.928+0000] {dag.py:3456} INFO - Setting next_dagrun for example_params_ui_tutorial to None, run_after=None
[2023-04-16T00:59:57.949+0000] {processor.py:175} INFO - Processing /home/airflow/.local/lib/python3.7/site-packages/airflow/example_dags/example_params_ui_tutorial.py took 0.266 seconds
