[2023-04-16T00:49:16.277+0000] {processor.py:153} INFO - Started process (PID=60) to work on /home/airflow/.local/lib/python3.7/site-packages/airflow/example_dags/example_python_operator.py
[2023-04-16T00:49:16.278+0000] {processor.py:743} INFO - Processing file /home/airflow/.local/lib/python3.7/site-packages/airflow/example_dags/example_python_operator.py for tasks to queue
[2023-04-16T00:49:16.278+0000] {logging_mixin.py:137} INFO - [2023-04-16T00:49:16.278+0000] {dagbag.py:532} INFO - Filling up the DagBag from /home/airflow/.local/lib/python3.7/site-packages/airflow/example_dags/example_python_operator.py
[2023-04-16T00:49:16.310+0000] {logging_mixin.py:137} INFO - [2023-04-16T00:49:16.309+0000] {taskmixin.py:211} WARNING - Dependency <Task(_PythonDecoratedOperator): print_the_context>, log_sql_query already registered for DAG: example_python_operator
[2023-04-16T00:49:16.310+0000] {logging_mixin.py:137} INFO - [2023-04-16T00:49:16.310+0000] {taskmixin.py:211} WARNING - Dependency <Task(_PythonDecoratedOperator): log_sql_query>, print_the_context already registered for DAG: example_python_operator
[2023-04-16T00:49:16.311+0000] {logging_mixin.py:137} INFO - [2023-04-16T00:49:16.311+0000] {taskmixin.py:211} WARNING - Dependency <Task(_PythonDecoratedOperator): print_the_context>, log_sql_query already registered for DAG: example_python_operator
[2023-04-16T00:49:16.312+0000] {logging_mixin.py:137} INFO - [2023-04-16T00:49:16.311+0000] {taskmixin.py:211} WARNING - Dependency <Task(_PythonDecoratedOperator): log_sql_query>, print_the_context already registered for DAG: example_python_operator
[2023-04-16T00:49:16.313+0000] {logging_mixin.py:137} INFO - [2023-04-16T00:49:16.313+0000] {taskmixin.py:211} WARNING - Dependency <Task(_PythonDecoratedOperator): print_the_context>, log_sql_query already registered for DAG: example_python_operator
[2023-04-16T00:49:16.313+0000] {logging_mixin.py:137} INFO - [2023-04-16T00:49:16.313+0000] {taskmixin.py:211} WARNING - Dependency <Task(_PythonDecoratedOperator): log_sql_query>, print_the_context already registered for DAG: example_python_operator
[2023-04-16T00:49:16.314+0000] {logging_mixin.py:137} INFO - [2023-04-16T00:49:16.314+0000] {taskmixin.py:211} WARNING - Dependency <Task(_PythonDecoratedOperator): print_the_context>, log_sql_query already registered for DAG: example_python_operator
[2023-04-16T00:49:16.315+0000] {logging_mixin.py:137} INFO - [2023-04-16T00:49:16.315+0000] {taskmixin.py:211} WARNING - Dependency <Task(_PythonDecoratedOperator): log_sql_query>, print_the_context already registered for DAG: example_python_operator
[2023-04-16T00:49:16.326+0000] {processor.py:753} INFO - DAG(s) dict_keys(['example_python_operator']) retrieved from /home/airflow/.local/lib/python3.7/site-packages/airflow/example_dags/example_python_operator.py
[2023-04-16T00:49:16.498+0000] {logging_mixin.py:137} INFO - [2023-04-16T00:49:16.498+0000] {dag.py:2705} INFO - Sync 1 DAGs
[2023-04-16T00:49:16.550+0000] {logging_mixin.py:137} INFO - [2023-04-16T00:49:16.550+0000] {dag.py:3456} INFO - Setting next_dagrun for example_python_operator to None, run_after=None
[2023-04-16T00:49:16.587+0000] {processor.py:175} INFO - Processing /home/airflow/.local/lib/python3.7/site-packages/airflow/example_dags/example_python_operator.py took 0.314 seconds
[2023-04-16T00:49:47.471+0000] {processor.py:153} INFO - Started process (PID=110) to work on /home/airflow/.local/lib/python3.7/site-packages/airflow/example_dags/example_python_operator.py
[2023-04-16T00:49:47.477+0000] {processor.py:743} INFO - Processing file /home/airflow/.local/lib/python3.7/site-packages/airflow/example_dags/example_python_operator.py for tasks to queue
[2023-04-16T00:49:47.477+0000] {logging_mixin.py:137} INFO - [2023-04-16T00:49:47.477+0000] {dagbag.py:532} INFO - Filling up the DagBag from /home/airflow/.local/lib/python3.7/site-packages/airflow/example_dags/example_python_operator.py
[2023-04-16T00:49:47.506+0000] {logging_mixin.py:137} INFO - [2023-04-16T00:49:47.506+0000] {taskmixin.py:211} WARNING - Dependency <Task(_PythonDecoratedOperator): print_the_context>, log_sql_query already registered for DAG: example_python_operator
[2023-04-16T00:49:47.506+0000] {logging_mixin.py:137} INFO - [2023-04-16T00:49:47.506+0000] {taskmixin.py:211} WARNING - Dependency <Task(_PythonDecoratedOperator): log_sql_query>, print_the_context already registered for DAG: example_python_operator
[2023-04-16T00:49:47.507+0000] {logging_mixin.py:137} INFO - [2023-04-16T00:49:47.507+0000] {taskmixin.py:211} WARNING - Dependency <Task(_PythonDecoratedOperator): print_the_context>, log_sql_query already registered for DAG: example_python_operator
[2023-04-16T00:49:47.508+0000] {logging_mixin.py:137} INFO - [2023-04-16T00:49:47.508+0000] {taskmixin.py:211} WARNING - Dependency <Task(_PythonDecoratedOperator): log_sql_query>, print_the_context already registered for DAG: example_python_operator
[2023-04-16T00:49:47.509+0000] {logging_mixin.py:137} INFO - [2023-04-16T00:49:47.508+0000] {taskmixin.py:211} WARNING - Dependency <Task(_PythonDecoratedOperator): print_the_context>, log_sql_query already registered for DAG: example_python_operator
[2023-04-16T00:49:47.509+0000] {logging_mixin.py:137} INFO - [2023-04-16T00:49:47.509+0000] {taskmixin.py:211} WARNING - Dependency <Task(_PythonDecoratedOperator): log_sql_query>, print_the_context already registered for DAG: example_python_operator
[2023-04-16T00:49:47.510+0000] {logging_mixin.py:137} INFO - [2023-04-16T00:49:47.510+0000] {taskmixin.py:211} WARNING - Dependency <Task(_PythonDecoratedOperator): print_the_context>, log_sql_query already registered for DAG: example_python_operator
[2023-04-16T00:49:47.510+0000] {logging_mixin.py:137} INFO - [2023-04-16T00:49:47.510+0000] {taskmixin.py:211} WARNING - Dependency <Task(_PythonDecoratedOperator): log_sql_query>, print_the_context already registered for DAG: example_python_operator
[2023-04-16T00:49:47.520+0000] {processor.py:753} INFO - DAG(s) dict_keys(['example_python_operator']) retrieved from /home/airflow/.local/lib/python3.7/site-packages/airflow/example_dags/example_python_operator.py
[2023-04-16T00:49:47.555+0000] {logging_mixin.py:137} INFO - [2023-04-16T00:49:47.555+0000] {dag.py:2705} INFO - Sync 1 DAGs
[2023-04-16T00:49:47.596+0000] {logging_mixin.py:137} INFO - [2023-04-16T00:49:47.596+0000] {dag.py:3456} INFO - Setting next_dagrun for example_python_operator to None, run_after=None
[2023-04-16T00:49:47.616+0000] {processor.py:175} INFO - Processing /home/airflow/.local/lib/python3.7/site-packages/airflow/example_dags/example_python_operator.py took 0.151 seconds
[2023-04-16T00:50:17.753+0000] {processor.py:153} INFO - Started process (PID=160) to work on /home/airflow/.local/lib/python3.7/site-packages/airflow/example_dags/example_python_operator.py
[2023-04-16T00:50:17.754+0000] {processor.py:743} INFO - Processing file /home/airflow/.local/lib/python3.7/site-packages/airflow/example_dags/example_python_operator.py for tasks to queue
[2023-04-16T00:50:17.756+0000] {logging_mixin.py:137} INFO - [2023-04-16T00:50:17.756+0000] {dagbag.py:532} INFO - Filling up the DagBag from /home/airflow/.local/lib/python3.7/site-packages/airflow/example_dags/example_python_operator.py
[2023-04-16T00:50:17.782+0000] {logging_mixin.py:137} INFO - [2023-04-16T00:50:17.782+0000] {taskmixin.py:211} WARNING - Dependency <Task(_PythonDecoratedOperator): print_the_context>, log_sql_query already registered for DAG: example_python_operator
[2023-04-16T00:50:17.783+0000] {logging_mixin.py:137} INFO - [2023-04-16T00:50:17.783+0000] {taskmixin.py:211} WARNING - Dependency <Task(_PythonDecoratedOperator): log_sql_query>, print_the_context already registered for DAG: example_python_operator
[2023-04-16T00:50:17.784+0000] {logging_mixin.py:137} INFO - [2023-04-16T00:50:17.784+0000] {taskmixin.py:211} WARNING - Dependency <Task(_PythonDecoratedOperator): print_the_context>, log_sql_query already registered for DAG: example_python_operator
[2023-04-16T00:50:17.784+0000] {logging_mixin.py:137} INFO - [2023-04-16T00:50:17.784+0000] {taskmixin.py:211} WARNING - Dependency <Task(_PythonDecoratedOperator): log_sql_query>, print_the_context already registered for DAG: example_python_operator
[2023-04-16T00:50:17.785+0000] {logging_mixin.py:137} INFO - [2023-04-16T00:50:17.785+0000] {taskmixin.py:211} WARNING - Dependency <Task(_PythonDecoratedOperator): print_the_context>, log_sql_query already registered for DAG: example_python_operator
[2023-04-16T00:50:17.785+0000] {logging_mixin.py:137} INFO - [2023-04-16T00:50:17.785+0000] {taskmixin.py:211} WARNING - Dependency <Task(_PythonDecoratedOperator): log_sql_query>, print_the_context already registered for DAG: example_python_operator
[2023-04-16T00:50:17.786+0000] {logging_mixin.py:137} INFO - [2023-04-16T00:50:17.786+0000] {taskmixin.py:211} WARNING - Dependency <Task(_PythonDecoratedOperator): print_the_context>, log_sql_query already registered for DAG: example_python_operator
[2023-04-16T00:50:17.786+0000] {logging_mixin.py:137} INFO - [2023-04-16T00:50:17.786+0000] {taskmixin.py:211} WARNING - Dependency <Task(_PythonDecoratedOperator): log_sql_query>, print_the_context already registered for DAG: example_python_operator
[2023-04-16T00:50:17.796+0000] {processor.py:753} INFO - DAG(s) dict_keys(['example_python_operator']) retrieved from /home/airflow/.local/lib/python3.7/site-packages/airflow/example_dags/example_python_operator.py
[2023-04-16T00:50:17.833+0000] {logging_mixin.py:137} INFO - [2023-04-16T00:50:17.833+0000] {dag.py:2705} INFO - Sync 1 DAGs
[2023-04-16T00:50:17.872+0000] {logging_mixin.py:137} INFO - [2023-04-16T00:50:17.872+0000] {dag.py:3456} INFO - Setting next_dagrun for example_python_operator to None, run_after=None
[2023-04-16T00:50:17.895+0000] {processor.py:175} INFO - Processing /home/airflow/.local/lib/python3.7/site-packages/airflow/example_dags/example_python_operator.py took 0.149 seconds
[2023-04-16T00:50:48.011+0000] {processor.py:153} INFO - Started process (PID=210) to work on /home/airflow/.local/lib/python3.7/site-packages/airflow/example_dags/example_python_operator.py
[2023-04-16T00:50:48.012+0000] {processor.py:743} INFO - Processing file /home/airflow/.local/lib/python3.7/site-packages/airflow/example_dags/example_python_operator.py for tasks to queue
[2023-04-16T00:50:48.012+0000] {logging_mixin.py:137} INFO - [2023-04-16T00:50:48.012+0000] {dagbag.py:532} INFO - Filling up the DagBag from /home/airflow/.local/lib/python3.7/site-packages/airflow/example_dags/example_python_operator.py
[2023-04-16T00:50:48.037+0000] {logging_mixin.py:137} INFO - [2023-04-16T00:50:48.037+0000] {taskmixin.py:211} WARNING - Dependency <Task(_PythonDecoratedOperator): print_the_context>, log_sql_query already registered for DAG: example_python_operator
[2023-04-16T00:50:48.037+0000] {logging_mixin.py:137} INFO - [2023-04-16T00:50:48.037+0000] {taskmixin.py:211} WARNING - Dependency <Task(_PythonDecoratedOperator): log_sql_query>, print_the_context already registered for DAG: example_python_operator
[2023-04-16T00:50:48.038+0000] {logging_mixin.py:137} INFO - [2023-04-16T00:50:48.038+0000] {taskmixin.py:211} WARNING - Dependency <Task(_PythonDecoratedOperator): print_the_context>, log_sql_query already registered for DAG: example_python_operator
[2023-04-16T00:50:48.039+0000] {logging_mixin.py:137} INFO - [2023-04-16T00:50:48.039+0000] {taskmixin.py:211} WARNING - Dependency <Task(_PythonDecoratedOperator): log_sql_query>, print_the_context already registered for DAG: example_python_operator
[2023-04-16T00:50:48.040+0000] {logging_mixin.py:137} INFO - [2023-04-16T00:50:48.040+0000] {taskmixin.py:211} WARNING - Dependency <Task(_PythonDecoratedOperator): print_the_context>, log_sql_query already registered for DAG: example_python_operator
[2023-04-16T00:50:48.040+0000] {logging_mixin.py:137} INFO - [2023-04-16T00:50:48.040+0000] {taskmixin.py:211} WARNING - Dependency <Task(_PythonDecoratedOperator): log_sql_query>, print_the_context already registered for DAG: example_python_operator
[2023-04-16T00:50:48.041+0000] {logging_mixin.py:137} INFO - [2023-04-16T00:50:48.041+0000] {taskmixin.py:211} WARNING - Dependency <Task(_PythonDecoratedOperator): print_the_context>, log_sql_query already registered for DAG: example_python_operator
[2023-04-16T00:50:48.041+0000] {logging_mixin.py:137} INFO - [2023-04-16T00:50:48.041+0000] {taskmixin.py:211} WARNING - Dependency <Task(_PythonDecoratedOperator): log_sql_query>, print_the_context already registered for DAG: example_python_operator
[2023-04-16T00:50:48.052+0000] {processor.py:753} INFO - DAG(s) dict_keys(['example_python_operator']) retrieved from /home/airflow/.local/lib/python3.7/site-packages/airflow/example_dags/example_python_operator.py
[2023-04-16T00:50:48.089+0000] {logging_mixin.py:137} INFO - [2023-04-16T00:50:48.089+0000] {dag.py:2705} INFO - Sync 1 DAGs
[2023-04-16T00:50:48.129+0000] {logging_mixin.py:137} INFO - [2023-04-16T00:50:48.129+0000] {dag.py:3456} INFO - Setting next_dagrun for example_python_operator to None, run_after=None
[2023-04-16T00:50:48.158+0000] {processor.py:175} INFO - Processing /home/airflow/.local/lib/python3.7/site-packages/airflow/example_dags/example_python_operator.py took 0.151 seconds
[2023-04-16T00:51:18.605+0000] {processor.py:153} INFO - Started process (PID=260) to work on /home/airflow/.local/lib/python3.7/site-packages/airflow/example_dags/example_python_operator.py
[2023-04-16T00:51:18.605+0000] {processor.py:743} INFO - Processing file /home/airflow/.local/lib/python3.7/site-packages/airflow/example_dags/example_python_operator.py for tasks to queue
[2023-04-16T00:51:18.606+0000] {logging_mixin.py:137} INFO - [2023-04-16T00:51:18.606+0000] {dagbag.py:532} INFO - Filling up the DagBag from /home/airflow/.local/lib/python3.7/site-packages/airflow/example_dags/example_python_operator.py
[2023-04-16T00:51:18.632+0000] {logging_mixin.py:137} INFO - [2023-04-16T00:51:18.632+0000] {taskmixin.py:211} WARNING - Dependency <Task(_PythonDecoratedOperator): print_the_context>, log_sql_query already registered for DAG: example_python_operator
[2023-04-16T00:51:18.633+0000] {logging_mixin.py:137} INFO - [2023-04-16T00:51:18.633+0000] {taskmixin.py:211} WARNING - Dependency <Task(_PythonDecoratedOperator): log_sql_query>, print_the_context already registered for DAG: example_python_operator
[2023-04-16T00:51:18.634+0000] {logging_mixin.py:137} INFO - [2023-04-16T00:51:18.634+0000] {taskmixin.py:211} WARNING - Dependency <Task(_PythonDecoratedOperator): print_the_context>, log_sql_query already registered for DAG: example_python_operator
[2023-04-16T00:51:18.634+0000] {logging_mixin.py:137} INFO - [2023-04-16T00:51:18.634+0000] {taskmixin.py:211} WARNING - Dependency <Task(_PythonDecoratedOperator): log_sql_query>, print_the_context already registered for DAG: example_python_operator
[2023-04-16T00:51:18.635+0000] {logging_mixin.py:137} INFO - [2023-04-16T00:51:18.635+0000] {taskmixin.py:211} WARNING - Dependency <Task(_PythonDecoratedOperator): print_the_context>, log_sql_query already registered for DAG: example_python_operator
[2023-04-16T00:51:18.635+0000] {logging_mixin.py:137} INFO - [2023-04-16T00:51:18.635+0000] {taskmixin.py:211} WARNING - Dependency <Task(_PythonDecoratedOperator): log_sql_query>, print_the_context already registered for DAG: example_python_operator
[2023-04-16T00:51:18.636+0000] {logging_mixin.py:137} INFO - [2023-04-16T00:51:18.636+0000] {taskmixin.py:211} WARNING - Dependency <Task(_PythonDecoratedOperator): print_the_context>, log_sql_query already registered for DAG: example_python_operator
[2023-04-16T00:51:18.637+0000] {logging_mixin.py:137} INFO - [2023-04-16T00:51:18.636+0000] {taskmixin.py:211} WARNING - Dependency <Task(_PythonDecoratedOperator): log_sql_query>, print_the_context already registered for DAG: example_python_operator
[2023-04-16T00:51:18.646+0000] {processor.py:753} INFO - DAG(s) dict_keys(['example_python_operator']) retrieved from /home/airflow/.local/lib/python3.7/site-packages/airflow/example_dags/example_python_operator.py
[2023-04-16T00:51:18.687+0000] {logging_mixin.py:137} INFO - [2023-04-16T00:51:18.687+0000] {dag.py:2705} INFO - Sync 1 DAGs
[2023-04-16T00:51:18.728+0000] {logging_mixin.py:137} INFO - [2023-04-16T00:51:18.728+0000] {dag.py:3456} INFO - Setting next_dagrun for example_python_operator to None, run_after=None
[2023-04-16T00:51:18.752+0000] {processor.py:175} INFO - Processing /home/airflow/.local/lib/python3.7/site-packages/airflow/example_dags/example_python_operator.py took 0.156 seconds
[2023-04-16T00:51:48.974+0000] {processor.py:153} INFO - Started process (PID=310) to work on /home/airflow/.local/lib/python3.7/site-packages/airflow/example_dags/example_python_operator.py
[2023-04-16T00:51:48.977+0000] {processor.py:743} INFO - Processing file /home/airflow/.local/lib/python3.7/site-packages/airflow/example_dags/example_python_operator.py for tasks to queue
[2023-04-16T00:51:48.978+0000] {logging_mixin.py:137} INFO - [2023-04-16T00:51:48.978+0000] {dagbag.py:532} INFO - Filling up the DagBag from /home/airflow/.local/lib/python3.7/site-packages/airflow/example_dags/example_python_operator.py
[2023-04-16T00:51:49.003+0000] {logging_mixin.py:137} INFO - [2023-04-16T00:51:49.003+0000] {taskmixin.py:211} WARNING - Dependency <Task(_PythonDecoratedOperator): print_the_context>, log_sql_query already registered for DAG: example_python_operator
[2023-04-16T00:51:49.004+0000] {logging_mixin.py:137} INFO - [2023-04-16T00:51:49.003+0000] {taskmixin.py:211} WARNING - Dependency <Task(_PythonDecoratedOperator): log_sql_query>, print_the_context already registered for DAG: example_python_operator
[2023-04-16T00:51:49.005+0000] {logging_mixin.py:137} INFO - [2023-04-16T00:51:49.004+0000] {taskmixin.py:211} WARNING - Dependency <Task(_PythonDecoratedOperator): print_the_context>, log_sql_query already registered for DAG: example_python_operator
[2023-04-16T00:51:49.005+0000] {logging_mixin.py:137} INFO - [2023-04-16T00:51:49.005+0000] {taskmixin.py:211} WARNING - Dependency <Task(_PythonDecoratedOperator): log_sql_query>, print_the_context already registered for DAG: example_python_operator
[2023-04-16T00:51:49.006+0000] {logging_mixin.py:137} INFO - [2023-04-16T00:51:49.006+0000] {taskmixin.py:211} WARNING - Dependency <Task(_PythonDecoratedOperator): print_the_context>, log_sql_query already registered for DAG: example_python_operator
[2023-04-16T00:51:49.006+0000] {logging_mixin.py:137} INFO - [2023-04-16T00:51:49.006+0000] {taskmixin.py:211} WARNING - Dependency <Task(_PythonDecoratedOperator): log_sql_query>, print_the_context already registered for DAG: example_python_operator
[2023-04-16T00:51:49.007+0000] {logging_mixin.py:137} INFO - [2023-04-16T00:51:49.007+0000] {taskmixin.py:211} WARNING - Dependency <Task(_PythonDecoratedOperator): print_the_context>, log_sql_query already registered for DAG: example_python_operator
[2023-04-16T00:51:49.007+0000] {logging_mixin.py:137} INFO - [2023-04-16T00:51:49.007+0000] {taskmixin.py:211} WARNING - Dependency <Task(_PythonDecoratedOperator): log_sql_query>, print_the_context already registered for DAG: example_python_operator
[2023-04-16T00:51:49.018+0000] {processor.py:753} INFO - DAG(s) dict_keys(['example_python_operator']) retrieved from /home/airflow/.local/lib/python3.7/site-packages/airflow/example_dags/example_python_operator.py
[2023-04-16T00:51:49.066+0000] {logging_mixin.py:137} INFO - [2023-04-16T00:51:49.066+0000] {dag.py:2705} INFO - Sync 1 DAGs
[2023-04-16T00:51:49.108+0000] {logging_mixin.py:137} INFO - [2023-04-16T00:51:49.108+0000] {dag.py:3456} INFO - Setting next_dagrun for example_python_operator to None, run_after=None
[2023-04-16T00:51:49.136+0000] {processor.py:175} INFO - Processing /home/airflow/.local/lib/python3.7/site-packages/airflow/example_dags/example_python_operator.py took 0.168 seconds
[2023-04-16T00:52:19.457+0000] {processor.py:153} INFO - Started process (PID=360) to work on /home/airflow/.local/lib/python3.7/site-packages/airflow/example_dags/example_python_operator.py
[2023-04-16T00:52:19.467+0000] {processor.py:743} INFO - Processing file /home/airflow/.local/lib/python3.7/site-packages/airflow/example_dags/example_python_operator.py for tasks to queue
[2023-04-16T00:52:19.468+0000] {logging_mixin.py:137} INFO - [2023-04-16T00:52:19.468+0000] {dagbag.py:532} INFO - Filling up the DagBag from /home/airflow/.local/lib/python3.7/site-packages/airflow/example_dags/example_python_operator.py
[2023-04-16T00:52:19.497+0000] {logging_mixin.py:137} INFO - [2023-04-16T00:52:19.496+0000] {taskmixin.py:211} WARNING - Dependency <Task(_PythonDecoratedOperator): print_the_context>, log_sql_query already registered for DAG: example_python_operator
[2023-04-16T00:52:19.497+0000] {logging_mixin.py:137} INFO - [2023-04-16T00:52:19.497+0000] {taskmixin.py:211} WARNING - Dependency <Task(_PythonDecoratedOperator): log_sql_query>, print_the_context already registered for DAG: example_python_operator
[2023-04-16T00:52:19.498+0000] {logging_mixin.py:137} INFO - [2023-04-16T00:52:19.498+0000] {taskmixin.py:211} WARNING - Dependency <Task(_PythonDecoratedOperator): print_the_context>, log_sql_query already registered for DAG: example_python_operator
[2023-04-16T00:52:19.498+0000] {logging_mixin.py:137} INFO - [2023-04-16T00:52:19.498+0000] {taskmixin.py:211} WARNING - Dependency <Task(_PythonDecoratedOperator): log_sql_query>, print_the_context already registered for DAG: example_python_operator
[2023-04-16T00:52:19.499+0000] {logging_mixin.py:137} INFO - [2023-04-16T00:52:19.499+0000] {taskmixin.py:211} WARNING - Dependency <Task(_PythonDecoratedOperator): print_the_context>, log_sql_query already registered for DAG: example_python_operator
[2023-04-16T00:52:19.499+0000] {logging_mixin.py:137} INFO - [2023-04-16T00:52:19.499+0000] {taskmixin.py:211} WARNING - Dependency <Task(_PythonDecoratedOperator): log_sql_query>, print_the_context already registered for DAG: example_python_operator
[2023-04-16T00:52:19.500+0000] {logging_mixin.py:137} INFO - [2023-04-16T00:52:19.500+0000] {taskmixin.py:211} WARNING - Dependency <Task(_PythonDecoratedOperator): print_the_context>, log_sql_query already registered for DAG: example_python_operator
[2023-04-16T00:52:19.501+0000] {logging_mixin.py:137} INFO - [2023-04-16T00:52:19.500+0000] {taskmixin.py:211} WARNING - Dependency <Task(_PythonDecoratedOperator): log_sql_query>, print_the_context already registered for DAG: example_python_operator
[2023-04-16T00:52:19.510+0000] {processor.py:753} INFO - DAG(s) dict_keys(['example_python_operator']) retrieved from /home/airflow/.local/lib/python3.7/site-packages/airflow/example_dags/example_python_operator.py
[2023-04-16T00:52:19.557+0000] {logging_mixin.py:137} INFO - [2023-04-16T00:52:19.557+0000] {dag.py:2705} INFO - Sync 1 DAGs
[2023-04-16T00:52:19.609+0000] {logging_mixin.py:137} INFO - [2023-04-16T00:52:19.609+0000] {dag.py:3456} INFO - Setting next_dagrun for example_python_operator to None, run_after=None
[2023-04-16T00:52:19.634+0000] {processor.py:175} INFO - Processing /home/airflow/.local/lib/python3.7/site-packages/airflow/example_dags/example_python_operator.py took 0.182 seconds
[2023-04-16T00:52:49.705+0000] {processor.py:153} INFO - Started process (PID=410) to work on /home/airflow/.local/lib/python3.7/site-packages/airflow/example_dags/example_python_operator.py
[2023-04-16T00:52:49.706+0000] {processor.py:743} INFO - Processing file /home/airflow/.local/lib/python3.7/site-packages/airflow/example_dags/example_python_operator.py for tasks to queue
[2023-04-16T00:52:49.707+0000] {logging_mixin.py:137} INFO - [2023-04-16T00:52:49.707+0000] {dagbag.py:532} INFO - Filling up the DagBag from /home/airflow/.local/lib/python3.7/site-packages/airflow/example_dags/example_python_operator.py
[2023-04-16T00:52:49.736+0000] {logging_mixin.py:137} INFO - [2023-04-16T00:52:49.736+0000] {taskmixin.py:211} WARNING - Dependency <Task(_PythonDecoratedOperator): print_the_context>, log_sql_query already registered for DAG: example_python_operator
[2023-04-16T00:52:49.736+0000] {logging_mixin.py:137} INFO - [2023-04-16T00:52:49.736+0000] {taskmixin.py:211} WARNING - Dependency <Task(_PythonDecoratedOperator): log_sql_query>, print_the_context already registered for DAG: example_python_operator
[2023-04-16T00:52:49.737+0000] {logging_mixin.py:137} INFO - [2023-04-16T00:52:49.737+0000] {taskmixin.py:211} WARNING - Dependency <Task(_PythonDecoratedOperator): print_the_context>, log_sql_query already registered for DAG: example_python_operator
[2023-04-16T00:52:49.737+0000] {logging_mixin.py:137} INFO - [2023-04-16T00:52:49.737+0000] {taskmixin.py:211} WARNING - Dependency <Task(_PythonDecoratedOperator): log_sql_query>, print_the_context already registered for DAG: example_python_operator
[2023-04-16T00:52:49.738+0000] {logging_mixin.py:137} INFO - [2023-04-16T00:52:49.738+0000] {taskmixin.py:211} WARNING - Dependency <Task(_PythonDecoratedOperator): print_the_context>, log_sql_query already registered for DAG: example_python_operator
[2023-04-16T00:52:49.739+0000] {logging_mixin.py:137} INFO - [2023-04-16T00:52:49.738+0000] {taskmixin.py:211} WARNING - Dependency <Task(_PythonDecoratedOperator): log_sql_query>, print_the_context already registered for DAG: example_python_operator
[2023-04-16T00:52:49.740+0000] {logging_mixin.py:137} INFO - [2023-04-16T00:52:49.739+0000] {taskmixin.py:211} WARNING - Dependency <Task(_PythonDecoratedOperator): print_the_context>, log_sql_query already registered for DAG: example_python_operator
[2023-04-16T00:52:49.740+0000] {logging_mixin.py:137} INFO - [2023-04-16T00:52:49.740+0000] {taskmixin.py:211} WARNING - Dependency <Task(_PythonDecoratedOperator): log_sql_query>, print_the_context already registered for DAG: example_python_operator
[2023-04-16T00:52:49.749+0000] {processor.py:753} INFO - DAG(s) dict_keys(['example_python_operator']) retrieved from /home/airflow/.local/lib/python3.7/site-packages/airflow/example_dags/example_python_operator.py
[2023-04-16T00:52:49.789+0000] {logging_mixin.py:137} INFO - [2023-04-16T00:52:49.789+0000] {dag.py:2705} INFO - Sync 1 DAGs
[2023-04-16T00:52:49.831+0000] {logging_mixin.py:137} INFO - [2023-04-16T00:52:49.831+0000] {dag.py:3456} INFO - Setting next_dagrun for example_python_operator to None, run_after=None
[2023-04-16T00:52:49.856+0000] {processor.py:175} INFO - Processing /home/airflow/.local/lib/python3.7/site-packages/airflow/example_dags/example_python_operator.py took 0.157 seconds
[2023-04-16T00:53:19.934+0000] {processor.py:153} INFO - Started process (PID=460) to work on /home/airflow/.local/lib/python3.7/site-packages/airflow/example_dags/example_python_operator.py
[2023-04-16T00:53:19.935+0000] {processor.py:743} INFO - Processing file /home/airflow/.local/lib/python3.7/site-packages/airflow/example_dags/example_python_operator.py for tasks to queue
[2023-04-16T00:53:19.936+0000] {logging_mixin.py:137} INFO - [2023-04-16T00:53:19.936+0000] {dagbag.py:532} INFO - Filling up the DagBag from /home/airflow/.local/lib/python3.7/site-packages/airflow/example_dags/example_python_operator.py
[2023-04-16T00:53:19.964+0000] {logging_mixin.py:137} INFO - [2023-04-16T00:53:19.964+0000] {taskmixin.py:211} WARNING - Dependency <Task(_PythonDecoratedOperator): print_the_context>, log_sql_query already registered for DAG: example_python_operator
[2023-04-16T00:53:19.964+0000] {logging_mixin.py:137} INFO - [2023-04-16T00:53:19.964+0000] {taskmixin.py:211} WARNING - Dependency <Task(_PythonDecoratedOperator): log_sql_query>, print_the_context already registered for DAG: example_python_operator
[2023-04-16T00:53:19.965+0000] {logging_mixin.py:137} INFO - [2023-04-16T00:53:19.965+0000] {taskmixin.py:211} WARNING - Dependency <Task(_PythonDecoratedOperator): print_the_context>, log_sql_query already registered for DAG: example_python_operator
[2023-04-16T00:53:19.966+0000] {logging_mixin.py:137} INFO - [2023-04-16T00:53:19.965+0000] {taskmixin.py:211} WARNING - Dependency <Task(_PythonDecoratedOperator): log_sql_query>, print_the_context already registered for DAG: example_python_operator
[2023-04-16T00:53:19.967+0000] {logging_mixin.py:137} INFO - [2023-04-16T00:53:19.966+0000] {taskmixin.py:211} WARNING - Dependency <Task(_PythonDecoratedOperator): print_the_context>, log_sql_query already registered for DAG: example_python_operator
[2023-04-16T00:53:19.967+0000] {logging_mixin.py:137} INFO - [2023-04-16T00:53:19.967+0000] {taskmixin.py:211} WARNING - Dependency <Task(_PythonDecoratedOperator): log_sql_query>, print_the_context already registered for DAG: example_python_operator
[2023-04-16T00:53:19.968+0000] {logging_mixin.py:137} INFO - [2023-04-16T00:53:19.968+0000] {taskmixin.py:211} WARNING - Dependency <Task(_PythonDecoratedOperator): print_the_context>, log_sql_query already registered for DAG: example_python_operator
[2023-04-16T00:53:19.968+0000] {logging_mixin.py:137} INFO - [2023-04-16T00:53:19.968+0000] {taskmixin.py:211} WARNING - Dependency <Task(_PythonDecoratedOperator): log_sql_query>, print_the_context already registered for DAG: example_python_operator
[2023-04-16T00:53:19.978+0000] {processor.py:753} INFO - DAG(s) dict_keys(['example_python_operator']) retrieved from /home/airflow/.local/lib/python3.7/site-packages/airflow/example_dags/example_python_operator.py
[2023-04-16T00:53:20.014+0000] {logging_mixin.py:137} INFO - [2023-04-16T00:53:20.014+0000] {dag.py:2705} INFO - Sync 1 DAGs
[2023-04-16T00:53:20.055+0000] {logging_mixin.py:137} INFO - [2023-04-16T00:53:20.055+0000] {dag.py:3456} INFO - Setting next_dagrun for example_python_operator to None, run_after=None
[2023-04-16T00:53:20.081+0000] {processor.py:175} INFO - Processing /home/airflow/.local/lib/python3.7/site-packages/airflow/example_dags/example_python_operator.py took 0.153 seconds
[2023-04-16T00:53:50.194+0000] {processor.py:153} INFO - Started process (PID=510) to work on /home/airflow/.local/lib/python3.7/site-packages/airflow/example_dags/example_python_operator.py
[2023-04-16T00:53:50.195+0000] {processor.py:743} INFO - Processing file /home/airflow/.local/lib/python3.7/site-packages/airflow/example_dags/example_python_operator.py for tasks to queue
[2023-04-16T00:53:50.196+0000] {logging_mixin.py:137} INFO - [2023-04-16T00:53:50.195+0000] {dagbag.py:532} INFO - Filling up the DagBag from /home/airflow/.local/lib/python3.7/site-packages/airflow/example_dags/example_python_operator.py
[2023-04-16T00:53:50.224+0000] {logging_mixin.py:137} INFO - [2023-04-16T00:53:50.224+0000] {taskmixin.py:211} WARNING - Dependency <Task(_PythonDecoratedOperator): print_the_context>, log_sql_query already registered for DAG: example_python_operator
[2023-04-16T00:53:50.224+0000] {logging_mixin.py:137} INFO - [2023-04-16T00:53:50.224+0000] {taskmixin.py:211} WARNING - Dependency <Task(_PythonDecoratedOperator): log_sql_query>, print_the_context already registered for DAG: example_python_operator
[2023-04-16T00:53:50.225+0000] {logging_mixin.py:137} INFO - [2023-04-16T00:53:50.225+0000] {taskmixin.py:211} WARNING - Dependency <Task(_PythonDecoratedOperator): print_the_context>, log_sql_query already registered for DAG: example_python_operator
[2023-04-16T00:53:50.225+0000] {logging_mixin.py:137} INFO - [2023-04-16T00:53:50.225+0000] {taskmixin.py:211} WARNING - Dependency <Task(_PythonDecoratedOperator): log_sql_query>, print_the_context already registered for DAG: example_python_operator
[2023-04-16T00:53:50.227+0000] {logging_mixin.py:137} INFO - [2023-04-16T00:53:50.227+0000] {taskmixin.py:211} WARNING - Dependency <Task(_PythonDecoratedOperator): print_the_context>, log_sql_query already registered for DAG: example_python_operator
[2023-04-16T00:53:50.227+0000] {logging_mixin.py:137} INFO - [2023-04-16T00:53:50.227+0000] {taskmixin.py:211} WARNING - Dependency <Task(_PythonDecoratedOperator): log_sql_query>, print_the_context already registered for DAG: example_python_operator
[2023-04-16T00:53:50.228+0000] {logging_mixin.py:137} INFO - [2023-04-16T00:53:50.228+0000] {taskmixin.py:211} WARNING - Dependency <Task(_PythonDecoratedOperator): print_the_context>, log_sql_query already registered for DAG: example_python_operator
[2023-04-16T00:53:50.229+0000] {logging_mixin.py:137} INFO - [2023-04-16T00:53:50.228+0000] {taskmixin.py:211} WARNING - Dependency <Task(_PythonDecoratedOperator): log_sql_query>, print_the_context already registered for DAG: example_python_operator
[2023-04-16T00:53:50.238+0000] {processor.py:753} INFO - DAG(s) dict_keys(['example_python_operator']) retrieved from /home/airflow/.local/lib/python3.7/site-packages/airflow/example_dags/example_python_operator.py
[2023-04-16T00:53:50.277+0000] {logging_mixin.py:137} INFO - [2023-04-16T00:53:50.277+0000] {dag.py:2705} INFO - Sync 1 DAGs
[2023-04-16T00:53:50.317+0000] {logging_mixin.py:137} INFO - [2023-04-16T00:53:50.317+0000] {dag.py:3456} INFO - Setting next_dagrun for example_python_operator to None, run_after=None
[2023-04-16T00:53:50.339+0000] {processor.py:175} INFO - Processing /home/airflow/.local/lib/python3.7/site-packages/airflow/example_dags/example_python_operator.py took 0.155 seconds
[2023-04-16T00:54:21.124+0000] {processor.py:153} INFO - Started process (PID=560) to work on /home/airflow/.local/lib/python3.7/site-packages/airflow/example_dags/example_python_operator.py
[2023-04-16T00:54:21.125+0000] {processor.py:743} INFO - Processing file /home/airflow/.local/lib/python3.7/site-packages/airflow/example_dags/example_python_operator.py for tasks to queue
[2023-04-16T00:54:21.125+0000] {logging_mixin.py:137} INFO - [2023-04-16T00:54:21.125+0000] {dagbag.py:532} INFO - Filling up the DagBag from /home/airflow/.local/lib/python3.7/site-packages/airflow/example_dags/example_python_operator.py
[2023-04-16T00:54:21.149+0000] {logging_mixin.py:137} INFO - [2023-04-16T00:54:21.149+0000] {taskmixin.py:211} WARNING - Dependency <Task(_PythonDecoratedOperator): print_the_context>, log_sql_query already registered for DAG: example_python_operator
[2023-04-16T00:54:21.149+0000] {logging_mixin.py:137} INFO - [2023-04-16T00:54:21.149+0000] {taskmixin.py:211} WARNING - Dependency <Task(_PythonDecoratedOperator): log_sql_query>, print_the_context already registered for DAG: example_python_operator
[2023-04-16T00:54:21.150+0000] {logging_mixin.py:137} INFO - [2023-04-16T00:54:21.150+0000] {taskmixin.py:211} WARNING - Dependency <Task(_PythonDecoratedOperator): print_the_context>, log_sql_query already registered for DAG: example_python_operator
[2023-04-16T00:54:21.150+0000] {logging_mixin.py:137} INFO - [2023-04-16T00:54:21.150+0000] {taskmixin.py:211} WARNING - Dependency <Task(_PythonDecoratedOperator): log_sql_query>, print_the_context already registered for DAG: example_python_operator
[2023-04-16T00:54:21.151+0000] {logging_mixin.py:137} INFO - [2023-04-16T00:54:21.151+0000] {taskmixin.py:211} WARNING - Dependency <Task(_PythonDecoratedOperator): print_the_context>, log_sql_query already registered for DAG: example_python_operator
[2023-04-16T00:54:21.152+0000] {logging_mixin.py:137} INFO - [2023-04-16T00:54:21.151+0000] {taskmixin.py:211} WARNING - Dependency <Task(_PythonDecoratedOperator): log_sql_query>, print_the_context already registered for DAG: example_python_operator
[2023-04-16T00:54:21.152+0000] {logging_mixin.py:137} INFO - [2023-04-16T00:54:21.152+0000] {taskmixin.py:211} WARNING - Dependency <Task(_PythonDecoratedOperator): print_the_context>, log_sql_query already registered for DAG: example_python_operator
[2023-04-16T00:54:21.153+0000] {logging_mixin.py:137} INFO - [2023-04-16T00:54:21.153+0000] {taskmixin.py:211} WARNING - Dependency <Task(_PythonDecoratedOperator): log_sql_query>, print_the_context already registered for DAG: example_python_operator
[2023-04-16T00:54:21.163+0000] {processor.py:753} INFO - DAG(s) dict_keys(['example_python_operator']) retrieved from /home/airflow/.local/lib/python3.7/site-packages/airflow/example_dags/example_python_operator.py
[2023-04-16T00:54:21.200+0000] {logging_mixin.py:137} INFO - [2023-04-16T00:54:21.199+0000] {dag.py:2705} INFO - Sync 1 DAGs
[2023-04-16T00:54:21.249+0000] {logging_mixin.py:137} INFO - [2023-04-16T00:54:21.249+0000] {dag.py:3456} INFO - Setting next_dagrun for example_python_operator to None, run_after=None
[2023-04-16T00:54:21.274+0000] {processor.py:175} INFO - Processing /home/airflow/.local/lib/python3.7/site-packages/airflow/example_dags/example_python_operator.py took 0.158 seconds
[2023-04-16T00:54:51.468+0000] {processor.py:153} INFO - Started process (PID=609) to work on /home/airflow/.local/lib/python3.7/site-packages/airflow/example_dags/example_python_operator.py
[2023-04-16T00:54:51.469+0000] {processor.py:743} INFO - Processing file /home/airflow/.local/lib/python3.7/site-packages/airflow/example_dags/example_python_operator.py for tasks to queue
[2023-04-16T00:54:51.470+0000] {logging_mixin.py:137} INFO - [2023-04-16T00:54:51.470+0000] {dagbag.py:532} INFO - Filling up the DagBag from /home/airflow/.local/lib/python3.7/site-packages/airflow/example_dags/example_python_operator.py
[2023-04-16T00:54:51.493+0000] {logging_mixin.py:137} INFO - [2023-04-16T00:54:51.492+0000] {taskmixin.py:211} WARNING - Dependency <Task(_PythonDecoratedOperator): print_the_context>, log_sql_query already registered for DAG: example_python_operator
[2023-04-16T00:54:51.493+0000] {logging_mixin.py:137} INFO - [2023-04-16T00:54:51.493+0000] {taskmixin.py:211} WARNING - Dependency <Task(_PythonDecoratedOperator): log_sql_query>, print_the_context already registered for DAG: example_python_operator
[2023-04-16T00:54:51.494+0000] {logging_mixin.py:137} INFO - [2023-04-16T00:54:51.494+0000] {taskmixin.py:211} WARNING - Dependency <Task(_PythonDecoratedOperator): print_the_context>, log_sql_query already registered for DAG: example_python_operator
[2023-04-16T00:54:51.494+0000] {logging_mixin.py:137} INFO - [2023-04-16T00:54:51.494+0000] {taskmixin.py:211} WARNING - Dependency <Task(_PythonDecoratedOperator): log_sql_query>, print_the_context already registered for DAG: example_python_operator
[2023-04-16T00:54:51.495+0000] {logging_mixin.py:137} INFO - [2023-04-16T00:54:51.495+0000] {taskmixin.py:211} WARNING - Dependency <Task(_PythonDecoratedOperator): print_the_context>, log_sql_query already registered for DAG: example_python_operator
[2023-04-16T00:54:51.495+0000] {logging_mixin.py:137} INFO - [2023-04-16T00:54:51.495+0000] {taskmixin.py:211} WARNING - Dependency <Task(_PythonDecoratedOperator): log_sql_query>, print_the_context already registered for DAG: example_python_operator
[2023-04-16T00:54:51.496+0000] {logging_mixin.py:137} INFO - [2023-04-16T00:54:51.496+0000] {taskmixin.py:211} WARNING - Dependency <Task(_PythonDecoratedOperator): print_the_context>, log_sql_query already registered for DAG: example_python_operator
[2023-04-16T00:54:51.496+0000] {logging_mixin.py:137} INFO - [2023-04-16T00:54:51.496+0000] {taskmixin.py:211} WARNING - Dependency <Task(_PythonDecoratedOperator): log_sql_query>, print_the_context already registered for DAG: example_python_operator
[2023-04-16T00:54:51.506+0000] {processor.py:753} INFO - DAG(s) dict_keys(['example_python_operator']) retrieved from /home/airflow/.local/lib/python3.7/site-packages/airflow/example_dags/example_python_operator.py
[2023-04-16T00:54:51.544+0000] {logging_mixin.py:137} INFO - [2023-04-16T00:54:51.544+0000] {dag.py:2705} INFO - Sync 1 DAGs
[2023-04-16T00:54:51.582+0000] {logging_mixin.py:137} INFO - [2023-04-16T00:54:51.582+0000] {dag.py:3456} INFO - Setting next_dagrun for example_python_operator to None, run_after=None
[2023-04-16T00:54:51.606+0000] {processor.py:175} INFO - Processing /home/airflow/.local/lib/python3.7/site-packages/airflow/example_dags/example_python_operator.py took 0.141 seconds
[2023-04-16T00:55:21.721+0000] {processor.py:153} INFO - Started process (PID=659) to work on /home/airflow/.local/lib/python3.7/site-packages/airflow/example_dags/example_python_operator.py
[2023-04-16T00:55:21.722+0000] {processor.py:743} INFO - Processing file /home/airflow/.local/lib/python3.7/site-packages/airflow/example_dags/example_python_operator.py for tasks to queue
[2023-04-16T00:55:21.723+0000] {logging_mixin.py:137} INFO - [2023-04-16T00:55:21.723+0000] {dagbag.py:532} INFO - Filling up the DagBag from /home/airflow/.local/lib/python3.7/site-packages/airflow/example_dags/example_python_operator.py
[2023-04-16T00:55:21.757+0000] {logging_mixin.py:137} INFO - [2023-04-16T00:55:21.757+0000] {taskmixin.py:211} WARNING - Dependency <Task(_PythonDecoratedOperator): print_the_context>, log_sql_query already registered for DAG: example_python_operator
[2023-04-16T00:55:21.757+0000] {logging_mixin.py:137} INFO - [2023-04-16T00:55:21.757+0000] {taskmixin.py:211} WARNING - Dependency <Task(_PythonDecoratedOperator): log_sql_query>, print_the_context already registered for DAG: example_python_operator
[2023-04-16T00:55:21.758+0000] {logging_mixin.py:137} INFO - [2023-04-16T00:55:21.758+0000] {taskmixin.py:211} WARNING - Dependency <Task(_PythonDecoratedOperator): print_the_context>, log_sql_query already registered for DAG: example_python_operator
[2023-04-16T00:55:21.758+0000] {logging_mixin.py:137} INFO - [2023-04-16T00:55:21.758+0000] {taskmixin.py:211} WARNING - Dependency <Task(_PythonDecoratedOperator): log_sql_query>, print_the_context already registered for DAG: example_python_operator
[2023-04-16T00:55:21.759+0000] {logging_mixin.py:137} INFO - [2023-04-16T00:55:21.759+0000] {taskmixin.py:211} WARNING - Dependency <Task(_PythonDecoratedOperator): print_the_context>, log_sql_query already registered for DAG: example_python_operator
[2023-04-16T00:55:21.760+0000] {logging_mixin.py:137} INFO - [2023-04-16T00:55:21.759+0000] {taskmixin.py:211} WARNING - Dependency <Task(_PythonDecoratedOperator): log_sql_query>, print_the_context already registered for DAG: example_python_operator
[2023-04-16T00:55:21.761+0000] {logging_mixin.py:137} INFO - [2023-04-16T00:55:21.760+0000] {taskmixin.py:211} WARNING - Dependency <Task(_PythonDecoratedOperator): print_the_context>, log_sql_query already registered for DAG: example_python_operator
[2023-04-16T00:55:21.761+0000] {logging_mixin.py:137} INFO - [2023-04-16T00:55:21.761+0000] {taskmixin.py:211} WARNING - Dependency <Task(_PythonDecoratedOperator): log_sql_query>, print_the_context already registered for DAG: example_python_operator
[2023-04-16T00:55:21.770+0000] {processor.py:753} INFO - DAG(s) dict_keys(['example_python_operator']) retrieved from /home/airflow/.local/lib/python3.7/site-packages/airflow/example_dags/example_python_operator.py
[2023-04-16T00:55:21.808+0000] {logging_mixin.py:137} INFO - [2023-04-16T00:55:21.807+0000] {dag.py:2705} INFO - Sync 1 DAGs
[2023-04-16T00:55:21.848+0000] {logging_mixin.py:137} INFO - [2023-04-16T00:55:21.848+0000] {dag.py:3456} INFO - Setting next_dagrun for example_python_operator to None, run_after=None
[2023-04-16T00:55:21.870+0000] {processor.py:175} INFO - Processing /home/airflow/.local/lib/python3.7/site-packages/airflow/example_dags/example_python_operator.py took 0.159 seconds
[2023-04-16T00:55:52.040+0000] {processor.py:153} INFO - Started process (PID=709) to work on /home/airflow/.local/lib/python3.7/site-packages/airflow/example_dags/example_python_operator.py
[2023-04-16T00:55:52.041+0000] {processor.py:743} INFO - Processing file /home/airflow/.local/lib/python3.7/site-packages/airflow/example_dags/example_python_operator.py for tasks to queue
[2023-04-16T00:55:52.042+0000] {logging_mixin.py:137} INFO - [2023-04-16T00:55:52.042+0000] {dagbag.py:532} INFO - Filling up the DagBag from /home/airflow/.local/lib/python3.7/site-packages/airflow/example_dags/example_python_operator.py
[2023-04-16T00:55:52.073+0000] {logging_mixin.py:137} INFO - [2023-04-16T00:55:52.073+0000] {taskmixin.py:211} WARNING - Dependency <Task(_PythonDecoratedOperator): print_the_context>, log_sql_query already registered for DAG: example_python_operator
[2023-04-16T00:55:52.073+0000] {logging_mixin.py:137} INFO - [2023-04-16T00:55:52.073+0000] {taskmixin.py:211} WARNING - Dependency <Task(_PythonDecoratedOperator): log_sql_query>, print_the_context already registered for DAG: example_python_operator
[2023-04-16T00:55:52.075+0000] {logging_mixin.py:137} INFO - [2023-04-16T00:55:52.075+0000] {taskmixin.py:211} WARNING - Dependency <Task(_PythonDecoratedOperator): print_the_context>, log_sql_query already registered for DAG: example_python_operator
[2023-04-16T00:55:52.075+0000] {logging_mixin.py:137} INFO - [2023-04-16T00:55:52.075+0000] {taskmixin.py:211} WARNING - Dependency <Task(_PythonDecoratedOperator): log_sql_query>, print_the_context already registered for DAG: example_python_operator
[2023-04-16T00:55:52.076+0000] {logging_mixin.py:137} INFO - [2023-04-16T00:55:52.076+0000] {taskmixin.py:211} WARNING - Dependency <Task(_PythonDecoratedOperator): print_the_context>, log_sql_query already registered for DAG: example_python_operator
[2023-04-16T00:55:52.076+0000] {logging_mixin.py:137} INFO - [2023-04-16T00:55:52.076+0000] {taskmixin.py:211} WARNING - Dependency <Task(_PythonDecoratedOperator): log_sql_query>, print_the_context already registered for DAG: example_python_operator
[2023-04-16T00:55:52.077+0000] {logging_mixin.py:137} INFO - [2023-04-16T00:55:52.077+0000] {taskmixin.py:211} WARNING - Dependency <Task(_PythonDecoratedOperator): print_the_context>, log_sql_query already registered for DAG: example_python_operator
[2023-04-16T00:55:52.078+0000] {logging_mixin.py:137} INFO - [2023-04-16T00:55:52.078+0000] {taskmixin.py:211} WARNING - Dependency <Task(_PythonDecoratedOperator): log_sql_query>, print_the_context already registered for DAG: example_python_operator
[2023-04-16T00:55:52.087+0000] {processor.py:753} INFO - DAG(s) dict_keys(['example_python_operator']) retrieved from /home/airflow/.local/lib/python3.7/site-packages/airflow/example_dags/example_python_operator.py
[2023-04-16T00:55:52.125+0000] {logging_mixin.py:137} INFO - [2023-04-16T00:55:52.125+0000] {dag.py:2705} INFO - Sync 1 DAGs
[2023-04-16T00:55:52.164+0000] {logging_mixin.py:137} INFO - [2023-04-16T00:55:52.164+0000] {dag.py:3456} INFO - Setting next_dagrun for example_python_operator to None, run_after=None
[2023-04-16T00:55:52.187+0000] {processor.py:175} INFO - Processing /home/airflow/.local/lib/python3.7/site-packages/airflow/example_dags/example_python_operator.py took 0.153 seconds
[2023-04-16T00:56:22.366+0000] {processor.py:153} INFO - Started process (PID=759) to work on /home/airflow/.local/lib/python3.7/site-packages/airflow/example_dags/example_python_operator.py
[2023-04-16T00:56:22.368+0000] {processor.py:743} INFO - Processing file /home/airflow/.local/lib/python3.7/site-packages/airflow/example_dags/example_python_operator.py for tasks to queue
[2023-04-16T00:56:22.369+0000] {logging_mixin.py:137} INFO - [2023-04-16T00:56:22.369+0000] {dagbag.py:532} INFO - Filling up the DagBag from /home/airflow/.local/lib/python3.7/site-packages/airflow/example_dags/example_python_operator.py
[2023-04-16T00:56:22.397+0000] {logging_mixin.py:137} INFO - [2023-04-16T00:56:22.397+0000] {taskmixin.py:211} WARNING - Dependency <Task(_PythonDecoratedOperator): print_the_context>, log_sql_query already registered for DAG: example_python_operator
[2023-04-16T00:56:22.398+0000] {logging_mixin.py:137} INFO - [2023-04-16T00:56:22.398+0000] {taskmixin.py:211} WARNING - Dependency <Task(_PythonDecoratedOperator): log_sql_query>, print_the_context already registered for DAG: example_python_operator
[2023-04-16T00:56:22.399+0000] {logging_mixin.py:137} INFO - [2023-04-16T00:56:22.398+0000] {taskmixin.py:211} WARNING - Dependency <Task(_PythonDecoratedOperator): print_the_context>, log_sql_query already registered for DAG: example_python_operator
[2023-04-16T00:56:22.399+0000] {logging_mixin.py:137} INFO - [2023-04-16T00:56:22.399+0000] {taskmixin.py:211} WARNING - Dependency <Task(_PythonDecoratedOperator): log_sql_query>, print_the_context already registered for DAG: example_python_operator
[2023-04-16T00:56:22.400+0000] {logging_mixin.py:137} INFO - [2023-04-16T00:56:22.400+0000] {taskmixin.py:211} WARNING - Dependency <Task(_PythonDecoratedOperator): print_the_context>, log_sql_query already registered for DAG: example_python_operator
[2023-04-16T00:56:22.400+0000] {logging_mixin.py:137} INFO - [2023-04-16T00:56:22.400+0000] {taskmixin.py:211} WARNING - Dependency <Task(_PythonDecoratedOperator): log_sql_query>, print_the_context already registered for DAG: example_python_operator
[2023-04-16T00:56:22.401+0000] {logging_mixin.py:137} INFO - [2023-04-16T00:56:22.401+0000] {taskmixin.py:211} WARNING - Dependency <Task(_PythonDecoratedOperator): print_the_context>, log_sql_query already registered for DAG: example_python_operator
[2023-04-16T00:56:22.401+0000] {logging_mixin.py:137} INFO - [2023-04-16T00:56:22.401+0000] {taskmixin.py:211} WARNING - Dependency <Task(_PythonDecoratedOperator): log_sql_query>, print_the_context already registered for DAG: example_python_operator
[2023-04-16T00:56:22.411+0000] {processor.py:753} INFO - DAG(s) dict_keys(['example_python_operator']) retrieved from /home/airflow/.local/lib/python3.7/site-packages/airflow/example_dags/example_python_operator.py
[2023-04-16T00:56:22.449+0000] {logging_mixin.py:137} INFO - [2023-04-16T00:56:22.449+0000] {dag.py:2705} INFO - Sync 1 DAGs
[2023-04-16T00:56:22.492+0000] {logging_mixin.py:137} INFO - [2023-04-16T00:56:22.492+0000] {dag.py:3456} INFO - Setting next_dagrun for example_python_operator to None, run_after=None
[2023-04-16T00:56:22.524+0000] {processor.py:175} INFO - Processing /home/airflow/.local/lib/python3.7/site-packages/airflow/example_dags/example_python_operator.py took 0.164 seconds
[2023-04-16T00:56:52.779+0000] {processor.py:153} INFO - Started process (PID=809) to work on /home/airflow/.local/lib/python3.7/site-packages/airflow/example_dags/example_python_operator.py
[2023-04-16T00:56:52.783+0000] {processor.py:743} INFO - Processing file /home/airflow/.local/lib/python3.7/site-packages/airflow/example_dags/example_python_operator.py for tasks to queue
[2023-04-16T00:56:52.785+0000] {logging_mixin.py:137} INFO - [2023-04-16T00:56:52.785+0000] {dagbag.py:532} INFO - Filling up the DagBag from /home/airflow/.local/lib/python3.7/site-packages/airflow/example_dags/example_python_operator.py
[2023-04-16T00:56:52.816+0000] {logging_mixin.py:137} INFO - [2023-04-16T00:56:52.816+0000] {taskmixin.py:211} WARNING - Dependency <Task(_PythonDecoratedOperator): print_the_context>, log_sql_query already registered for DAG: example_python_operator
[2023-04-16T00:56:52.816+0000] {logging_mixin.py:137} INFO - [2023-04-16T00:56:52.816+0000] {taskmixin.py:211} WARNING - Dependency <Task(_PythonDecoratedOperator): log_sql_query>, print_the_context already registered for DAG: example_python_operator
[2023-04-16T00:56:52.817+0000] {logging_mixin.py:137} INFO - [2023-04-16T00:56:52.817+0000] {taskmixin.py:211} WARNING - Dependency <Task(_PythonDecoratedOperator): print_the_context>, log_sql_query already registered for DAG: example_python_operator
[2023-04-16T00:56:52.817+0000] {logging_mixin.py:137} INFO - [2023-04-16T00:56:52.817+0000] {taskmixin.py:211} WARNING - Dependency <Task(_PythonDecoratedOperator): log_sql_query>, print_the_context already registered for DAG: example_python_operator
[2023-04-16T00:56:52.818+0000] {logging_mixin.py:137} INFO - [2023-04-16T00:56:52.818+0000] {taskmixin.py:211} WARNING - Dependency <Task(_PythonDecoratedOperator): print_the_context>, log_sql_query already registered for DAG: example_python_operator
[2023-04-16T00:56:52.818+0000] {logging_mixin.py:137} INFO - [2023-04-16T00:56:52.818+0000] {taskmixin.py:211} WARNING - Dependency <Task(_PythonDecoratedOperator): log_sql_query>, print_the_context already registered for DAG: example_python_operator
[2023-04-16T00:56:52.820+0000] {logging_mixin.py:137} INFO - [2023-04-16T00:56:52.819+0000] {taskmixin.py:211} WARNING - Dependency <Task(_PythonDecoratedOperator): print_the_context>, log_sql_query already registered for DAG: example_python_operator
[2023-04-16T00:56:52.820+0000] {logging_mixin.py:137} INFO - [2023-04-16T00:56:52.820+0000] {taskmixin.py:211} WARNING - Dependency <Task(_PythonDecoratedOperator): log_sql_query>, print_the_context already registered for DAG: example_python_operator
[2023-04-16T00:56:52.837+0000] {processor.py:753} INFO - DAG(s) dict_keys(['example_python_operator']) retrieved from /home/airflow/.local/lib/python3.7/site-packages/airflow/example_dags/example_python_operator.py
[2023-04-16T00:56:52.875+0000] {logging_mixin.py:137} INFO - [2023-04-16T00:56:52.874+0000] {dag.py:2705} INFO - Sync 1 DAGs
[2023-04-16T00:56:52.916+0000] {logging_mixin.py:137} INFO - [2023-04-16T00:56:52.916+0000] {dag.py:3456} INFO - Setting next_dagrun for example_python_operator to None, run_after=None
[2023-04-16T00:56:52.945+0000] {processor.py:175} INFO - Processing /home/airflow/.local/lib/python3.7/site-packages/airflow/example_dags/example_python_operator.py took 0.173 seconds
[2023-04-16T00:57:23.155+0000] {processor.py:153} INFO - Started process (PID=859) to work on /home/airflow/.local/lib/python3.7/site-packages/airflow/example_dags/example_python_operator.py
[2023-04-16T00:57:23.161+0000] {processor.py:743} INFO - Processing file /home/airflow/.local/lib/python3.7/site-packages/airflow/example_dags/example_python_operator.py for tasks to queue
[2023-04-16T00:57:23.162+0000] {logging_mixin.py:137} INFO - [2023-04-16T00:57:23.162+0000] {dagbag.py:532} INFO - Filling up the DagBag from /home/airflow/.local/lib/python3.7/site-packages/airflow/example_dags/example_python_operator.py
[2023-04-16T00:57:23.185+0000] {logging_mixin.py:137} INFO - [2023-04-16T00:57:23.185+0000] {taskmixin.py:211} WARNING - Dependency <Task(_PythonDecoratedOperator): print_the_context>, log_sql_query already registered for DAG: example_python_operator
[2023-04-16T00:57:23.186+0000] {logging_mixin.py:137} INFO - [2023-04-16T00:57:23.186+0000] {taskmixin.py:211} WARNING - Dependency <Task(_PythonDecoratedOperator): log_sql_query>, print_the_context already registered for DAG: example_python_operator
[2023-04-16T00:57:23.187+0000] {logging_mixin.py:137} INFO - [2023-04-16T00:57:23.187+0000] {taskmixin.py:211} WARNING - Dependency <Task(_PythonDecoratedOperator): print_the_context>, log_sql_query already registered for DAG: example_python_operator
[2023-04-16T00:57:23.187+0000] {logging_mixin.py:137} INFO - [2023-04-16T00:57:23.187+0000] {taskmixin.py:211} WARNING - Dependency <Task(_PythonDecoratedOperator): log_sql_query>, print_the_context already registered for DAG: example_python_operator
[2023-04-16T00:57:23.188+0000] {logging_mixin.py:137} INFO - [2023-04-16T00:57:23.188+0000] {taskmixin.py:211} WARNING - Dependency <Task(_PythonDecoratedOperator): print_the_context>, log_sql_query already registered for DAG: example_python_operator
[2023-04-16T00:57:23.188+0000] {logging_mixin.py:137} INFO - [2023-04-16T00:57:23.188+0000] {taskmixin.py:211} WARNING - Dependency <Task(_PythonDecoratedOperator): log_sql_query>, print_the_context already registered for DAG: example_python_operator
[2023-04-16T00:57:23.189+0000] {logging_mixin.py:137} INFO - [2023-04-16T00:57:23.189+0000] {taskmixin.py:211} WARNING - Dependency <Task(_PythonDecoratedOperator): print_the_context>, log_sql_query already registered for DAG: example_python_operator
[2023-04-16T00:57:23.189+0000] {logging_mixin.py:137} INFO - [2023-04-16T00:57:23.189+0000] {taskmixin.py:211} WARNING - Dependency <Task(_PythonDecoratedOperator): log_sql_query>, print_the_context already registered for DAG: example_python_operator
[2023-04-16T00:57:23.199+0000] {processor.py:753} INFO - DAG(s) dict_keys(['example_python_operator']) retrieved from /home/airflow/.local/lib/python3.7/site-packages/airflow/example_dags/example_python_operator.py
[2023-04-16T00:57:23.238+0000] {logging_mixin.py:137} INFO - [2023-04-16T00:57:23.237+0000] {dag.py:2705} INFO - Sync 1 DAGs
[2023-04-16T00:57:23.279+0000] {logging_mixin.py:137} INFO - [2023-04-16T00:57:23.279+0000] {dag.py:3456} INFO - Setting next_dagrun for example_python_operator to None, run_after=None
[2023-04-16T00:57:23.305+0000] {processor.py:175} INFO - Processing /home/airflow/.local/lib/python3.7/site-packages/airflow/example_dags/example_python_operator.py took 0.153 seconds
[2023-04-16T00:57:53.529+0000] {processor.py:153} INFO - Started process (PID=909) to work on /home/airflow/.local/lib/python3.7/site-packages/airflow/example_dags/example_python_operator.py
[2023-04-16T00:57:53.530+0000] {processor.py:743} INFO - Processing file /home/airflow/.local/lib/python3.7/site-packages/airflow/example_dags/example_python_operator.py for tasks to queue
[2023-04-16T00:57:53.531+0000] {logging_mixin.py:137} INFO - [2023-04-16T00:57:53.531+0000] {dagbag.py:532} INFO - Filling up the DagBag from /home/airflow/.local/lib/python3.7/site-packages/airflow/example_dags/example_python_operator.py
[2023-04-16T00:57:53.559+0000] {logging_mixin.py:137} INFO - [2023-04-16T00:57:53.559+0000] {taskmixin.py:211} WARNING - Dependency <Task(_PythonDecoratedOperator): print_the_context>, log_sql_query already registered for DAG: example_python_operator
[2023-04-16T00:57:53.559+0000] {logging_mixin.py:137} INFO - [2023-04-16T00:57:53.559+0000] {taskmixin.py:211} WARNING - Dependency <Task(_PythonDecoratedOperator): log_sql_query>, print_the_context already registered for DAG: example_python_operator
[2023-04-16T00:57:53.560+0000] {logging_mixin.py:137} INFO - [2023-04-16T00:57:53.560+0000] {taskmixin.py:211} WARNING - Dependency <Task(_PythonDecoratedOperator): print_the_context>, log_sql_query already registered for DAG: example_python_operator
[2023-04-16T00:57:53.561+0000] {logging_mixin.py:137} INFO - [2023-04-16T00:57:53.561+0000] {taskmixin.py:211} WARNING - Dependency <Task(_PythonDecoratedOperator): log_sql_query>, print_the_context already registered for DAG: example_python_operator
[2023-04-16T00:57:53.562+0000] {logging_mixin.py:137} INFO - [2023-04-16T00:57:53.562+0000] {taskmixin.py:211} WARNING - Dependency <Task(_PythonDecoratedOperator): print_the_context>, log_sql_query already registered for DAG: example_python_operator
[2023-04-16T00:57:53.562+0000] {logging_mixin.py:137} INFO - [2023-04-16T00:57:53.562+0000] {taskmixin.py:211} WARNING - Dependency <Task(_PythonDecoratedOperator): log_sql_query>, print_the_context already registered for DAG: example_python_operator
[2023-04-16T00:57:53.563+0000] {logging_mixin.py:137} INFO - [2023-04-16T00:57:53.563+0000] {taskmixin.py:211} WARNING - Dependency <Task(_PythonDecoratedOperator): print_the_context>, log_sql_query already registered for DAG: example_python_operator
[2023-04-16T00:57:53.563+0000] {logging_mixin.py:137} INFO - [2023-04-16T00:57:53.563+0000] {taskmixin.py:211} WARNING - Dependency <Task(_PythonDecoratedOperator): log_sql_query>, print_the_context already registered for DAG: example_python_operator
[2023-04-16T00:57:53.573+0000] {processor.py:753} INFO - DAG(s) dict_keys(['example_python_operator']) retrieved from /home/airflow/.local/lib/python3.7/site-packages/airflow/example_dags/example_python_operator.py
[2023-04-16T00:57:53.617+0000] {logging_mixin.py:137} INFO - [2023-04-16T00:57:53.616+0000] {dag.py:2705} INFO - Sync 1 DAGs
[2023-04-16T00:57:53.661+0000] {logging_mixin.py:137} INFO - [2023-04-16T00:57:53.661+0000] {dag.py:3456} INFO - Setting next_dagrun for example_python_operator to None, run_after=None
[2023-04-16T00:57:53.684+0000] {processor.py:175} INFO - Processing /home/airflow/.local/lib/python3.7/site-packages/airflow/example_dags/example_python_operator.py took 0.160 seconds
[2023-04-16T00:58:23.847+0000] {processor.py:153} INFO - Started process (PID=959) to work on /home/airflow/.local/lib/python3.7/site-packages/airflow/example_dags/example_python_operator.py
[2023-04-16T00:58:23.849+0000] {processor.py:743} INFO - Processing file /home/airflow/.local/lib/python3.7/site-packages/airflow/example_dags/example_python_operator.py for tasks to queue
[2023-04-16T00:58:23.850+0000] {logging_mixin.py:137} INFO - [2023-04-16T00:58:23.850+0000] {dagbag.py:532} INFO - Filling up the DagBag from /home/airflow/.local/lib/python3.7/site-packages/airflow/example_dags/example_python_operator.py
[2023-04-16T00:58:23.880+0000] {logging_mixin.py:137} INFO - [2023-04-16T00:58:23.880+0000] {taskmixin.py:211} WARNING - Dependency <Task(_PythonDecoratedOperator): print_the_context>, log_sql_query already registered for DAG: example_python_operator
[2023-04-16T00:58:23.880+0000] {logging_mixin.py:137} INFO - [2023-04-16T00:58:23.880+0000] {taskmixin.py:211} WARNING - Dependency <Task(_PythonDecoratedOperator): log_sql_query>, print_the_context already registered for DAG: example_python_operator
[2023-04-16T00:58:23.881+0000] {logging_mixin.py:137} INFO - [2023-04-16T00:58:23.881+0000] {taskmixin.py:211} WARNING - Dependency <Task(_PythonDecoratedOperator): print_the_context>, log_sql_query already registered for DAG: example_python_operator
[2023-04-16T00:58:23.882+0000] {logging_mixin.py:137} INFO - [2023-04-16T00:58:23.881+0000] {taskmixin.py:211} WARNING - Dependency <Task(_PythonDecoratedOperator): log_sql_query>, print_the_context already registered for DAG: example_python_operator
[2023-04-16T00:58:23.883+0000] {logging_mixin.py:137} INFO - [2023-04-16T00:58:23.883+0000] {taskmixin.py:211} WARNING - Dependency <Task(_PythonDecoratedOperator): print_the_context>, log_sql_query already registered for DAG: example_python_operator
[2023-04-16T00:58:23.883+0000] {logging_mixin.py:137} INFO - [2023-04-16T00:58:23.883+0000] {taskmixin.py:211} WARNING - Dependency <Task(_PythonDecoratedOperator): log_sql_query>, print_the_context already registered for DAG: example_python_operator
[2023-04-16T00:58:23.884+0000] {logging_mixin.py:137} INFO - [2023-04-16T00:58:23.884+0000] {taskmixin.py:211} WARNING - Dependency <Task(_PythonDecoratedOperator): print_the_context>, log_sql_query already registered for DAG: example_python_operator
[2023-04-16T00:58:23.884+0000] {logging_mixin.py:137} INFO - [2023-04-16T00:58:23.884+0000] {taskmixin.py:211} WARNING - Dependency <Task(_PythonDecoratedOperator): log_sql_query>, print_the_context already registered for DAG: example_python_operator
[2023-04-16T00:58:23.895+0000] {processor.py:753} INFO - DAG(s) dict_keys(['example_python_operator']) retrieved from /home/airflow/.local/lib/python3.7/site-packages/airflow/example_dags/example_python_operator.py
[2023-04-16T00:58:23.933+0000] {logging_mixin.py:137} INFO - [2023-04-16T00:58:23.933+0000] {dag.py:2705} INFO - Sync 1 DAGs
[2023-04-16T00:58:23.978+0000] {logging_mixin.py:137} INFO - [2023-04-16T00:58:23.978+0000] {dag.py:3456} INFO - Setting next_dagrun for example_python_operator to None, run_after=None
[2023-04-16T00:58:24.016+0000] {processor.py:175} INFO - Processing /home/airflow/.local/lib/python3.7/site-packages/airflow/example_dags/example_python_operator.py took 0.173 seconds
[2023-04-16T00:58:54.083+0000] {processor.py:153} INFO - Started process (PID=1009) to work on /home/airflow/.local/lib/python3.7/site-packages/airflow/example_dags/example_python_operator.py
[2023-04-16T00:58:54.084+0000] {processor.py:743} INFO - Processing file /home/airflow/.local/lib/python3.7/site-packages/airflow/example_dags/example_python_operator.py for tasks to queue
[2023-04-16T00:58:54.086+0000] {logging_mixin.py:137} INFO - [2023-04-16T00:58:54.086+0000] {dagbag.py:532} INFO - Filling up the DagBag from /home/airflow/.local/lib/python3.7/site-packages/airflow/example_dags/example_python_operator.py
[2023-04-16T00:58:54.111+0000] {logging_mixin.py:137} INFO - [2023-04-16T00:58:54.111+0000] {taskmixin.py:211} WARNING - Dependency <Task(_PythonDecoratedOperator): print_the_context>, log_sql_query already registered for DAG: example_python_operator
[2023-04-16T00:58:54.111+0000] {logging_mixin.py:137} INFO - [2023-04-16T00:58:54.111+0000] {taskmixin.py:211} WARNING - Dependency <Task(_PythonDecoratedOperator): log_sql_query>, print_the_context already registered for DAG: example_python_operator
[2023-04-16T00:58:54.112+0000] {logging_mixin.py:137} INFO - [2023-04-16T00:58:54.112+0000] {taskmixin.py:211} WARNING - Dependency <Task(_PythonDecoratedOperator): print_the_context>, log_sql_query already registered for DAG: example_python_operator
[2023-04-16T00:58:54.112+0000] {logging_mixin.py:137} INFO - [2023-04-16T00:58:54.112+0000] {taskmixin.py:211} WARNING - Dependency <Task(_PythonDecoratedOperator): log_sql_query>, print_the_context already registered for DAG: example_python_operator
[2023-04-16T00:58:54.113+0000] {logging_mixin.py:137} INFO - [2023-04-16T00:58:54.113+0000] {taskmixin.py:211} WARNING - Dependency <Task(_PythonDecoratedOperator): print_the_context>, log_sql_query already registered for DAG: example_python_operator
[2023-04-16T00:58:54.114+0000] {logging_mixin.py:137} INFO - [2023-04-16T00:58:54.113+0000] {taskmixin.py:211} WARNING - Dependency <Task(_PythonDecoratedOperator): log_sql_query>, print_the_context already registered for DAG: example_python_operator
[2023-04-16T00:58:54.115+0000] {logging_mixin.py:137} INFO - [2023-04-16T00:58:54.114+0000] {taskmixin.py:211} WARNING - Dependency <Task(_PythonDecoratedOperator): print_the_context>, log_sql_query already registered for DAG: example_python_operator
[2023-04-16T00:58:54.115+0000] {logging_mixin.py:137} INFO - [2023-04-16T00:58:54.115+0000] {taskmixin.py:211} WARNING - Dependency <Task(_PythonDecoratedOperator): log_sql_query>, print_the_context already registered for DAG: example_python_operator
[2023-04-16T00:58:54.124+0000] {processor.py:753} INFO - DAG(s) dict_keys(['example_python_operator']) retrieved from /home/airflow/.local/lib/python3.7/site-packages/airflow/example_dags/example_python_operator.py
[2023-04-16T00:58:54.161+0000] {logging_mixin.py:137} INFO - [2023-04-16T00:58:54.161+0000] {dag.py:2705} INFO - Sync 1 DAGs
[2023-04-16T00:58:54.204+0000] {logging_mixin.py:137} INFO - [2023-04-16T00:58:54.204+0000] {dag.py:3456} INFO - Setting next_dagrun for example_python_operator to None, run_after=None
[2023-04-16T00:58:54.230+0000] {processor.py:175} INFO - Processing /home/airflow/.local/lib/python3.7/site-packages/airflow/example_dags/example_python_operator.py took 0.156 seconds
[2023-04-16T00:59:24.389+0000] {processor.py:153} INFO - Started process (PID=1059) to work on /home/airflow/.local/lib/python3.7/site-packages/airflow/example_dags/example_python_operator.py
[2023-04-16T00:59:24.390+0000] {processor.py:743} INFO - Processing file /home/airflow/.local/lib/python3.7/site-packages/airflow/example_dags/example_python_operator.py for tasks to queue
[2023-04-16T00:59:24.391+0000] {logging_mixin.py:137} INFO - [2023-04-16T00:59:24.391+0000] {dagbag.py:532} INFO - Filling up the DagBag from /home/airflow/.local/lib/python3.7/site-packages/airflow/example_dags/example_python_operator.py
[2023-04-16T00:59:24.414+0000] {logging_mixin.py:137} INFO - [2023-04-16T00:59:24.414+0000] {taskmixin.py:211} WARNING - Dependency <Task(_PythonDecoratedOperator): print_the_context>, log_sql_query already registered for DAG: example_python_operator
[2023-04-16T00:59:24.415+0000] {logging_mixin.py:137} INFO - [2023-04-16T00:59:24.415+0000] {taskmixin.py:211} WARNING - Dependency <Task(_PythonDecoratedOperator): log_sql_query>, print_the_context already registered for DAG: example_python_operator
[2023-04-16T00:59:24.416+0000] {logging_mixin.py:137} INFO - [2023-04-16T00:59:24.416+0000] {taskmixin.py:211} WARNING - Dependency <Task(_PythonDecoratedOperator): print_the_context>, log_sql_query already registered for DAG: example_python_operator
[2023-04-16T00:59:24.416+0000] {logging_mixin.py:137} INFO - [2023-04-16T00:59:24.416+0000] {taskmixin.py:211} WARNING - Dependency <Task(_PythonDecoratedOperator): log_sql_query>, print_the_context already registered for DAG: example_python_operator
[2023-04-16T00:59:24.417+0000] {logging_mixin.py:137} INFO - [2023-04-16T00:59:24.417+0000] {taskmixin.py:211} WARNING - Dependency <Task(_PythonDecoratedOperator): print_the_context>, log_sql_query already registered for DAG: example_python_operator
[2023-04-16T00:59:24.417+0000] {logging_mixin.py:137} INFO - [2023-04-16T00:59:24.417+0000] {taskmixin.py:211} WARNING - Dependency <Task(_PythonDecoratedOperator): log_sql_query>, print_the_context already registered for DAG: example_python_operator
[2023-04-16T00:59:24.418+0000] {logging_mixin.py:137} INFO - [2023-04-16T00:59:24.418+0000] {taskmixin.py:211} WARNING - Dependency <Task(_PythonDecoratedOperator): print_the_context>, log_sql_query already registered for DAG: example_python_operator
[2023-04-16T00:59:24.418+0000] {logging_mixin.py:137} INFO - [2023-04-16T00:59:24.418+0000] {taskmixin.py:211} WARNING - Dependency <Task(_PythonDecoratedOperator): log_sql_query>, print_the_context already registered for DAG: example_python_operator
[2023-04-16T00:59:24.428+0000] {processor.py:753} INFO - DAG(s) dict_keys(['example_python_operator']) retrieved from /home/airflow/.local/lib/python3.7/site-packages/airflow/example_dags/example_python_operator.py
[2023-04-16T00:59:24.465+0000] {logging_mixin.py:137} INFO - [2023-04-16T00:59:24.465+0000] {dag.py:2705} INFO - Sync 1 DAGs
[2023-04-16T00:59:24.505+0000] {logging_mixin.py:137} INFO - [2023-04-16T00:59:24.504+0000] {dag.py:3456} INFO - Setting next_dagrun for example_python_operator to None, run_after=None
[2023-04-16T00:59:24.527+0000] {processor.py:175} INFO - Processing /home/airflow/.local/lib/python3.7/site-packages/airflow/example_dags/example_python_operator.py took 0.141 seconds
[2023-04-16T00:59:54.630+0000] {processor.py:153} INFO - Started process (PID=1109) to work on /home/airflow/.local/lib/python3.7/site-packages/airflow/example_dags/example_python_operator.py
[2023-04-16T00:59:54.630+0000] {processor.py:743} INFO - Processing file /home/airflow/.local/lib/python3.7/site-packages/airflow/example_dags/example_python_operator.py for tasks to queue
[2023-04-16T00:59:54.631+0000] {logging_mixin.py:137} INFO - [2023-04-16T00:59:54.631+0000] {dagbag.py:532} INFO - Filling up the DagBag from /home/airflow/.local/lib/python3.7/site-packages/airflow/example_dags/example_python_operator.py
[2023-04-16T00:59:54.659+0000] {logging_mixin.py:137} INFO - [2023-04-16T00:59:54.659+0000] {taskmixin.py:211} WARNING - Dependency <Task(_PythonDecoratedOperator): print_the_context>, log_sql_query already registered for DAG: example_python_operator
[2023-04-16T00:59:54.660+0000] {logging_mixin.py:137} INFO - [2023-04-16T00:59:54.659+0000] {taskmixin.py:211} WARNING - Dependency <Task(_PythonDecoratedOperator): log_sql_query>, print_the_context already registered for DAG: example_python_operator
[2023-04-16T00:59:54.661+0000] {logging_mixin.py:137} INFO - [2023-04-16T00:59:54.660+0000] {taskmixin.py:211} WARNING - Dependency <Task(_PythonDecoratedOperator): print_the_context>, log_sql_query already registered for DAG: example_python_operator
[2023-04-16T00:59:54.661+0000] {logging_mixin.py:137} INFO - [2023-04-16T00:59:54.661+0000] {taskmixin.py:211} WARNING - Dependency <Task(_PythonDecoratedOperator): log_sql_query>, print_the_context already registered for DAG: example_python_operator
[2023-04-16T00:59:54.662+0000] {logging_mixin.py:137} INFO - [2023-04-16T00:59:54.662+0000] {taskmixin.py:211} WARNING - Dependency <Task(_PythonDecoratedOperator): print_the_context>, log_sql_query already registered for DAG: example_python_operator
[2023-04-16T00:59:54.662+0000] {logging_mixin.py:137} INFO - [2023-04-16T00:59:54.662+0000] {taskmixin.py:211} WARNING - Dependency <Task(_PythonDecoratedOperator): log_sql_query>, print_the_context already registered for DAG: example_python_operator
[2023-04-16T00:59:54.663+0000] {logging_mixin.py:137} INFO - [2023-04-16T00:59:54.663+0000] {taskmixin.py:211} WARNING - Dependency <Task(_PythonDecoratedOperator): print_the_context>, log_sql_query already registered for DAG: example_python_operator
[2023-04-16T00:59:54.663+0000] {logging_mixin.py:137} INFO - [2023-04-16T00:59:54.663+0000] {taskmixin.py:211} WARNING - Dependency <Task(_PythonDecoratedOperator): log_sql_query>, print_the_context already registered for DAG: example_python_operator
[2023-04-16T00:59:54.673+0000] {processor.py:753} INFO - DAG(s) dict_keys(['example_python_operator']) retrieved from /home/airflow/.local/lib/python3.7/site-packages/airflow/example_dags/example_python_operator.py
[2023-04-16T00:59:54.709+0000] {logging_mixin.py:137} INFO - [2023-04-16T00:59:54.709+0000] {dag.py:2705} INFO - Sync 1 DAGs
[2023-04-16T00:59:54.749+0000] {logging_mixin.py:137} INFO - [2023-04-16T00:59:54.749+0000] {dag.py:3456} INFO - Setting next_dagrun for example_python_operator to None, run_after=None
[2023-04-16T00:59:54.772+0000] {processor.py:175} INFO - Processing /home/airflow/.local/lib/python3.7/site-packages/airflow/example_dags/example_python_operator.py took 0.151 seconds
