[2023-04-16T00:49:15.298+0000] {processor.py:153} INFO - Started process (PID=51) to work on /home/airflow/.local/lib/python3.7/site-packages/airflow/example_dags/example_external_task_marker_dag.py
[2023-04-16T00:49:15.299+0000] {processor.py:743} INFO - Processing file /home/airflow/.local/lib/python3.7/site-packages/airflow/example_dags/example_external_task_marker_dag.py for tasks to queue
[2023-04-16T00:49:15.300+0000] {logging_mixin.py:137} INFO - [2023-04-16T00:49:15.300+0000] {dagbag.py:532} INFO - Filling up the DagBag from /home/airflow/.local/lib/python3.7/site-packages/airflow/example_dags/example_external_task_marker_dag.py
[2023-04-16T00:49:15.321+0000] {processor.py:753} INFO - DAG(s) dict_keys(['example_external_task_marker_child', 'example_external_task_marker_parent']) retrieved from /home/airflow/.local/lib/python3.7/site-packages/airflow/example_dags/example_external_task_marker_dag.py
[2023-04-16T00:49:15.359+0000] {logging_mixin.py:137} INFO - [2023-04-16T00:49:15.359+0000] {dag.py:2705} INFO - Sync 2 DAGs
[2023-04-16T00:49:15.401+0000] {logging_mixin.py:137} INFO - [2023-04-16T00:49:15.401+0000] {dag.py:3456} INFO - Setting next_dagrun for example_external_task_marker_child to None, run_after=None
[2023-04-16T00:49:15.407+0000] {logging_mixin.py:137} INFO - [2023-04-16T00:49:15.407+0000] {dag.py:3456} INFO - Setting next_dagrun for example_external_task_marker_parent to None, run_after=None
[2023-04-16T00:49:15.445+0000] {processor.py:175} INFO - Processing /home/airflow/.local/lib/python3.7/site-packages/airflow/example_dags/example_external_task_marker_dag.py took 0.151 seconds
[2023-04-16T00:49:45.467+0000] {processor.py:153} INFO - Started process (PID=101) to work on /home/airflow/.local/lib/python3.7/site-packages/airflow/example_dags/example_external_task_marker_dag.py
[2023-04-16T00:49:45.468+0000] {processor.py:743} INFO - Processing file /home/airflow/.local/lib/python3.7/site-packages/airflow/example_dags/example_external_task_marker_dag.py for tasks to queue
[2023-04-16T00:49:45.469+0000] {logging_mixin.py:137} INFO - [2023-04-16T00:49:45.469+0000] {dagbag.py:532} INFO - Filling up the DagBag from /home/airflow/.local/lib/python3.7/site-packages/airflow/example_dags/example_external_task_marker_dag.py
[2023-04-16T00:49:45.485+0000] {processor.py:753} INFO - DAG(s) dict_keys(['example_external_task_marker_parent', 'example_external_task_marker_child']) retrieved from /home/airflow/.local/lib/python3.7/site-packages/airflow/example_dags/example_external_task_marker_dag.py
[2023-04-16T00:49:45.520+0000] {logging_mixin.py:137} INFO - [2023-04-16T00:49:45.520+0000] {dag.py:2705} INFO - Sync 2 DAGs
[2023-04-16T00:49:45.561+0000] {logging_mixin.py:137} INFO - [2023-04-16T00:49:45.561+0000] {dag.py:3456} INFO - Setting next_dagrun for example_external_task_marker_child to None, run_after=None
[2023-04-16T00:49:45.565+0000] {logging_mixin.py:137} INFO - [2023-04-16T00:49:45.565+0000] {dag.py:3456} INFO - Setting next_dagrun for example_external_task_marker_parent to None, run_after=None
[2023-04-16T00:49:45.585+0000] {processor.py:175} INFO - Processing /home/airflow/.local/lib/python3.7/site-packages/airflow/example_dags/example_external_task_marker_dag.py took 0.121 seconds
[2023-04-16T00:50:15.714+0000] {processor.py:153} INFO - Started process (PID=151) to work on /home/airflow/.local/lib/python3.7/site-packages/airflow/example_dags/example_external_task_marker_dag.py
[2023-04-16T00:50:15.715+0000] {processor.py:743} INFO - Processing file /home/airflow/.local/lib/python3.7/site-packages/airflow/example_dags/example_external_task_marker_dag.py for tasks to queue
[2023-04-16T00:50:15.715+0000] {logging_mixin.py:137} INFO - [2023-04-16T00:50:15.715+0000] {dagbag.py:532} INFO - Filling up the DagBag from /home/airflow/.local/lib/python3.7/site-packages/airflow/example_dags/example_external_task_marker_dag.py
[2023-04-16T00:50:15.731+0000] {processor.py:753} INFO - DAG(s) dict_keys(['example_external_task_marker_parent', 'example_external_task_marker_child']) retrieved from /home/airflow/.local/lib/python3.7/site-packages/airflow/example_dags/example_external_task_marker_dag.py
[2023-04-16T00:50:15.765+0000] {logging_mixin.py:137} INFO - [2023-04-16T00:50:15.765+0000] {dag.py:2705} INFO - Sync 2 DAGs
[2023-04-16T00:50:15.806+0000] {logging_mixin.py:137} INFO - [2023-04-16T00:50:15.805+0000] {dag.py:3456} INFO - Setting next_dagrun for example_external_task_marker_child to None, run_after=None
[2023-04-16T00:50:15.810+0000] {logging_mixin.py:137} INFO - [2023-04-16T00:50:15.810+0000] {dag.py:3456} INFO - Setting next_dagrun for example_external_task_marker_parent to None, run_after=None
[2023-04-16T00:50:15.829+0000] {processor.py:175} INFO - Processing /home/airflow/.local/lib/python3.7/site-packages/airflow/example_dags/example_external_task_marker_dag.py took 0.120 seconds
[2023-04-16T00:50:46.314+0000] {processor.py:153} INFO - Started process (PID=201) to work on /home/airflow/.local/lib/python3.7/site-packages/airflow/example_dags/example_external_task_marker_dag.py
[2023-04-16T00:50:46.315+0000] {processor.py:743} INFO - Processing file /home/airflow/.local/lib/python3.7/site-packages/airflow/example_dags/example_external_task_marker_dag.py for tasks to queue
[2023-04-16T00:50:46.315+0000] {logging_mixin.py:137} INFO - [2023-04-16T00:50:46.315+0000] {dagbag.py:532} INFO - Filling up the DagBag from /home/airflow/.local/lib/python3.7/site-packages/airflow/example_dags/example_external_task_marker_dag.py
[2023-04-16T00:50:46.332+0000] {processor.py:753} INFO - DAG(s) dict_keys(['example_external_task_marker_parent', 'example_external_task_marker_child']) retrieved from /home/airflow/.local/lib/python3.7/site-packages/airflow/example_dags/example_external_task_marker_dag.py
[2023-04-16T00:50:46.370+0000] {logging_mixin.py:137} INFO - [2023-04-16T00:50:46.370+0000] {dag.py:2705} INFO - Sync 2 DAGs
[2023-04-16T00:50:46.416+0000] {logging_mixin.py:137} INFO - [2023-04-16T00:50:46.416+0000] {dag.py:3456} INFO - Setting next_dagrun for example_external_task_marker_child to None, run_after=None
[2023-04-16T00:50:46.420+0000] {logging_mixin.py:137} INFO - [2023-04-16T00:50:46.420+0000] {dag.py:3456} INFO - Setting next_dagrun for example_external_task_marker_parent to None, run_after=None
[2023-04-16T00:50:46.447+0000] {processor.py:175} INFO - Processing /home/airflow/.local/lib/python3.7/site-packages/airflow/example_dags/example_external_task_marker_dag.py took 0.137 seconds
[2023-04-16T00:51:16.959+0000] {processor.py:153} INFO - Started process (PID=251) to work on /home/airflow/.local/lib/python3.7/site-packages/airflow/example_dags/example_external_task_marker_dag.py
[2023-04-16T00:51:16.959+0000] {processor.py:743} INFO - Processing file /home/airflow/.local/lib/python3.7/site-packages/airflow/example_dags/example_external_task_marker_dag.py for tasks to queue
[2023-04-16T00:51:16.960+0000] {logging_mixin.py:137} INFO - [2023-04-16T00:51:16.960+0000] {dagbag.py:532} INFO - Filling up the DagBag from /home/airflow/.local/lib/python3.7/site-packages/airflow/example_dags/example_external_task_marker_dag.py
[2023-04-16T00:51:16.978+0000] {processor.py:753} INFO - DAG(s) dict_keys(['example_external_task_marker_child', 'example_external_task_marker_parent']) retrieved from /home/airflow/.local/lib/python3.7/site-packages/airflow/example_dags/example_external_task_marker_dag.py
[2023-04-16T00:51:17.012+0000] {logging_mixin.py:137} INFO - [2023-04-16T00:51:17.012+0000] {dag.py:2705} INFO - Sync 2 DAGs
[2023-04-16T00:51:17.060+0000] {logging_mixin.py:137} INFO - [2023-04-16T00:51:17.059+0000] {dag.py:3456} INFO - Setting next_dagrun for example_external_task_marker_child to None, run_after=None
[2023-04-16T00:51:17.065+0000] {logging_mixin.py:137} INFO - [2023-04-16T00:51:17.065+0000] {dag.py:3456} INFO - Setting next_dagrun for example_external_task_marker_parent to None, run_after=None
[2023-04-16T00:51:17.085+0000] {processor.py:175} INFO - Processing /home/airflow/.local/lib/python3.7/site-packages/airflow/example_dags/example_external_task_marker_dag.py took 0.131 seconds
[2023-04-16T00:51:47.255+0000] {processor.py:153} INFO - Started process (PID=301) to work on /home/airflow/.local/lib/python3.7/site-packages/airflow/example_dags/example_external_task_marker_dag.py
[2023-04-16T00:51:47.258+0000] {processor.py:743} INFO - Processing file /home/airflow/.local/lib/python3.7/site-packages/airflow/example_dags/example_external_task_marker_dag.py for tasks to queue
[2023-04-16T00:51:47.259+0000] {logging_mixin.py:137} INFO - [2023-04-16T00:51:47.259+0000] {dagbag.py:532} INFO - Filling up the DagBag from /home/airflow/.local/lib/python3.7/site-packages/airflow/example_dags/example_external_task_marker_dag.py
[2023-04-16T00:51:47.275+0000] {processor.py:753} INFO - DAG(s) dict_keys(['example_external_task_marker_child', 'example_external_task_marker_parent']) retrieved from /home/airflow/.local/lib/python3.7/site-packages/airflow/example_dags/example_external_task_marker_dag.py
[2023-04-16T00:51:47.310+0000] {logging_mixin.py:137} INFO - [2023-04-16T00:51:47.310+0000] {dag.py:2705} INFO - Sync 2 DAGs
[2023-04-16T00:51:47.351+0000] {logging_mixin.py:137} INFO - [2023-04-16T00:51:47.351+0000] {dag.py:3456} INFO - Setting next_dagrun for example_external_task_marker_child to None, run_after=None
[2023-04-16T00:51:47.356+0000] {logging_mixin.py:137} INFO - [2023-04-16T00:51:47.356+0000] {dag.py:3456} INFO - Setting next_dagrun for example_external_task_marker_parent to None, run_after=None
[2023-04-16T00:51:47.376+0000] {processor.py:175} INFO - Processing /home/airflow/.local/lib/python3.7/site-packages/airflow/example_dags/example_external_task_marker_dag.py took 0.125 seconds
[2023-04-16T00:52:17.760+0000] {processor.py:153} INFO - Started process (PID=351) to work on /home/airflow/.local/lib/python3.7/site-packages/airflow/example_dags/example_external_task_marker_dag.py
[2023-04-16T00:52:17.761+0000] {processor.py:743} INFO - Processing file /home/airflow/.local/lib/python3.7/site-packages/airflow/example_dags/example_external_task_marker_dag.py for tasks to queue
[2023-04-16T00:52:17.761+0000] {logging_mixin.py:137} INFO - [2023-04-16T00:52:17.761+0000] {dagbag.py:532} INFO - Filling up the DagBag from /home/airflow/.local/lib/python3.7/site-packages/airflow/example_dags/example_external_task_marker_dag.py
[2023-04-16T00:52:17.778+0000] {processor.py:753} INFO - DAG(s) dict_keys(['example_external_task_marker_parent', 'example_external_task_marker_child']) retrieved from /home/airflow/.local/lib/python3.7/site-packages/airflow/example_dags/example_external_task_marker_dag.py
[2023-04-16T00:52:17.815+0000] {logging_mixin.py:137} INFO - [2023-04-16T00:52:17.815+0000] {dag.py:2705} INFO - Sync 2 DAGs
[2023-04-16T00:52:17.856+0000] {logging_mixin.py:137} INFO - [2023-04-16T00:52:17.856+0000] {dag.py:3456} INFO - Setting next_dagrun for example_external_task_marker_child to None, run_after=None
[2023-04-16T00:52:17.860+0000] {logging_mixin.py:137} INFO - [2023-04-16T00:52:17.860+0000] {dag.py:3456} INFO - Setting next_dagrun for example_external_task_marker_parent to None, run_after=None
[2023-04-16T00:52:17.880+0000] {processor.py:175} INFO - Processing /home/airflow/.local/lib/python3.7/site-packages/airflow/example_dags/example_external_task_marker_dag.py took 0.135 seconds
[2023-04-16T00:52:48.014+0000] {processor.py:153} INFO - Started process (PID=401) to work on /home/airflow/.local/lib/python3.7/site-packages/airflow/example_dags/example_external_task_marker_dag.py
[2023-04-16T00:52:48.015+0000] {processor.py:743} INFO - Processing file /home/airflow/.local/lib/python3.7/site-packages/airflow/example_dags/example_external_task_marker_dag.py for tasks to queue
[2023-04-16T00:52:48.015+0000] {logging_mixin.py:137} INFO - [2023-04-16T00:52:48.015+0000] {dagbag.py:532} INFO - Filling up the DagBag from /home/airflow/.local/lib/python3.7/site-packages/airflow/example_dags/example_external_task_marker_dag.py
[2023-04-16T00:52:48.033+0000] {processor.py:753} INFO - DAG(s) dict_keys(['example_external_task_marker_parent', 'example_external_task_marker_child']) retrieved from /home/airflow/.local/lib/python3.7/site-packages/airflow/example_dags/example_external_task_marker_dag.py
[2023-04-16T00:52:48.067+0000] {logging_mixin.py:137} INFO - [2023-04-16T00:52:48.066+0000] {dag.py:2705} INFO - Sync 2 DAGs
[2023-04-16T00:52:48.107+0000] {logging_mixin.py:137} INFO - [2023-04-16T00:52:48.107+0000] {dag.py:3456} INFO - Setting next_dagrun for example_external_task_marker_child to None, run_after=None
[2023-04-16T00:52:48.112+0000] {logging_mixin.py:137} INFO - [2023-04-16T00:52:48.112+0000] {dag.py:3456} INFO - Setting next_dagrun for example_external_task_marker_parent to None, run_after=None
[2023-04-16T00:52:48.133+0000] {processor.py:175} INFO - Processing /home/airflow/.local/lib/python3.7/site-packages/airflow/example_dags/example_external_task_marker_dag.py took 0.123 seconds
[2023-04-16T00:53:18.325+0000] {processor.py:153} INFO - Started process (PID=451) to work on /home/airflow/.local/lib/python3.7/site-packages/airflow/example_dags/example_external_task_marker_dag.py
[2023-04-16T00:53:18.325+0000] {processor.py:743} INFO - Processing file /home/airflow/.local/lib/python3.7/site-packages/airflow/example_dags/example_external_task_marker_dag.py for tasks to queue
[2023-04-16T00:53:18.326+0000] {logging_mixin.py:137} INFO - [2023-04-16T00:53:18.326+0000] {dagbag.py:532} INFO - Filling up the DagBag from /home/airflow/.local/lib/python3.7/site-packages/airflow/example_dags/example_external_task_marker_dag.py
[2023-04-16T00:53:18.342+0000] {processor.py:753} INFO - DAG(s) dict_keys(['example_external_task_marker_parent', 'example_external_task_marker_child']) retrieved from /home/airflow/.local/lib/python3.7/site-packages/airflow/example_dags/example_external_task_marker_dag.py
[2023-04-16T00:53:18.378+0000] {logging_mixin.py:137} INFO - [2023-04-16T00:53:18.378+0000] {dag.py:2705} INFO - Sync 2 DAGs
[2023-04-16T00:53:18.419+0000] {logging_mixin.py:137} INFO - [2023-04-16T00:53:18.419+0000] {dag.py:3456} INFO - Setting next_dagrun for example_external_task_marker_child to None, run_after=None
[2023-04-16T00:53:18.425+0000] {logging_mixin.py:137} INFO - [2023-04-16T00:53:18.424+0000] {dag.py:3456} INFO - Setting next_dagrun for example_external_task_marker_parent to None, run_after=None
[2023-04-16T00:53:18.447+0000] {processor.py:175} INFO - Processing /home/airflow/.local/lib/python3.7/site-packages/airflow/example_dags/example_external_task_marker_dag.py took 0.126 seconds
[2023-04-16T00:53:48.587+0000] {processor.py:153} INFO - Started process (PID=501) to work on /home/airflow/.local/lib/python3.7/site-packages/airflow/example_dags/example_external_task_marker_dag.py
[2023-04-16T00:53:48.588+0000] {processor.py:743} INFO - Processing file /home/airflow/.local/lib/python3.7/site-packages/airflow/example_dags/example_external_task_marker_dag.py for tasks to queue
[2023-04-16T00:53:48.588+0000] {logging_mixin.py:137} INFO - [2023-04-16T00:53:48.588+0000] {dagbag.py:532} INFO - Filling up the DagBag from /home/airflow/.local/lib/python3.7/site-packages/airflow/example_dags/example_external_task_marker_dag.py
[2023-04-16T00:53:48.605+0000] {processor.py:753} INFO - DAG(s) dict_keys(['example_external_task_marker_child', 'example_external_task_marker_parent']) retrieved from /home/airflow/.local/lib/python3.7/site-packages/airflow/example_dags/example_external_task_marker_dag.py
[2023-04-16T00:53:48.640+0000] {logging_mixin.py:137} INFO - [2023-04-16T00:53:48.640+0000] {dag.py:2705} INFO - Sync 2 DAGs
[2023-04-16T00:53:48.680+0000] {logging_mixin.py:137} INFO - [2023-04-16T00:53:48.680+0000] {dag.py:3456} INFO - Setting next_dagrun for example_external_task_marker_child to None, run_after=None
[2023-04-16T00:53:48.684+0000] {logging_mixin.py:137} INFO - [2023-04-16T00:53:48.684+0000] {dag.py:3456} INFO - Setting next_dagrun for example_external_task_marker_parent to None, run_after=None
[2023-04-16T00:53:48.703+0000] {processor.py:175} INFO - Processing /home/airflow/.local/lib/python3.7/site-packages/airflow/example_dags/example_external_task_marker_dag.py took 0.121 seconds
[2023-04-16T00:54:19.446+0000] {processor.py:153} INFO - Started process (PID=551) to work on /home/airflow/.local/lib/python3.7/site-packages/airflow/example_dags/example_external_task_marker_dag.py
[2023-04-16T00:54:19.446+0000] {processor.py:743} INFO - Processing file /home/airflow/.local/lib/python3.7/site-packages/airflow/example_dags/example_external_task_marker_dag.py for tasks to queue
[2023-04-16T00:54:19.447+0000] {logging_mixin.py:137} INFO - [2023-04-16T00:54:19.447+0000] {dagbag.py:532} INFO - Filling up the DagBag from /home/airflow/.local/lib/python3.7/site-packages/airflow/example_dags/example_external_task_marker_dag.py
[2023-04-16T00:54:19.468+0000] {processor.py:753} INFO - DAG(s) dict_keys(['example_external_task_marker_parent', 'example_external_task_marker_child']) retrieved from /home/airflow/.local/lib/python3.7/site-packages/airflow/example_dags/example_external_task_marker_dag.py
[2023-04-16T00:54:19.514+0000] {logging_mixin.py:137} INFO - [2023-04-16T00:54:19.514+0000] {dag.py:2705} INFO - Sync 2 DAGs
[2023-04-16T00:54:19.561+0000] {logging_mixin.py:137} INFO - [2023-04-16T00:54:19.561+0000] {dag.py:3456} INFO - Setting next_dagrun for example_external_task_marker_child to None, run_after=None
[2023-04-16T00:54:19.568+0000] {logging_mixin.py:137} INFO - [2023-04-16T00:54:19.567+0000] {dag.py:3456} INFO - Setting next_dagrun for example_external_task_marker_parent to None, run_after=None
[2023-04-16T00:54:19.594+0000] {processor.py:175} INFO - Processing /home/airflow/.local/lib/python3.7/site-packages/airflow/example_dags/example_external_task_marker_dag.py took 0.153 seconds
[2023-04-16T00:54:49.711+0000] {processor.py:153} INFO - Started process (PID=600) to work on /home/airflow/.local/lib/python3.7/site-packages/airflow/example_dags/example_external_task_marker_dag.py
[2023-04-16T00:54:49.712+0000] {processor.py:743} INFO - Processing file /home/airflow/.local/lib/python3.7/site-packages/airflow/example_dags/example_external_task_marker_dag.py for tasks to queue
[2023-04-16T00:54:49.712+0000] {logging_mixin.py:137} INFO - [2023-04-16T00:54:49.712+0000] {dagbag.py:532} INFO - Filling up the DagBag from /home/airflow/.local/lib/python3.7/site-packages/airflow/example_dags/example_external_task_marker_dag.py
[2023-04-16T00:54:49.729+0000] {processor.py:753} INFO - DAG(s) dict_keys(['example_external_task_marker_child', 'example_external_task_marker_parent']) retrieved from /home/airflow/.local/lib/python3.7/site-packages/airflow/example_dags/example_external_task_marker_dag.py
[2023-04-16T00:54:49.762+0000] {logging_mixin.py:137} INFO - [2023-04-16T00:54:49.762+0000] {dag.py:2705} INFO - Sync 2 DAGs
[2023-04-16T00:54:49.801+0000] {logging_mixin.py:137} INFO - [2023-04-16T00:54:49.801+0000] {dag.py:3456} INFO - Setting next_dagrun for example_external_task_marker_child to None, run_after=None
[2023-04-16T00:54:49.805+0000] {logging_mixin.py:137} INFO - [2023-04-16T00:54:49.805+0000] {dag.py:3456} INFO - Setting next_dagrun for example_external_task_marker_parent to None, run_after=None
[2023-04-16T00:54:49.824+0000] {processor.py:175} INFO - Processing /home/airflow/.local/lib/python3.7/site-packages/airflow/example_dags/example_external_task_marker_dag.py took 0.117 seconds
[2023-04-16T00:55:19.873+0000] {processor.py:153} INFO - Started process (PID=650) to work on /home/airflow/.local/lib/python3.7/site-packages/airflow/example_dags/example_external_task_marker_dag.py
[2023-04-16T00:55:19.874+0000] {processor.py:743} INFO - Processing file /home/airflow/.local/lib/python3.7/site-packages/airflow/example_dags/example_external_task_marker_dag.py for tasks to queue
[2023-04-16T00:55:19.875+0000] {logging_mixin.py:137} INFO - [2023-04-16T00:55:19.874+0000] {dagbag.py:532} INFO - Filling up the DagBag from /home/airflow/.local/lib/python3.7/site-packages/airflow/example_dags/example_external_task_marker_dag.py
[2023-04-16T00:55:19.892+0000] {processor.py:753} INFO - DAG(s) dict_keys(['example_external_task_marker_parent', 'example_external_task_marker_child']) retrieved from /home/airflow/.local/lib/python3.7/site-packages/airflow/example_dags/example_external_task_marker_dag.py
[2023-04-16T00:55:19.924+0000] {logging_mixin.py:137} INFO - [2023-04-16T00:55:19.923+0000] {dag.py:2705} INFO - Sync 2 DAGs
[2023-04-16T00:55:19.963+0000] {logging_mixin.py:137} INFO - [2023-04-16T00:55:19.963+0000] {dag.py:3456} INFO - Setting next_dagrun for example_external_task_marker_child to None, run_after=None
[2023-04-16T00:55:19.967+0000] {logging_mixin.py:137} INFO - [2023-04-16T00:55:19.967+0000] {dag.py:3456} INFO - Setting next_dagrun for example_external_task_marker_parent to None, run_after=None
[2023-04-16T00:55:19.986+0000] {processor.py:175} INFO - Processing /home/airflow/.local/lib/python3.7/site-packages/airflow/example_dags/example_external_task_marker_dag.py took 0.118 seconds
[2023-04-16T00:55:50.360+0000] {processor.py:153} INFO - Started process (PID=700) to work on /home/airflow/.local/lib/python3.7/site-packages/airflow/example_dags/example_external_task_marker_dag.py
[2023-04-16T00:55:50.361+0000] {processor.py:743} INFO - Processing file /home/airflow/.local/lib/python3.7/site-packages/airflow/example_dags/example_external_task_marker_dag.py for tasks to queue
[2023-04-16T00:55:50.362+0000] {logging_mixin.py:137} INFO - [2023-04-16T00:55:50.362+0000] {dagbag.py:532} INFO - Filling up the DagBag from /home/airflow/.local/lib/python3.7/site-packages/airflow/example_dags/example_external_task_marker_dag.py
[2023-04-16T00:55:50.379+0000] {processor.py:753} INFO - DAG(s) dict_keys(['example_external_task_marker_parent', 'example_external_task_marker_child']) retrieved from /home/airflow/.local/lib/python3.7/site-packages/airflow/example_dags/example_external_task_marker_dag.py
[2023-04-16T00:55:50.414+0000] {logging_mixin.py:137} INFO - [2023-04-16T00:55:50.414+0000] {dag.py:2705} INFO - Sync 2 DAGs
[2023-04-16T00:55:50.456+0000] {logging_mixin.py:137} INFO - [2023-04-16T00:55:50.455+0000] {dag.py:3456} INFO - Setting next_dagrun for example_external_task_marker_child to None, run_after=None
[2023-04-16T00:55:50.461+0000] {logging_mixin.py:137} INFO - [2023-04-16T00:55:50.460+0000] {dag.py:3456} INFO - Setting next_dagrun for example_external_task_marker_parent to None, run_after=None
[2023-04-16T00:55:50.480+0000] {processor.py:175} INFO - Processing /home/airflow/.local/lib/python3.7/site-packages/airflow/example_dags/example_external_task_marker_dag.py took 0.124 seconds
[2023-04-16T00:56:20.726+0000] {processor.py:153} INFO - Started process (PID=750) to work on /home/airflow/.local/lib/python3.7/site-packages/airflow/example_dags/example_external_task_marker_dag.py
[2023-04-16T00:56:20.727+0000] {processor.py:743} INFO - Processing file /home/airflow/.local/lib/python3.7/site-packages/airflow/example_dags/example_external_task_marker_dag.py for tasks to queue
[2023-04-16T00:56:20.728+0000] {logging_mixin.py:137} INFO - [2023-04-16T00:56:20.727+0000] {dagbag.py:532} INFO - Filling up the DagBag from /home/airflow/.local/lib/python3.7/site-packages/airflow/example_dags/example_external_task_marker_dag.py
[2023-04-16T00:56:20.745+0000] {processor.py:753} INFO - DAG(s) dict_keys(['example_external_task_marker_child', 'example_external_task_marker_parent']) retrieved from /home/airflow/.local/lib/python3.7/site-packages/airflow/example_dags/example_external_task_marker_dag.py
[2023-04-16T00:56:20.781+0000] {logging_mixin.py:137} INFO - [2023-04-16T00:56:20.780+0000] {dag.py:2705} INFO - Sync 2 DAGs
[2023-04-16T00:56:20.832+0000] {logging_mixin.py:137} INFO - [2023-04-16T00:56:20.832+0000] {dag.py:3456} INFO - Setting next_dagrun for example_external_task_marker_child to None, run_after=None
[2023-04-16T00:56:20.839+0000] {logging_mixin.py:137} INFO - [2023-04-16T00:56:20.839+0000] {dag.py:3456} INFO - Setting next_dagrun for example_external_task_marker_parent to None, run_after=None
[2023-04-16T00:56:20.859+0000] {processor.py:175} INFO - Processing /home/airflow/.local/lib/python3.7/site-packages/airflow/example_dags/example_external_task_marker_dag.py took 0.137 seconds
[2023-04-16T00:56:51.059+0000] {processor.py:153} INFO - Started process (PID=800) to work on /home/airflow/.local/lib/python3.7/site-packages/airflow/example_dags/example_external_task_marker_dag.py
[2023-04-16T00:56:51.060+0000] {processor.py:743} INFO - Processing file /home/airflow/.local/lib/python3.7/site-packages/airflow/example_dags/example_external_task_marker_dag.py for tasks to queue
[2023-04-16T00:56:51.060+0000] {logging_mixin.py:137} INFO - [2023-04-16T00:56:51.060+0000] {dagbag.py:532} INFO - Filling up the DagBag from /home/airflow/.local/lib/python3.7/site-packages/airflow/example_dags/example_external_task_marker_dag.py
[2023-04-16T00:56:51.079+0000] {processor.py:753} INFO - DAG(s) dict_keys(['example_external_task_marker_parent', 'example_external_task_marker_child']) retrieved from /home/airflow/.local/lib/python3.7/site-packages/airflow/example_dags/example_external_task_marker_dag.py
[2023-04-16T00:56:51.123+0000] {logging_mixin.py:137} INFO - [2023-04-16T00:56:51.122+0000] {dag.py:2705} INFO - Sync 2 DAGs
[2023-04-16T00:56:51.172+0000] {logging_mixin.py:137} INFO - [2023-04-16T00:56:51.172+0000] {dag.py:3456} INFO - Setting next_dagrun for example_external_task_marker_child to None, run_after=None
[2023-04-16T00:56:51.177+0000] {logging_mixin.py:137} INFO - [2023-04-16T00:56:51.177+0000] {dag.py:3456} INFO - Setting next_dagrun for example_external_task_marker_parent to None, run_after=None
[2023-04-16T00:56:51.212+0000] {processor.py:175} INFO - Processing /home/airflow/.local/lib/python3.7/site-packages/airflow/example_dags/example_external_task_marker_dag.py took 0.157 seconds
[2023-04-16T00:57:21.471+0000] {processor.py:153} INFO - Started process (PID=850) to work on /home/airflow/.local/lib/python3.7/site-packages/airflow/example_dags/example_external_task_marker_dag.py
[2023-04-16T00:57:21.472+0000] {processor.py:743} INFO - Processing file /home/airflow/.local/lib/python3.7/site-packages/airflow/example_dags/example_external_task_marker_dag.py for tasks to queue
[2023-04-16T00:57:21.473+0000] {logging_mixin.py:137} INFO - [2023-04-16T00:57:21.473+0000] {dagbag.py:532} INFO - Filling up the DagBag from /home/airflow/.local/lib/python3.7/site-packages/airflow/example_dags/example_external_task_marker_dag.py
[2023-04-16T00:57:21.490+0000] {processor.py:753} INFO - DAG(s) dict_keys(['example_external_task_marker_parent', 'example_external_task_marker_child']) retrieved from /home/airflow/.local/lib/python3.7/site-packages/airflow/example_dags/example_external_task_marker_dag.py
[2023-04-16T00:57:21.525+0000] {logging_mixin.py:137} INFO - [2023-04-16T00:57:21.525+0000] {dag.py:2705} INFO - Sync 2 DAGs
[2023-04-16T00:57:21.569+0000] {logging_mixin.py:137} INFO - [2023-04-16T00:57:21.568+0000] {dag.py:3456} INFO - Setting next_dagrun for example_external_task_marker_child to None, run_after=None
[2023-04-16T00:57:21.574+0000] {logging_mixin.py:137} INFO - [2023-04-16T00:57:21.574+0000] {dag.py:3456} INFO - Setting next_dagrun for example_external_task_marker_parent to None, run_after=None
[2023-04-16T00:57:21.597+0000] {processor.py:175} INFO - Processing /home/airflow/.local/lib/python3.7/site-packages/airflow/example_dags/example_external_task_marker_dag.py took 0.131 seconds
[2023-04-16T00:57:51.820+0000] {processor.py:153} INFO - Started process (PID=900) to work on /home/airflow/.local/lib/python3.7/site-packages/airflow/example_dags/example_external_task_marker_dag.py
[2023-04-16T00:57:51.823+0000] {processor.py:743} INFO - Processing file /home/airflow/.local/lib/python3.7/site-packages/airflow/example_dags/example_external_task_marker_dag.py for tasks to queue
[2023-04-16T00:57:51.824+0000] {logging_mixin.py:137} INFO - [2023-04-16T00:57:51.824+0000] {dagbag.py:532} INFO - Filling up the DagBag from /home/airflow/.local/lib/python3.7/site-packages/airflow/example_dags/example_external_task_marker_dag.py
[2023-04-16T00:57:51.845+0000] {processor.py:753} INFO - DAG(s) dict_keys(['example_external_task_marker_parent', 'example_external_task_marker_child']) retrieved from /home/airflow/.local/lib/python3.7/site-packages/airflow/example_dags/example_external_task_marker_dag.py
[2023-04-16T00:57:51.882+0000] {logging_mixin.py:137} INFO - [2023-04-16T00:57:51.882+0000] {dag.py:2705} INFO - Sync 2 DAGs
[2023-04-16T00:57:51.926+0000] {logging_mixin.py:137} INFO - [2023-04-16T00:57:51.926+0000] {dag.py:3456} INFO - Setting next_dagrun for example_external_task_marker_child to None, run_after=None
[2023-04-16T00:57:51.932+0000] {logging_mixin.py:137} INFO - [2023-04-16T00:57:51.932+0000] {dag.py:3456} INFO - Setting next_dagrun for example_external_task_marker_parent to None, run_after=None
[2023-04-16T00:57:51.952+0000] {processor.py:175} INFO - Processing /home/airflow/.local/lib/python3.7/site-packages/airflow/example_dags/example_external_task_marker_dag.py took 0.136 seconds
[2023-04-16T00:58:22.046+0000] {processor.py:153} INFO - Started process (PID=950) to work on /home/airflow/.local/lib/python3.7/site-packages/airflow/example_dags/example_external_task_marker_dag.py
[2023-04-16T00:58:22.047+0000] {processor.py:743} INFO - Processing file /home/airflow/.local/lib/python3.7/site-packages/airflow/example_dags/example_external_task_marker_dag.py for tasks to queue
[2023-04-16T00:58:22.047+0000] {logging_mixin.py:137} INFO - [2023-04-16T00:58:22.047+0000] {dagbag.py:532} INFO - Filling up the DagBag from /home/airflow/.local/lib/python3.7/site-packages/airflow/example_dags/example_external_task_marker_dag.py
[2023-04-16T00:58:22.065+0000] {processor.py:753} INFO - DAG(s) dict_keys(['example_external_task_marker_child', 'example_external_task_marker_parent']) retrieved from /home/airflow/.local/lib/python3.7/site-packages/airflow/example_dags/example_external_task_marker_dag.py
[2023-04-16T00:58:22.099+0000] {logging_mixin.py:137} INFO - [2023-04-16T00:58:22.099+0000] {dag.py:2705} INFO - Sync 2 DAGs
[2023-04-16T00:58:22.140+0000] {logging_mixin.py:137} INFO - [2023-04-16T00:58:22.139+0000] {dag.py:3456} INFO - Setting next_dagrun for example_external_task_marker_child to None, run_after=None
[2023-04-16T00:58:22.144+0000] {logging_mixin.py:137} INFO - [2023-04-16T00:58:22.144+0000] {dag.py:3456} INFO - Setting next_dagrun for example_external_task_marker_parent to None, run_after=None
[2023-04-16T00:58:22.162+0000] {processor.py:175} INFO - Processing /home/airflow/.local/lib/python3.7/site-packages/airflow/example_dags/example_external_task_marker_dag.py took 0.121 seconds
[2023-04-16T00:58:52.375+0000] {processor.py:153} INFO - Started process (PID=1000) to work on /home/airflow/.local/lib/python3.7/site-packages/airflow/example_dags/example_external_task_marker_dag.py
[2023-04-16T00:58:52.375+0000] {processor.py:743} INFO - Processing file /home/airflow/.local/lib/python3.7/site-packages/airflow/example_dags/example_external_task_marker_dag.py for tasks to queue
[2023-04-16T00:58:52.376+0000] {logging_mixin.py:137} INFO - [2023-04-16T00:58:52.376+0000] {dagbag.py:532} INFO - Filling up the DagBag from /home/airflow/.local/lib/python3.7/site-packages/airflow/example_dags/example_external_task_marker_dag.py
[2023-04-16T00:58:52.393+0000] {processor.py:753} INFO - DAG(s) dict_keys(['example_external_task_marker_parent', 'example_external_task_marker_child']) retrieved from /home/airflow/.local/lib/python3.7/site-packages/airflow/example_dags/example_external_task_marker_dag.py
[2023-04-16T00:58:52.432+0000] {logging_mixin.py:137} INFO - [2023-04-16T00:58:52.432+0000] {dag.py:2705} INFO - Sync 2 DAGs
[2023-04-16T00:58:52.474+0000] {logging_mixin.py:137} INFO - [2023-04-16T00:58:52.474+0000] {dag.py:3456} INFO - Setting next_dagrun for example_external_task_marker_child to None, run_after=None
[2023-04-16T00:58:52.479+0000] {logging_mixin.py:137} INFO - [2023-04-16T00:58:52.478+0000] {dag.py:3456} INFO - Setting next_dagrun for example_external_task_marker_parent to None, run_after=None
[2023-04-16T00:58:52.500+0000] {processor.py:175} INFO - Processing /home/airflow/.local/lib/python3.7/site-packages/airflow/example_dags/example_external_task_marker_dag.py took 0.129 seconds
[2023-04-16T00:59:22.617+0000] {processor.py:153} INFO - Started process (PID=1050) to work on /home/airflow/.local/lib/python3.7/site-packages/airflow/example_dags/example_external_task_marker_dag.py
[2023-04-16T00:59:22.618+0000] {processor.py:743} INFO - Processing file /home/airflow/.local/lib/python3.7/site-packages/airflow/example_dags/example_external_task_marker_dag.py for tasks to queue
[2023-04-16T00:59:22.618+0000] {logging_mixin.py:137} INFO - [2023-04-16T00:59:22.618+0000] {dagbag.py:532} INFO - Filling up the DagBag from /home/airflow/.local/lib/python3.7/site-packages/airflow/example_dags/example_external_task_marker_dag.py
[2023-04-16T00:59:22.635+0000] {processor.py:753} INFO - DAG(s) dict_keys(['example_external_task_marker_child', 'example_external_task_marker_parent']) retrieved from /home/airflow/.local/lib/python3.7/site-packages/airflow/example_dags/example_external_task_marker_dag.py
[2023-04-16T00:59:22.669+0000] {logging_mixin.py:137} INFO - [2023-04-16T00:59:22.669+0000] {dag.py:2705} INFO - Sync 2 DAGs
[2023-04-16T00:59:22.710+0000] {logging_mixin.py:137} INFO - [2023-04-16T00:59:22.710+0000] {dag.py:3456} INFO - Setting next_dagrun for example_external_task_marker_child to None, run_after=None
[2023-04-16T00:59:22.715+0000] {logging_mixin.py:137} INFO - [2023-04-16T00:59:22.715+0000] {dag.py:3456} INFO - Setting next_dagrun for example_external_task_marker_parent to None, run_after=None
[2023-04-16T00:59:22.735+0000] {processor.py:175} INFO - Processing /home/airflow/.local/lib/python3.7/site-packages/airflow/example_dags/example_external_task_marker_dag.py took 0.122 seconds
[2023-04-16T00:59:52.829+0000] {processor.py:153} INFO - Started process (PID=1100) to work on /home/airflow/.local/lib/python3.7/site-packages/airflow/example_dags/example_external_task_marker_dag.py
[2023-04-16T00:59:52.830+0000] {processor.py:743} INFO - Processing file /home/airflow/.local/lib/python3.7/site-packages/airflow/example_dags/example_external_task_marker_dag.py for tasks to queue
[2023-04-16T00:59:52.831+0000] {logging_mixin.py:137} INFO - [2023-04-16T00:59:52.831+0000] {dagbag.py:532} INFO - Filling up the DagBag from /home/airflow/.local/lib/python3.7/site-packages/airflow/example_dags/example_external_task_marker_dag.py
[2023-04-16T00:59:52.849+0000] {processor.py:753} INFO - DAG(s) dict_keys(['example_external_task_marker_parent', 'example_external_task_marker_child']) retrieved from /home/airflow/.local/lib/python3.7/site-packages/airflow/example_dags/example_external_task_marker_dag.py
[2023-04-16T00:59:52.892+0000] {logging_mixin.py:137} INFO - [2023-04-16T00:59:52.892+0000] {dag.py:2705} INFO - Sync 2 DAGs
[2023-04-16T00:59:52.933+0000] {logging_mixin.py:137} INFO - [2023-04-16T00:59:52.933+0000] {dag.py:3456} INFO - Setting next_dagrun for example_external_task_marker_child to None, run_after=None
[2023-04-16T00:59:52.937+0000] {logging_mixin.py:137} INFO - [2023-04-16T00:59:52.937+0000] {dag.py:3456} INFO - Setting next_dagrun for example_external_task_marker_parent to None, run_after=None
[2023-04-16T00:59:52.956+0000] {processor.py:175} INFO - Processing /home/airflow/.local/lib/python3.7/site-packages/airflow/example_dags/example_external_task_marker_dag.py took 0.131 seconds
