[2023-04-16T00:49:17.721+0000] {processor.py:153} INFO - Started process (PID=72) to work on /home/airflow/.local/lib/python3.7/site-packages/airflow/example_dags/example_dag_decorator.py
[2023-04-16T00:49:17.722+0000] {processor.py:743} INFO - Processing file /home/airflow/.local/lib/python3.7/site-packages/airflow/example_dags/example_dag_decorator.py for tasks to queue
[2023-04-16T00:49:17.723+0000] {logging_mixin.py:137} INFO - [2023-04-16T00:49:17.722+0000] {dagbag.py:532} INFO - Filling up the DagBag from /home/airflow/.local/lib/python3.7/site-packages/airflow/example_dags/example_dag_decorator.py
[2023-04-16T00:49:17.749+0000] {logging_mixin.py:137} INFO - [2023-04-16T00:49:17.749+0000] {taskmixin.py:211} WARNING - Dependency <Task(_PythonDecoratedOperator): prepare_email>, send_email already registered for DAG: example_dag_decorator
[2023-04-16T00:49:17.749+0000] {logging_mixin.py:137} INFO - [2023-04-16T00:49:17.749+0000] {taskmixin.py:211} WARNING - Dependency <Task(EmailOperator): send_email>, prepare_email already registered for DAG: example_dag_decorator
[2023-04-16T00:49:17.765+0000] {processor.py:753} INFO - DAG(s) dict_keys(['example_dag_decorator']) retrieved from /home/airflow/.local/lib/python3.7/site-packages/airflow/example_dags/example_dag_decorator.py
[2023-04-16T00:49:17.877+0000] {logging_mixin.py:137} INFO - [2023-04-16T00:49:17.877+0000] {dag.py:2705} INFO - Sync 1 DAGs
[2023-04-16T00:49:17.915+0000] {logging_mixin.py:137} INFO - [2023-04-16T00:49:17.915+0000] {dag.py:3456} INFO - Setting next_dagrun for example_dag_decorator to None, run_after=None
[2023-04-16T00:49:17.941+0000] {processor.py:175} INFO - Processing /home/airflow/.local/lib/python3.7/site-packages/airflow/example_dags/example_dag_decorator.py took 0.224 seconds
[2023-04-16T00:49:48.826+0000] {processor.py:153} INFO - Started process (PID=122) to work on /home/airflow/.local/lib/python3.7/site-packages/airflow/example_dags/example_dag_decorator.py
[2023-04-16T00:49:48.827+0000] {processor.py:743} INFO - Processing file /home/airflow/.local/lib/python3.7/site-packages/airflow/example_dags/example_dag_decorator.py for tasks to queue
[2023-04-16T00:49:48.828+0000] {logging_mixin.py:137} INFO - [2023-04-16T00:49:48.827+0000] {dagbag.py:532} INFO - Filling up the DagBag from /home/airflow/.local/lib/python3.7/site-packages/airflow/example_dags/example_dag_decorator.py
[2023-04-16T00:49:48.857+0000] {logging_mixin.py:137} INFO - [2023-04-16T00:49:48.857+0000] {taskmixin.py:211} WARNING - Dependency <Task(_PythonDecoratedOperator): prepare_email>, send_email already registered for DAG: example_dag_decorator
[2023-04-16T00:49:48.858+0000] {logging_mixin.py:137} INFO - [2023-04-16T00:49:48.858+0000] {taskmixin.py:211} WARNING - Dependency <Task(EmailOperator): send_email>, prepare_email already registered for DAG: example_dag_decorator
[2023-04-16T00:49:48.877+0000] {processor.py:753} INFO - DAG(s) dict_keys(['example_dag_decorator']) retrieved from /home/airflow/.local/lib/python3.7/site-packages/airflow/example_dags/example_dag_decorator.py
[2023-04-16T00:49:49.042+0000] {logging_mixin.py:137} INFO - [2023-04-16T00:49:49.042+0000] {dag.py:2705} INFO - Sync 1 DAGs
[2023-04-16T00:49:49.105+0000] {logging_mixin.py:137} INFO - [2023-04-16T00:49:49.105+0000] {dag.py:3456} INFO - Setting next_dagrun for example_dag_decorator to None, run_after=None
[2023-04-16T00:49:49.142+0000] {processor.py:175} INFO - Processing /home/airflow/.local/lib/python3.7/site-packages/airflow/example_dags/example_dag_decorator.py took 0.321 seconds
[2023-04-16T00:50:19.755+0000] {processor.py:153} INFO - Started process (PID=172) to work on /home/airflow/.local/lib/python3.7/site-packages/airflow/example_dags/example_dag_decorator.py
[2023-04-16T00:50:19.756+0000] {processor.py:743} INFO - Processing file /home/airflow/.local/lib/python3.7/site-packages/airflow/example_dags/example_dag_decorator.py for tasks to queue
[2023-04-16T00:50:19.757+0000] {logging_mixin.py:137} INFO - [2023-04-16T00:50:19.757+0000] {dagbag.py:532} INFO - Filling up the DagBag from /home/airflow/.local/lib/python3.7/site-packages/airflow/example_dags/example_dag_decorator.py
[2023-04-16T00:50:19.780+0000] {logging_mixin.py:137} INFO - [2023-04-16T00:50:19.779+0000] {taskmixin.py:211} WARNING - Dependency <Task(_PythonDecoratedOperator): prepare_email>, send_email already registered for DAG: example_dag_decorator
[2023-04-16T00:50:19.780+0000] {logging_mixin.py:137} INFO - [2023-04-16T00:50:19.780+0000] {taskmixin.py:211} WARNING - Dependency <Task(EmailOperator): send_email>, prepare_email already registered for DAG: example_dag_decorator
[2023-04-16T00:50:19.795+0000] {processor.py:753} INFO - DAG(s) dict_keys(['example_dag_decorator']) retrieved from /home/airflow/.local/lib/python3.7/site-packages/airflow/example_dags/example_dag_decorator.py
[2023-04-16T00:50:19.901+0000] {logging_mixin.py:137} INFO - [2023-04-16T00:50:19.901+0000] {dag.py:2705} INFO - Sync 1 DAGs
[2023-04-16T00:50:19.940+0000] {logging_mixin.py:137} INFO - [2023-04-16T00:50:19.940+0000] {dag.py:3456} INFO - Setting next_dagrun for example_dag_decorator to None, run_after=None
[2023-04-16T00:50:19.965+0000] {processor.py:175} INFO - Processing /home/airflow/.local/lib/python3.7/site-packages/airflow/example_dags/example_dag_decorator.py took 0.214 seconds
[2023-04-16T00:50:50.207+0000] {processor.py:153} INFO - Started process (PID=223) to work on /home/airflow/.local/lib/python3.7/site-packages/airflow/example_dags/example_dag_decorator.py
[2023-04-16T00:50:50.208+0000] {processor.py:743} INFO - Processing file /home/airflow/.local/lib/python3.7/site-packages/airflow/example_dags/example_dag_decorator.py for tasks to queue
[2023-04-16T00:50:50.209+0000] {logging_mixin.py:137} INFO - [2023-04-16T00:50:50.209+0000] {dagbag.py:532} INFO - Filling up the DagBag from /home/airflow/.local/lib/python3.7/site-packages/airflow/example_dags/example_dag_decorator.py
[2023-04-16T00:50:50.233+0000] {logging_mixin.py:137} INFO - [2023-04-16T00:50:50.233+0000] {taskmixin.py:211} WARNING - Dependency <Task(_PythonDecoratedOperator): prepare_email>, send_email already registered for DAG: example_dag_decorator
[2023-04-16T00:50:50.233+0000] {logging_mixin.py:137} INFO - [2023-04-16T00:50:50.233+0000] {taskmixin.py:211} WARNING - Dependency <Task(EmailOperator): send_email>, prepare_email already registered for DAG: example_dag_decorator
[2023-04-16T00:50:50.249+0000] {processor.py:753} INFO - DAG(s) dict_keys(['example_dag_decorator']) retrieved from /home/airflow/.local/lib/python3.7/site-packages/airflow/example_dags/example_dag_decorator.py
[2023-04-16T00:50:50.374+0000] {logging_mixin.py:137} INFO - [2023-04-16T00:50:50.374+0000] {dag.py:2705} INFO - Sync 1 DAGs
[2023-04-16T00:50:50.422+0000] {logging_mixin.py:137} INFO - [2023-04-16T00:50:50.422+0000] {dag.py:3456} INFO - Setting next_dagrun for example_dag_decorator to None, run_after=None
[2023-04-16T00:50:50.451+0000] {processor.py:175} INFO - Processing /home/airflow/.local/lib/python3.7/site-packages/airflow/example_dags/example_dag_decorator.py took 0.248 seconds
[2023-04-16T00:51:20.809+0000] {processor.py:153} INFO - Started process (PID=275) to work on /home/airflow/.local/lib/python3.7/site-packages/airflow/example_dags/example_dag_decorator.py
[2023-04-16T00:51:20.810+0000] {processor.py:743} INFO - Processing file /home/airflow/.local/lib/python3.7/site-packages/airflow/example_dags/example_dag_decorator.py for tasks to queue
[2023-04-16T00:51:20.811+0000] {logging_mixin.py:137} INFO - [2023-04-16T00:51:20.810+0000] {dagbag.py:532} INFO - Filling up the DagBag from /home/airflow/.local/lib/python3.7/site-packages/airflow/example_dags/example_dag_decorator.py
[2023-04-16T00:51:20.835+0000] {logging_mixin.py:137} INFO - [2023-04-16T00:51:20.834+0000] {taskmixin.py:211} WARNING - Dependency <Task(_PythonDecoratedOperator): prepare_email>, send_email already registered for DAG: example_dag_decorator
[2023-04-16T00:51:20.835+0000] {logging_mixin.py:137} INFO - [2023-04-16T00:51:20.835+0000] {taskmixin.py:211} WARNING - Dependency <Task(EmailOperator): send_email>, prepare_email already registered for DAG: example_dag_decorator
[2023-04-16T00:51:20.851+0000] {processor.py:753} INFO - DAG(s) dict_keys(['example_dag_decorator']) retrieved from /home/airflow/.local/lib/python3.7/site-packages/airflow/example_dags/example_dag_decorator.py
[2023-04-16T00:51:20.959+0000] {logging_mixin.py:137} INFO - [2023-04-16T00:51:20.959+0000] {dag.py:2705} INFO - Sync 1 DAGs
[2023-04-16T00:51:20.998+0000] {logging_mixin.py:137} INFO - [2023-04-16T00:51:20.998+0000] {dag.py:3456} INFO - Setting next_dagrun for example_dag_decorator to None, run_after=None
[2023-04-16T00:51:21.023+0000] {processor.py:175} INFO - Processing /home/airflow/.local/lib/python3.7/site-packages/airflow/example_dags/example_dag_decorator.py took 0.218 seconds
[2023-04-16T00:51:51.109+0000] {processor.py:153} INFO - Started process (PID=323) to work on /home/airflow/.local/lib/python3.7/site-packages/airflow/example_dags/example_dag_decorator.py
[2023-04-16T00:51:51.111+0000] {processor.py:743} INFO - Processing file /home/airflow/.local/lib/python3.7/site-packages/airflow/example_dags/example_dag_decorator.py for tasks to queue
[2023-04-16T00:51:51.112+0000] {logging_mixin.py:137} INFO - [2023-04-16T00:51:51.112+0000] {dagbag.py:532} INFO - Filling up the DagBag from /home/airflow/.local/lib/python3.7/site-packages/airflow/example_dags/example_dag_decorator.py
[2023-04-16T00:51:51.142+0000] {logging_mixin.py:137} INFO - [2023-04-16T00:51:51.142+0000] {taskmixin.py:211} WARNING - Dependency <Task(_PythonDecoratedOperator): prepare_email>, send_email already registered for DAG: example_dag_decorator
[2023-04-16T00:51:51.142+0000] {logging_mixin.py:137} INFO - [2023-04-16T00:51:51.142+0000] {taskmixin.py:211} WARNING - Dependency <Task(EmailOperator): send_email>, prepare_email already registered for DAG: example_dag_decorator
[2023-04-16T00:51:51.159+0000] {processor.py:753} INFO - DAG(s) dict_keys(['example_dag_decorator']) retrieved from /home/airflow/.local/lib/python3.7/site-packages/airflow/example_dags/example_dag_decorator.py
[2023-04-16T00:51:51.271+0000] {logging_mixin.py:137} INFO - [2023-04-16T00:51:51.270+0000] {dag.py:2705} INFO - Sync 1 DAGs
[2023-04-16T00:51:51.309+0000] {logging_mixin.py:137} INFO - [2023-04-16T00:51:51.308+0000] {dag.py:3456} INFO - Setting next_dagrun for example_dag_decorator to None, run_after=None
[2023-04-16T00:51:51.334+0000] {processor.py:175} INFO - Processing /home/airflow/.local/lib/python3.7/site-packages/airflow/example_dags/example_dag_decorator.py took 0.229 seconds
[2023-04-16T00:52:21.639+0000] {processor.py:153} INFO - Started process (PID=372) to work on /home/airflow/.local/lib/python3.7/site-packages/airflow/example_dags/example_dag_decorator.py
[2023-04-16T00:52:21.644+0000] {processor.py:743} INFO - Processing file /home/airflow/.local/lib/python3.7/site-packages/airflow/example_dags/example_dag_decorator.py for tasks to queue
[2023-04-16T00:52:21.645+0000] {logging_mixin.py:137} INFO - [2023-04-16T00:52:21.644+0000] {dagbag.py:532} INFO - Filling up the DagBag from /home/airflow/.local/lib/python3.7/site-packages/airflow/example_dags/example_dag_decorator.py
[2023-04-16T00:52:21.671+0000] {logging_mixin.py:137} INFO - [2023-04-16T00:52:21.670+0000] {taskmixin.py:211} WARNING - Dependency <Task(_PythonDecoratedOperator): prepare_email>, send_email already registered for DAG: example_dag_decorator
[2023-04-16T00:52:21.671+0000] {logging_mixin.py:137} INFO - [2023-04-16T00:52:21.671+0000] {taskmixin.py:211} WARNING - Dependency <Task(EmailOperator): send_email>, prepare_email already registered for DAG: example_dag_decorator
[2023-04-16T00:52:21.687+0000] {processor.py:753} INFO - DAG(s) dict_keys(['example_dag_decorator']) retrieved from /home/airflow/.local/lib/python3.7/site-packages/airflow/example_dags/example_dag_decorator.py
[2023-04-16T00:52:21.808+0000] {logging_mixin.py:137} INFO - [2023-04-16T00:52:21.808+0000] {dag.py:2705} INFO - Sync 1 DAGs
[2023-04-16T00:52:21.854+0000] {logging_mixin.py:137} INFO - [2023-04-16T00:52:21.854+0000] {dag.py:3456} INFO - Setting next_dagrun for example_dag_decorator to None, run_after=None
[2023-04-16T00:52:21.885+0000] {processor.py:175} INFO - Processing /home/airflow/.local/lib/python3.7/site-packages/airflow/example_dags/example_dag_decorator.py took 0.250 seconds
[2023-04-16T00:52:51.992+0000] {processor.py:153} INFO - Started process (PID=422) to work on /home/airflow/.local/lib/python3.7/site-packages/airflow/example_dags/example_dag_decorator.py
[2023-04-16T00:52:51.993+0000] {processor.py:743} INFO - Processing file /home/airflow/.local/lib/python3.7/site-packages/airflow/example_dags/example_dag_decorator.py for tasks to queue
[2023-04-16T00:52:51.993+0000] {logging_mixin.py:137} INFO - [2023-04-16T00:52:51.993+0000] {dagbag.py:532} INFO - Filling up the DagBag from /home/airflow/.local/lib/python3.7/site-packages/airflow/example_dags/example_dag_decorator.py
[2023-04-16T00:52:52.018+0000] {logging_mixin.py:137} INFO - [2023-04-16T00:52:52.018+0000] {taskmixin.py:211} WARNING - Dependency <Task(_PythonDecoratedOperator): prepare_email>, send_email already registered for DAG: example_dag_decorator
[2023-04-16T00:52:52.018+0000] {logging_mixin.py:137} INFO - [2023-04-16T00:52:52.018+0000] {taskmixin.py:211} WARNING - Dependency <Task(EmailOperator): send_email>, prepare_email already registered for DAG: example_dag_decorator
[2023-04-16T00:52:52.034+0000] {processor.py:753} INFO - DAG(s) dict_keys(['example_dag_decorator']) retrieved from /home/airflow/.local/lib/python3.7/site-packages/airflow/example_dags/example_dag_decorator.py
[2023-04-16T00:52:52.145+0000] {logging_mixin.py:137} INFO - [2023-04-16T00:52:52.145+0000] {dag.py:2705} INFO - Sync 1 DAGs
[2023-04-16T00:52:52.183+0000] {logging_mixin.py:137} INFO - [2023-04-16T00:52:52.183+0000] {dag.py:3456} INFO - Setting next_dagrun for example_dag_decorator to None, run_after=None
[2023-04-16T00:52:52.209+0000] {processor.py:175} INFO - Processing /home/airflow/.local/lib/python3.7/site-packages/airflow/example_dags/example_dag_decorator.py took 0.221 seconds
[2023-04-16T00:53:22.257+0000] {processor.py:153} INFO - Started process (PID=472) to work on /home/airflow/.local/lib/python3.7/site-packages/airflow/example_dags/example_dag_decorator.py
[2023-04-16T00:53:22.258+0000] {processor.py:743} INFO - Processing file /home/airflow/.local/lib/python3.7/site-packages/airflow/example_dags/example_dag_decorator.py for tasks to queue
[2023-04-16T00:53:22.258+0000] {logging_mixin.py:137} INFO - [2023-04-16T00:53:22.258+0000] {dagbag.py:532} INFO - Filling up the DagBag from /home/airflow/.local/lib/python3.7/site-packages/airflow/example_dags/example_dag_decorator.py
[2023-04-16T00:53:22.281+0000] {logging_mixin.py:137} INFO - [2023-04-16T00:53:22.281+0000] {taskmixin.py:211} WARNING - Dependency <Task(_PythonDecoratedOperator): prepare_email>, send_email already registered for DAG: example_dag_decorator
[2023-04-16T00:53:22.281+0000] {logging_mixin.py:137} INFO - [2023-04-16T00:53:22.281+0000] {taskmixin.py:211} WARNING - Dependency <Task(EmailOperator): send_email>, prepare_email already registered for DAG: example_dag_decorator
[2023-04-16T00:53:22.297+0000] {processor.py:753} INFO - DAG(s) dict_keys(['example_dag_decorator']) retrieved from /home/airflow/.local/lib/python3.7/site-packages/airflow/example_dags/example_dag_decorator.py
[2023-04-16T00:53:22.408+0000] {logging_mixin.py:137} INFO - [2023-04-16T00:53:22.407+0000] {dag.py:2705} INFO - Sync 1 DAGs
[2023-04-16T00:53:22.446+0000] {logging_mixin.py:137} INFO - [2023-04-16T00:53:22.446+0000] {dag.py:3456} INFO - Setting next_dagrun for example_dag_decorator to None, run_after=None
[2023-04-16T00:53:22.470+0000] {processor.py:175} INFO - Processing /home/airflow/.local/lib/python3.7/site-packages/airflow/example_dags/example_dag_decorator.py took 0.217 seconds
[2023-04-16T00:53:53.281+0000] {processor.py:153} INFO - Started process (PID=522) to work on /home/airflow/.local/lib/python3.7/site-packages/airflow/example_dags/example_dag_decorator.py
[2023-04-16T00:53:53.282+0000] {processor.py:743} INFO - Processing file /home/airflow/.local/lib/python3.7/site-packages/airflow/example_dags/example_dag_decorator.py for tasks to queue
[2023-04-16T00:53:53.282+0000] {logging_mixin.py:137} INFO - [2023-04-16T00:53:53.282+0000] {dagbag.py:532} INFO - Filling up the DagBag from /home/airflow/.local/lib/python3.7/site-packages/airflow/example_dags/example_dag_decorator.py
[2023-04-16T00:53:53.305+0000] {logging_mixin.py:137} INFO - [2023-04-16T00:53:53.305+0000] {taskmixin.py:211} WARNING - Dependency <Task(_PythonDecoratedOperator): prepare_email>, send_email already registered for DAG: example_dag_decorator
[2023-04-16T00:53:53.305+0000] {logging_mixin.py:137} INFO - [2023-04-16T00:53:53.305+0000] {taskmixin.py:211} WARNING - Dependency <Task(EmailOperator): send_email>, prepare_email already registered for DAG: example_dag_decorator
[2023-04-16T00:53:53.320+0000] {processor.py:753} INFO - DAG(s) dict_keys(['example_dag_decorator']) retrieved from /home/airflow/.local/lib/python3.7/site-packages/airflow/example_dags/example_dag_decorator.py
[2023-04-16T00:53:53.427+0000] {logging_mixin.py:137} INFO - [2023-04-16T00:53:53.427+0000] {dag.py:2705} INFO - Sync 1 DAGs
[2023-04-16T00:53:53.464+0000] {logging_mixin.py:137} INFO - [2023-04-16T00:53:53.464+0000] {dag.py:3456} INFO - Setting next_dagrun for example_dag_decorator to None, run_after=None
[2023-04-16T00:53:53.489+0000] {processor.py:175} INFO - Processing /home/airflow/.local/lib/python3.7/site-packages/airflow/example_dags/example_dag_decorator.py took 0.212 seconds
[2023-04-16T00:54:24.069+0000] {processor.py:153} INFO - Started process (PID=572) to work on /home/airflow/.local/lib/python3.7/site-packages/airflow/example_dags/example_dag_decorator.py
[2023-04-16T00:54:24.070+0000] {processor.py:743} INFO - Processing file /home/airflow/.local/lib/python3.7/site-packages/airflow/example_dags/example_dag_decorator.py for tasks to queue
[2023-04-16T00:54:24.071+0000] {logging_mixin.py:137} INFO - [2023-04-16T00:54:24.071+0000] {dagbag.py:532} INFO - Filling up the DagBag from /home/airflow/.local/lib/python3.7/site-packages/airflow/example_dags/example_dag_decorator.py
[2023-04-16T00:54:24.094+0000] {logging_mixin.py:137} INFO - [2023-04-16T00:54:24.093+0000] {taskmixin.py:211} WARNING - Dependency <Task(_PythonDecoratedOperator): prepare_email>, send_email already registered for DAG: example_dag_decorator
[2023-04-16T00:54:24.094+0000] {logging_mixin.py:137} INFO - [2023-04-16T00:54:24.094+0000] {taskmixin.py:211} WARNING - Dependency <Task(EmailOperator): send_email>, prepare_email already registered for DAG: example_dag_decorator
[2023-04-16T00:54:24.110+0000] {processor.py:753} INFO - DAG(s) dict_keys(['example_dag_decorator']) retrieved from /home/airflow/.local/lib/python3.7/site-packages/airflow/example_dags/example_dag_decorator.py
[2023-04-16T00:54:24.219+0000] {logging_mixin.py:137} INFO - [2023-04-16T00:54:24.219+0000] {dag.py:2705} INFO - Sync 1 DAGs
[2023-04-16T00:54:24.258+0000] {logging_mixin.py:137} INFO - [2023-04-16T00:54:24.258+0000] {dag.py:3456} INFO - Setting next_dagrun for example_dag_decorator to None, run_after=None
[2023-04-16T00:54:24.282+0000] {processor.py:175} INFO - Processing /home/airflow/.local/lib/python3.7/site-packages/airflow/example_dags/example_dag_decorator.py took 0.218 seconds
[2023-04-16T00:54:54.501+0000] {processor.py:153} INFO - Started process (PID=621) to work on /home/airflow/.local/lib/python3.7/site-packages/airflow/example_dags/example_dag_decorator.py
[2023-04-16T00:54:54.502+0000] {processor.py:743} INFO - Processing file /home/airflow/.local/lib/python3.7/site-packages/airflow/example_dags/example_dag_decorator.py for tasks to queue
[2023-04-16T00:54:54.504+0000] {logging_mixin.py:137} INFO - [2023-04-16T00:54:54.503+0000] {dagbag.py:532} INFO - Filling up the DagBag from /home/airflow/.local/lib/python3.7/site-packages/airflow/example_dags/example_dag_decorator.py
[2023-04-16T00:54:54.530+0000] {logging_mixin.py:137} INFO - [2023-04-16T00:54:54.530+0000] {taskmixin.py:211} WARNING - Dependency <Task(_PythonDecoratedOperator): prepare_email>, send_email already registered for DAG: example_dag_decorator
[2023-04-16T00:54:54.530+0000] {logging_mixin.py:137} INFO - [2023-04-16T00:54:54.530+0000] {taskmixin.py:211} WARNING - Dependency <Task(EmailOperator): send_email>, prepare_email already registered for DAG: example_dag_decorator
[2023-04-16T00:54:54.550+0000] {processor.py:753} INFO - DAG(s) dict_keys(['example_dag_decorator']) retrieved from /home/airflow/.local/lib/python3.7/site-packages/airflow/example_dags/example_dag_decorator.py
[2023-04-16T00:54:54.690+0000] {logging_mixin.py:137} INFO - [2023-04-16T00:54:54.690+0000] {dag.py:2705} INFO - Sync 1 DAGs
[2023-04-16T00:54:54.729+0000] {logging_mixin.py:137} INFO - [2023-04-16T00:54:54.729+0000] {dag.py:3456} INFO - Setting next_dagrun for example_dag_decorator to None, run_after=None
[2023-04-16T00:54:54.752+0000] {processor.py:175} INFO - Processing /home/airflow/.local/lib/python3.7/site-packages/airflow/example_dags/example_dag_decorator.py took 0.256 seconds
[2023-04-16T00:55:24.863+0000] {processor.py:153} INFO - Started process (PID=671) to work on /home/airflow/.local/lib/python3.7/site-packages/airflow/example_dags/example_dag_decorator.py
[2023-04-16T00:55:24.864+0000] {processor.py:743} INFO - Processing file /home/airflow/.local/lib/python3.7/site-packages/airflow/example_dags/example_dag_decorator.py for tasks to queue
[2023-04-16T00:55:24.865+0000] {logging_mixin.py:137} INFO - [2023-04-16T00:55:24.864+0000] {dagbag.py:532} INFO - Filling up the DagBag from /home/airflow/.local/lib/python3.7/site-packages/airflow/example_dags/example_dag_decorator.py
[2023-04-16T00:55:24.895+0000] {logging_mixin.py:137} INFO - [2023-04-16T00:55:24.894+0000] {taskmixin.py:211} WARNING - Dependency <Task(_PythonDecoratedOperator): prepare_email>, send_email already registered for DAG: example_dag_decorator
[2023-04-16T00:55:24.895+0000] {logging_mixin.py:137} INFO - [2023-04-16T00:55:24.895+0000] {taskmixin.py:211} WARNING - Dependency <Task(EmailOperator): send_email>, prepare_email already registered for DAG: example_dag_decorator
[2023-04-16T00:55:24.911+0000] {processor.py:753} INFO - DAG(s) dict_keys(['example_dag_decorator']) retrieved from /home/airflow/.local/lib/python3.7/site-packages/airflow/example_dags/example_dag_decorator.py
[2023-04-16T00:55:25.027+0000] {logging_mixin.py:137} INFO - [2023-04-16T00:55:25.027+0000] {dag.py:2705} INFO - Sync 1 DAGs
[2023-04-16T00:55:25.067+0000] {logging_mixin.py:137} INFO - [2023-04-16T00:55:25.067+0000] {dag.py:3456} INFO - Setting next_dagrun for example_dag_decorator to None, run_after=None
[2023-04-16T00:55:25.094+0000] {processor.py:175} INFO - Processing /home/airflow/.local/lib/python3.7/site-packages/airflow/example_dags/example_dag_decorator.py took 0.235 seconds
[2023-04-16T00:55:55.173+0000] {processor.py:153} INFO - Started process (PID=721) to work on /home/airflow/.local/lib/python3.7/site-packages/airflow/example_dags/example_dag_decorator.py
[2023-04-16T00:55:55.174+0000] {processor.py:743} INFO - Processing file /home/airflow/.local/lib/python3.7/site-packages/airflow/example_dags/example_dag_decorator.py for tasks to queue
[2023-04-16T00:55:55.175+0000] {logging_mixin.py:137} INFO - [2023-04-16T00:55:55.175+0000] {dagbag.py:532} INFO - Filling up the DagBag from /home/airflow/.local/lib/python3.7/site-packages/airflow/example_dags/example_dag_decorator.py
[2023-04-16T00:55:55.198+0000] {logging_mixin.py:137} INFO - [2023-04-16T00:55:55.198+0000] {taskmixin.py:211} WARNING - Dependency <Task(_PythonDecoratedOperator): prepare_email>, send_email already registered for DAG: example_dag_decorator
[2023-04-16T00:55:55.198+0000] {logging_mixin.py:137} INFO - [2023-04-16T00:55:55.198+0000] {taskmixin.py:211} WARNING - Dependency <Task(EmailOperator): send_email>, prepare_email already registered for DAG: example_dag_decorator
[2023-04-16T00:55:55.214+0000] {processor.py:753} INFO - DAG(s) dict_keys(['example_dag_decorator']) retrieved from /home/airflow/.local/lib/python3.7/site-packages/airflow/example_dags/example_dag_decorator.py
[2023-04-16T00:55:55.320+0000] {logging_mixin.py:137} INFO - [2023-04-16T00:55:55.320+0000] {dag.py:2705} INFO - Sync 1 DAGs
[2023-04-16T00:55:55.359+0000] {logging_mixin.py:137} INFO - [2023-04-16T00:55:55.358+0000] {dag.py:3456} INFO - Setting next_dagrun for example_dag_decorator to None, run_after=None
[2023-04-16T00:55:55.383+0000] {processor.py:175} INFO - Processing /home/airflow/.local/lib/python3.7/site-packages/airflow/example_dags/example_dag_decorator.py took 0.214 seconds
[2023-04-16T00:56:25.447+0000] {processor.py:153} INFO - Started process (PID=771) to work on /home/airflow/.local/lib/python3.7/site-packages/airflow/example_dags/example_dag_decorator.py
[2023-04-16T00:56:25.448+0000] {processor.py:743} INFO - Processing file /home/airflow/.local/lib/python3.7/site-packages/airflow/example_dags/example_dag_decorator.py for tasks to queue
[2023-04-16T00:56:25.448+0000] {logging_mixin.py:137} INFO - [2023-04-16T00:56:25.448+0000] {dagbag.py:532} INFO - Filling up the DagBag from /home/airflow/.local/lib/python3.7/site-packages/airflow/example_dags/example_dag_decorator.py
[2023-04-16T00:56:25.472+0000] {logging_mixin.py:137} INFO - [2023-04-16T00:56:25.472+0000] {taskmixin.py:211} WARNING - Dependency <Task(_PythonDecoratedOperator): prepare_email>, send_email already registered for DAG: example_dag_decorator
[2023-04-16T00:56:25.472+0000] {logging_mixin.py:137} INFO - [2023-04-16T00:56:25.472+0000] {taskmixin.py:211} WARNING - Dependency <Task(EmailOperator): send_email>, prepare_email already registered for DAG: example_dag_decorator
[2023-04-16T00:56:25.489+0000] {processor.py:753} INFO - DAG(s) dict_keys(['example_dag_decorator']) retrieved from /home/airflow/.local/lib/python3.7/site-packages/airflow/example_dags/example_dag_decorator.py
[2023-04-16T00:56:25.608+0000] {logging_mixin.py:137} INFO - [2023-04-16T00:56:25.608+0000] {dag.py:2705} INFO - Sync 1 DAGs
[2023-04-16T00:56:25.649+0000] {logging_mixin.py:137} INFO - [2023-04-16T00:56:25.649+0000] {dag.py:3456} INFO - Setting next_dagrun for example_dag_decorator to None, run_after=None
[2023-04-16T00:56:25.680+0000] {processor.py:175} INFO - Processing /home/airflow/.local/lib/python3.7/site-packages/airflow/example_dags/example_dag_decorator.py took 0.237 seconds
[2023-04-16T00:56:56.033+0000] {processor.py:153} INFO - Started process (PID=821) to work on /home/airflow/.local/lib/python3.7/site-packages/airflow/example_dags/example_dag_decorator.py
[2023-04-16T00:56:56.034+0000] {processor.py:743} INFO - Processing file /home/airflow/.local/lib/python3.7/site-packages/airflow/example_dags/example_dag_decorator.py for tasks to queue
[2023-04-16T00:56:56.035+0000] {logging_mixin.py:137} INFO - [2023-04-16T00:56:56.035+0000] {dagbag.py:532} INFO - Filling up the DagBag from /home/airflow/.local/lib/python3.7/site-packages/airflow/example_dags/example_dag_decorator.py
[2023-04-16T00:56:56.059+0000] {logging_mixin.py:137} INFO - [2023-04-16T00:56:56.058+0000] {taskmixin.py:211} WARNING - Dependency <Task(_PythonDecoratedOperator): prepare_email>, send_email already registered for DAG: example_dag_decorator
[2023-04-16T00:56:56.059+0000] {logging_mixin.py:137} INFO - [2023-04-16T00:56:56.059+0000] {taskmixin.py:211} WARNING - Dependency <Task(EmailOperator): send_email>, prepare_email already registered for DAG: example_dag_decorator
[2023-04-16T00:56:56.074+0000] {processor.py:753} INFO - DAG(s) dict_keys(['example_dag_decorator']) retrieved from /home/airflow/.local/lib/python3.7/site-packages/airflow/example_dags/example_dag_decorator.py
[2023-04-16T00:56:56.189+0000] {logging_mixin.py:137} INFO - [2023-04-16T00:56:56.189+0000] {dag.py:2705} INFO - Sync 1 DAGs
[2023-04-16T00:56:56.236+0000] {logging_mixin.py:137} INFO - [2023-04-16T00:56:56.236+0000] {dag.py:3456} INFO - Setting next_dagrun for example_dag_decorator to None, run_after=None
[2023-04-16T00:56:56.262+0000] {processor.py:175} INFO - Processing /home/airflow/.local/lib/python3.7/site-packages/airflow/example_dags/example_dag_decorator.py took 0.233 seconds
[2023-04-16T00:57:26.351+0000] {processor.py:153} INFO - Started process (PID=871) to work on /home/airflow/.local/lib/python3.7/site-packages/airflow/example_dags/example_dag_decorator.py
[2023-04-16T00:57:26.352+0000] {processor.py:743} INFO - Processing file /home/airflow/.local/lib/python3.7/site-packages/airflow/example_dags/example_dag_decorator.py for tasks to queue
[2023-04-16T00:57:26.353+0000] {logging_mixin.py:137} INFO - [2023-04-16T00:57:26.353+0000] {dagbag.py:532} INFO - Filling up the DagBag from /home/airflow/.local/lib/python3.7/site-packages/airflow/example_dags/example_dag_decorator.py
[2023-04-16T00:57:26.382+0000] {logging_mixin.py:137} INFO - [2023-04-16T00:57:26.382+0000] {taskmixin.py:211} WARNING - Dependency <Task(_PythonDecoratedOperator): prepare_email>, send_email already registered for DAG: example_dag_decorator
[2023-04-16T00:57:26.382+0000] {logging_mixin.py:137} INFO - [2023-04-16T00:57:26.382+0000] {taskmixin.py:211} WARNING - Dependency <Task(EmailOperator): send_email>, prepare_email already registered for DAG: example_dag_decorator
[2023-04-16T00:57:26.398+0000] {processor.py:753} INFO - DAG(s) dict_keys(['example_dag_decorator']) retrieved from /home/airflow/.local/lib/python3.7/site-packages/airflow/example_dags/example_dag_decorator.py
[2023-04-16T00:57:26.507+0000] {logging_mixin.py:137} INFO - [2023-04-16T00:57:26.507+0000] {dag.py:2705} INFO - Sync 1 DAGs
[2023-04-16T00:57:26.545+0000] {logging_mixin.py:137} INFO - [2023-04-16T00:57:26.545+0000] {dag.py:3456} INFO - Setting next_dagrun for example_dag_decorator to None, run_after=None
[2023-04-16T00:57:26.571+0000] {processor.py:175} INFO - Processing /home/airflow/.local/lib/python3.7/site-packages/airflow/example_dags/example_dag_decorator.py took 0.224 seconds
[2023-04-16T00:57:56.926+0000] {processor.py:153} INFO - Started process (PID=924) to work on /home/airflow/.local/lib/python3.7/site-packages/airflow/example_dags/example_dag_decorator.py
[2023-04-16T00:57:56.930+0000] {processor.py:743} INFO - Processing file /home/airflow/.local/lib/python3.7/site-packages/airflow/example_dags/example_dag_decorator.py for tasks to queue
[2023-04-16T00:57:56.932+0000] {logging_mixin.py:137} INFO - [2023-04-16T00:57:56.931+0000] {dagbag.py:532} INFO - Filling up the DagBag from /home/airflow/.local/lib/python3.7/site-packages/airflow/example_dags/example_dag_decorator.py
[2023-04-16T00:57:56.974+0000] {logging_mixin.py:137} INFO - [2023-04-16T00:57:56.973+0000] {taskmixin.py:211} WARNING - Dependency <Task(_PythonDecoratedOperator): prepare_email>, send_email already registered for DAG: example_dag_decorator
[2023-04-16T00:57:56.974+0000] {logging_mixin.py:137} INFO - [2023-04-16T00:57:56.974+0000] {taskmixin.py:211} WARNING - Dependency <Task(EmailOperator): send_email>, prepare_email already registered for DAG: example_dag_decorator
[2023-04-16T00:57:56.998+0000] {processor.py:753} INFO - DAG(s) dict_keys(['example_dag_decorator']) retrieved from /home/airflow/.local/lib/python3.7/site-packages/airflow/example_dags/example_dag_decorator.py
[2023-04-16T00:57:57.153+0000] {logging_mixin.py:137} INFO - [2023-04-16T00:57:57.153+0000] {dag.py:2705} INFO - Sync 1 DAGs
[2023-04-16T00:57:57.210+0000] {logging_mixin.py:137} INFO - [2023-04-16T00:57:57.209+0000] {dag.py:3456} INFO - Setting next_dagrun for example_dag_decorator to None, run_after=None
[2023-04-16T00:57:57.259+0000] {processor.py:175} INFO - Processing /home/airflow/.local/lib/python3.7/site-packages/airflow/example_dags/example_dag_decorator.py took 0.339 seconds
[2023-04-16T00:58:28.127+0000] {processor.py:153} INFO - Started process (PID=975) to work on /home/airflow/.local/lib/python3.7/site-packages/airflow/example_dags/example_dag_decorator.py
[2023-04-16T00:58:28.128+0000] {processor.py:743} INFO - Processing file /home/airflow/.local/lib/python3.7/site-packages/airflow/example_dags/example_dag_decorator.py for tasks to queue
[2023-04-16T00:58:28.129+0000] {logging_mixin.py:137} INFO - [2023-04-16T00:58:28.129+0000] {dagbag.py:532} INFO - Filling up the DagBag from /home/airflow/.local/lib/python3.7/site-packages/airflow/example_dags/example_dag_decorator.py
[2023-04-16T00:58:28.158+0000] {logging_mixin.py:137} INFO - [2023-04-16T00:58:28.158+0000] {taskmixin.py:211} WARNING - Dependency <Task(_PythonDecoratedOperator): prepare_email>, send_email already registered for DAG: example_dag_decorator
[2023-04-16T00:58:28.158+0000] {logging_mixin.py:137} INFO - [2023-04-16T00:58:28.158+0000] {taskmixin.py:211} WARNING - Dependency <Task(EmailOperator): send_email>, prepare_email already registered for DAG: example_dag_decorator
[2023-04-16T00:58:28.173+0000] {processor.py:753} INFO - DAG(s) dict_keys(['example_dag_decorator']) retrieved from /home/airflow/.local/lib/python3.7/site-packages/airflow/example_dags/example_dag_decorator.py
[2023-04-16T00:58:28.281+0000] {logging_mixin.py:137} INFO - [2023-04-16T00:58:28.281+0000] {dag.py:2705} INFO - Sync 1 DAGs
[2023-04-16T00:58:28.317+0000] {logging_mixin.py:137} INFO - [2023-04-16T00:58:28.317+0000] {dag.py:3456} INFO - Setting next_dagrun for example_dag_decorator to None, run_after=None
[2023-04-16T00:58:28.350+0000] {processor.py:175} INFO - Processing /home/airflow/.local/lib/python3.7/site-packages/airflow/example_dags/example_dag_decorator.py took 0.232 seconds
[2023-04-16T00:58:59.349+0000] {processor.py:153} INFO - Started process (PID=1032) to work on /home/airflow/.local/lib/python3.7/site-packages/airflow/example_dags/example_dag_decorator.py
[2023-04-16T00:58:59.350+0000] {processor.py:743} INFO - Processing file /home/airflow/.local/lib/python3.7/site-packages/airflow/example_dags/example_dag_decorator.py for tasks to queue
[2023-04-16T00:58:59.351+0000] {logging_mixin.py:137} INFO - [2023-04-16T00:58:59.350+0000] {dagbag.py:532} INFO - Filling up the DagBag from /home/airflow/.local/lib/python3.7/site-packages/airflow/example_dags/example_dag_decorator.py
[2023-04-16T00:58:59.373+0000] {logging_mixin.py:137} INFO - [2023-04-16T00:58:59.373+0000] {taskmixin.py:211} WARNING - Dependency <Task(_PythonDecoratedOperator): prepare_email>, send_email already registered for DAG: example_dag_decorator
[2023-04-16T00:58:59.373+0000] {logging_mixin.py:137} INFO - [2023-04-16T00:58:59.373+0000] {taskmixin.py:211} WARNING - Dependency <Task(EmailOperator): send_email>, prepare_email already registered for DAG: example_dag_decorator
[2023-04-16T00:58:59.388+0000] {processor.py:753} INFO - DAG(s) dict_keys(['example_dag_decorator']) retrieved from /home/airflow/.local/lib/python3.7/site-packages/airflow/example_dags/example_dag_decorator.py
[2023-04-16T00:58:59.498+0000] {logging_mixin.py:137} INFO - [2023-04-16T00:58:59.498+0000] {dag.py:2705} INFO - Sync 1 DAGs
[2023-04-16T00:58:59.537+0000] {logging_mixin.py:137} INFO - [2023-04-16T00:58:59.537+0000] {dag.py:3456} INFO - Setting next_dagrun for example_dag_decorator to None, run_after=None
[2023-04-16T00:58:59.573+0000] {processor.py:175} INFO - Processing /home/airflow/.local/lib/python3.7/site-packages/airflow/example_dags/example_dag_decorator.py took 0.228 seconds
[2023-04-16T00:59:29.679+0000] {processor.py:153} INFO - Started process (PID=1082) to work on /home/airflow/.local/lib/python3.7/site-packages/airflow/example_dags/example_dag_decorator.py
[2023-04-16T00:59:29.681+0000] {processor.py:743} INFO - Processing file /home/airflow/.local/lib/python3.7/site-packages/airflow/example_dags/example_dag_decorator.py for tasks to queue
[2023-04-16T00:59:29.682+0000] {logging_mixin.py:137} INFO - [2023-04-16T00:59:29.682+0000] {dagbag.py:532} INFO - Filling up the DagBag from /home/airflow/.local/lib/python3.7/site-packages/airflow/example_dags/example_dag_decorator.py
[2023-04-16T00:59:29.721+0000] {logging_mixin.py:137} INFO - [2023-04-16T00:59:29.721+0000] {taskmixin.py:211} WARNING - Dependency <Task(_PythonDecoratedOperator): prepare_email>, send_email already registered for DAG: example_dag_decorator
[2023-04-16T00:59:29.722+0000] {logging_mixin.py:137} INFO - [2023-04-16T00:59:29.722+0000] {taskmixin.py:211} WARNING - Dependency <Task(EmailOperator): send_email>, prepare_email already registered for DAG: example_dag_decorator
[2023-04-16T00:59:29.738+0000] {processor.py:753} INFO - DAG(s) dict_keys(['example_dag_decorator']) retrieved from /home/airflow/.local/lib/python3.7/site-packages/airflow/example_dags/example_dag_decorator.py
[2023-04-16T00:59:29.864+0000] {logging_mixin.py:137} INFO - [2023-04-16T00:59:29.864+0000] {dag.py:2705} INFO - Sync 1 DAGs
[2023-04-16T00:59:29.903+0000] {logging_mixin.py:137} INFO - [2023-04-16T00:59:29.903+0000] {dag.py:3456} INFO - Setting next_dagrun for example_dag_decorator to None, run_after=None
[2023-04-16T00:59:29.931+0000] {processor.py:175} INFO - Processing /home/airflow/.local/lib/python3.7/site-packages/airflow/example_dags/example_dag_decorator.py took 0.259 seconds
[2023-04-16T01:00:00.001+0000] {processor.py:153} INFO - Started process (PID=1133) to work on /home/airflow/.local/lib/python3.7/site-packages/airflow/example_dags/example_dag_decorator.py
[2023-04-16T01:00:00.003+0000] {processor.py:743} INFO - Processing file /home/airflow/.local/lib/python3.7/site-packages/airflow/example_dags/example_dag_decorator.py for tasks to queue
[2023-04-16T01:00:00.004+0000] {logging_mixin.py:137} INFO - [2023-04-16T01:00:00.004+0000] {dagbag.py:532} INFO - Filling up the DagBag from /home/airflow/.local/lib/python3.7/site-packages/airflow/example_dags/example_dag_decorator.py
[2023-04-16T01:00:00.042+0000] {logging_mixin.py:137} INFO - [2023-04-16T01:00:00.042+0000] {taskmixin.py:211} WARNING - Dependency <Task(_PythonDecoratedOperator): prepare_email>, send_email already registered for DAG: example_dag_decorator
[2023-04-16T01:00:00.042+0000] {logging_mixin.py:137} INFO - [2023-04-16T01:00:00.042+0000] {taskmixin.py:211} WARNING - Dependency <Task(EmailOperator): send_email>, prepare_email already registered for DAG: example_dag_decorator
[2023-04-16T01:00:00.057+0000] {processor.py:753} INFO - DAG(s) dict_keys(['example_dag_decorator']) retrieved from /home/airflow/.local/lib/python3.7/site-packages/airflow/example_dags/example_dag_decorator.py
[2023-04-16T01:00:00.164+0000] {logging_mixin.py:137} INFO - [2023-04-16T01:00:00.164+0000] {dag.py:2705} INFO - Sync 1 DAGs
[2023-04-16T01:00:00.205+0000] {logging_mixin.py:137} INFO - [2023-04-16T01:00:00.205+0000] {dag.py:3456} INFO - Setting next_dagrun for example_dag_decorator to None, run_after=None
[2023-04-16T01:00:00.240+0000] {processor.py:175} INFO - Processing /home/airflow/.local/lib/python3.7/site-packages/airflow/example_dags/example_dag_decorator.py took 0.248 seconds
