[2023-04-16T00:49:13.964+0000] {processor.py:153} INFO - Started process (PID=38) to work on /home/airflow/.local/lib/python3.7/site-packages/airflow/example_dags/example_xcomargs.py
[2023-04-16T00:49:13.964+0000] {processor.py:743} INFO - Processing file /home/airflow/.local/lib/python3.7/site-packages/airflow/example_dags/example_xcomargs.py for tasks to queue
[2023-04-16T00:49:13.965+0000] {logging_mixin.py:137} INFO - [2023-04-16T00:49:13.965+0000] {dagbag.py:532} INFO - Filling up the DagBag from /home/airflow/.local/lib/python3.7/site-packages/airflow/example_dags/example_xcomargs.py
[2023-04-16T00:49:14.011+0000] {processor.py:753} INFO - DAG(s) dict_keys(['example_xcom_args', 'example_xcom_args_with_operators']) retrieved from /home/airflow/.local/lib/python3.7/site-packages/airflow/example_dags/example_xcomargs.py
[2023-04-16T00:49:14.051+0000] {logging_mixin.py:137} INFO - [2023-04-16T00:49:14.051+0000] {dag.py:2705} INFO - Sync 2 DAGs
[2023-04-16T00:49:14.093+0000] {logging_mixin.py:137} INFO - [2023-04-16T00:49:14.093+0000] {dag.py:3456} INFO - Setting next_dagrun for example_xcom_args to None, run_after=None
[2023-04-16T00:49:14.097+0000] {logging_mixin.py:137} INFO - [2023-04-16T00:49:14.097+0000] {dag.py:3456} INFO - Setting next_dagrun for example_xcom_args_with_operators to None, run_after=None
[2023-04-16T00:49:14.122+0000] {processor.py:175} INFO - Processing /home/airflow/.local/lib/python3.7/site-packages/airflow/example_dags/example_xcomargs.py took 0.163 seconds
[2023-04-16T00:49:44.361+0000] {processor.py:153} INFO - Started process (PID=88) to work on /home/airflow/.local/lib/python3.7/site-packages/airflow/example_dags/example_xcomargs.py
[2023-04-16T00:49:44.362+0000] {processor.py:743} INFO - Processing file /home/airflow/.local/lib/python3.7/site-packages/airflow/example_dags/example_xcomargs.py for tasks to queue
[2023-04-16T00:49:44.363+0000] {logging_mixin.py:137} INFO - [2023-04-16T00:49:44.363+0000] {dagbag.py:532} INFO - Filling up the DagBag from /home/airflow/.local/lib/python3.7/site-packages/airflow/example_dags/example_xcomargs.py
[2023-04-16T00:49:44.395+0000] {processor.py:753} INFO - DAG(s) dict_keys(['example_xcom_args', 'example_xcom_args_with_operators']) retrieved from /home/airflow/.local/lib/python3.7/site-packages/airflow/example_dags/example_xcomargs.py
[2023-04-16T00:49:44.432+0000] {logging_mixin.py:137} INFO - [2023-04-16T00:49:44.432+0000] {dag.py:2705} INFO - Sync 2 DAGs
[2023-04-16T00:49:44.474+0000] {logging_mixin.py:137} INFO - [2023-04-16T00:49:44.473+0000] {dag.py:3456} INFO - Setting next_dagrun for example_xcom_args to None, run_after=None
[2023-04-16T00:49:44.478+0000] {logging_mixin.py:137} INFO - [2023-04-16T00:49:44.478+0000] {dag.py:3456} INFO - Setting next_dagrun for example_xcom_args_with_operators to None, run_after=None
[2023-04-16T00:49:44.497+0000] {processor.py:175} INFO - Processing /home/airflow/.local/lib/python3.7/site-packages/airflow/example_dags/example_xcomargs.py took 0.140 seconds
[2023-04-16T00:50:14.651+0000] {processor.py:153} INFO - Started process (PID=138) to work on /home/airflow/.local/lib/python3.7/site-packages/airflow/example_dags/example_xcomargs.py
[2023-04-16T00:50:14.652+0000] {processor.py:743} INFO - Processing file /home/airflow/.local/lib/python3.7/site-packages/airflow/example_dags/example_xcomargs.py for tasks to queue
[2023-04-16T00:50:14.653+0000] {logging_mixin.py:137} INFO - [2023-04-16T00:50:14.653+0000] {dagbag.py:532} INFO - Filling up the DagBag from /home/airflow/.local/lib/python3.7/site-packages/airflow/example_dags/example_xcomargs.py
[2023-04-16T00:50:14.685+0000] {processor.py:753} INFO - DAG(s) dict_keys(['example_xcom_args', 'example_xcom_args_with_operators']) retrieved from /home/airflow/.local/lib/python3.7/site-packages/airflow/example_dags/example_xcomargs.py
[2023-04-16T00:50:14.725+0000] {logging_mixin.py:137} INFO - [2023-04-16T00:50:14.725+0000] {dag.py:2705} INFO - Sync 2 DAGs
[2023-04-16T00:50:14.764+0000] {logging_mixin.py:137} INFO - [2023-04-16T00:50:14.764+0000] {dag.py:3456} INFO - Setting next_dagrun for example_xcom_args to None, run_after=None
[2023-04-16T00:50:14.769+0000] {logging_mixin.py:137} INFO - [2023-04-16T00:50:14.769+0000] {dag.py:3456} INFO - Setting next_dagrun for example_xcom_args_with_operators to None, run_after=None
[2023-04-16T00:50:14.788+0000] {processor.py:175} INFO - Processing /home/airflow/.local/lib/python3.7/site-packages/airflow/example_dags/example_xcomargs.py took 0.140 seconds
[2023-04-16T00:50:45.044+0000] {processor.py:153} INFO - Started process (PID=188) to work on /home/airflow/.local/lib/python3.7/site-packages/airflow/example_dags/example_xcomargs.py
[2023-04-16T00:50:45.045+0000] {processor.py:743} INFO - Processing file /home/airflow/.local/lib/python3.7/site-packages/airflow/example_dags/example_xcomargs.py for tasks to queue
[2023-04-16T00:50:45.046+0000] {logging_mixin.py:137} INFO - [2023-04-16T00:50:45.046+0000] {dagbag.py:532} INFO - Filling up the DagBag from /home/airflow/.local/lib/python3.7/site-packages/airflow/example_dags/example_xcomargs.py
[2023-04-16T00:50:45.093+0000] {processor.py:753} INFO - DAG(s) dict_keys(['example_xcom_args', 'example_xcom_args_with_operators']) retrieved from /home/airflow/.local/lib/python3.7/site-packages/airflow/example_dags/example_xcomargs.py
[2023-04-16T00:50:45.169+0000] {logging_mixin.py:137} INFO - [2023-04-16T00:50:45.169+0000] {dag.py:2705} INFO - Sync 2 DAGs
[2023-04-16T00:50:45.215+0000] {logging_mixin.py:137} INFO - [2023-04-16T00:50:45.215+0000] {dag.py:3456} INFO - Setting next_dagrun for example_xcom_args to None, run_after=None
[2023-04-16T00:50:45.220+0000] {logging_mixin.py:137} INFO - [2023-04-16T00:50:45.220+0000] {dag.py:3456} INFO - Setting next_dagrun for example_xcom_args_with_operators to None, run_after=None
[2023-04-16T00:50:45.252+0000] {processor.py:175} INFO - Processing /home/airflow/.local/lib/python3.7/site-packages/airflow/example_dags/example_xcomargs.py took 0.212 seconds
[2023-04-16T00:51:15.814+0000] {processor.py:153} INFO - Started process (PID=238) to work on /home/airflow/.local/lib/python3.7/site-packages/airflow/example_dags/example_xcomargs.py
[2023-04-16T00:51:15.815+0000] {processor.py:743} INFO - Processing file /home/airflow/.local/lib/python3.7/site-packages/airflow/example_dags/example_xcomargs.py for tasks to queue
[2023-04-16T00:51:15.816+0000] {logging_mixin.py:137} INFO - [2023-04-16T00:51:15.815+0000] {dagbag.py:532} INFO - Filling up the DagBag from /home/airflow/.local/lib/python3.7/site-packages/airflow/example_dags/example_xcomargs.py
[2023-04-16T00:51:15.849+0000] {processor.py:753} INFO - DAG(s) dict_keys(['example_xcom_args_with_operators', 'example_xcom_args']) retrieved from /home/airflow/.local/lib/python3.7/site-packages/airflow/example_dags/example_xcomargs.py
[2023-04-16T00:51:15.885+0000] {logging_mixin.py:137} INFO - [2023-04-16T00:51:15.885+0000] {dag.py:2705} INFO - Sync 2 DAGs
[2023-04-16T00:51:15.926+0000] {logging_mixin.py:137} INFO - [2023-04-16T00:51:15.926+0000] {dag.py:3456} INFO - Setting next_dagrun for example_xcom_args to None, run_after=None
[2023-04-16T00:51:15.931+0000] {logging_mixin.py:137} INFO - [2023-04-16T00:51:15.931+0000] {dag.py:3456} INFO - Setting next_dagrun for example_xcom_args_with_operators to None, run_after=None
[2023-04-16T00:51:15.951+0000] {processor.py:175} INFO - Processing /home/airflow/.local/lib/python3.7/site-packages/airflow/example_dags/example_xcomargs.py took 0.142 seconds
[2023-04-16T00:51:45.976+0000] {processor.py:153} INFO - Started process (PID=288) to work on /home/airflow/.local/lib/python3.7/site-packages/airflow/example_dags/example_xcomargs.py
[2023-04-16T00:51:45.977+0000] {processor.py:743} INFO - Processing file /home/airflow/.local/lib/python3.7/site-packages/airflow/example_dags/example_xcomargs.py for tasks to queue
[2023-04-16T00:51:45.978+0000] {logging_mixin.py:137} INFO - [2023-04-16T00:51:45.978+0000] {dagbag.py:532} INFO - Filling up the DagBag from /home/airflow/.local/lib/python3.7/site-packages/airflow/example_dags/example_xcomargs.py
[2023-04-16T00:51:46.010+0000] {processor.py:753} INFO - DAG(s) dict_keys(['example_xcom_args', 'example_xcom_args_with_operators']) retrieved from /home/airflow/.local/lib/python3.7/site-packages/airflow/example_dags/example_xcomargs.py
[2023-04-16T00:51:46.045+0000] {logging_mixin.py:137} INFO - [2023-04-16T00:51:46.045+0000] {dag.py:2705} INFO - Sync 2 DAGs
[2023-04-16T00:51:46.086+0000] {logging_mixin.py:137} INFO - [2023-04-16T00:51:46.086+0000] {dag.py:3456} INFO - Setting next_dagrun for example_xcom_args to None, run_after=None
[2023-04-16T00:51:46.091+0000] {logging_mixin.py:137} INFO - [2023-04-16T00:51:46.091+0000] {dag.py:3456} INFO - Setting next_dagrun for example_xcom_args_with_operators to None, run_after=None
[2023-04-16T00:51:46.110+0000] {processor.py:175} INFO - Processing /home/airflow/.local/lib/python3.7/site-packages/airflow/example_dags/example_xcomargs.py took 0.137 seconds
[2023-04-16T00:52:16.381+0000] {processor.py:153} INFO - Started process (PID=338) to work on /home/airflow/.local/lib/python3.7/site-packages/airflow/example_dags/example_xcomargs.py
[2023-04-16T00:52:16.381+0000] {processor.py:743} INFO - Processing file /home/airflow/.local/lib/python3.7/site-packages/airflow/example_dags/example_xcomargs.py for tasks to queue
[2023-04-16T00:52:16.382+0000] {logging_mixin.py:137} INFO - [2023-04-16T00:52:16.382+0000] {dagbag.py:532} INFO - Filling up the DagBag from /home/airflow/.local/lib/python3.7/site-packages/airflow/example_dags/example_xcomargs.py
[2023-04-16T00:52:16.414+0000] {processor.py:753} INFO - DAG(s) dict_keys(['example_xcom_args', 'example_xcom_args_with_operators']) retrieved from /home/airflow/.local/lib/python3.7/site-packages/airflow/example_dags/example_xcomargs.py
[2023-04-16T00:52:16.452+0000] {logging_mixin.py:137} INFO - [2023-04-16T00:52:16.452+0000] {dag.py:2705} INFO - Sync 2 DAGs
[2023-04-16T00:52:16.492+0000] {logging_mixin.py:137} INFO - [2023-04-16T00:52:16.492+0000] {dag.py:3456} INFO - Setting next_dagrun for example_xcom_args to None, run_after=None
[2023-04-16T00:52:16.496+0000] {logging_mixin.py:137} INFO - [2023-04-16T00:52:16.496+0000] {dag.py:3456} INFO - Setting next_dagrun for example_xcom_args_with_operators to None, run_after=None
[2023-04-16T00:52:16.516+0000] {processor.py:175} INFO - Processing /home/airflow/.local/lib/python3.7/site-packages/airflow/example_dags/example_xcomargs.py took 0.140 seconds
[2023-04-16T00:52:46.850+0000] {processor.py:153} INFO - Started process (PID=388) to work on /home/airflow/.local/lib/python3.7/site-packages/airflow/example_dags/example_xcomargs.py
[2023-04-16T00:52:46.851+0000] {processor.py:743} INFO - Processing file /home/airflow/.local/lib/python3.7/site-packages/airflow/example_dags/example_xcomargs.py for tasks to queue
[2023-04-16T00:52:46.852+0000] {logging_mixin.py:137} INFO - [2023-04-16T00:52:46.852+0000] {dagbag.py:532} INFO - Filling up the DagBag from /home/airflow/.local/lib/python3.7/site-packages/airflow/example_dags/example_xcomargs.py
[2023-04-16T00:52:46.884+0000] {processor.py:753} INFO - DAG(s) dict_keys(['example_xcom_args', 'example_xcom_args_with_operators']) retrieved from /home/airflow/.local/lib/python3.7/site-packages/airflow/example_dags/example_xcomargs.py
[2023-04-16T00:52:46.921+0000] {logging_mixin.py:137} INFO - [2023-04-16T00:52:46.921+0000] {dag.py:2705} INFO - Sync 2 DAGs
[2023-04-16T00:52:46.962+0000] {logging_mixin.py:137} INFO - [2023-04-16T00:52:46.962+0000] {dag.py:3456} INFO - Setting next_dagrun for example_xcom_args to None, run_after=None
[2023-04-16T00:52:46.967+0000] {logging_mixin.py:137} INFO - [2023-04-16T00:52:46.966+0000] {dag.py:3456} INFO - Setting next_dagrun for example_xcom_args_with_operators to None, run_after=None
[2023-04-16T00:52:46.987+0000] {processor.py:175} INFO - Processing /home/airflow/.local/lib/python3.7/site-packages/airflow/example_dags/example_xcomargs.py took 0.141 seconds
[2023-04-16T00:53:17.271+0000] {processor.py:153} INFO - Started process (PID=438) to work on /home/airflow/.local/lib/python3.7/site-packages/airflow/example_dags/example_xcomargs.py
[2023-04-16T00:53:17.272+0000] {processor.py:743} INFO - Processing file /home/airflow/.local/lib/python3.7/site-packages/airflow/example_dags/example_xcomargs.py for tasks to queue
[2023-04-16T00:53:17.272+0000] {logging_mixin.py:137} INFO - [2023-04-16T00:53:17.272+0000] {dagbag.py:532} INFO - Filling up the DagBag from /home/airflow/.local/lib/python3.7/site-packages/airflow/example_dags/example_xcomargs.py
[2023-04-16T00:53:17.305+0000] {processor.py:753} INFO - DAG(s) dict_keys(['example_xcom_args', 'example_xcom_args_with_operators']) retrieved from /home/airflow/.local/lib/python3.7/site-packages/airflow/example_dags/example_xcomargs.py
[2023-04-16T00:53:17.344+0000] {logging_mixin.py:137} INFO - [2023-04-16T00:53:17.344+0000] {dag.py:2705} INFO - Sync 2 DAGs
[2023-04-16T00:53:17.398+0000] {logging_mixin.py:137} INFO - [2023-04-16T00:53:17.398+0000] {dag.py:3456} INFO - Setting next_dagrun for example_xcom_args to None, run_after=None
[2023-04-16T00:53:17.403+0000] {logging_mixin.py:137} INFO - [2023-04-16T00:53:17.402+0000] {dag.py:3456} INFO - Setting next_dagrun for example_xcom_args_with_operators to None, run_after=None
[2023-04-16T00:53:17.425+0000] {processor.py:175} INFO - Processing /home/airflow/.local/lib/python3.7/site-packages/airflow/example_dags/example_xcomargs.py took 0.158 seconds
[2023-04-16T00:53:47.510+0000] {processor.py:153} INFO - Started process (PID=488) to work on /home/airflow/.local/lib/python3.7/site-packages/airflow/example_dags/example_xcomargs.py
[2023-04-16T00:53:47.511+0000] {processor.py:743} INFO - Processing file /home/airflow/.local/lib/python3.7/site-packages/airflow/example_dags/example_xcomargs.py for tasks to queue
[2023-04-16T00:53:47.512+0000] {logging_mixin.py:137} INFO - [2023-04-16T00:53:47.512+0000] {dagbag.py:532} INFO - Filling up the DagBag from /home/airflow/.local/lib/python3.7/site-packages/airflow/example_dags/example_xcomargs.py
[2023-04-16T00:53:47.544+0000] {processor.py:753} INFO - DAG(s) dict_keys(['example_xcom_args', 'example_xcom_args_with_operators']) retrieved from /home/airflow/.local/lib/python3.7/site-packages/airflow/example_dags/example_xcomargs.py
[2023-04-16T00:53:47.582+0000] {logging_mixin.py:137} INFO - [2023-04-16T00:53:47.582+0000] {dag.py:2705} INFO - Sync 2 DAGs
[2023-04-16T00:53:47.622+0000] {logging_mixin.py:137} INFO - [2023-04-16T00:53:47.622+0000] {dag.py:3456} INFO - Setting next_dagrun for example_xcom_args to None, run_after=None
[2023-04-16T00:53:47.627+0000] {logging_mixin.py:137} INFO - [2023-04-16T00:53:47.626+0000] {dag.py:3456} INFO - Setting next_dagrun for example_xcom_args_with_operators to None, run_after=None
[2023-04-16T00:53:47.646+0000] {processor.py:175} INFO - Processing /home/airflow/.local/lib/python3.7/site-packages/airflow/example_dags/example_xcomargs.py took 0.140 seconds
[2023-04-16T00:54:18.073+0000] {processor.py:153} INFO - Started process (PID=538) to work on /home/airflow/.local/lib/python3.7/site-packages/airflow/example_dags/example_xcomargs.py
[2023-04-16T00:54:18.074+0000] {processor.py:743} INFO - Processing file /home/airflow/.local/lib/python3.7/site-packages/airflow/example_dags/example_xcomargs.py for tasks to queue
[2023-04-16T00:54:18.075+0000] {logging_mixin.py:137} INFO - [2023-04-16T00:54:18.075+0000] {dagbag.py:532} INFO - Filling up the DagBag from /home/airflow/.local/lib/python3.7/site-packages/airflow/example_dags/example_xcomargs.py
[2023-04-16T00:54:18.108+0000] {processor.py:753} INFO - DAG(s) dict_keys(['example_xcom_args_with_operators', 'example_xcom_args']) retrieved from /home/airflow/.local/lib/python3.7/site-packages/airflow/example_dags/example_xcomargs.py
[2023-04-16T00:54:18.144+0000] {logging_mixin.py:137} INFO - [2023-04-16T00:54:18.144+0000] {dag.py:2705} INFO - Sync 2 DAGs
[2023-04-16T00:54:18.184+0000] {logging_mixin.py:137} INFO - [2023-04-16T00:54:18.184+0000] {dag.py:3456} INFO - Setting next_dagrun for example_xcom_args to None, run_after=None
[2023-04-16T00:54:18.188+0000] {logging_mixin.py:137} INFO - [2023-04-16T00:54:18.188+0000] {dag.py:3456} INFO - Setting next_dagrun for example_xcom_args_with_operators to None, run_after=None
[2023-04-16T00:54:18.207+0000] {processor.py:175} INFO - Processing /home/airflow/.local/lib/python3.7/site-packages/airflow/example_dags/example_xcomargs.py took 0.137 seconds
[2023-04-16T00:54:48.322+0000] {processor.py:153} INFO - Started process (PID=587) to work on /home/airflow/.local/lib/python3.7/site-packages/airflow/example_dags/example_xcomargs.py
[2023-04-16T00:54:48.323+0000] {processor.py:743} INFO - Processing file /home/airflow/.local/lib/python3.7/site-packages/airflow/example_dags/example_xcomargs.py for tasks to queue
[2023-04-16T00:54:48.324+0000] {logging_mixin.py:137} INFO - [2023-04-16T00:54:48.324+0000] {dagbag.py:532} INFO - Filling up the DagBag from /home/airflow/.local/lib/python3.7/site-packages/airflow/example_dags/example_xcomargs.py
[2023-04-16T00:54:48.355+0000] {processor.py:753} INFO - DAG(s) dict_keys(['example_xcom_args', 'example_xcom_args_with_operators']) retrieved from /home/airflow/.local/lib/python3.7/site-packages/airflow/example_dags/example_xcomargs.py
[2023-04-16T00:54:48.390+0000] {logging_mixin.py:137} INFO - [2023-04-16T00:54:48.390+0000] {dag.py:2705} INFO - Sync 2 DAGs
[2023-04-16T00:54:48.429+0000] {logging_mixin.py:137} INFO - [2023-04-16T00:54:48.429+0000] {dag.py:3456} INFO - Setting next_dagrun for example_xcom_args to None, run_after=None
[2023-04-16T00:54:48.435+0000] {logging_mixin.py:137} INFO - [2023-04-16T00:54:48.435+0000] {dag.py:3456} INFO - Setting next_dagrun for example_xcom_args_with_operators to None, run_after=None
[2023-04-16T00:54:48.453+0000] {processor.py:175} INFO - Processing /home/airflow/.local/lib/python3.7/site-packages/airflow/example_dags/example_xcomargs.py took 0.134 seconds
[2023-04-16T00:55:18.811+0000] {processor.py:153} INFO - Started process (PID=637) to work on /home/airflow/.local/lib/python3.7/site-packages/airflow/example_dags/example_xcomargs.py
[2023-04-16T00:55:18.812+0000] {processor.py:743} INFO - Processing file /home/airflow/.local/lib/python3.7/site-packages/airflow/example_dags/example_xcomargs.py for tasks to queue
[2023-04-16T00:55:18.813+0000] {logging_mixin.py:137} INFO - [2023-04-16T00:55:18.813+0000] {dagbag.py:532} INFO - Filling up the DagBag from /home/airflow/.local/lib/python3.7/site-packages/airflow/example_dags/example_xcomargs.py
[2023-04-16T00:55:18.847+0000] {processor.py:753} INFO - DAG(s) dict_keys(['example_xcom_args_with_operators', 'example_xcom_args']) retrieved from /home/airflow/.local/lib/python3.7/site-packages/airflow/example_dags/example_xcomargs.py
[2023-04-16T00:55:18.884+0000] {logging_mixin.py:137} INFO - [2023-04-16T00:55:18.884+0000] {dag.py:2705} INFO - Sync 2 DAGs
[2023-04-16T00:55:18.926+0000] {logging_mixin.py:137} INFO - [2023-04-16T00:55:18.926+0000] {dag.py:3456} INFO - Setting next_dagrun for example_xcom_args to None, run_after=None
[2023-04-16T00:55:18.931+0000] {logging_mixin.py:137} INFO - [2023-04-16T00:55:18.931+0000] {dag.py:3456} INFO - Setting next_dagrun for example_xcom_args_with_operators to None, run_after=None
[2023-04-16T00:55:18.949+0000] {processor.py:175} INFO - Processing /home/airflow/.local/lib/python3.7/site-packages/airflow/example_dags/example_xcomargs.py took 0.142 seconds
[2023-04-16T00:55:49.128+0000] {processor.py:153} INFO - Started process (PID=687) to work on /home/airflow/.local/lib/python3.7/site-packages/airflow/example_dags/example_xcomargs.py
[2023-04-16T00:55:49.129+0000] {processor.py:743} INFO - Processing file /home/airflow/.local/lib/python3.7/site-packages/airflow/example_dags/example_xcomargs.py for tasks to queue
[2023-04-16T00:55:49.130+0000] {logging_mixin.py:137} INFO - [2023-04-16T00:55:49.130+0000] {dagbag.py:532} INFO - Filling up the DagBag from /home/airflow/.local/lib/python3.7/site-packages/airflow/example_dags/example_xcomargs.py
[2023-04-16T00:55:49.166+0000] {processor.py:753} INFO - DAG(s) dict_keys(['example_xcom_args', 'example_xcom_args_with_operators']) retrieved from /home/airflow/.local/lib/python3.7/site-packages/airflow/example_dags/example_xcomargs.py
[2023-04-16T00:55:49.205+0000] {logging_mixin.py:137} INFO - [2023-04-16T00:55:49.205+0000] {dag.py:2705} INFO - Sync 2 DAGs
[2023-04-16T00:55:49.245+0000] {logging_mixin.py:137} INFO - [2023-04-16T00:55:49.245+0000] {dag.py:3456} INFO - Setting next_dagrun for example_xcom_args to None, run_after=None
[2023-04-16T00:55:49.250+0000] {logging_mixin.py:137} INFO - [2023-04-16T00:55:49.249+0000] {dag.py:3456} INFO - Setting next_dagrun for example_xcom_args_with_operators to None, run_after=None
[2023-04-16T00:55:49.272+0000] {processor.py:175} INFO - Processing /home/airflow/.local/lib/python3.7/site-packages/airflow/example_dags/example_xcomargs.py took 0.148 seconds
[2023-04-16T00:56:19.400+0000] {processor.py:153} INFO - Started process (PID=737) to work on /home/airflow/.local/lib/python3.7/site-packages/airflow/example_dags/example_xcomargs.py
[2023-04-16T00:56:19.403+0000] {processor.py:743} INFO - Processing file /home/airflow/.local/lib/python3.7/site-packages/airflow/example_dags/example_xcomargs.py for tasks to queue
[2023-04-16T00:56:19.404+0000] {logging_mixin.py:137} INFO - [2023-04-16T00:56:19.404+0000] {dagbag.py:532} INFO - Filling up the DagBag from /home/airflow/.local/lib/python3.7/site-packages/airflow/example_dags/example_xcomargs.py
[2023-04-16T00:56:19.440+0000] {processor.py:753} INFO - DAG(s) dict_keys(['example_xcom_args', 'example_xcom_args_with_operators']) retrieved from /home/airflow/.local/lib/python3.7/site-packages/airflow/example_dags/example_xcomargs.py
[2023-04-16T00:56:19.482+0000] {logging_mixin.py:137} INFO - [2023-04-16T00:56:19.481+0000] {dag.py:2705} INFO - Sync 2 DAGs
[2023-04-16T00:56:19.525+0000] {logging_mixin.py:137} INFO - [2023-04-16T00:56:19.525+0000] {dag.py:3456} INFO - Setting next_dagrun for example_xcom_args to None, run_after=None
[2023-04-16T00:56:19.533+0000] {logging_mixin.py:137} INFO - [2023-04-16T00:56:19.533+0000] {dag.py:3456} INFO - Setting next_dagrun for example_xcom_args_with_operators to None, run_after=None
[2023-04-16T00:56:19.559+0000] {processor.py:175} INFO - Processing /home/airflow/.local/lib/python3.7/site-packages/airflow/example_dags/example_xcomargs.py took 0.164 seconds
[2023-04-16T00:56:49.699+0000] {processor.py:153} INFO - Started process (PID=787) to work on /home/airflow/.local/lib/python3.7/site-packages/airflow/example_dags/example_xcomargs.py
[2023-04-16T00:56:49.701+0000] {processor.py:743} INFO - Processing file /home/airflow/.local/lib/python3.7/site-packages/airflow/example_dags/example_xcomargs.py for tasks to queue
[2023-04-16T00:56:49.702+0000] {logging_mixin.py:137} INFO - [2023-04-16T00:56:49.702+0000] {dagbag.py:532} INFO - Filling up the DagBag from /home/airflow/.local/lib/python3.7/site-packages/airflow/example_dags/example_xcomargs.py
[2023-04-16T00:56:49.743+0000] {processor.py:753} INFO - DAG(s) dict_keys(['example_xcom_args', 'example_xcom_args_with_operators']) retrieved from /home/airflow/.local/lib/python3.7/site-packages/airflow/example_dags/example_xcomargs.py
[2023-04-16T00:56:49.792+0000] {logging_mixin.py:137} INFO - [2023-04-16T00:56:49.792+0000] {dag.py:2705} INFO - Sync 2 DAGs
[2023-04-16T00:56:49.842+0000] {logging_mixin.py:137} INFO - [2023-04-16T00:56:49.841+0000] {dag.py:3456} INFO - Setting next_dagrun for example_xcom_args to None, run_after=None
[2023-04-16T00:56:49.847+0000] {logging_mixin.py:137} INFO - [2023-04-16T00:56:49.847+0000] {dag.py:3456} INFO - Setting next_dagrun for example_xcom_args_with_operators to None, run_after=None
[2023-04-16T00:56:49.869+0000] {processor.py:175} INFO - Processing /home/airflow/.local/lib/python3.7/site-packages/airflow/example_dags/example_xcomargs.py took 0.175 seconds
[2023-04-16T00:57:20.303+0000] {processor.py:153} INFO - Started process (PID=837) to work on /home/airflow/.local/lib/python3.7/site-packages/airflow/example_dags/example_xcomargs.py
[2023-04-16T00:57:20.304+0000] {processor.py:743} INFO - Processing file /home/airflow/.local/lib/python3.7/site-packages/airflow/example_dags/example_xcomargs.py for tasks to queue
[2023-04-16T00:57:20.305+0000] {logging_mixin.py:137} INFO - [2023-04-16T00:57:20.305+0000] {dagbag.py:532} INFO - Filling up the DagBag from /home/airflow/.local/lib/python3.7/site-packages/airflow/example_dags/example_xcomargs.py
[2023-04-16T00:57:20.339+0000] {processor.py:753} INFO - DAG(s) dict_keys(['example_xcom_args', 'example_xcom_args_with_operators']) retrieved from /home/airflow/.local/lib/python3.7/site-packages/airflow/example_dags/example_xcomargs.py
[2023-04-16T00:57:20.374+0000] {logging_mixin.py:137} INFO - [2023-04-16T00:57:20.374+0000] {dag.py:2705} INFO - Sync 2 DAGs
[2023-04-16T00:57:20.415+0000] {logging_mixin.py:137} INFO - [2023-04-16T00:57:20.415+0000] {dag.py:3456} INFO - Setting next_dagrun for example_xcom_args to None, run_after=None
[2023-04-16T00:57:20.419+0000] {logging_mixin.py:137} INFO - [2023-04-16T00:57:20.419+0000] {dag.py:3456} INFO - Setting next_dagrun for example_xcom_args_with_operators to None, run_after=None
[2023-04-16T00:57:20.437+0000] {processor.py:175} INFO - Processing /home/airflow/.local/lib/python3.7/site-packages/airflow/example_dags/example_xcomargs.py took 0.138 seconds
[2023-04-16T00:57:50.604+0000] {processor.py:153} INFO - Started process (PID=887) to work on /home/airflow/.local/lib/python3.7/site-packages/airflow/example_dags/example_xcomargs.py
[2023-04-16T00:57:50.605+0000] {processor.py:743} INFO - Processing file /home/airflow/.local/lib/python3.7/site-packages/airflow/example_dags/example_xcomargs.py for tasks to queue
[2023-04-16T00:57:50.605+0000] {logging_mixin.py:137} INFO - [2023-04-16T00:57:50.605+0000] {dagbag.py:532} INFO - Filling up the DagBag from /home/airflow/.local/lib/python3.7/site-packages/airflow/example_dags/example_xcomargs.py
[2023-04-16T00:57:50.636+0000] {processor.py:753} INFO - DAG(s) dict_keys(['example_xcom_args', 'example_xcom_args_with_operators']) retrieved from /home/airflow/.local/lib/python3.7/site-packages/airflow/example_dags/example_xcomargs.py
[2023-04-16T00:57:50.673+0000] {logging_mixin.py:137} INFO - [2023-04-16T00:57:50.672+0000] {dag.py:2705} INFO - Sync 2 DAGs
[2023-04-16T00:57:50.713+0000] {logging_mixin.py:137} INFO - [2023-04-16T00:57:50.712+0000] {dag.py:3456} INFO - Setting next_dagrun for example_xcom_args to None, run_after=None
[2023-04-16T00:57:50.717+0000] {logging_mixin.py:137} INFO - [2023-04-16T00:57:50.717+0000] {dag.py:3456} INFO - Setting next_dagrun for example_xcom_args_with_operators to None, run_after=None
[2023-04-16T00:57:50.742+0000] {processor.py:175} INFO - Processing /home/airflow/.local/lib/python3.7/site-packages/airflow/example_dags/example_xcomargs.py took 0.142 seconds
[2023-04-16T00:58:20.842+0000] {processor.py:153} INFO - Started process (PID=937) to work on /home/airflow/.local/lib/python3.7/site-packages/airflow/example_dags/example_xcomargs.py
[2023-04-16T00:58:20.842+0000] {processor.py:743} INFO - Processing file /home/airflow/.local/lib/python3.7/site-packages/airflow/example_dags/example_xcomargs.py for tasks to queue
[2023-04-16T00:58:20.843+0000] {logging_mixin.py:137} INFO - [2023-04-16T00:58:20.843+0000] {dagbag.py:532} INFO - Filling up the DagBag from /home/airflow/.local/lib/python3.7/site-packages/airflow/example_dags/example_xcomargs.py
[2023-04-16T00:58:20.874+0000] {processor.py:753} INFO - DAG(s) dict_keys(['example_xcom_args', 'example_xcom_args_with_operators']) retrieved from /home/airflow/.local/lib/python3.7/site-packages/airflow/example_dags/example_xcomargs.py
[2023-04-16T00:58:20.911+0000] {logging_mixin.py:137} INFO - [2023-04-16T00:58:20.911+0000] {dag.py:2705} INFO - Sync 2 DAGs
[2023-04-16T00:58:20.952+0000] {logging_mixin.py:137} INFO - [2023-04-16T00:58:20.951+0000] {dag.py:3456} INFO - Setting next_dagrun for example_xcom_args to None, run_after=None
[2023-04-16T00:58:20.956+0000] {logging_mixin.py:137} INFO - [2023-04-16T00:58:20.956+0000] {dag.py:3456} INFO - Setting next_dagrun for example_xcom_args_with_operators to None, run_after=None
[2023-04-16T00:58:20.975+0000] {processor.py:175} INFO - Processing /home/airflow/.local/lib/python3.7/site-packages/airflow/example_dags/example_xcomargs.py took 0.137 seconds
[2023-04-16T00:58:51.089+0000] {processor.py:153} INFO - Started process (PID=987) to work on /home/airflow/.local/lib/python3.7/site-packages/airflow/example_dags/example_xcomargs.py
[2023-04-16T00:58:51.090+0000] {processor.py:743} INFO - Processing file /home/airflow/.local/lib/python3.7/site-packages/airflow/example_dags/example_xcomargs.py for tasks to queue
[2023-04-16T00:58:51.091+0000] {logging_mixin.py:137} INFO - [2023-04-16T00:58:51.090+0000] {dagbag.py:532} INFO - Filling up the DagBag from /home/airflow/.local/lib/python3.7/site-packages/airflow/example_dags/example_xcomargs.py
[2023-04-16T00:58:51.122+0000] {processor.py:753} INFO - DAG(s) dict_keys(['example_xcom_args', 'example_xcom_args_with_operators']) retrieved from /home/airflow/.local/lib/python3.7/site-packages/airflow/example_dags/example_xcomargs.py
[2023-04-16T00:58:51.158+0000] {logging_mixin.py:137} INFO - [2023-04-16T00:58:51.157+0000] {dag.py:2705} INFO - Sync 2 DAGs
[2023-04-16T00:58:51.202+0000] {logging_mixin.py:137} INFO - [2023-04-16T00:58:51.202+0000] {dag.py:3456} INFO - Setting next_dagrun for example_xcom_args to None, run_after=None
[2023-04-16T00:58:51.206+0000] {logging_mixin.py:137} INFO - [2023-04-16T00:58:51.206+0000] {dag.py:3456} INFO - Setting next_dagrun for example_xcom_args_with_operators to None, run_after=None
[2023-04-16T00:58:51.227+0000] {processor.py:175} INFO - Processing /home/airflow/.local/lib/python3.7/site-packages/airflow/example_dags/example_xcomargs.py took 0.142 seconds
[2023-04-16T00:59:21.396+0000] {processor.py:153} INFO - Started process (PID=1037) to work on /home/airflow/.local/lib/python3.7/site-packages/airflow/example_dags/example_xcomargs.py
[2023-04-16T00:59:21.396+0000] {processor.py:743} INFO - Processing file /home/airflow/.local/lib/python3.7/site-packages/airflow/example_dags/example_xcomargs.py for tasks to queue
[2023-04-16T00:59:21.397+0000] {logging_mixin.py:137} INFO - [2023-04-16T00:59:21.397+0000] {dagbag.py:532} INFO - Filling up the DagBag from /home/airflow/.local/lib/python3.7/site-packages/airflow/example_dags/example_xcomargs.py
[2023-04-16T00:59:21.428+0000] {processor.py:753} INFO - DAG(s) dict_keys(['example_xcom_args_with_operators', 'example_xcom_args']) retrieved from /home/airflow/.local/lib/python3.7/site-packages/airflow/example_dags/example_xcomargs.py
[2023-04-16T00:59:21.464+0000] {logging_mixin.py:137} INFO - [2023-04-16T00:59:21.464+0000] {dag.py:2705} INFO - Sync 2 DAGs
[2023-04-16T00:59:21.504+0000] {logging_mixin.py:137} INFO - [2023-04-16T00:59:21.504+0000] {dag.py:3456} INFO - Setting next_dagrun for example_xcom_args to None, run_after=None
[2023-04-16T00:59:21.508+0000] {logging_mixin.py:137} INFO - [2023-04-16T00:59:21.508+0000] {dag.py:3456} INFO - Setting next_dagrun for example_xcom_args_with_operators to None, run_after=None
[2023-04-16T00:59:21.540+0000] {processor.py:175} INFO - Processing /home/airflow/.local/lib/python3.7/site-packages/airflow/example_dags/example_xcomargs.py took 0.148 seconds
[2023-04-16T00:59:51.599+0000] {processor.py:153} INFO - Started process (PID=1087) to work on /home/airflow/.local/lib/python3.7/site-packages/airflow/example_dags/example_xcomargs.py
[2023-04-16T00:59:51.600+0000] {processor.py:743} INFO - Processing file /home/airflow/.local/lib/python3.7/site-packages/airflow/example_dags/example_xcomargs.py for tasks to queue
[2023-04-16T00:59:51.601+0000] {logging_mixin.py:137} INFO - [2023-04-16T00:59:51.601+0000] {dagbag.py:532} INFO - Filling up the DagBag from /home/airflow/.local/lib/python3.7/site-packages/airflow/example_dags/example_xcomargs.py
[2023-04-16T00:59:51.633+0000] {processor.py:753} INFO - DAG(s) dict_keys(['example_xcom_args_with_operators', 'example_xcom_args']) retrieved from /home/airflow/.local/lib/python3.7/site-packages/airflow/example_dags/example_xcomargs.py
[2023-04-16T00:59:51.669+0000] {logging_mixin.py:137} INFO - [2023-04-16T00:59:51.669+0000] {dag.py:2705} INFO - Sync 2 DAGs
[2023-04-16T00:59:51.708+0000] {logging_mixin.py:137} INFO - [2023-04-16T00:59:51.708+0000] {dag.py:3456} INFO - Setting next_dagrun for example_xcom_args to None, run_after=None
[2023-04-16T00:59:51.713+0000] {logging_mixin.py:137} INFO - [2023-04-16T00:59:51.713+0000] {dag.py:3456} INFO - Setting next_dagrun for example_xcom_args_with_operators to None, run_after=None
[2023-04-16T00:59:51.730+0000] {processor.py:175} INFO - Processing /home/airflow/.local/lib/python3.7/site-packages/airflow/example_dags/example_xcomargs.py took 0.135 seconds
