[2023-04-16T00:49:15.191+0000] {processor.py:153} INFO - Started process (PID=50) to work on /home/airflow/.local/lib/python3.7/site-packages/airflow/example_dags/example_short_circuit_decorator.py
[2023-04-16T00:49:15.192+0000] {processor.py:743} INFO - Processing file /home/airflow/.local/lib/python3.7/site-packages/airflow/example_dags/example_short_circuit_decorator.py for tasks to queue
[2023-04-16T00:49:15.193+0000] {logging_mixin.py:137} INFO - [2023-04-16T00:49:15.193+0000] {dagbag.py:532} INFO - Filling up the DagBag from /home/airflow/.local/lib/python3.7/site-packages/airflow/example_dags/example_short_circuit_decorator.py
[2023-04-16T00:49:15.241+0000] {processor.py:753} INFO - DAG(s) dict_keys(['example_short_circuit_decorator']) retrieved from /home/airflow/.local/lib/python3.7/site-packages/airflow/example_dags/example_short_circuit_decorator.py
[2023-04-16T00:49:15.286+0000] {logging_mixin.py:137} INFO - [2023-04-16T00:49:15.286+0000] {dag.py:2705} INFO - Sync 1 DAGs
[2023-04-16T00:49:15.329+0000] {logging_mixin.py:137} INFO - [2023-04-16T00:49:15.329+0000] {dag.py:3456} INFO - Setting next_dagrun for example_short_circuit_decorator to 2023-04-15T00:49:15.328707+00:00, run_after=2023-04-16T00:49:15.328707+00:00
[2023-04-16T00:49:15.356+0000] {processor.py:175} INFO - Processing /home/airflow/.local/lib/python3.7/site-packages/airflow/example_dags/example_short_circuit_decorator.py took 0.169 seconds
[2023-04-16T00:49:45.463+0000] {processor.py:153} INFO - Started process (PID=100) to work on /home/airflow/.local/lib/python3.7/site-packages/airflow/example_dags/example_short_circuit_decorator.py
[2023-04-16T00:49:45.464+0000] {processor.py:743} INFO - Processing file /home/airflow/.local/lib/python3.7/site-packages/airflow/example_dags/example_short_circuit_decorator.py for tasks to queue
[2023-04-16T00:49:45.465+0000] {logging_mixin.py:137} INFO - [2023-04-16T00:49:45.464+0000] {dagbag.py:532} INFO - Filling up the DagBag from /home/airflow/.local/lib/python3.7/site-packages/airflow/example_dags/example_short_circuit_decorator.py
[2023-04-16T00:49:45.498+0000] {processor.py:753} INFO - DAG(s) dict_keys(['example_short_circuit_decorator']) retrieved from /home/airflow/.local/lib/python3.7/site-packages/airflow/example_dags/example_short_circuit_decorator.py
[2023-04-16T00:49:45.534+0000] {logging_mixin.py:137} INFO - [2023-04-16T00:49:45.534+0000] {dag.py:2705} INFO - Sync 1 DAGs
[2023-04-16T00:49:45.574+0000] {logging_mixin.py:137} INFO - [2023-04-16T00:49:45.574+0000] {dag.py:3456} INFO - Setting next_dagrun for example_short_circuit_decorator to 2023-04-15T00:49:45.573962+00:00, run_after=2023-04-16T00:49:45.573962+00:00
[2023-04-16T00:49:45.603+0000] {processor.py:175} INFO - Processing /home/airflow/.local/lib/python3.7/site-packages/airflow/example_dags/example_short_circuit_decorator.py took 0.144 seconds
[2023-04-16T00:50:15.709+0000] {processor.py:153} INFO - Started process (PID=150) to work on /home/airflow/.local/lib/python3.7/site-packages/airflow/example_dags/example_short_circuit_decorator.py
[2023-04-16T00:50:15.710+0000] {processor.py:743} INFO - Processing file /home/airflow/.local/lib/python3.7/site-packages/airflow/example_dags/example_short_circuit_decorator.py for tasks to queue
[2023-04-16T00:50:15.711+0000] {logging_mixin.py:137} INFO - [2023-04-16T00:50:15.711+0000] {dagbag.py:532} INFO - Filling up the DagBag from /home/airflow/.local/lib/python3.7/site-packages/airflow/example_dags/example_short_circuit_decorator.py
[2023-04-16T00:50:15.745+0000] {processor.py:753} INFO - DAG(s) dict_keys(['example_short_circuit_decorator']) retrieved from /home/airflow/.local/lib/python3.7/site-packages/airflow/example_dags/example_short_circuit_decorator.py
[2023-04-16T00:50:15.782+0000] {logging_mixin.py:137} INFO - [2023-04-16T00:50:15.782+0000] {dag.py:2705} INFO - Sync 1 DAGs
[2023-04-16T00:50:15.820+0000] {logging_mixin.py:137} INFO - [2023-04-16T00:50:15.820+0000] {dag.py:3456} INFO - Setting next_dagrun for example_short_circuit_decorator to 2023-04-15T00:50:15.820205+00:00, run_after=2023-04-16T00:50:15.820205+00:00
[2023-04-16T00:50:15.843+0000] {processor.py:175} INFO - Processing /home/airflow/.local/lib/python3.7/site-packages/airflow/example_dags/example_short_circuit_decorator.py took 0.138 seconds
[2023-04-16T00:50:46.223+0000] {processor.py:153} INFO - Started process (PID=200) to work on /home/airflow/.local/lib/python3.7/site-packages/airflow/example_dags/example_short_circuit_decorator.py
[2023-04-16T00:50:46.224+0000] {processor.py:743} INFO - Processing file /home/airflow/.local/lib/python3.7/site-packages/airflow/example_dags/example_short_circuit_decorator.py for tasks to queue
[2023-04-16T00:50:46.224+0000] {logging_mixin.py:137} INFO - [2023-04-16T00:50:46.224+0000] {dagbag.py:532} INFO - Filling up the DagBag from /home/airflow/.local/lib/python3.7/site-packages/airflow/example_dags/example_short_circuit_decorator.py
[2023-04-16T00:50:46.260+0000] {processor.py:753} INFO - DAG(s) dict_keys(['example_short_circuit_decorator']) retrieved from /home/airflow/.local/lib/python3.7/site-packages/airflow/example_dags/example_short_circuit_decorator.py
[2023-04-16T00:50:46.296+0000] {logging_mixin.py:137} INFO - [2023-04-16T00:50:46.296+0000] {dag.py:2705} INFO - Sync 1 DAGs
[2023-04-16T00:50:46.336+0000] {logging_mixin.py:137} INFO - [2023-04-16T00:50:46.335+0000] {dag.py:3456} INFO - Setting next_dagrun for example_short_circuit_decorator to 2023-04-15T00:50:46.335620+00:00, run_after=2023-04-16T00:50:46.335620+00:00
[2023-04-16T00:50:46.369+0000] {processor.py:175} INFO - Processing /home/airflow/.local/lib/python3.7/site-packages/airflow/example_dags/example_short_circuit_decorator.py took 0.150 seconds
[2023-04-16T00:51:16.907+0000] {processor.py:153} INFO - Started process (PID=250) to work on /home/airflow/.local/lib/python3.7/site-packages/airflow/example_dags/example_short_circuit_decorator.py
[2023-04-16T00:51:16.908+0000] {processor.py:743} INFO - Processing file /home/airflow/.local/lib/python3.7/site-packages/airflow/example_dags/example_short_circuit_decorator.py for tasks to queue
[2023-04-16T00:51:16.908+0000] {logging_mixin.py:137} INFO - [2023-04-16T00:51:16.908+0000] {dagbag.py:532} INFO - Filling up the DagBag from /home/airflow/.local/lib/python3.7/site-packages/airflow/example_dags/example_short_circuit_decorator.py
[2023-04-16T00:51:16.943+0000] {processor.py:753} INFO - DAG(s) dict_keys(['example_short_circuit_decorator']) retrieved from /home/airflow/.local/lib/python3.7/site-packages/airflow/example_dags/example_short_circuit_decorator.py
[2023-04-16T00:51:16.980+0000] {logging_mixin.py:137} INFO - [2023-04-16T00:51:16.980+0000] {dag.py:2705} INFO - Sync 1 DAGs
[2023-04-16T00:51:17.021+0000] {logging_mixin.py:137} INFO - [2023-04-16T00:51:17.021+0000] {dag.py:3456} INFO - Setting next_dagrun for example_short_circuit_decorator to 2023-04-15T00:51:17.021267+00:00, run_after=2023-04-16T00:51:17.021267+00:00
[2023-04-16T00:51:17.044+0000] {processor.py:175} INFO - Processing /home/airflow/.local/lib/python3.7/site-packages/airflow/example_dags/example_short_circuit_decorator.py took 0.142 seconds
[2023-04-16T00:51:47.239+0000] {processor.py:153} INFO - Started process (PID=300) to work on /home/airflow/.local/lib/python3.7/site-packages/airflow/example_dags/example_short_circuit_decorator.py
[2023-04-16T00:51:47.240+0000] {processor.py:743} INFO - Processing file /home/airflow/.local/lib/python3.7/site-packages/airflow/example_dags/example_short_circuit_decorator.py for tasks to queue
[2023-04-16T00:51:47.241+0000] {logging_mixin.py:137} INFO - [2023-04-16T00:51:47.241+0000] {dagbag.py:532} INFO - Filling up the DagBag from /home/airflow/.local/lib/python3.7/site-packages/airflow/example_dags/example_short_circuit_decorator.py
[2023-04-16T00:51:47.275+0000] {processor.py:753} INFO - DAG(s) dict_keys(['example_short_circuit_decorator']) retrieved from /home/airflow/.local/lib/python3.7/site-packages/airflow/example_dags/example_short_circuit_decorator.py
[2023-04-16T00:51:47.312+0000] {logging_mixin.py:137} INFO - [2023-04-16T00:51:47.312+0000] {dag.py:2705} INFO - Sync 1 DAGs
[2023-04-16T00:51:47.352+0000] {logging_mixin.py:137} INFO - [2023-04-16T00:51:47.352+0000] {dag.py:3456} INFO - Setting next_dagrun for example_short_circuit_decorator to 2023-04-15T00:51:47.352511+00:00, run_after=2023-04-16T00:51:47.352511+00:00
[2023-04-16T00:51:47.375+0000] {processor.py:175} INFO - Processing /home/airflow/.local/lib/python3.7/site-packages/airflow/example_dags/example_short_circuit_decorator.py took 0.141 seconds
[2023-04-16T00:52:17.545+0000] {processor.py:153} INFO - Started process (PID=350) to work on /home/airflow/.local/lib/python3.7/site-packages/airflow/example_dags/example_short_circuit_decorator.py
[2023-04-16T00:52:17.547+0000] {processor.py:743} INFO - Processing file /home/airflow/.local/lib/python3.7/site-packages/airflow/example_dags/example_short_circuit_decorator.py for tasks to queue
[2023-04-16T00:52:17.548+0000] {logging_mixin.py:137} INFO - [2023-04-16T00:52:17.548+0000] {dagbag.py:532} INFO - Filling up the DagBag from /home/airflow/.local/lib/python3.7/site-packages/airflow/example_dags/example_short_circuit_decorator.py
[2023-04-16T00:52:17.586+0000] {processor.py:753} INFO - DAG(s) dict_keys(['example_short_circuit_decorator']) retrieved from /home/airflow/.local/lib/python3.7/site-packages/airflow/example_dags/example_short_circuit_decorator.py
[2023-04-16T00:52:17.628+0000] {logging_mixin.py:137} INFO - [2023-04-16T00:52:17.627+0000] {dag.py:2705} INFO - Sync 1 DAGs
[2023-04-16T00:52:17.681+0000] {logging_mixin.py:137} INFO - [2023-04-16T00:52:17.681+0000] {dag.py:3456} INFO - Setting next_dagrun for example_short_circuit_decorator to 2023-04-15T00:52:17.681092+00:00, run_after=2023-04-16T00:52:17.681092+00:00
[2023-04-16T00:52:17.742+0000] {processor.py:175} INFO - Processing /home/airflow/.local/lib/python3.7/site-packages/airflow/example_dags/example_short_circuit_decorator.py took 0.200 seconds
[2023-04-16T00:52:47.884+0000] {processor.py:153} INFO - Started process (PID=400) to work on /home/airflow/.local/lib/python3.7/site-packages/airflow/example_dags/example_short_circuit_decorator.py
[2023-04-16T00:52:47.885+0000] {processor.py:743} INFO - Processing file /home/airflow/.local/lib/python3.7/site-packages/airflow/example_dags/example_short_circuit_decorator.py for tasks to queue
[2023-04-16T00:52:47.885+0000] {logging_mixin.py:137} INFO - [2023-04-16T00:52:47.885+0000] {dagbag.py:532} INFO - Filling up the DagBag from /home/airflow/.local/lib/python3.7/site-packages/airflow/example_dags/example_short_circuit_decorator.py
[2023-04-16T00:52:47.920+0000] {processor.py:753} INFO - DAG(s) dict_keys(['example_short_circuit_decorator']) retrieved from /home/airflow/.local/lib/python3.7/site-packages/airflow/example_dags/example_short_circuit_decorator.py
[2023-04-16T00:52:47.956+0000] {logging_mixin.py:137} INFO - [2023-04-16T00:52:47.956+0000] {dag.py:2705} INFO - Sync 1 DAGs
[2023-04-16T00:52:47.996+0000] {logging_mixin.py:137} INFO - [2023-04-16T00:52:47.996+0000] {dag.py:3456} INFO - Setting next_dagrun for example_short_circuit_decorator to 2023-04-15T00:52:47.995975+00:00, run_after=2023-04-16T00:52:47.995975+00:00
[2023-04-16T00:52:48.020+0000] {processor.py:175} INFO - Processing /home/airflow/.local/lib/python3.7/site-packages/airflow/example_dags/example_short_circuit_decorator.py took 0.140 seconds
[2023-04-16T00:53:18.270+0000] {processor.py:153} INFO - Started process (PID=450) to work on /home/airflow/.local/lib/python3.7/site-packages/airflow/example_dags/example_short_circuit_decorator.py
[2023-04-16T00:53:18.271+0000] {processor.py:743} INFO - Processing file /home/airflow/.local/lib/python3.7/site-packages/airflow/example_dags/example_short_circuit_decorator.py for tasks to queue
[2023-04-16T00:53:18.272+0000] {logging_mixin.py:137} INFO - [2023-04-16T00:53:18.272+0000] {dagbag.py:532} INFO - Filling up the DagBag from /home/airflow/.local/lib/python3.7/site-packages/airflow/example_dags/example_short_circuit_decorator.py
[2023-04-16T00:53:18.307+0000] {processor.py:753} INFO - DAG(s) dict_keys(['example_short_circuit_decorator']) retrieved from /home/airflow/.local/lib/python3.7/site-packages/airflow/example_dags/example_short_circuit_decorator.py
[2023-04-16T00:53:18.345+0000] {logging_mixin.py:137} INFO - [2023-04-16T00:53:18.345+0000] {dag.py:2705} INFO - Sync 1 DAGs
[2023-04-16T00:53:18.386+0000] {logging_mixin.py:137} INFO - [2023-04-16T00:53:18.386+0000] {dag.py:3456} INFO - Setting next_dagrun for example_short_circuit_decorator to 2023-04-15T00:53:18.385834+00:00, run_after=2023-04-16T00:53:18.385834+00:00
[2023-04-16T00:53:18.409+0000] {processor.py:175} INFO - Processing /home/airflow/.local/lib/python3.7/site-packages/airflow/example_dags/example_short_circuit_decorator.py took 0.143 seconds
[2023-04-16T00:53:48.472+0000] {processor.py:153} INFO - Started process (PID=500) to work on /home/airflow/.local/lib/python3.7/site-packages/airflow/example_dags/example_short_circuit_decorator.py
[2023-04-16T00:53:48.473+0000] {processor.py:743} INFO - Processing file /home/airflow/.local/lib/python3.7/site-packages/airflow/example_dags/example_short_circuit_decorator.py for tasks to queue
[2023-04-16T00:53:48.474+0000] {logging_mixin.py:137} INFO - [2023-04-16T00:53:48.474+0000] {dagbag.py:532} INFO - Filling up the DagBag from /home/airflow/.local/lib/python3.7/site-packages/airflow/example_dags/example_short_circuit_decorator.py
[2023-04-16T00:53:48.508+0000] {processor.py:753} INFO - DAG(s) dict_keys(['example_short_circuit_decorator']) retrieved from /home/airflow/.local/lib/python3.7/site-packages/airflow/example_dags/example_short_circuit_decorator.py
[2023-04-16T00:53:48.544+0000] {logging_mixin.py:137} INFO - [2023-04-16T00:53:48.544+0000] {dag.py:2705} INFO - Sync 1 DAGs
[2023-04-16T00:53:48.591+0000] {logging_mixin.py:137} INFO - [2023-04-16T00:53:48.591+0000] {dag.py:3456} INFO - Setting next_dagrun for example_short_circuit_decorator to 2023-04-15T00:53:48.591175+00:00, run_after=2023-04-16T00:53:48.591175+00:00
[2023-04-16T00:53:48.614+0000] {processor.py:175} INFO - Processing /home/airflow/.local/lib/python3.7/site-packages/airflow/example_dags/example_short_circuit_decorator.py took 0.145 seconds
[2023-04-16T00:54:19.379+0000] {processor.py:153} INFO - Started process (PID=550) to work on /home/airflow/.local/lib/python3.7/site-packages/airflow/example_dags/example_short_circuit_decorator.py
[2023-04-16T00:54:19.380+0000] {processor.py:743} INFO - Processing file /home/airflow/.local/lib/python3.7/site-packages/airflow/example_dags/example_short_circuit_decorator.py for tasks to queue
[2023-04-16T00:54:19.381+0000] {logging_mixin.py:137} INFO - [2023-04-16T00:54:19.380+0000] {dagbag.py:532} INFO - Filling up the DagBag from /home/airflow/.local/lib/python3.7/site-packages/airflow/example_dags/example_short_circuit_decorator.py
[2023-04-16T00:54:19.420+0000] {processor.py:753} INFO - DAG(s) dict_keys(['example_short_circuit_decorator']) retrieved from /home/airflow/.local/lib/python3.7/site-packages/airflow/example_dags/example_short_circuit_decorator.py
[2023-04-16T00:54:19.467+0000] {logging_mixin.py:137} INFO - [2023-04-16T00:54:19.467+0000] {dag.py:2705} INFO - Sync 1 DAGs
[2023-04-16T00:54:19.521+0000] {logging_mixin.py:137} INFO - [2023-04-16T00:54:19.521+0000] {dag.py:3456} INFO - Setting next_dagrun for example_short_circuit_decorator to 2023-04-15T00:54:19.520883+00:00, run_after=2023-04-16T00:54:19.520883+00:00
[2023-04-16T00:54:19.556+0000] {processor.py:175} INFO - Processing /home/airflow/.local/lib/python3.7/site-packages/airflow/example_dags/example_short_circuit_decorator.py took 0.182 seconds
[2023-04-16T00:54:49.581+0000] {processor.py:153} INFO - Started process (PID=599) to work on /home/airflow/.local/lib/python3.7/site-packages/airflow/example_dags/example_short_circuit_decorator.py
[2023-04-16T00:54:49.582+0000] {processor.py:743} INFO - Processing file /home/airflow/.local/lib/python3.7/site-packages/airflow/example_dags/example_short_circuit_decorator.py for tasks to queue
[2023-04-16T00:54:49.583+0000] {logging_mixin.py:137} INFO - [2023-04-16T00:54:49.583+0000] {dagbag.py:532} INFO - Filling up the DagBag from /home/airflow/.local/lib/python3.7/site-packages/airflow/example_dags/example_short_circuit_decorator.py
[2023-04-16T00:54:49.617+0000] {processor.py:753} INFO - DAG(s) dict_keys(['example_short_circuit_decorator']) retrieved from /home/airflow/.local/lib/python3.7/site-packages/airflow/example_dags/example_short_circuit_decorator.py
[2023-04-16T00:54:49.653+0000] {logging_mixin.py:137} INFO - [2023-04-16T00:54:49.653+0000] {dag.py:2705} INFO - Sync 1 DAGs
[2023-04-16T00:54:49.693+0000] {logging_mixin.py:137} INFO - [2023-04-16T00:54:49.693+0000] {dag.py:3456} INFO - Setting next_dagrun for example_short_circuit_decorator to 2023-04-15T00:54:49.692840+00:00, run_after=2023-04-16T00:54:49.692840+00:00
[2023-04-16T00:54:49.717+0000] {processor.py:175} INFO - Processing /home/airflow/.local/lib/python3.7/site-packages/airflow/example_dags/example_short_circuit_decorator.py took 0.140 seconds
[2023-04-16T00:55:19.742+0000] {processor.py:153} INFO - Started process (PID=649) to work on /home/airflow/.local/lib/python3.7/site-packages/airflow/example_dags/example_short_circuit_decorator.py
[2023-04-16T00:55:19.742+0000] {processor.py:743} INFO - Processing file /home/airflow/.local/lib/python3.7/site-packages/airflow/example_dags/example_short_circuit_decorator.py for tasks to queue
[2023-04-16T00:55:19.743+0000] {logging_mixin.py:137} INFO - [2023-04-16T00:55:19.743+0000] {dagbag.py:532} INFO - Filling up the DagBag from /home/airflow/.local/lib/python3.7/site-packages/airflow/example_dags/example_short_circuit_decorator.py
[2023-04-16T00:55:19.777+0000] {processor.py:753} INFO - DAG(s) dict_keys(['example_short_circuit_decorator']) retrieved from /home/airflow/.local/lib/python3.7/site-packages/airflow/example_dags/example_short_circuit_decorator.py
[2023-04-16T00:55:19.814+0000] {logging_mixin.py:137} INFO - [2023-04-16T00:55:19.814+0000] {dag.py:2705} INFO - Sync 1 DAGs
[2023-04-16T00:55:19.854+0000] {logging_mixin.py:137} INFO - [2023-04-16T00:55:19.854+0000] {dag.py:3456} INFO - Setting next_dagrun for example_short_circuit_decorator to 2023-04-15T00:55:19.854378+00:00, run_after=2023-04-16T00:55:19.854378+00:00
[2023-04-16T00:55:19.879+0000] {processor.py:175} INFO - Processing /home/airflow/.local/lib/python3.7/site-packages/airflow/example_dags/example_short_circuit_decorator.py took 0.142 seconds
[2023-04-16T00:55:50.267+0000] {processor.py:153} INFO - Started process (PID=699) to work on /home/airflow/.local/lib/python3.7/site-packages/airflow/example_dags/example_short_circuit_decorator.py
[2023-04-16T00:55:50.267+0000] {processor.py:743} INFO - Processing file /home/airflow/.local/lib/python3.7/site-packages/airflow/example_dags/example_short_circuit_decorator.py for tasks to queue
[2023-04-16T00:55:50.268+0000] {logging_mixin.py:137} INFO - [2023-04-16T00:55:50.268+0000] {dagbag.py:532} INFO - Filling up the DagBag from /home/airflow/.local/lib/python3.7/site-packages/airflow/example_dags/example_short_circuit_decorator.py
[2023-04-16T00:55:50.301+0000] {processor.py:753} INFO - DAG(s) dict_keys(['example_short_circuit_decorator']) retrieved from /home/airflow/.local/lib/python3.7/site-packages/airflow/example_dags/example_short_circuit_decorator.py
[2023-04-16T00:55:50.338+0000] {logging_mixin.py:137} INFO - [2023-04-16T00:55:50.338+0000] {dag.py:2705} INFO - Sync 1 DAGs
[2023-04-16T00:55:50.380+0000] {logging_mixin.py:137} INFO - [2023-04-16T00:55:50.380+0000] {dag.py:3456} INFO - Setting next_dagrun for example_short_circuit_decorator to 2023-04-15T00:55:50.380381+00:00, run_after=2023-04-16T00:55:50.380381+00:00
[2023-04-16T00:55:50.403+0000] {processor.py:175} INFO - Processing /home/airflow/.local/lib/python3.7/site-packages/airflow/example_dags/example_short_circuit_decorator.py took 0.140 seconds
[2023-04-16T00:56:20.607+0000] {processor.py:153} INFO - Started process (PID=749) to work on /home/airflow/.local/lib/python3.7/site-packages/airflow/example_dags/example_short_circuit_decorator.py
[2023-04-16T00:56:20.608+0000] {processor.py:743} INFO - Processing file /home/airflow/.local/lib/python3.7/site-packages/airflow/example_dags/example_short_circuit_decorator.py for tasks to queue
[2023-04-16T00:56:20.609+0000] {logging_mixin.py:137} INFO - [2023-04-16T00:56:20.608+0000] {dagbag.py:532} INFO - Filling up the DagBag from /home/airflow/.local/lib/python3.7/site-packages/airflow/example_dags/example_short_circuit_decorator.py
[2023-04-16T00:56:20.643+0000] {processor.py:753} INFO - DAG(s) dict_keys(['example_short_circuit_decorator']) retrieved from /home/airflow/.local/lib/python3.7/site-packages/airflow/example_dags/example_short_circuit_decorator.py
[2023-04-16T00:56:20.679+0000] {logging_mixin.py:137} INFO - [2023-04-16T00:56:20.679+0000] {dag.py:2705} INFO - Sync 1 DAGs
[2023-04-16T00:56:20.721+0000] {logging_mixin.py:137} INFO - [2023-04-16T00:56:20.721+0000] {dag.py:3456} INFO - Setting next_dagrun for example_short_circuit_decorator to 2023-04-15T00:56:20.720886+00:00, run_after=2023-04-16T00:56:20.720886+00:00
[2023-04-16T00:56:20.744+0000] {processor.py:175} INFO - Processing /home/airflow/.local/lib/python3.7/site-packages/airflow/example_dags/example_short_circuit_decorator.py took 0.141 seconds
[2023-04-16T00:56:50.937+0000] {processor.py:153} INFO - Started process (PID=799) to work on /home/airflow/.local/lib/python3.7/site-packages/airflow/example_dags/example_short_circuit_decorator.py
[2023-04-16T00:56:50.938+0000] {processor.py:743} INFO - Processing file /home/airflow/.local/lib/python3.7/site-packages/airflow/example_dags/example_short_circuit_decorator.py for tasks to queue
[2023-04-16T00:56:50.938+0000] {logging_mixin.py:137} INFO - [2023-04-16T00:56:50.938+0000] {dagbag.py:532} INFO - Filling up the DagBag from /home/airflow/.local/lib/python3.7/site-packages/airflow/example_dags/example_short_circuit_decorator.py
[2023-04-16T00:56:50.973+0000] {processor.py:753} INFO - DAG(s) dict_keys(['example_short_circuit_decorator']) retrieved from /home/airflow/.local/lib/python3.7/site-packages/airflow/example_dags/example_short_circuit_decorator.py
[2023-04-16T00:56:51.010+0000] {logging_mixin.py:137} INFO - [2023-04-16T00:56:51.010+0000] {dag.py:2705} INFO - Sync 1 DAGs
[2023-04-16T00:56:51.059+0000] {logging_mixin.py:137} INFO - [2023-04-16T00:56:51.059+0000] {dag.py:3456} INFO - Setting next_dagrun for example_short_circuit_decorator to 2023-04-15T00:56:51.058893+00:00, run_after=2023-04-16T00:56:51.058893+00:00
[2023-04-16T00:56:51.097+0000] {processor.py:175} INFO - Processing /home/airflow/.local/lib/python3.7/site-packages/airflow/example_dags/example_short_circuit_decorator.py took 0.164 seconds
[2023-04-16T00:57:21.404+0000] {processor.py:153} INFO - Started process (PID=849) to work on /home/airflow/.local/lib/python3.7/site-packages/airflow/example_dags/example_short_circuit_decorator.py
[2023-04-16T00:57:21.405+0000] {processor.py:743} INFO - Processing file /home/airflow/.local/lib/python3.7/site-packages/airflow/example_dags/example_short_circuit_decorator.py for tasks to queue
[2023-04-16T00:57:21.406+0000] {logging_mixin.py:137} INFO - [2023-04-16T00:57:21.406+0000] {dagbag.py:532} INFO - Filling up the DagBag from /home/airflow/.local/lib/python3.7/site-packages/airflow/example_dags/example_short_circuit_decorator.py
[2023-04-16T00:57:21.447+0000] {processor.py:753} INFO - DAG(s) dict_keys(['example_short_circuit_decorator']) retrieved from /home/airflow/.local/lib/python3.7/site-packages/airflow/example_dags/example_short_circuit_decorator.py
[2023-04-16T00:57:21.494+0000] {logging_mixin.py:137} INFO - [2023-04-16T00:57:21.494+0000] {dag.py:2705} INFO - Sync 1 DAGs
[2023-04-16T00:57:21.536+0000] {logging_mixin.py:137} INFO - [2023-04-16T00:57:21.536+0000] {dag.py:3456} INFO - Setting next_dagrun for example_short_circuit_decorator to 2023-04-15T00:57:21.535926+00:00, run_after=2023-04-16T00:57:21.535926+00:00
[2023-04-16T00:57:21.560+0000] {processor.py:175} INFO - Processing /home/airflow/.local/lib/python3.7/site-packages/airflow/example_dags/example_short_circuit_decorator.py took 0.161 seconds
[2023-04-16T00:57:51.770+0000] {processor.py:153} INFO - Started process (PID=899) to work on /home/airflow/.local/lib/python3.7/site-packages/airflow/example_dags/example_short_circuit_decorator.py
[2023-04-16T00:57:51.771+0000] {processor.py:743} INFO - Processing file /home/airflow/.local/lib/python3.7/site-packages/airflow/example_dags/example_short_circuit_decorator.py for tasks to queue
[2023-04-16T00:57:51.771+0000] {logging_mixin.py:137} INFO - [2023-04-16T00:57:51.771+0000] {dagbag.py:532} INFO - Filling up the DagBag from /home/airflow/.local/lib/python3.7/site-packages/airflow/example_dags/example_short_circuit_decorator.py
[2023-04-16T00:57:51.806+0000] {processor.py:753} INFO - DAG(s) dict_keys(['example_short_circuit_decorator']) retrieved from /home/airflow/.local/lib/python3.7/site-packages/airflow/example_dags/example_short_circuit_decorator.py
[2023-04-16T00:57:51.853+0000] {logging_mixin.py:137} INFO - [2023-04-16T00:57:51.853+0000] {dag.py:2705} INFO - Sync 1 DAGs
[2023-04-16T00:57:51.897+0000] {logging_mixin.py:137} INFO - [2023-04-16T00:57:51.896+0000] {dag.py:3456} INFO - Setting next_dagrun for example_short_circuit_decorator to 2023-04-15T00:57:51.896596+00:00, run_after=2023-04-16T00:57:51.896596+00:00
[2023-04-16T00:57:51.917+0000] {processor.py:175} INFO - Processing /home/airflow/.local/lib/python3.7/site-packages/airflow/example_dags/example_short_circuit_decorator.py took 0.151 seconds
[2023-04-16T00:58:21.942+0000] {processor.py:153} INFO - Started process (PID=949) to work on /home/airflow/.local/lib/python3.7/site-packages/airflow/example_dags/example_short_circuit_decorator.py
[2023-04-16T00:58:21.943+0000] {processor.py:743} INFO - Processing file /home/airflow/.local/lib/python3.7/site-packages/airflow/example_dags/example_short_circuit_decorator.py for tasks to queue
[2023-04-16T00:58:21.943+0000] {logging_mixin.py:137} INFO - [2023-04-16T00:58:21.943+0000] {dagbag.py:532} INFO - Filling up the DagBag from /home/airflow/.local/lib/python3.7/site-packages/airflow/example_dags/example_short_circuit_decorator.py
[2023-04-16T00:58:21.978+0000] {processor.py:753} INFO - DAG(s) dict_keys(['example_short_circuit_decorator']) retrieved from /home/airflow/.local/lib/python3.7/site-packages/airflow/example_dags/example_short_circuit_decorator.py
[2023-04-16T00:58:22.014+0000] {logging_mixin.py:137} INFO - [2023-04-16T00:58:22.014+0000] {dag.py:2705} INFO - Sync 1 DAGs
[2023-04-16T00:58:22.055+0000] {logging_mixin.py:137} INFO - [2023-04-16T00:58:22.055+0000] {dag.py:3456} INFO - Setting next_dagrun for example_short_circuit_decorator to 2023-04-15T00:58:22.055360+00:00, run_after=2023-04-16T00:58:22.055360+00:00
[2023-04-16T00:58:22.079+0000] {processor.py:175} INFO - Processing /home/airflow/.local/lib/python3.7/site-packages/airflow/example_dags/example_short_circuit_decorator.py took 0.141 seconds
[2023-04-16T00:58:52.278+0000] {processor.py:153} INFO - Started process (PID=999) to work on /home/airflow/.local/lib/python3.7/site-packages/airflow/example_dags/example_short_circuit_decorator.py
[2023-04-16T00:58:52.278+0000] {processor.py:743} INFO - Processing file /home/airflow/.local/lib/python3.7/site-packages/airflow/example_dags/example_short_circuit_decorator.py for tasks to queue
[2023-04-16T00:58:52.279+0000] {logging_mixin.py:137} INFO - [2023-04-16T00:58:52.279+0000] {dagbag.py:532} INFO - Filling up the DagBag from /home/airflow/.local/lib/python3.7/site-packages/airflow/example_dags/example_short_circuit_decorator.py
[2023-04-16T00:58:52.314+0000] {processor.py:753} INFO - DAG(s) dict_keys(['example_short_circuit_decorator']) retrieved from /home/airflow/.local/lib/python3.7/site-packages/airflow/example_dags/example_short_circuit_decorator.py
[2023-04-16T00:58:52.350+0000] {logging_mixin.py:137} INFO - [2023-04-16T00:58:52.350+0000] {dag.py:2705} INFO - Sync 1 DAGs
[2023-04-16T00:58:52.392+0000] {logging_mixin.py:137} INFO - [2023-04-16T00:58:52.391+0000] {dag.py:3456} INFO - Setting next_dagrun for example_short_circuit_decorator to 2023-04-15T00:58:52.391510+00:00, run_after=2023-04-16T00:58:52.391510+00:00
[2023-04-16T00:58:52.419+0000] {processor.py:175} INFO - Processing /home/airflow/.local/lib/python3.7/site-packages/airflow/example_dags/example_short_circuit_decorator.py took 0.145 seconds
[2023-04-16T00:59:22.512+0000] {processor.py:153} INFO - Started process (PID=1049) to work on /home/airflow/.local/lib/python3.7/site-packages/airflow/example_dags/example_short_circuit_decorator.py
[2023-04-16T00:59:22.513+0000] {processor.py:743} INFO - Processing file /home/airflow/.local/lib/python3.7/site-packages/airflow/example_dags/example_short_circuit_decorator.py for tasks to queue
[2023-04-16T00:59:22.514+0000] {logging_mixin.py:137} INFO - [2023-04-16T00:59:22.513+0000] {dagbag.py:532} INFO - Filling up the DagBag from /home/airflow/.local/lib/python3.7/site-packages/airflow/example_dags/example_short_circuit_decorator.py
[2023-04-16T00:59:22.548+0000] {processor.py:753} INFO - DAG(s) dict_keys(['example_short_circuit_decorator']) retrieved from /home/airflow/.local/lib/python3.7/site-packages/airflow/example_dags/example_short_circuit_decorator.py
[2023-04-16T00:59:22.586+0000] {logging_mixin.py:137} INFO - [2023-04-16T00:59:22.586+0000] {dag.py:2705} INFO - Sync 1 DAGs
[2023-04-16T00:59:22.627+0000] {logging_mixin.py:137} INFO - [2023-04-16T00:59:22.627+0000] {dag.py:3456} INFO - Setting next_dagrun for example_short_circuit_decorator to 2023-04-15T00:59:22.626837+00:00, run_after=2023-04-16T00:59:22.626837+00:00
[2023-04-16T00:59:22.650+0000] {processor.py:175} INFO - Processing /home/airflow/.local/lib/python3.7/site-packages/airflow/example_dags/example_short_circuit_decorator.py took 0.142 seconds
[2023-04-16T00:59:52.816+0000] {processor.py:153} INFO - Started process (PID=1099) to work on /home/airflow/.local/lib/python3.7/site-packages/airflow/example_dags/example_short_circuit_decorator.py
[2023-04-16T00:59:52.817+0000] {processor.py:743} INFO - Processing file /home/airflow/.local/lib/python3.7/site-packages/airflow/example_dags/example_short_circuit_decorator.py for tasks to queue
[2023-04-16T00:59:52.817+0000] {logging_mixin.py:137} INFO - [2023-04-16T00:59:52.817+0000] {dagbag.py:532} INFO - Filling up the DagBag from /home/airflow/.local/lib/python3.7/site-packages/airflow/example_dags/example_short_circuit_decorator.py
[2023-04-16T00:59:52.852+0000] {processor.py:753} INFO - DAG(s) dict_keys(['example_short_circuit_decorator']) retrieved from /home/airflow/.local/lib/python3.7/site-packages/airflow/example_dags/example_short_circuit_decorator.py
[2023-04-16T00:59:52.894+0000] {logging_mixin.py:137} INFO - [2023-04-16T00:59:52.894+0000] {dag.py:2705} INFO - Sync 1 DAGs
[2023-04-16T00:59:52.933+0000] {logging_mixin.py:137} INFO - [2023-04-16T00:59:52.933+0000] {dag.py:3456} INFO - Setting next_dagrun for example_short_circuit_decorator to 2023-04-15T00:59:52.933293+00:00, run_after=2023-04-16T00:59:52.933293+00:00
[2023-04-16T00:59:52.956+0000] {processor.py:175} INFO - Processing /home/airflow/.local/lib/python3.7/site-packages/airflow/example_dags/example_short_circuit_decorator.py took 0.144 seconds
