[2023-04-16T00:49:17.725+0000] {processor.py:153} INFO - Started process (PID=73) to work on /home/airflow/.local/lib/python3.7/site-packages/airflow/example_dags/example_nested_branch_dag.py
[2023-04-16T00:49:17.726+0000] {processor.py:743} INFO - Processing file /home/airflow/.local/lib/python3.7/site-packages/airflow/example_dags/example_nested_branch_dag.py for tasks to queue
[2023-04-16T00:49:17.727+0000] {logging_mixin.py:137} INFO - [2023-04-16T00:49:17.727+0000] {dagbag.py:532} INFO - Filling up the DagBag from /home/airflow/.local/lib/python3.7/site-packages/airflow/example_dags/example_nested_branch_dag.py
[2023-04-16T00:49:17.764+0000] {processor.py:753} INFO - DAG(s) dict_keys(['example_nested_branch_dag']) retrieved from /home/airflow/.local/lib/python3.7/site-packages/airflow/example_dags/example_nested_branch_dag.py
[2023-04-16T00:49:17.798+0000] {logging_mixin.py:137} INFO - [2023-04-16T00:49:17.798+0000] {dag.py:2705} INFO - Sync 1 DAGs
[2023-04-16T00:49:17.843+0000] {logging_mixin.py:137} INFO - [2023-04-16T00:49:17.842+0000] {dag.py:3456} INFO - Setting next_dagrun for example_nested_branch_dag to 2023-04-15T00:00:00+00:00, run_after=2023-04-16T00:00:00+00:00
[2023-04-16T00:49:17.867+0000] {processor.py:175} INFO - Processing /home/airflow/.local/lib/python3.7/site-packages/airflow/example_dags/example_nested_branch_dag.py took 0.145 seconds
[2023-04-16T00:49:48.830+0000] {processor.py:153} INFO - Started process (PID=123) to work on /home/airflow/.local/lib/python3.7/site-packages/airflow/example_dags/example_nested_branch_dag.py
[2023-04-16T00:49:48.832+0000] {processor.py:743} INFO - Processing file /home/airflow/.local/lib/python3.7/site-packages/airflow/example_dags/example_nested_branch_dag.py for tasks to queue
[2023-04-16T00:49:48.832+0000] {logging_mixin.py:137} INFO - [2023-04-16T00:49:48.832+0000] {dagbag.py:532} INFO - Filling up the DagBag from /home/airflow/.local/lib/python3.7/site-packages/airflow/example_dags/example_nested_branch_dag.py
[2023-04-16T00:49:48.887+0000] {processor.py:753} INFO - DAG(s) dict_keys(['example_nested_branch_dag']) retrieved from /home/airflow/.local/lib/python3.7/site-packages/airflow/example_dags/example_nested_branch_dag.py
[2023-04-16T00:49:48.934+0000] {logging_mixin.py:137} INFO - [2023-04-16T00:49:48.934+0000] {dag.py:2705} INFO - Sync 1 DAGs
[2023-04-16T00:49:48.985+0000] {logging_mixin.py:137} INFO - [2023-04-16T00:49:48.985+0000] {dag.py:3456} INFO - Setting next_dagrun for example_nested_branch_dag to 2023-04-15T00:00:00+00:00, run_after=2023-04-16T00:00:00+00:00
[2023-04-16T00:49:49.015+0000] {processor.py:175} INFO - Processing /home/airflow/.local/lib/python3.7/site-packages/airflow/example_dags/example_nested_branch_dag.py took 0.189 seconds
[2023-04-16T00:50:19.775+0000] {processor.py:153} INFO - Started process (PID=173) to work on /home/airflow/.local/lib/python3.7/site-packages/airflow/example_dags/example_nested_branch_dag.py
[2023-04-16T00:50:19.776+0000] {processor.py:743} INFO - Processing file /home/airflow/.local/lib/python3.7/site-packages/airflow/example_dags/example_nested_branch_dag.py for tasks to queue
[2023-04-16T00:50:19.777+0000] {logging_mixin.py:137} INFO - [2023-04-16T00:50:19.777+0000] {dagbag.py:532} INFO - Filling up the DagBag from /home/airflow/.local/lib/python3.7/site-packages/airflow/example_dags/example_nested_branch_dag.py
[2023-04-16T00:50:19.809+0000] {processor.py:753} INFO - DAG(s) dict_keys(['example_nested_branch_dag']) retrieved from /home/airflow/.local/lib/python3.7/site-packages/airflow/example_dags/example_nested_branch_dag.py
[2023-04-16T00:50:19.843+0000] {logging_mixin.py:137} INFO - [2023-04-16T00:50:19.843+0000] {dag.py:2705} INFO - Sync 1 DAGs
[2023-04-16T00:50:19.884+0000] {logging_mixin.py:137} INFO - [2023-04-16T00:50:19.884+0000] {dag.py:3456} INFO - Setting next_dagrun for example_nested_branch_dag to 2023-04-15T00:00:00+00:00, run_after=2023-04-16T00:00:00+00:00
[2023-04-16T00:50:19.907+0000] {processor.py:175} INFO - Processing /home/airflow/.local/lib/python3.7/site-packages/airflow/example_dags/example_nested_branch_dag.py took 0.136 seconds
[2023-04-16T00:50:50.080+0000] {processor.py:153} INFO - Started process (PID=222) to work on /home/airflow/.local/lib/python3.7/site-packages/airflow/example_dags/example_nested_branch_dag.py
[2023-04-16T00:50:50.080+0000] {processor.py:743} INFO - Processing file /home/airflow/.local/lib/python3.7/site-packages/airflow/example_dags/example_nested_branch_dag.py for tasks to queue
[2023-04-16T00:50:50.081+0000] {logging_mixin.py:137} INFO - [2023-04-16T00:50:50.081+0000] {dagbag.py:532} INFO - Filling up the DagBag from /home/airflow/.local/lib/python3.7/site-packages/airflow/example_dags/example_nested_branch_dag.py
[2023-04-16T00:50:50.117+0000] {processor.py:753} INFO - DAG(s) dict_keys(['example_nested_branch_dag']) retrieved from /home/airflow/.local/lib/python3.7/site-packages/airflow/example_dags/example_nested_branch_dag.py
[2023-04-16T00:50:50.153+0000] {logging_mixin.py:137} INFO - [2023-04-16T00:50:50.153+0000] {dag.py:2705} INFO - Sync 1 DAGs
[2023-04-16T00:50:50.207+0000] {logging_mixin.py:137} INFO - [2023-04-16T00:50:50.207+0000] {dag.py:3456} INFO - Setting next_dagrun for example_nested_branch_dag to 2023-04-15T00:00:00+00:00, run_after=2023-04-16T00:00:00+00:00
[2023-04-16T00:50:50.231+0000] {processor.py:175} INFO - Processing /home/airflow/.local/lib/python3.7/site-packages/airflow/example_dags/example_nested_branch_dag.py took 0.155 seconds
[2023-04-16T00:51:20.651+0000] {processor.py:153} INFO - Started process (PID=272) to work on /home/airflow/.local/lib/python3.7/site-packages/airflow/example_dags/example_nested_branch_dag.py
[2023-04-16T00:51:20.652+0000] {processor.py:743} INFO - Processing file /home/airflow/.local/lib/python3.7/site-packages/airflow/example_dags/example_nested_branch_dag.py for tasks to queue
[2023-04-16T00:51:20.653+0000] {logging_mixin.py:137} INFO - [2023-04-16T00:51:20.653+0000] {dagbag.py:532} INFO - Filling up the DagBag from /home/airflow/.local/lib/python3.7/site-packages/airflow/example_dags/example_nested_branch_dag.py
[2023-04-16T00:51:20.688+0000] {processor.py:753} INFO - DAG(s) dict_keys(['example_nested_branch_dag']) retrieved from /home/airflow/.local/lib/python3.7/site-packages/airflow/example_dags/example_nested_branch_dag.py
[2023-04-16T00:51:20.725+0000] {logging_mixin.py:137} INFO - [2023-04-16T00:51:20.725+0000] {dag.py:2705} INFO - Sync 1 DAGs
[2023-04-16T00:51:20.776+0000] {logging_mixin.py:137} INFO - [2023-04-16T00:51:20.776+0000] {dag.py:3456} INFO - Setting next_dagrun for example_nested_branch_dag to 2023-04-15T00:00:00+00:00, run_after=2023-04-16T00:00:00+00:00
[2023-04-16T00:51:20.804+0000] {processor.py:175} INFO - Processing /home/airflow/.local/lib/python3.7/site-packages/airflow/example_dags/example_nested_branch_dag.py took 0.156 seconds
[2023-04-16T00:51:51.155+0000] {processor.py:153} INFO - Started process (PID=324) to work on /home/airflow/.local/lib/python3.7/site-packages/airflow/example_dags/example_nested_branch_dag.py
[2023-04-16T00:51:51.156+0000] {processor.py:743} INFO - Processing file /home/airflow/.local/lib/python3.7/site-packages/airflow/example_dags/example_nested_branch_dag.py for tasks to queue
[2023-04-16T00:51:51.157+0000] {logging_mixin.py:137} INFO - [2023-04-16T00:51:51.156+0000] {dagbag.py:532} INFO - Filling up the DagBag from /home/airflow/.local/lib/python3.7/site-packages/airflow/example_dags/example_nested_branch_dag.py
[2023-04-16T00:51:51.194+0000] {processor.py:753} INFO - DAG(s) dict_keys(['example_nested_branch_dag']) retrieved from /home/airflow/.local/lib/python3.7/site-packages/airflow/example_dags/example_nested_branch_dag.py
[2023-04-16T00:51:51.232+0000] {logging_mixin.py:137} INFO - [2023-04-16T00:51:51.232+0000] {dag.py:2705} INFO - Sync 1 DAGs
[2023-04-16T00:51:51.278+0000] {logging_mixin.py:137} INFO - [2023-04-16T00:51:51.278+0000] {dag.py:3456} INFO - Setting next_dagrun for example_nested_branch_dag to 2023-04-15T00:00:00+00:00, run_after=2023-04-16T00:00:00+00:00
[2023-04-16T00:51:51.303+0000] {processor.py:175} INFO - Processing /home/airflow/.local/lib/python3.7/site-packages/airflow/example_dags/example_nested_branch_dag.py took 0.154 seconds
[2023-04-16T00:52:21.678+0000] {processor.py:153} INFO - Started process (PID=373) to work on /home/airflow/.local/lib/python3.7/site-packages/airflow/example_dags/example_nested_branch_dag.py
[2023-04-16T00:52:21.679+0000] {processor.py:743} INFO - Processing file /home/airflow/.local/lib/python3.7/site-packages/airflow/example_dags/example_nested_branch_dag.py for tasks to queue
[2023-04-16T00:52:21.680+0000] {logging_mixin.py:137} INFO - [2023-04-16T00:52:21.680+0000] {dagbag.py:532} INFO - Filling up the DagBag from /home/airflow/.local/lib/python3.7/site-packages/airflow/example_dags/example_nested_branch_dag.py
[2023-04-16T00:52:21.721+0000] {processor.py:753} INFO - DAG(s) dict_keys(['example_nested_branch_dag']) retrieved from /home/airflow/.local/lib/python3.7/site-packages/airflow/example_dags/example_nested_branch_dag.py
[2023-04-16T00:52:21.767+0000] {logging_mixin.py:137} INFO - [2023-04-16T00:52:21.767+0000] {dag.py:2705} INFO - Sync 1 DAGs
[2023-04-16T00:52:21.816+0000] {logging_mixin.py:137} INFO - [2023-04-16T00:52:21.816+0000] {dag.py:3456} INFO - Setting next_dagrun for example_nested_branch_dag to 2023-04-15T00:00:00+00:00, run_after=2023-04-16T00:00:00+00:00
[2023-04-16T00:52:21.849+0000] {processor.py:175} INFO - Processing /home/airflow/.local/lib/python3.7/site-packages/airflow/example_dags/example_nested_branch_dag.py took 0.175 seconds
[2023-04-16T00:52:52.125+0000] {processor.py:153} INFO - Started process (PID=423) to work on /home/airflow/.local/lib/python3.7/site-packages/airflow/example_dags/example_nested_branch_dag.py
[2023-04-16T00:52:52.126+0000] {processor.py:743} INFO - Processing file /home/airflow/.local/lib/python3.7/site-packages/airflow/example_dags/example_nested_branch_dag.py for tasks to queue
[2023-04-16T00:52:52.126+0000] {logging_mixin.py:137} INFO - [2023-04-16T00:52:52.126+0000] {dagbag.py:532} INFO - Filling up the DagBag from /home/airflow/.local/lib/python3.7/site-packages/airflow/example_dags/example_nested_branch_dag.py
[2023-04-16T00:52:52.161+0000] {processor.py:753} INFO - DAG(s) dict_keys(['example_nested_branch_dag']) retrieved from /home/airflow/.local/lib/python3.7/site-packages/airflow/example_dags/example_nested_branch_dag.py
[2023-04-16T00:52:52.195+0000] {logging_mixin.py:137} INFO - [2023-04-16T00:52:52.195+0000] {dag.py:2705} INFO - Sync 1 DAGs
[2023-04-16T00:52:52.238+0000] {logging_mixin.py:137} INFO - [2023-04-16T00:52:52.237+0000] {dag.py:3456} INFO - Setting next_dagrun for example_nested_branch_dag to 2023-04-15T00:00:00+00:00, run_after=2023-04-16T00:00:00+00:00
[2023-04-16T00:52:52.262+0000] {processor.py:175} INFO - Processing /home/airflow/.local/lib/python3.7/site-packages/airflow/example_dags/example_nested_branch_dag.py took 0.141 seconds
[2023-04-16T00:53:22.396+0000] {processor.py:153} INFO - Started process (PID=473) to work on /home/airflow/.local/lib/python3.7/site-packages/airflow/example_dags/example_nested_branch_dag.py
[2023-04-16T00:53:22.397+0000] {processor.py:743} INFO - Processing file /home/airflow/.local/lib/python3.7/site-packages/airflow/example_dags/example_nested_branch_dag.py for tasks to queue
[2023-04-16T00:53:22.397+0000] {logging_mixin.py:137} INFO - [2023-04-16T00:53:22.397+0000] {dagbag.py:532} INFO - Filling up the DagBag from /home/airflow/.local/lib/python3.7/site-packages/airflow/example_dags/example_nested_branch_dag.py
[2023-04-16T00:53:22.432+0000] {processor.py:753} INFO - DAG(s) dict_keys(['example_nested_branch_dag']) retrieved from /home/airflow/.local/lib/python3.7/site-packages/airflow/example_dags/example_nested_branch_dag.py
[2023-04-16T00:53:22.466+0000] {logging_mixin.py:137} INFO - [2023-04-16T00:53:22.466+0000] {dag.py:2705} INFO - Sync 1 DAGs
[2023-04-16T00:53:22.510+0000] {logging_mixin.py:137} INFO - [2023-04-16T00:53:22.510+0000] {dag.py:3456} INFO - Setting next_dagrun for example_nested_branch_dag to 2023-04-15T00:00:00+00:00, run_after=2023-04-16T00:00:00+00:00
[2023-04-16T00:53:22.535+0000] {processor.py:175} INFO - Processing /home/airflow/.local/lib/python3.7/site-packages/airflow/example_dags/example_nested_branch_dag.py took 0.143 seconds
[2023-04-16T00:53:53.388+0000] {processor.py:153} INFO - Started process (PID=523) to work on /home/airflow/.local/lib/python3.7/site-packages/airflow/example_dags/example_nested_branch_dag.py
[2023-04-16T00:53:53.389+0000] {processor.py:743} INFO - Processing file /home/airflow/.local/lib/python3.7/site-packages/airflow/example_dags/example_nested_branch_dag.py for tasks to queue
[2023-04-16T00:53:53.389+0000] {logging_mixin.py:137} INFO - [2023-04-16T00:53:53.389+0000] {dagbag.py:532} INFO - Filling up the DagBag from /home/airflow/.local/lib/python3.7/site-packages/airflow/example_dags/example_nested_branch_dag.py
[2023-04-16T00:53:53.423+0000] {processor.py:753} INFO - DAG(s) dict_keys(['example_nested_branch_dag']) retrieved from /home/airflow/.local/lib/python3.7/site-packages/airflow/example_dags/example_nested_branch_dag.py
[2023-04-16T00:53:53.458+0000] {logging_mixin.py:137} INFO - [2023-04-16T00:53:53.458+0000] {dag.py:2705} INFO - Sync 1 DAGs
[2023-04-16T00:53:53.500+0000] {logging_mixin.py:137} INFO - [2023-04-16T00:53:53.500+0000] {dag.py:3456} INFO - Setting next_dagrun for example_nested_branch_dag to 2023-04-15T00:00:00+00:00, run_after=2023-04-16T00:00:00+00:00
[2023-04-16T00:53:53.523+0000] {processor.py:175} INFO - Processing /home/airflow/.local/lib/python3.7/site-packages/airflow/example_dags/example_nested_branch_dag.py took 0.140 seconds
[2023-04-16T00:54:24.186+0000] {processor.py:153} INFO - Started process (PID=573) to work on /home/airflow/.local/lib/python3.7/site-packages/airflow/example_dags/example_nested_branch_dag.py
[2023-04-16T00:54:24.187+0000] {processor.py:743} INFO - Processing file /home/airflow/.local/lib/python3.7/site-packages/airflow/example_dags/example_nested_branch_dag.py for tasks to queue
[2023-04-16T00:54:24.187+0000] {logging_mixin.py:137} INFO - [2023-04-16T00:54:24.187+0000] {dagbag.py:532} INFO - Filling up the DagBag from /home/airflow/.local/lib/python3.7/site-packages/airflow/example_dags/example_nested_branch_dag.py
[2023-04-16T00:54:24.221+0000] {processor.py:753} INFO - DAG(s) dict_keys(['example_nested_branch_dag']) retrieved from /home/airflow/.local/lib/python3.7/site-packages/airflow/example_dags/example_nested_branch_dag.py
[2023-04-16T00:54:24.254+0000] {logging_mixin.py:137} INFO - [2023-04-16T00:54:24.254+0000] {dag.py:2705} INFO - Sync 1 DAGs
[2023-04-16T00:54:24.296+0000] {logging_mixin.py:137} INFO - [2023-04-16T00:54:24.296+0000] {dag.py:3456} INFO - Setting next_dagrun for example_nested_branch_dag to 2023-04-15T00:00:00+00:00, run_after=2023-04-16T00:00:00+00:00
[2023-04-16T00:54:24.319+0000] {processor.py:175} INFO - Processing /home/airflow/.local/lib/python3.7/site-packages/airflow/example_dags/example_nested_branch_dag.py took 0.137 seconds
[2023-04-16T00:54:54.633+0000] {processor.py:153} INFO - Started process (PID=622) to work on /home/airflow/.local/lib/python3.7/site-packages/airflow/example_dags/example_nested_branch_dag.py
[2023-04-16T00:54:54.634+0000] {processor.py:743} INFO - Processing file /home/airflow/.local/lib/python3.7/site-packages/airflow/example_dags/example_nested_branch_dag.py for tasks to queue
[2023-04-16T00:54:54.635+0000] {logging_mixin.py:137} INFO - [2023-04-16T00:54:54.635+0000] {dagbag.py:532} INFO - Filling up the DagBag from /home/airflow/.local/lib/python3.7/site-packages/airflow/example_dags/example_nested_branch_dag.py
[2023-04-16T00:54:54.673+0000] {processor.py:753} INFO - DAG(s) dict_keys(['example_nested_branch_dag']) retrieved from /home/airflow/.local/lib/python3.7/site-packages/airflow/example_dags/example_nested_branch_dag.py
[2023-04-16T00:54:54.708+0000] {logging_mixin.py:137} INFO - [2023-04-16T00:54:54.707+0000] {dag.py:2705} INFO - Sync 1 DAGs
[2023-04-16T00:54:54.751+0000] {logging_mixin.py:137} INFO - [2023-04-16T00:54:54.751+0000] {dag.py:3456} INFO - Setting next_dagrun for example_nested_branch_dag to 2023-04-15T00:00:00+00:00, run_after=2023-04-16T00:00:00+00:00
[2023-04-16T00:54:54.774+0000] {processor.py:175} INFO - Processing /home/airflow/.local/lib/python3.7/site-packages/airflow/example_dags/example_nested_branch_dag.py took 0.148 seconds
[2023-04-16T00:55:24.957+0000] {processor.py:153} INFO - Started process (PID=672) to work on /home/airflow/.local/lib/python3.7/site-packages/airflow/example_dags/example_nested_branch_dag.py
[2023-04-16T00:55:24.957+0000] {processor.py:743} INFO - Processing file /home/airflow/.local/lib/python3.7/site-packages/airflow/example_dags/example_nested_branch_dag.py for tasks to queue
[2023-04-16T00:55:24.958+0000] {logging_mixin.py:137} INFO - [2023-04-16T00:55:24.958+0000] {dagbag.py:532} INFO - Filling up the DagBag from /home/airflow/.local/lib/python3.7/site-packages/airflow/example_dags/example_nested_branch_dag.py
[2023-04-16T00:55:24.993+0000] {processor.py:753} INFO - DAG(s) dict_keys(['example_nested_branch_dag']) retrieved from /home/airflow/.local/lib/python3.7/site-packages/airflow/example_dags/example_nested_branch_dag.py
[2023-04-16T00:55:25.029+0000] {logging_mixin.py:137} INFO - [2023-04-16T00:55:25.029+0000] {dag.py:2705} INFO - Sync 1 DAGs
[2023-04-16T00:55:25.075+0000] {logging_mixin.py:137} INFO - [2023-04-16T00:55:25.075+0000] {dag.py:3456} INFO - Setting next_dagrun for example_nested_branch_dag to 2023-04-15T00:00:00+00:00, run_after=2023-04-16T00:00:00+00:00
[2023-04-16T00:55:25.100+0000] {processor.py:175} INFO - Processing /home/airflow/.local/lib/python3.7/site-packages/airflow/example_dags/example_nested_branch_dag.py took 0.147 seconds
[2023-04-16T00:55:55.208+0000] {processor.py:153} INFO - Started process (PID=722) to work on /home/airflow/.local/lib/python3.7/site-packages/airflow/example_dags/example_nested_branch_dag.py
[2023-04-16T00:55:55.209+0000] {processor.py:743} INFO - Processing file /home/airflow/.local/lib/python3.7/site-packages/airflow/example_dags/example_nested_branch_dag.py for tasks to queue
[2023-04-16T00:55:55.210+0000] {logging_mixin.py:137} INFO - [2023-04-16T00:55:55.209+0000] {dagbag.py:532} INFO - Filling up the DagBag from /home/airflow/.local/lib/python3.7/site-packages/airflow/example_dags/example_nested_branch_dag.py
[2023-04-16T00:55:55.243+0000] {processor.py:753} INFO - DAG(s) dict_keys(['example_nested_branch_dag']) retrieved from /home/airflow/.local/lib/python3.7/site-packages/airflow/example_dags/example_nested_branch_dag.py
[2023-04-16T00:55:55.278+0000] {logging_mixin.py:137} INFO - [2023-04-16T00:55:55.278+0000] {dag.py:2705} INFO - Sync 1 DAGs
[2023-04-16T00:55:55.320+0000] {logging_mixin.py:137} INFO - [2023-04-16T00:55:55.320+0000] {dag.py:3456} INFO - Setting next_dagrun for example_nested_branch_dag to 2023-04-15T00:00:00+00:00, run_after=2023-04-16T00:00:00+00:00
[2023-04-16T00:55:55.341+0000] {processor.py:175} INFO - Processing /home/airflow/.local/lib/python3.7/site-packages/airflow/example_dags/example_nested_branch_dag.py took 0.137 seconds
[2023-04-16T00:56:25.565+0000] {processor.py:153} INFO - Started process (PID=772) to work on /home/airflow/.local/lib/python3.7/site-packages/airflow/example_dags/example_nested_branch_dag.py
[2023-04-16T00:56:25.566+0000] {processor.py:743} INFO - Processing file /home/airflow/.local/lib/python3.7/site-packages/airflow/example_dags/example_nested_branch_dag.py for tasks to queue
[2023-04-16T00:56:25.566+0000] {logging_mixin.py:137} INFO - [2023-04-16T00:56:25.566+0000] {dagbag.py:532} INFO - Filling up the DagBag from /home/airflow/.local/lib/python3.7/site-packages/airflow/example_dags/example_nested_branch_dag.py
[2023-04-16T00:56:25.602+0000] {processor.py:753} INFO - DAG(s) dict_keys(['example_nested_branch_dag']) retrieved from /home/airflow/.local/lib/python3.7/site-packages/airflow/example_dags/example_nested_branch_dag.py
[2023-04-16T00:56:25.638+0000] {logging_mixin.py:137} INFO - [2023-04-16T00:56:25.638+0000] {dag.py:2705} INFO - Sync 1 DAGs
[2023-04-16T00:56:25.685+0000] {logging_mixin.py:137} INFO - [2023-04-16T00:56:25.685+0000] {dag.py:3456} INFO - Setting next_dagrun for example_nested_branch_dag to 2023-04-15T00:00:00+00:00, run_after=2023-04-16T00:00:00+00:00
[2023-04-16T00:56:25.709+0000] {processor.py:175} INFO - Processing /home/airflow/.local/lib/python3.7/site-packages/airflow/example_dags/example_nested_branch_dag.py took 0.149 seconds
[2023-04-16T00:56:56.038+0000] {processor.py:153} INFO - Started process (PID=822) to work on /home/airflow/.local/lib/python3.7/site-packages/airflow/example_dags/example_nested_branch_dag.py
[2023-04-16T00:56:56.039+0000] {processor.py:743} INFO - Processing file /home/airflow/.local/lib/python3.7/site-packages/airflow/example_dags/example_nested_branch_dag.py for tasks to queue
[2023-04-16T00:56:56.040+0000] {logging_mixin.py:137} INFO - [2023-04-16T00:56:56.040+0000] {dagbag.py:532} INFO - Filling up the DagBag from /home/airflow/.local/lib/python3.7/site-packages/airflow/example_dags/example_nested_branch_dag.py
[2023-04-16T00:56:56.075+0000] {processor.py:753} INFO - DAG(s) dict_keys(['example_nested_branch_dag']) retrieved from /home/airflow/.local/lib/python3.7/site-packages/airflow/example_dags/example_nested_branch_dag.py
[2023-04-16T00:56:56.109+0000] {logging_mixin.py:137} INFO - [2023-04-16T00:56:56.109+0000] {dag.py:2705} INFO - Sync 1 DAGs
[2023-04-16T00:56:56.154+0000] {logging_mixin.py:137} INFO - [2023-04-16T00:56:56.154+0000] {dag.py:3456} INFO - Setting next_dagrun for example_nested_branch_dag to 2023-04-15T00:00:00+00:00, run_after=2023-04-16T00:00:00+00:00
[2023-04-16T00:56:56.177+0000] {processor.py:175} INFO - Processing /home/airflow/.local/lib/python3.7/site-packages/airflow/example_dags/example_nested_branch_dag.py took 0.143 seconds
[2023-04-16T00:57:26.356+0000] {processor.py:153} INFO - Started process (PID=872) to work on /home/airflow/.local/lib/python3.7/site-packages/airflow/example_dags/example_nested_branch_dag.py
[2023-04-16T00:57:26.357+0000] {processor.py:743} INFO - Processing file /home/airflow/.local/lib/python3.7/site-packages/airflow/example_dags/example_nested_branch_dag.py for tasks to queue
[2023-04-16T00:57:26.357+0000] {logging_mixin.py:137} INFO - [2023-04-16T00:57:26.357+0000] {dagbag.py:532} INFO - Filling up the DagBag from /home/airflow/.local/lib/python3.7/site-packages/airflow/example_dags/example_nested_branch_dag.py
[2023-04-16T00:57:26.392+0000] {processor.py:753} INFO - DAG(s) dict_keys(['example_nested_branch_dag']) retrieved from /home/airflow/.local/lib/python3.7/site-packages/airflow/example_dags/example_nested_branch_dag.py
[2023-04-16T00:57:26.428+0000] {logging_mixin.py:137} INFO - [2023-04-16T00:57:26.428+0000] {dag.py:2705} INFO - Sync 1 DAGs
[2023-04-16T00:57:26.468+0000] {logging_mixin.py:137} INFO - [2023-04-16T00:57:26.468+0000] {dag.py:3456} INFO - Setting next_dagrun for example_nested_branch_dag to 2023-04-15T00:00:00+00:00, run_after=2023-04-16T00:00:00+00:00
[2023-04-16T00:57:26.491+0000] {processor.py:175} INFO - Processing /home/airflow/.local/lib/python3.7/site-packages/airflow/example_dags/example_nested_branch_dag.py took 0.139 seconds
[2023-04-16T00:57:56.615+0000] {processor.py:153} INFO - Started process (PID=921) to work on /home/airflow/.local/lib/python3.7/site-packages/airflow/example_dags/example_nested_branch_dag.py
[2023-04-16T00:57:56.616+0000] {processor.py:743} INFO - Processing file /home/airflow/.local/lib/python3.7/site-packages/airflow/example_dags/example_nested_branch_dag.py for tasks to queue
[2023-04-16T00:57:56.617+0000] {logging_mixin.py:137} INFO - [2023-04-16T00:57:56.617+0000] {dagbag.py:532} INFO - Filling up the DagBag from /home/airflow/.local/lib/python3.7/site-packages/airflow/example_dags/example_nested_branch_dag.py
[2023-04-16T00:57:56.663+0000] {processor.py:753} INFO - DAG(s) dict_keys(['example_nested_branch_dag']) retrieved from /home/airflow/.local/lib/python3.7/site-packages/airflow/example_dags/example_nested_branch_dag.py
[2023-04-16T00:57:56.720+0000] {logging_mixin.py:137} INFO - [2023-04-16T00:57:56.719+0000] {dag.py:2705} INFO - Sync 1 DAGs
[2023-04-16T00:57:56.773+0000] {logging_mixin.py:137} INFO - [2023-04-16T00:57:56.772+0000] {dag.py:3456} INFO - Setting next_dagrun for example_nested_branch_dag to 2023-04-15T00:00:00+00:00, run_after=2023-04-16T00:00:00+00:00
[2023-04-16T00:57:56.834+0000] {processor.py:175} INFO - Processing /home/airflow/.local/lib/python3.7/site-packages/airflow/example_dags/example_nested_branch_dag.py took 0.228 seconds
[2023-04-16T00:58:26.921+0000] {processor.py:153} INFO - Started process (PID=971) to work on /home/airflow/.local/lib/python3.7/site-packages/airflow/example_dags/example_nested_branch_dag.py
[2023-04-16T00:58:26.922+0000] {processor.py:743} INFO - Processing file /home/airflow/.local/lib/python3.7/site-packages/airflow/example_dags/example_nested_branch_dag.py for tasks to queue
[2023-04-16T00:58:26.922+0000] {logging_mixin.py:137} INFO - [2023-04-16T00:58:26.922+0000] {dagbag.py:532} INFO - Filling up the DagBag from /home/airflow/.local/lib/python3.7/site-packages/airflow/example_dags/example_nested_branch_dag.py
[2023-04-16T00:58:26.957+0000] {processor.py:753} INFO - DAG(s) dict_keys(['example_nested_branch_dag']) retrieved from /home/airflow/.local/lib/python3.7/site-packages/airflow/example_dags/example_nested_branch_dag.py
[2023-04-16T00:58:26.991+0000] {logging_mixin.py:137} INFO - [2023-04-16T00:58:26.990+0000] {dag.py:2705} INFO - Sync 1 DAGs
[2023-04-16T00:58:27.033+0000] {logging_mixin.py:137} INFO - [2023-04-16T00:58:27.033+0000] {dag.py:3456} INFO - Setting next_dagrun for example_nested_branch_dag to 2023-04-15T00:00:00+00:00, run_after=2023-04-16T00:00:00+00:00
[2023-04-16T00:58:27.056+0000] {processor.py:175} INFO - Processing /home/airflow/.local/lib/python3.7/site-packages/airflow/example_dags/example_nested_branch_dag.py took 0.139 seconds
[2023-04-16T00:58:57.148+0000] {processor.py:153} INFO - Started process (PID=1021) to work on /home/airflow/.local/lib/python3.7/site-packages/airflow/example_dags/example_nested_branch_dag.py
[2023-04-16T00:58:57.149+0000] {processor.py:743} INFO - Processing file /home/airflow/.local/lib/python3.7/site-packages/airflow/example_dags/example_nested_branch_dag.py for tasks to queue
[2023-04-16T00:58:57.150+0000] {logging_mixin.py:137} INFO - [2023-04-16T00:58:57.150+0000] {dagbag.py:532} INFO - Filling up the DagBag from /home/airflow/.local/lib/python3.7/site-packages/airflow/example_dags/example_nested_branch_dag.py
[2023-04-16T00:58:57.183+0000] {processor.py:753} INFO - DAG(s) dict_keys(['example_nested_branch_dag']) retrieved from /home/airflow/.local/lib/python3.7/site-packages/airflow/example_dags/example_nested_branch_dag.py
[2023-04-16T00:58:57.218+0000] {logging_mixin.py:137} INFO - [2023-04-16T00:58:57.218+0000] {dag.py:2705} INFO - Sync 1 DAGs
[2023-04-16T00:58:57.261+0000] {logging_mixin.py:137} INFO - [2023-04-16T00:58:57.261+0000] {dag.py:3456} INFO - Setting next_dagrun for example_nested_branch_dag to 2023-04-15T00:00:00+00:00, run_after=2023-04-16T00:00:00+00:00
[2023-04-16T00:58:57.284+0000] {processor.py:175} INFO - Processing /home/airflow/.local/lib/python3.7/site-packages/airflow/example_dags/example_nested_branch_dag.py took 0.139 seconds
[2023-04-16T00:59:27.341+0000] {processor.py:153} INFO - Started process (PID=1071) to work on /home/airflow/.local/lib/python3.7/site-packages/airflow/example_dags/example_nested_branch_dag.py
[2023-04-16T00:59:27.342+0000] {processor.py:743} INFO - Processing file /home/airflow/.local/lib/python3.7/site-packages/airflow/example_dags/example_nested_branch_dag.py for tasks to queue
[2023-04-16T00:59:27.342+0000] {logging_mixin.py:137} INFO - [2023-04-16T00:59:27.342+0000] {dagbag.py:532} INFO - Filling up the DagBag from /home/airflow/.local/lib/python3.7/site-packages/airflow/example_dags/example_nested_branch_dag.py
[2023-04-16T00:59:27.376+0000] {processor.py:753} INFO - DAG(s) dict_keys(['example_nested_branch_dag']) retrieved from /home/airflow/.local/lib/python3.7/site-packages/airflow/example_dags/example_nested_branch_dag.py
[2023-04-16T00:59:27.410+0000] {logging_mixin.py:137} INFO - [2023-04-16T00:59:27.410+0000] {dag.py:2705} INFO - Sync 1 DAGs
[2023-04-16T00:59:27.452+0000] {logging_mixin.py:137} INFO - [2023-04-16T00:59:27.451+0000] {dag.py:3456} INFO - Setting next_dagrun for example_nested_branch_dag to 2023-04-15T00:00:00+00:00, run_after=2023-04-16T00:00:00+00:00
[2023-04-16T00:59:27.474+0000] {processor.py:175} INFO - Processing /home/airflow/.local/lib/python3.7/site-packages/airflow/example_dags/example_nested_branch_dag.py took 0.137 seconds
[2023-04-16T00:59:57.598+0000] {processor.py:153} INFO - Started process (PID=1120) to work on /home/airflow/.local/lib/python3.7/site-packages/airflow/example_dags/example_nested_branch_dag.py
[2023-04-16T00:59:57.598+0000] {processor.py:743} INFO - Processing file /home/airflow/.local/lib/python3.7/site-packages/airflow/example_dags/example_nested_branch_dag.py for tasks to queue
[2023-04-16T00:59:57.599+0000] {logging_mixin.py:137} INFO - [2023-04-16T00:59:57.599+0000] {dagbag.py:532} INFO - Filling up the DagBag from /home/airflow/.local/lib/python3.7/site-packages/airflow/example_dags/example_nested_branch_dag.py
[2023-04-16T00:59:57.634+0000] {processor.py:753} INFO - DAG(s) dict_keys(['example_nested_branch_dag']) retrieved from /home/airflow/.local/lib/python3.7/site-packages/airflow/example_dags/example_nested_branch_dag.py
[2023-04-16T00:59:57.675+0000] {logging_mixin.py:137} INFO - [2023-04-16T00:59:57.675+0000] {dag.py:2705} INFO - Sync 1 DAGs
[2023-04-16T00:59:57.720+0000] {logging_mixin.py:137} INFO - [2023-04-16T00:59:57.720+0000] {dag.py:3456} INFO - Setting next_dagrun for example_nested_branch_dag to 2023-04-15T00:00:00+00:00, run_after=2023-04-16T00:00:00+00:00
[2023-04-16T00:59:57.742+0000] {processor.py:175} INFO - Processing /home/airflow/.local/lib/python3.7/site-packages/airflow/example_dags/example_nested_branch_dag.py took 0.149 seconds
