[2023-04-16T00:49:13.990+0000] {processor.py:153} INFO - Started process (PID=39) to work on /home/airflow/.local/lib/python3.7/site-packages/airflow/example_dags/example_bash_operator.py
[2023-04-16T00:49:13.990+0000] {processor.py:743} INFO - Processing file /home/airflow/.local/lib/python3.7/site-packages/airflow/example_dags/example_bash_operator.py for tasks to queue
[2023-04-16T00:49:13.991+0000] {logging_mixin.py:137} INFO - [2023-04-16T00:49:13.991+0000] {dagbag.py:532} INFO - Filling up the DagBag from /home/airflow/.local/lib/python3.7/site-packages/airflow/example_dags/example_bash_operator.py
[2023-04-16T00:49:14.034+0000] {processor.py:753} INFO - DAG(s) dict_keys(['example_bash_operator']) retrieved from /home/airflow/.local/lib/python3.7/site-packages/airflow/example_dags/example_bash_operator.py
[2023-04-16T00:49:14.092+0000] {logging_mixin.py:137} INFO - [2023-04-16T00:49:14.092+0000] {dag.py:2705} INFO - Sync 1 DAGs
[2023-04-16T00:49:14.144+0000] {logging_mixin.py:137} INFO - [2023-04-16T00:49:14.144+0000] {dag.py:3456} INFO - Setting next_dagrun for example_bash_operator to 2023-04-15T00:00:00+00:00, run_after=2023-04-16T00:00:00+00:00
[2023-04-16T00:49:14.172+0000] {processor.py:175} INFO - Processing /home/airflow/.local/lib/python3.7/site-packages/airflow/example_dags/example_bash_operator.py took 0.186 seconds
[2023-04-16T00:49:44.386+0000] {processor.py:153} INFO - Started process (PID=89) to work on /home/airflow/.local/lib/python3.7/site-packages/airflow/example_dags/example_bash_operator.py
[2023-04-16T00:49:44.386+0000] {processor.py:743} INFO - Processing file /home/airflow/.local/lib/python3.7/site-packages/airflow/example_dags/example_bash_operator.py for tasks to queue
[2023-04-16T00:49:44.387+0000] {logging_mixin.py:137} INFO - [2023-04-16T00:49:44.387+0000] {dagbag.py:532} INFO - Filling up the DagBag from /home/airflow/.local/lib/python3.7/site-packages/airflow/example_dags/example_bash_operator.py
[2023-04-16T00:49:44.415+0000] {processor.py:753} INFO - DAG(s) dict_keys(['example_bash_operator']) retrieved from /home/airflow/.local/lib/python3.7/site-packages/airflow/example_dags/example_bash_operator.py
[2023-04-16T00:49:44.471+0000] {logging_mixin.py:137} INFO - [2023-04-16T00:49:44.471+0000] {dag.py:2705} INFO - Sync 1 DAGs
[2023-04-16T00:49:44.515+0000] {logging_mixin.py:137} INFO - [2023-04-16T00:49:44.515+0000] {dag.py:3456} INFO - Setting next_dagrun for example_bash_operator to 2023-04-15T00:00:00+00:00, run_after=2023-04-16T00:00:00+00:00
[2023-04-16T00:49:44.538+0000] {processor.py:175} INFO - Processing /home/airflow/.local/lib/python3.7/site-packages/airflow/example_dags/example_bash_operator.py took 0.156 seconds
[2023-04-16T00:50:14.669+0000] {processor.py:153} INFO - Started process (PID=139) to work on /home/airflow/.local/lib/python3.7/site-packages/airflow/example_dags/example_bash_operator.py
[2023-04-16T00:50:14.670+0000] {processor.py:743} INFO - Processing file /home/airflow/.local/lib/python3.7/site-packages/airflow/example_dags/example_bash_operator.py for tasks to queue
[2023-04-16T00:50:14.671+0000] {logging_mixin.py:137} INFO - [2023-04-16T00:50:14.670+0000] {dagbag.py:532} INFO - Filling up the DagBag from /home/airflow/.local/lib/python3.7/site-packages/airflow/example_dags/example_bash_operator.py
[2023-04-16T00:50:14.699+0000] {processor.py:753} INFO - DAG(s) dict_keys(['example_bash_operator']) retrieved from /home/airflow/.local/lib/python3.7/site-packages/airflow/example_dags/example_bash_operator.py
[2023-04-16T00:50:14.757+0000] {logging_mixin.py:137} INFO - [2023-04-16T00:50:14.757+0000] {dag.py:2705} INFO - Sync 1 DAGs
[2023-04-16T00:50:14.799+0000] {logging_mixin.py:137} INFO - [2023-04-16T00:50:14.799+0000] {dag.py:3456} INFO - Setting next_dagrun for example_bash_operator to 2023-04-15T00:00:00+00:00, run_after=2023-04-16T00:00:00+00:00
[2023-04-16T00:50:14.822+0000] {processor.py:175} INFO - Processing /home/airflow/.local/lib/python3.7/site-packages/airflow/example_dags/example_bash_operator.py took 0.157 seconds
[2023-04-16T00:50:45.093+0000] {processor.py:153} INFO - Started process (PID=189) to work on /home/airflow/.local/lib/python3.7/site-packages/airflow/example_dags/example_bash_operator.py
[2023-04-16T00:50:45.094+0000] {processor.py:743} INFO - Processing file /home/airflow/.local/lib/python3.7/site-packages/airflow/example_dags/example_bash_operator.py for tasks to queue
[2023-04-16T00:50:45.094+0000] {logging_mixin.py:137} INFO - [2023-04-16T00:50:45.094+0000] {dagbag.py:532} INFO - Filling up the DagBag from /home/airflow/.local/lib/python3.7/site-packages/airflow/example_dags/example_bash_operator.py
[2023-04-16T00:50:45.131+0000] {processor.py:753} INFO - DAG(s) dict_keys(['example_bash_operator']) retrieved from /home/airflow/.local/lib/python3.7/site-packages/airflow/example_dags/example_bash_operator.py
[2023-04-16T00:50:45.204+0000] {logging_mixin.py:137} INFO - [2023-04-16T00:50:45.204+0000] {dag.py:2705} INFO - Sync 1 DAGs
[2023-04-16T00:50:45.263+0000] {logging_mixin.py:137} INFO - [2023-04-16T00:50:45.263+0000] {dag.py:3456} INFO - Setting next_dagrun for example_bash_operator to 2023-04-15T00:00:00+00:00, run_after=2023-04-16T00:00:00+00:00
[2023-04-16T00:50:45.291+0000] {processor.py:175} INFO - Processing /home/airflow/.local/lib/python3.7/site-packages/airflow/example_dags/example_bash_operator.py took 0.203 seconds
[2023-04-16T00:51:15.829+0000] {processor.py:153} INFO - Started process (PID=239) to work on /home/airflow/.local/lib/python3.7/site-packages/airflow/example_dags/example_bash_operator.py
[2023-04-16T00:51:15.830+0000] {processor.py:743} INFO - Processing file /home/airflow/.local/lib/python3.7/site-packages/airflow/example_dags/example_bash_operator.py for tasks to queue
[2023-04-16T00:51:15.831+0000] {logging_mixin.py:137} INFO - [2023-04-16T00:51:15.831+0000] {dagbag.py:532} INFO - Filling up the DagBag from /home/airflow/.local/lib/python3.7/site-packages/airflow/example_dags/example_bash_operator.py
[2023-04-16T00:51:15.861+0000] {processor.py:753} INFO - DAG(s) dict_keys(['example_bash_operator']) retrieved from /home/airflow/.local/lib/python3.7/site-packages/airflow/example_dags/example_bash_operator.py
[2023-04-16T00:51:15.918+0000] {logging_mixin.py:137} INFO - [2023-04-16T00:51:15.918+0000] {dag.py:2705} INFO - Sync 1 DAGs
[2023-04-16T00:51:15.962+0000] {logging_mixin.py:137} INFO - [2023-04-16T00:51:15.962+0000] {dag.py:3456} INFO - Setting next_dagrun for example_bash_operator to 2023-04-15T00:00:00+00:00, run_after=2023-04-16T00:00:00+00:00
[2023-04-16T00:51:15.987+0000] {processor.py:175} INFO - Processing /home/airflow/.local/lib/python3.7/site-packages/airflow/example_dags/example_bash_operator.py took 0.162 seconds
[2023-04-16T00:51:46.130+0000] {processor.py:153} INFO - Started process (PID=289) to work on /home/airflow/.local/lib/python3.7/site-packages/airflow/example_dags/example_bash_operator.py
[2023-04-16T00:51:46.131+0000] {processor.py:743} INFO - Processing file /home/airflow/.local/lib/python3.7/site-packages/airflow/example_dags/example_bash_operator.py for tasks to queue
[2023-04-16T00:51:46.131+0000] {logging_mixin.py:137} INFO - [2023-04-16T00:51:46.131+0000] {dagbag.py:532} INFO - Filling up the DagBag from /home/airflow/.local/lib/python3.7/site-packages/airflow/example_dags/example_bash_operator.py
[2023-04-16T00:51:46.160+0000] {processor.py:753} INFO - DAG(s) dict_keys(['example_bash_operator']) retrieved from /home/airflow/.local/lib/python3.7/site-packages/airflow/example_dags/example_bash_operator.py
[2023-04-16T00:51:46.216+0000] {logging_mixin.py:137} INFO - [2023-04-16T00:51:46.216+0000] {dag.py:2705} INFO - Sync 1 DAGs
[2023-04-16T00:51:46.258+0000] {logging_mixin.py:137} INFO - [2023-04-16T00:51:46.258+0000] {dag.py:3456} INFO - Setting next_dagrun for example_bash_operator to 2023-04-15T00:00:00+00:00, run_after=2023-04-16T00:00:00+00:00
[2023-04-16T00:51:46.281+0000] {processor.py:175} INFO - Processing /home/airflow/.local/lib/python3.7/site-packages/airflow/example_dags/example_bash_operator.py took 0.155 seconds
[2023-04-16T00:52:16.404+0000] {processor.py:153} INFO - Started process (PID=339) to work on /home/airflow/.local/lib/python3.7/site-packages/airflow/example_dags/example_bash_operator.py
[2023-04-16T00:52:16.405+0000] {processor.py:743} INFO - Processing file /home/airflow/.local/lib/python3.7/site-packages/airflow/example_dags/example_bash_operator.py for tasks to queue
[2023-04-16T00:52:16.406+0000] {logging_mixin.py:137} INFO - [2023-04-16T00:52:16.406+0000] {dagbag.py:532} INFO - Filling up the DagBag from /home/airflow/.local/lib/python3.7/site-packages/airflow/example_dags/example_bash_operator.py
[2023-04-16T00:52:16.436+0000] {processor.py:753} INFO - DAG(s) dict_keys(['example_bash_operator']) retrieved from /home/airflow/.local/lib/python3.7/site-packages/airflow/example_dags/example_bash_operator.py
[2023-04-16T00:52:16.494+0000] {logging_mixin.py:137} INFO - [2023-04-16T00:52:16.494+0000] {dag.py:2705} INFO - Sync 1 DAGs
[2023-04-16T00:52:16.539+0000] {logging_mixin.py:137} INFO - [2023-04-16T00:52:16.539+0000] {dag.py:3456} INFO - Setting next_dagrun for example_bash_operator to 2023-04-15T00:00:00+00:00, run_after=2023-04-16T00:00:00+00:00
[2023-04-16T00:52:16.561+0000] {processor.py:175} INFO - Processing /home/airflow/.local/lib/python3.7/site-packages/airflow/example_dags/example_bash_operator.py took 0.161 seconds
[2023-04-16T00:52:46.866+0000] {processor.py:153} INFO - Started process (PID=389) to work on /home/airflow/.local/lib/python3.7/site-packages/airflow/example_dags/example_bash_operator.py
[2023-04-16T00:52:46.867+0000] {processor.py:743} INFO - Processing file /home/airflow/.local/lib/python3.7/site-packages/airflow/example_dags/example_bash_operator.py for tasks to queue
[2023-04-16T00:52:46.868+0000] {logging_mixin.py:137} INFO - [2023-04-16T00:52:46.868+0000] {dagbag.py:532} INFO - Filling up the DagBag from /home/airflow/.local/lib/python3.7/site-packages/airflow/example_dags/example_bash_operator.py
[2023-04-16T00:52:46.900+0000] {processor.py:753} INFO - DAG(s) dict_keys(['example_bash_operator']) retrieved from /home/airflow/.local/lib/python3.7/site-packages/airflow/example_dags/example_bash_operator.py
[2023-04-16T00:52:46.965+0000] {logging_mixin.py:137} INFO - [2023-04-16T00:52:46.965+0000] {dag.py:2705} INFO - Sync 1 DAGs
[2023-04-16T00:52:47.011+0000] {logging_mixin.py:137} INFO - [2023-04-16T00:52:47.010+0000] {dag.py:3456} INFO - Setting next_dagrun for example_bash_operator to 2023-04-15T00:00:00+00:00, run_after=2023-04-16T00:00:00+00:00
[2023-04-16T00:52:47.032+0000] {processor.py:175} INFO - Processing /home/airflow/.local/lib/python3.7/site-packages/airflow/example_dags/example_bash_operator.py took 0.170 seconds
[2023-04-16T00:53:17.290+0000] {processor.py:153} INFO - Started process (PID=439) to work on /home/airflow/.local/lib/python3.7/site-packages/airflow/example_dags/example_bash_operator.py
[2023-04-16T00:53:17.290+0000] {processor.py:743} INFO - Processing file /home/airflow/.local/lib/python3.7/site-packages/airflow/example_dags/example_bash_operator.py for tasks to queue
[2023-04-16T00:53:17.291+0000] {logging_mixin.py:137} INFO - [2023-04-16T00:53:17.291+0000] {dagbag.py:532} INFO - Filling up the DagBag from /home/airflow/.local/lib/python3.7/site-packages/airflow/example_dags/example_bash_operator.py
[2023-04-16T00:53:17.322+0000] {processor.py:753} INFO - DAG(s) dict_keys(['example_bash_operator']) retrieved from /home/airflow/.local/lib/python3.7/site-packages/airflow/example_dags/example_bash_operator.py
[2023-04-16T00:53:17.402+0000] {logging_mixin.py:137} INFO - [2023-04-16T00:53:17.401+0000] {dag.py:2705} INFO - Sync 1 DAGs
[2023-04-16T00:53:17.452+0000] {logging_mixin.py:137} INFO - [2023-04-16T00:53:17.452+0000] {dag.py:3456} INFO - Setting next_dagrun for example_bash_operator to 2023-04-15T00:00:00+00:00, run_after=2023-04-16T00:00:00+00:00
[2023-04-16T00:53:17.476+0000] {processor.py:175} INFO - Processing /home/airflow/.local/lib/python3.7/site-packages/airflow/example_dags/example_bash_operator.py took 0.190 seconds
[2023-04-16T00:53:47.529+0000] {processor.py:153} INFO - Started process (PID=489) to work on /home/airflow/.local/lib/python3.7/site-packages/airflow/example_dags/example_bash_operator.py
[2023-04-16T00:53:47.530+0000] {processor.py:743} INFO - Processing file /home/airflow/.local/lib/python3.7/site-packages/airflow/example_dags/example_bash_operator.py for tasks to queue
[2023-04-16T00:53:47.531+0000] {logging_mixin.py:137} INFO - [2023-04-16T00:53:47.531+0000] {dagbag.py:532} INFO - Filling up the DagBag from /home/airflow/.local/lib/python3.7/site-packages/airflow/example_dags/example_bash_operator.py
[2023-04-16T00:53:47.560+0000] {processor.py:753} INFO - DAG(s) dict_keys(['example_bash_operator']) retrieved from /home/airflow/.local/lib/python3.7/site-packages/airflow/example_dags/example_bash_operator.py
[2023-04-16T00:53:47.618+0000] {logging_mixin.py:137} INFO - [2023-04-16T00:53:47.617+0000] {dag.py:2705} INFO - Sync 1 DAGs
[2023-04-16T00:53:47.660+0000] {logging_mixin.py:137} INFO - [2023-04-16T00:53:47.660+0000] {dag.py:3456} INFO - Setting next_dagrun for example_bash_operator to 2023-04-15T00:00:00+00:00, run_after=2023-04-16T00:00:00+00:00
[2023-04-16T00:53:47.681+0000] {processor.py:175} INFO - Processing /home/airflow/.local/lib/python3.7/site-packages/airflow/example_dags/example_bash_operator.py took 0.156 seconds
[2023-04-16T00:54:18.226+0000] {processor.py:153} INFO - Started process (PID=539) to work on /home/airflow/.local/lib/python3.7/site-packages/airflow/example_dags/example_bash_operator.py
[2023-04-16T00:54:18.227+0000] {processor.py:743} INFO - Processing file /home/airflow/.local/lib/python3.7/site-packages/airflow/example_dags/example_bash_operator.py for tasks to queue
[2023-04-16T00:54:18.228+0000] {logging_mixin.py:137} INFO - [2023-04-16T00:54:18.228+0000] {dagbag.py:532} INFO - Filling up the DagBag from /home/airflow/.local/lib/python3.7/site-packages/airflow/example_dags/example_bash_operator.py
[2023-04-16T00:54:18.268+0000] {processor.py:753} INFO - DAG(s) dict_keys(['example_bash_operator']) retrieved from /home/airflow/.local/lib/python3.7/site-packages/airflow/example_dags/example_bash_operator.py
[2023-04-16T00:54:18.339+0000] {logging_mixin.py:137} INFO - [2023-04-16T00:54:18.339+0000] {dag.py:2705} INFO - Sync 1 DAGs
[2023-04-16T00:54:18.393+0000] {logging_mixin.py:137} INFO - [2023-04-16T00:54:18.393+0000] {dag.py:3456} INFO - Setting next_dagrun for example_bash_operator to 2023-04-15T00:00:00+00:00, run_after=2023-04-16T00:00:00+00:00
[2023-04-16T00:54:18.425+0000] {processor.py:175} INFO - Processing /home/airflow/.local/lib/python3.7/site-packages/airflow/example_dags/example_bash_operator.py took 0.203 seconds
[2023-04-16T00:54:48.471+0000] {processor.py:153} INFO - Started process (PID=588) to work on /home/airflow/.local/lib/python3.7/site-packages/airflow/example_dags/example_bash_operator.py
[2023-04-16T00:54:48.472+0000] {processor.py:743} INFO - Processing file /home/airflow/.local/lib/python3.7/site-packages/airflow/example_dags/example_bash_operator.py for tasks to queue
[2023-04-16T00:54:48.473+0000] {logging_mixin.py:137} INFO - [2023-04-16T00:54:48.473+0000] {dagbag.py:532} INFO - Filling up the DagBag from /home/airflow/.local/lib/python3.7/site-packages/airflow/example_dags/example_bash_operator.py
[2023-04-16T00:54:48.503+0000] {processor.py:753} INFO - DAG(s) dict_keys(['example_bash_operator']) retrieved from /home/airflow/.local/lib/python3.7/site-packages/airflow/example_dags/example_bash_operator.py
[2023-04-16T00:54:48.560+0000] {logging_mixin.py:137} INFO - [2023-04-16T00:54:48.560+0000] {dag.py:2705} INFO - Sync 1 DAGs
[2023-04-16T00:54:48.601+0000] {logging_mixin.py:137} INFO - [2023-04-16T00:54:48.601+0000] {dag.py:3456} INFO - Setting next_dagrun for example_bash_operator to 2023-04-15T00:00:00+00:00, run_after=2023-04-16T00:00:00+00:00
[2023-04-16T00:54:48.623+0000] {processor.py:175} INFO - Processing /home/airflow/.local/lib/python3.7/site-packages/airflow/example_dags/example_bash_operator.py took 0.156 seconds
[2023-04-16T00:55:18.849+0000] {processor.py:153} INFO - Started process (PID=638) to work on /home/airflow/.local/lib/python3.7/site-packages/airflow/example_dags/example_bash_operator.py
[2023-04-16T00:55:18.851+0000] {processor.py:743} INFO - Processing file /home/airflow/.local/lib/python3.7/site-packages/airflow/example_dags/example_bash_operator.py for tasks to queue
[2023-04-16T00:55:18.852+0000] {logging_mixin.py:137} INFO - [2023-04-16T00:55:18.852+0000] {dagbag.py:532} INFO - Filling up the DagBag from /home/airflow/.local/lib/python3.7/site-packages/airflow/example_dags/example_bash_operator.py
[2023-04-16T00:55:18.884+0000] {processor.py:753} INFO - DAG(s) dict_keys(['example_bash_operator']) retrieved from /home/airflow/.local/lib/python3.7/site-packages/airflow/example_dags/example_bash_operator.py
[2023-04-16T00:55:18.942+0000] {logging_mixin.py:137} INFO - [2023-04-16T00:55:18.942+0000] {dag.py:2705} INFO - Sync 1 DAGs
[2023-04-16T00:55:18.986+0000] {logging_mixin.py:137} INFO - [2023-04-16T00:55:18.986+0000] {dag.py:3456} INFO - Setting next_dagrun for example_bash_operator to 2023-04-15T00:00:00+00:00, run_after=2023-04-16T00:00:00+00:00
[2023-04-16T00:55:19.008+0000] {processor.py:175} INFO - Processing /home/airflow/.local/lib/python3.7/site-packages/airflow/example_dags/example_bash_operator.py took 0.163 seconds
[2023-04-16T00:55:49.291+0000] {processor.py:153} INFO - Started process (PID=688) to work on /home/airflow/.local/lib/python3.7/site-packages/airflow/example_dags/example_bash_operator.py
[2023-04-16T00:55:49.291+0000] {processor.py:743} INFO - Processing file /home/airflow/.local/lib/python3.7/site-packages/airflow/example_dags/example_bash_operator.py for tasks to queue
[2023-04-16T00:55:49.292+0000] {logging_mixin.py:137} INFO - [2023-04-16T00:55:49.292+0000] {dagbag.py:532} INFO - Filling up the DagBag from /home/airflow/.local/lib/python3.7/site-packages/airflow/example_dags/example_bash_operator.py
[2023-04-16T00:55:49.321+0000] {processor.py:753} INFO - DAG(s) dict_keys(['example_bash_operator']) retrieved from /home/airflow/.local/lib/python3.7/site-packages/airflow/example_dags/example_bash_operator.py
[2023-04-16T00:55:49.378+0000] {logging_mixin.py:137} INFO - [2023-04-16T00:55:49.377+0000] {dag.py:2705} INFO - Sync 1 DAGs
[2023-04-16T00:55:49.419+0000] {logging_mixin.py:137} INFO - [2023-04-16T00:55:49.419+0000] {dag.py:3456} INFO - Setting next_dagrun for example_bash_operator to 2023-04-15T00:00:00+00:00, run_after=2023-04-16T00:00:00+00:00
[2023-04-16T00:55:49.441+0000] {processor.py:175} INFO - Processing /home/airflow/.local/lib/python3.7/site-packages/airflow/example_dags/example_bash_operator.py took 0.154 seconds
[2023-04-16T00:56:19.579+0000] {processor.py:153} INFO - Started process (PID=738) to work on /home/airflow/.local/lib/python3.7/site-packages/airflow/example_dags/example_bash_operator.py
[2023-04-16T00:56:19.580+0000] {processor.py:743} INFO - Processing file /home/airflow/.local/lib/python3.7/site-packages/airflow/example_dags/example_bash_operator.py for tasks to queue
[2023-04-16T00:56:19.580+0000] {logging_mixin.py:137} INFO - [2023-04-16T00:56:19.580+0000] {dagbag.py:532} INFO - Filling up the DagBag from /home/airflow/.local/lib/python3.7/site-packages/airflow/example_dags/example_bash_operator.py
[2023-04-16T00:56:19.610+0000] {processor.py:753} INFO - DAG(s) dict_keys(['example_bash_operator']) retrieved from /home/airflow/.local/lib/python3.7/site-packages/airflow/example_dags/example_bash_operator.py
[2023-04-16T00:56:19.670+0000] {logging_mixin.py:137} INFO - [2023-04-16T00:56:19.670+0000] {dag.py:2705} INFO - Sync 1 DAGs
[2023-04-16T00:56:19.720+0000] {logging_mixin.py:137} INFO - [2023-04-16T00:56:19.720+0000] {dag.py:3456} INFO - Setting next_dagrun for example_bash_operator to 2023-04-15T00:00:00+00:00, run_after=2023-04-16T00:00:00+00:00
[2023-04-16T00:56:19.750+0000] {processor.py:175} INFO - Processing /home/airflow/.local/lib/python3.7/site-packages/airflow/example_dags/example_bash_operator.py took 0.175 seconds
[2023-04-16T00:56:49.888+0000] {processor.py:153} INFO - Started process (PID=788) to work on /home/airflow/.local/lib/python3.7/site-packages/airflow/example_dags/example_bash_operator.py
[2023-04-16T00:56:49.889+0000] {processor.py:743} INFO - Processing file /home/airflow/.local/lib/python3.7/site-packages/airflow/example_dags/example_bash_operator.py for tasks to queue
[2023-04-16T00:56:49.890+0000] {logging_mixin.py:137} INFO - [2023-04-16T00:56:49.890+0000] {dagbag.py:532} INFO - Filling up the DagBag from /home/airflow/.local/lib/python3.7/site-packages/airflow/example_dags/example_bash_operator.py
[2023-04-16T00:56:49.919+0000] {processor.py:753} INFO - DAG(s) dict_keys(['example_bash_operator']) retrieved from /home/airflow/.local/lib/python3.7/site-packages/airflow/example_dags/example_bash_operator.py
[2023-04-16T00:56:49.979+0000] {logging_mixin.py:137} INFO - [2023-04-16T00:56:49.979+0000] {dag.py:2705} INFO - Sync 1 DAGs
[2023-04-16T00:56:50.026+0000] {logging_mixin.py:137} INFO - [2023-04-16T00:56:50.026+0000] {dag.py:3456} INFO - Setting next_dagrun for example_bash_operator to 2023-04-15T00:00:00+00:00, run_after=2023-04-16T00:00:00+00:00
[2023-04-16T00:56:50.059+0000] {processor.py:175} INFO - Processing /home/airflow/.local/lib/python3.7/site-packages/airflow/example_dags/example_bash_operator.py took 0.175 seconds
[2023-04-16T00:57:20.328+0000] {processor.py:153} INFO - Started process (PID=838) to work on /home/airflow/.local/lib/python3.7/site-packages/airflow/example_dags/example_bash_operator.py
[2023-04-16T00:57:20.329+0000] {processor.py:743} INFO - Processing file /home/airflow/.local/lib/python3.7/site-packages/airflow/example_dags/example_bash_operator.py for tasks to queue
[2023-04-16T00:57:20.329+0000] {logging_mixin.py:137} INFO - [2023-04-16T00:57:20.329+0000] {dagbag.py:532} INFO - Filling up the DagBag from /home/airflow/.local/lib/python3.7/site-packages/airflow/example_dags/example_bash_operator.py
[2023-04-16T00:57:20.368+0000] {processor.py:753} INFO - DAG(s) dict_keys(['example_bash_operator']) retrieved from /home/airflow/.local/lib/python3.7/site-packages/airflow/example_dags/example_bash_operator.py
[2023-04-16T00:57:20.426+0000] {logging_mixin.py:137} INFO - [2023-04-16T00:57:20.426+0000] {dag.py:2705} INFO - Sync 1 DAGs
[2023-04-16T00:57:20.471+0000] {logging_mixin.py:137} INFO - [2023-04-16T00:57:20.470+0000] {dag.py:3456} INFO - Setting next_dagrun for example_bash_operator to 2023-04-15T00:00:00+00:00, run_after=2023-04-16T00:00:00+00:00
[2023-04-16T00:57:20.494+0000] {processor.py:175} INFO - Processing /home/airflow/.local/lib/python3.7/site-packages/airflow/example_dags/example_bash_operator.py took 0.170 seconds
[2023-04-16T00:57:50.617+0000] {processor.py:153} INFO - Started process (PID=888) to work on /home/airflow/.local/lib/python3.7/site-packages/airflow/example_dags/example_bash_operator.py
[2023-04-16T00:57:50.618+0000] {processor.py:743} INFO - Processing file /home/airflow/.local/lib/python3.7/site-packages/airflow/example_dags/example_bash_operator.py for tasks to queue
[2023-04-16T00:57:50.618+0000] {logging_mixin.py:137} INFO - [2023-04-16T00:57:50.618+0000] {dagbag.py:532} INFO - Filling up the DagBag from /home/airflow/.local/lib/python3.7/site-packages/airflow/example_dags/example_bash_operator.py
[2023-04-16T00:57:50.648+0000] {processor.py:753} INFO - DAG(s) dict_keys(['example_bash_operator']) retrieved from /home/airflow/.local/lib/python3.7/site-packages/airflow/example_dags/example_bash_operator.py
[2023-04-16T00:57:50.706+0000] {logging_mixin.py:137} INFO - [2023-04-16T00:57:50.705+0000] {dag.py:2705} INFO - Sync 1 DAGs
[2023-04-16T00:57:50.756+0000] {logging_mixin.py:137} INFO - [2023-04-16T00:57:50.756+0000] {dag.py:3456} INFO - Setting next_dagrun for example_bash_operator to 2023-04-15T00:00:00+00:00, run_after=2023-04-16T00:00:00+00:00
[2023-04-16T00:57:50.779+0000] {processor.py:175} INFO - Processing /home/airflow/.local/lib/python3.7/site-packages/airflow/example_dags/example_bash_operator.py took 0.166 seconds
[2023-04-16T00:58:20.993+0000] {processor.py:153} INFO - Started process (PID=938) to work on /home/airflow/.local/lib/python3.7/site-packages/airflow/example_dags/example_bash_operator.py
[2023-04-16T00:58:20.994+0000] {processor.py:743} INFO - Processing file /home/airflow/.local/lib/python3.7/site-packages/airflow/example_dags/example_bash_operator.py for tasks to queue
[2023-04-16T00:58:20.995+0000] {logging_mixin.py:137} INFO - [2023-04-16T00:58:20.994+0000] {dagbag.py:532} INFO - Filling up the DagBag from /home/airflow/.local/lib/python3.7/site-packages/airflow/example_dags/example_bash_operator.py
[2023-04-16T00:58:21.023+0000] {processor.py:753} INFO - DAG(s) dict_keys(['example_bash_operator']) retrieved from /home/airflow/.local/lib/python3.7/site-packages/airflow/example_dags/example_bash_operator.py
[2023-04-16T00:58:21.080+0000] {logging_mixin.py:137} INFO - [2023-04-16T00:58:21.080+0000] {dag.py:2705} INFO - Sync 1 DAGs
[2023-04-16T00:58:21.121+0000] {logging_mixin.py:137} INFO - [2023-04-16T00:58:21.121+0000] {dag.py:3456} INFO - Setting next_dagrun for example_bash_operator to 2023-04-15T00:00:00+00:00, run_after=2023-04-16T00:00:00+00:00
[2023-04-16T00:58:21.142+0000] {processor.py:175} INFO - Processing /home/airflow/.local/lib/python3.7/site-packages/airflow/example_dags/example_bash_operator.py took 0.153 seconds
[2023-04-16T00:58:51.246+0000] {processor.py:153} INFO - Started process (PID=988) to work on /home/airflow/.local/lib/python3.7/site-packages/airflow/example_dags/example_bash_operator.py
[2023-04-16T00:58:51.247+0000] {processor.py:743} INFO - Processing file /home/airflow/.local/lib/python3.7/site-packages/airflow/example_dags/example_bash_operator.py for tasks to queue
[2023-04-16T00:58:51.247+0000] {logging_mixin.py:137} INFO - [2023-04-16T00:58:51.247+0000] {dagbag.py:532} INFO - Filling up the DagBag from /home/airflow/.local/lib/python3.7/site-packages/airflow/example_dags/example_bash_operator.py
[2023-04-16T00:58:51.276+0000] {processor.py:753} INFO - DAG(s) dict_keys(['example_bash_operator']) retrieved from /home/airflow/.local/lib/python3.7/site-packages/airflow/example_dags/example_bash_operator.py
[2023-04-16T00:58:51.332+0000] {logging_mixin.py:137} INFO - [2023-04-16T00:58:51.332+0000] {dag.py:2705} INFO - Sync 1 DAGs
[2023-04-16T00:58:51.375+0000] {logging_mixin.py:137} INFO - [2023-04-16T00:58:51.374+0000] {dag.py:3456} INFO - Setting next_dagrun for example_bash_operator to 2023-04-15T00:00:00+00:00, run_after=2023-04-16T00:00:00+00:00
[2023-04-16T00:58:51.396+0000] {processor.py:175} INFO - Processing /home/airflow/.local/lib/python3.7/site-packages/airflow/example_dags/example_bash_operator.py took 0.154 seconds
[2023-04-16T00:59:21.559+0000] {processor.py:153} INFO - Started process (PID=1038) to work on /home/airflow/.local/lib/python3.7/site-packages/airflow/example_dags/example_bash_operator.py
[2023-04-16T00:59:21.560+0000] {processor.py:743} INFO - Processing file /home/airflow/.local/lib/python3.7/site-packages/airflow/example_dags/example_bash_operator.py for tasks to queue
[2023-04-16T00:59:21.560+0000] {logging_mixin.py:137} INFO - [2023-04-16T00:59:21.560+0000] {dagbag.py:532} INFO - Filling up the DagBag from /home/airflow/.local/lib/python3.7/site-packages/airflow/example_dags/example_bash_operator.py
[2023-04-16T00:59:21.589+0000] {processor.py:753} INFO - DAG(s) dict_keys(['example_bash_operator']) retrieved from /home/airflow/.local/lib/python3.7/site-packages/airflow/example_dags/example_bash_operator.py
[2023-04-16T00:59:21.647+0000] {logging_mixin.py:137} INFO - [2023-04-16T00:59:21.647+0000] {dag.py:2705} INFO - Sync 1 DAGs
[2023-04-16T00:59:21.689+0000] {logging_mixin.py:137} INFO - [2023-04-16T00:59:21.689+0000] {dag.py:3456} INFO - Setting next_dagrun for example_bash_operator to 2023-04-15T00:00:00+00:00, run_after=2023-04-16T00:00:00+00:00
[2023-04-16T00:59:21.711+0000] {processor.py:175} INFO - Processing /home/airflow/.local/lib/python3.7/site-packages/airflow/example_dags/example_bash_operator.py took 0.156 seconds
[2023-04-16T00:59:51.749+0000] {processor.py:153} INFO - Started process (PID=1088) to work on /home/airflow/.local/lib/python3.7/site-packages/airflow/example_dags/example_bash_operator.py
[2023-04-16T00:59:51.750+0000] {processor.py:743} INFO - Processing file /home/airflow/.local/lib/python3.7/site-packages/airflow/example_dags/example_bash_operator.py for tasks to queue
[2023-04-16T00:59:51.751+0000] {logging_mixin.py:137} INFO - [2023-04-16T00:59:51.751+0000] {dagbag.py:532} INFO - Filling up the DagBag from /home/airflow/.local/lib/python3.7/site-packages/airflow/example_dags/example_bash_operator.py
[2023-04-16T00:59:51.779+0000] {processor.py:753} INFO - DAG(s) dict_keys(['example_bash_operator']) retrieved from /home/airflow/.local/lib/python3.7/site-packages/airflow/example_dags/example_bash_operator.py
[2023-04-16T00:59:51.837+0000] {logging_mixin.py:137} INFO - [2023-04-16T00:59:51.836+0000] {dag.py:2705} INFO - Sync 1 DAGs
[2023-04-16T00:59:51.878+0000] {logging_mixin.py:137} INFO - [2023-04-16T00:59:51.878+0000] {dag.py:3456} INFO - Setting next_dagrun for example_bash_operator to 2023-04-15T00:00:00+00:00, run_after=2023-04-16T00:00:00+00:00
[2023-04-16T00:59:51.900+0000] {processor.py:175} INFO - Processing /home/airflow/.local/lib/python3.7/site-packages/airflow/example_dags/example_bash_operator.py took 0.156 seconds
