[2023-04-16T00:49:14.947+0000] {processor.py:153} INFO - Started process (PID=47) to work on /home/airflow/.local/lib/python3.7/site-packages/airflow/example_dags/example_complex.py
[2023-04-16T00:49:14.951+0000] {processor.py:743} INFO - Processing file /home/airflow/.local/lib/python3.7/site-packages/airflow/example_dags/example_complex.py for tasks to queue
[2023-04-16T00:49:14.952+0000] {logging_mixin.py:137} INFO - [2023-04-16T00:49:14.951+0000] {dagbag.py:532} INFO - Filling up the DagBag from /home/airflow/.local/lib/python3.7/site-packages/airflow/example_dags/example_complex.py
[2023-04-16T00:49:14.989+0000] {logging_mixin.py:137} INFO - [2023-04-16T00:49:14.988+0000] {taskmixin.py:211} WARNING - Dependency <Task(BashOperator): create_entry_group>, delete_entry_group already registered for DAG: example_complex
[2023-04-16T00:49:14.989+0000] {logging_mixin.py:137} INFO - [2023-04-16T00:49:14.989+0000] {taskmixin.py:211} WARNING - Dependency <Task(BashOperator): delete_entry_group>, create_entry_group already registered for DAG: example_complex
[2023-04-16T00:49:14.989+0000] {logging_mixin.py:137} INFO - [2023-04-16T00:49:14.989+0000] {taskmixin.py:211} WARNING - Dependency <Task(BashOperator): create_entry_gcs>, delete_entry already registered for DAG: example_complex
[2023-04-16T00:49:14.990+0000] {logging_mixin.py:137} INFO - [2023-04-16T00:49:14.989+0000] {taskmixin.py:211} WARNING - Dependency <Task(BashOperator): delete_entry>, create_entry_gcs already registered for DAG: example_complex
[2023-04-16T00:49:14.990+0000] {logging_mixin.py:137} INFO - [2023-04-16T00:49:14.990+0000] {taskmixin.py:211} WARNING - Dependency <Task(BashOperator): create_tag>, delete_tag already registered for DAG: example_complex
[2023-04-16T00:49:14.990+0000] {logging_mixin.py:137} INFO - [2023-04-16T00:49:14.990+0000] {taskmixin.py:211} WARNING - Dependency <Task(BashOperator): delete_tag>, create_tag already registered for DAG: example_complex
[2023-04-16T00:49:15.003+0000] {processor.py:753} INFO - DAG(s) dict_keys(['example_complex']) retrieved from /home/airflow/.local/lib/python3.7/site-packages/airflow/example_dags/example_complex.py
[2023-04-16T00:49:15.057+0000] {logging_mixin.py:137} INFO - [2023-04-16T00:49:15.057+0000] {dag.py:2705} INFO - Sync 1 DAGs
[2023-04-16T00:49:15.099+0000] {logging_mixin.py:137} INFO - [2023-04-16T00:49:15.099+0000] {dag.py:3456} INFO - Setting next_dagrun for example_complex to None, run_after=None
[2023-04-16T00:49:15.125+0000] {processor.py:175} INFO - Processing /home/airflow/.local/lib/python3.7/site-packages/airflow/example_dags/example_complex.py took 0.182 seconds
[2023-04-16T00:49:45.162+0000] {processor.py:153} INFO - Started process (PID=97) to work on /home/airflow/.local/lib/python3.7/site-packages/airflow/example_dags/example_complex.py
[2023-04-16T00:49:45.163+0000] {processor.py:743} INFO - Processing file /home/airflow/.local/lib/python3.7/site-packages/airflow/example_dags/example_complex.py for tasks to queue
[2023-04-16T00:49:45.163+0000] {logging_mixin.py:137} INFO - [2023-04-16T00:49:45.163+0000] {dagbag.py:532} INFO - Filling up the DagBag from /home/airflow/.local/lib/python3.7/site-packages/airflow/example_dags/example_complex.py
[2023-04-16T00:49:45.181+0000] {logging_mixin.py:137} INFO - [2023-04-16T00:49:45.181+0000] {taskmixin.py:211} WARNING - Dependency <Task(BashOperator): create_entry_group>, delete_entry_group already registered for DAG: example_complex
[2023-04-16T00:49:45.181+0000] {logging_mixin.py:137} INFO - [2023-04-16T00:49:45.181+0000] {taskmixin.py:211} WARNING - Dependency <Task(BashOperator): delete_entry_group>, create_entry_group already registered for DAG: example_complex
[2023-04-16T00:49:45.182+0000] {logging_mixin.py:137} INFO - [2023-04-16T00:49:45.181+0000] {taskmixin.py:211} WARNING - Dependency <Task(BashOperator): create_entry_gcs>, delete_entry already registered for DAG: example_complex
[2023-04-16T00:49:45.182+0000] {logging_mixin.py:137} INFO - [2023-04-16T00:49:45.182+0000] {taskmixin.py:211} WARNING - Dependency <Task(BashOperator): delete_entry>, create_entry_gcs already registered for DAG: example_complex
[2023-04-16T00:49:45.182+0000] {logging_mixin.py:137} INFO - [2023-04-16T00:49:45.182+0000] {taskmixin.py:211} WARNING - Dependency <Task(BashOperator): create_tag>, delete_tag already registered for DAG: example_complex
[2023-04-16T00:49:45.183+0000] {logging_mixin.py:137} INFO - [2023-04-16T00:49:45.182+0000] {taskmixin.py:211} WARNING - Dependency <Task(BashOperator): delete_tag>, create_tag already registered for DAG: example_complex
[2023-04-16T00:49:45.193+0000] {processor.py:753} INFO - DAG(s) dict_keys(['example_complex']) retrieved from /home/airflow/.local/lib/python3.7/site-packages/airflow/example_dags/example_complex.py
[2023-04-16T00:49:45.243+0000] {logging_mixin.py:137} INFO - [2023-04-16T00:49:45.243+0000] {dag.py:2705} INFO - Sync 1 DAGs
[2023-04-16T00:49:45.283+0000] {logging_mixin.py:137} INFO - [2023-04-16T00:49:45.283+0000] {dag.py:3456} INFO - Setting next_dagrun for example_complex to None, run_after=None
[2023-04-16T00:49:45.309+0000] {processor.py:175} INFO - Processing /home/airflow/.local/lib/python3.7/site-packages/airflow/example_dags/example_complex.py took 0.152 seconds
[2023-04-16T00:50:15.411+0000] {processor.py:153} INFO - Started process (PID=147) to work on /home/airflow/.local/lib/python3.7/site-packages/airflow/example_dags/example_complex.py
[2023-04-16T00:50:15.412+0000] {processor.py:743} INFO - Processing file /home/airflow/.local/lib/python3.7/site-packages/airflow/example_dags/example_complex.py for tasks to queue
[2023-04-16T00:50:15.413+0000] {logging_mixin.py:137} INFO - [2023-04-16T00:50:15.413+0000] {dagbag.py:532} INFO - Filling up the DagBag from /home/airflow/.local/lib/python3.7/site-packages/airflow/example_dags/example_complex.py
[2023-04-16T00:50:15.432+0000] {logging_mixin.py:137} INFO - [2023-04-16T00:50:15.432+0000] {taskmixin.py:211} WARNING - Dependency <Task(BashOperator): create_entry_group>, delete_entry_group already registered for DAG: example_complex
[2023-04-16T00:50:15.432+0000] {logging_mixin.py:137} INFO - [2023-04-16T00:50:15.432+0000] {taskmixin.py:211} WARNING - Dependency <Task(BashOperator): delete_entry_group>, create_entry_group already registered for DAG: example_complex
[2023-04-16T00:50:15.432+0000] {logging_mixin.py:137} INFO - [2023-04-16T00:50:15.432+0000] {taskmixin.py:211} WARNING - Dependency <Task(BashOperator): create_entry_gcs>, delete_entry already registered for DAG: example_complex
[2023-04-16T00:50:15.433+0000] {logging_mixin.py:137} INFO - [2023-04-16T00:50:15.432+0000] {taskmixin.py:211} WARNING - Dependency <Task(BashOperator): delete_entry>, create_entry_gcs already registered for DAG: example_complex
[2023-04-16T00:50:15.433+0000] {logging_mixin.py:137} INFO - [2023-04-16T00:50:15.433+0000] {taskmixin.py:211} WARNING - Dependency <Task(BashOperator): create_tag>, delete_tag already registered for DAG: example_complex
[2023-04-16T00:50:15.433+0000] {logging_mixin.py:137} INFO - [2023-04-16T00:50:15.433+0000] {taskmixin.py:211} WARNING - Dependency <Task(BashOperator): delete_tag>, create_tag already registered for DAG: example_complex
[2023-04-16T00:50:15.443+0000] {processor.py:753} INFO - DAG(s) dict_keys(['example_complex']) retrieved from /home/airflow/.local/lib/python3.7/site-packages/airflow/example_dags/example_complex.py
[2023-04-16T00:50:15.494+0000] {logging_mixin.py:137} INFO - [2023-04-16T00:50:15.494+0000] {dag.py:2705} INFO - Sync 1 DAGs
[2023-04-16T00:50:15.538+0000] {logging_mixin.py:137} INFO - [2023-04-16T00:50:15.538+0000] {dag.py:3456} INFO - Setting next_dagrun for example_complex to None, run_after=None
[2023-04-16T00:50:15.559+0000] {processor.py:175} INFO - Processing /home/airflow/.local/lib/python3.7/site-packages/airflow/example_dags/example_complex.py took 0.151 seconds
[2023-04-16T00:50:45.960+0000] {processor.py:153} INFO - Started process (PID=197) to work on /home/airflow/.local/lib/python3.7/site-packages/airflow/example_dags/example_complex.py
[2023-04-16T00:50:45.962+0000] {processor.py:743} INFO - Processing file /home/airflow/.local/lib/python3.7/site-packages/airflow/example_dags/example_complex.py for tasks to queue
[2023-04-16T00:50:45.963+0000] {logging_mixin.py:137} INFO - [2023-04-16T00:50:45.963+0000] {dagbag.py:532} INFO - Filling up the DagBag from /home/airflow/.local/lib/python3.7/site-packages/airflow/example_dags/example_complex.py
[2023-04-16T00:50:45.982+0000] {logging_mixin.py:137} INFO - [2023-04-16T00:50:45.982+0000] {taskmixin.py:211} WARNING - Dependency <Task(BashOperator): create_entry_group>, delete_entry_group already registered for DAG: example_complex
[2023-04-16T00:50:45.983+0000] {logging_mixin.py:137} INFO - [2023-04-16T00:50:45.983+0000] {taskmixin.py:211} WARNING - Dependency <Task(BashOperator): delete_entry_group>, create_entry_group already registered for DAG: example_complex
[2023-04-16T00:50:45.983+0000] {logging_mixin.py:137} INFO - [2023-04-16T00:50:45.983+0000] {taskmixin.py:211} WARNING - Dependency <Task(BashOperator): create_entry_gcs>, delete_entry already registered for DAG: example_complex
[2023-04-16T00:50:45.983+0000] {logging_mixin.py:137} INFO - [2023-04-16T00:50:45.983+0000] {taskmixin.py:211} WARNING - Dependency <Task(BashOperator): delete_entry>, create_entry_gcs already registered for DAG: example_complex
[2023-04-16T00:50:45.984+0000] {logging_mixin.py:137} INFO - [2023-04-16T00:50:45.984+0000] {taskmixin.py:211} WARNING - Dependency <Task(BashOperator): create_tag>, delete_tag already registered for DAG: example_complex
[2023-04-16T00:50:45.984+0000] {logging_mixin.py:137} INFO - [2023-04-16T00:50:45.984+0000] {taskmixin.py:211} WARNING - Dependency <Task(BashOperator): delete_tag>, create_tag already registered for DAG: example_complex
[2023-04-16T00:50:45.999+0000] {processor.py:753} INFO - DAG(s) dict_keys(['example_complex']) retrieved from /home/airflow/.local/lib/python3.7/site-packages/airflow/example_dags/example_complex.py
[2023-04-16T00:50:46.069+0000] {logging_mixin.py:137} INFO - [2023-04-16T00:50:46.069+0000] {dag.py:2705} INFO - Sync 1 DAGs
[2023-04-16T00:50:46.118+0000] {logging_mixin.py:137} INFO - [2023-04-16T00:50:46.118+0000] {dag.py:3456} INFO - Setting next_dagrun for example_complex to None, run_after=None
[2023-04-16T00:50:46.151+0000] {processor.py:175} INFO - Processing /home/airflow/.local/lib/python3.7/site-packages/airflow/example_dags/example_complex.py took 0.196 seconds
[2023-04-16T00:51:16.633+0000] {processor.py:153} INFO - Started process (PID=247) to work on /home/airflow/.local/lib/python3.7/site-packages/airflow/example_dags/example_complex.py
[2023-04-16T00:51:16.634+0000] {processor.py:743} INFO - Processing file /home/airflow/.local/lib/python3.7/site-packages/airflow/example_dags/example_complex.py for tasks to queue
[2023-04-16T00:51:16.635+0000] {logging_mixin.py:137} INFO - [2023-04-16T00:51:16.634+0000] {dagbag.py:532} INFO - Filling up the DagBag from /home/airflow/.local/lib/python3.7/site-packages/airflow/example_dags/example_complex.py
[2023-04-16T00:51:16.653+0000] {logging_mixin.py:137} INFO - [2023-04-16T00:51:16.653+0000] {taskmixin.py:211} WARNING - Dependency <Task(BashOperator): create_entry_group>, delete_entry_group already registered for DAG: example_complex
[2023-04-16T00:51:16.653+0000] {logging_mixin.py:137} INFO - [2023-04-16T00:51:16.653+0000] {taskmixin.py:211} WARNING - Dependency <Task(BashOperator): delete_entry_group>, create_entry_group already registered for DAG: example_complex
[2023-04-16T00:51:16.654+0000] {logging_mixin.py:137} INFO - [2023-04-16T00:51:16.654+0000] {taskmixin.py:211} WARNING - Dependency <Task(BashOperator): create_entry_gcs>, delete_entry already registered for DAG: example_complex
[2023-04-16T00:51:16.654+0000] {logging_mixin.py:137} INFO - [2023-04-16T00:51:16.654+0000] {taskmixin.py:211} WARNING - Dependency <Task(BashOperator): delete_entry>, create_entry_gcs already registered for DAG: example_complex
[2023-04-16T00:51:16.655+0000] {logging_mixin.py:137} INFO - [2023-04-16T00:51:16.654+0000] {taskmixin.py:211} WARNING - Dependency <Task(BashOperator): create_tag>, delete_tag already registered for DAG: example_complex
[2023-04-16T00:51:16.655+0000] {logging_mixin.py:137} INFO - [2023-04-16T00:51:16.655+0000] {taskmixin.py:211} WARNING - Dependency <Task(BashOperator): delete_tag>, create_tag already registered for DAG: example_complex
[2023-04-16T00:51:16.665+0000] {processor.py:753} INFO - DAG(s) dict_keys(['example_complex']) retrieved from /home/airflow/.local/lib/python3.7/site-packages/airflow/example_dags/example_complex.py
[2023-04-16T00:51:16.719+0000] {logging_mixin.py:137} INFO - [2023-04-16T00:51:16.718+0000] {dag.py:2705} INFO - Sync 1 DAGs
[2023-04-16T00:51:16.758+0000] {logging_mixin.py:137} INFO - [2023-04-16T00:51:16.758+0000] {dag.py:3456} INFO - Setting next_dagrun for example_complex to None, run_after=None
[2023-04-16T00:51:16.788+0000] {processor.py:175} INFO - Processing /home/airflow/.local/lib/python3.7/site-packages/airflow/example_dags/example_complex.py took 0.158 seconds
[2023-04-16T00:51:46.935+0000] {processor.py:153} INFO - Started process (PID=297) to work on /home/airflow/.local/lib/python3.7/site-packages/airflow/example_dags/example_complex.py
[2023-04-16T00:51:46.936+0000] {processor.py:743} INFO - Processing file /home/airflow/.local/lib/python3.7/site-packages/airflow/example_dags/example_complex.py for tasks to queue
[2023-04-16T00:51:46.936+0000] {logging_mixin.py:137} INFO - [2023-04-16T00:51:46.936+0000] {dagbag.py:532} INFO - Filling up the DagBag from /home/airflow/.local/lib/python3.7/site-packages/airflow/example_dags/example_complex.py
[2023-04-16T00:51:46.955+0000] {logging_mixin.py:137} INFO - [2023-04-16T00:51:46.955+0000] {taskmixin.py:211} WARNING - Dependency <Task(BashOperator): create_entry_group>, delete_entry_group already registered for DAG: example_complex
[2023-04-16T00:51:46.955+0000] {logging_mixin.py:137} INFO - [2023-04-16T00:51:46.955+0000] {taskmixin.py:211} WARNING - Dependency <Task(BashOperator): delete_entry_group>, create_entry_group already registered for DAG: example_complex
[2023-04-16T00:51:46.956+0000] {logging_mixin.py:137} INFO - [2023-04-16T00:51:46.956+0000] {taskmixin.py:211} WARNING - Dependency <Task(BashOperator): create_entry_gcs>, delete_entry already registered for DAG: example_complex
[2023-04-16T00:51:46.956+0000] {logging_mixin.py:137} INFO - [2023-04-16T00:51:46.956+0000] {taskmixin.py:211} WARNING - Dependency <Task(BashOperator): delete_entry>, create_entry_gcs already registered for DAG: example_complex
[2023-04-16T00:51:46.957+0000] {logging_mixin.py:137} INFO - [2023-04-16T00:51:46.957+0000] {taskmixin.py:211} WARNING - Dependency <Task(BashOperator): create_tag>, delete_tag already registered for DAG: example_complex
[2023-04-16T00:51:46.957+0000] {logging_mixin.py:137} INFO - [2023-04-16T00:51:46.957+0000] {taskmixin.py:211} WARNING - Dependency <Task(BashOperator): delete_tag>, create_tag already registered for DAG: example_complex
[2023-04-16T00:51:46.967+0000] {processor.py:753} INFO - DAG(s) dict_keys(['example_complex']) retrieved from /home/airflow/.local/lib/python3.7/site-packages/airflow/example_dags/example_complex.py
[2023-04-16T00:51:47.020+0000] {logging_mixin.py:137} INFO - [2023-04-16T00:51:47.020+0000] {dag.py:2705} INFO - Sync 1 DAGs
[2023-04-16T00:51:47.061+0000] {logging_mixin.py:137} INFO - [2023-04-16T00:51:47.060+0000] {dag.py:3456} INFO - Setting next_dagrun for example_complex to None, run_after=None
[2023-04-16T00:51:47.083+0000] {processor.py:175} INFO - Processing /home/airflow/.local/lib/python3.7/site-packages/airflow/example_dags/example_complex.py took 0.152 seconds
[2023-04-16T00:52:17.320+0000] {processor.py:153} INFO - Started process (PID=347) to work on /home/airflow/.local/lib/python3.7/site-packages/airflow/example_dags/example_complex.py
[2023-04-16T00:52:17.321+0000] {processor.py:743} INFO - Processing file /home/airflow/.local/lib/python3.7/site-packages/airflow/example_dags/example_complex.py for tasks to queue
[2023-04-16T00:52:17.322+0000] {logging_mixin.py:137} INFO - [2023-04-16T00:52:17.322+0000] {dagbag.py:532} INFO - Filling up the DagBag from /home/airflow/.local/lib/python3.7/site-packages/airflow/example_dags/example_complex.py
[2023-04-16T00:52:17.341+0000] {logging_mixin.py:137} INFO - [2023-04-16T00:52:17.341+0000] {taskmixin.py:211} WARNING - Dependency <Task(BashOperator): create_entry_group>, delete_entry_group already registered for DAG: example_complex
[2023-04-16T00:52:17.342+0000] {logging_mixin.py:137} INFO - [2023-04-16T00:52:17.342+0000] {taskmixin.py:211} WARNING - Dependency <Task(BashOperator): delete_entry_group>, create_entry_group already registered for DAG: example_complex
[2023-04-16T00:52:17.342+0000] {logging_mixin.py:137} INFO - [2023-04-16T00:52:17.342+0000] {taskmixin.py:211} WARNING - Dependency <Task(BashOperator): create_entry_gcs>, delete_entry already registered for DAG: example_complex
[2023-04-16T00:52:17.342+0000] {logging_mixin.py:137} INFO - [2023-04-16T00:52:17.342+0000] {taskmixin.py:211} WARNING - Dependency <Task(BashOperator): delete_entry>, create_entry_gcs already registered for DAG: example_complex
[2023-04-16T00:52:17.343+0000] {logging_mixin.py:137} INFO - [2023-04-16T00:52:17.343+0000] {taskmixin.py:211} WARNING - Dependency <Task(BashOperator): create_tag>, delete_tag already registered for DAG: example_complex
[2023-04-16T00:52:17.343+0000] {logging_mixin.py:137} INFO - [2023-04-16T00:52:17.343+0000] {taskmixin.py:211} WARNING - Dependency <Task(BashOperator): delete_tag>, create_tag already registered for DAG: example_complex
[2023-04-16T00:52:17.353+0000] {processor.py:753} INFO - DAG(s) dict_keys(['example_complex']) retrieved from /home/airflow/.local/lib/python3.7/site-packages/airflow/example_dags/example_complex.py
[2023-04-16T00:52:17.417+0000] {logging_mixin.py:137} INFO - [2023-04-16T00:52:17.417+0000] {dag.py:2705} INFO - Sync 1 DAGs
[2023-04-16T00:52:17.465+0000] {logging_mixin.py:137} INFO - [2023-04-16T00:52:17.465+0000] {dag.py:3456} INFO - Setting next_dagrun for example_complex to None, run_after=None
[2023-04-16T00:52:17.506+0000] {processor.py:175} INFO - Processing /home/airflow/.local/lib/python3.7/site-packages/airflow/example_dags/example_complex.py took 0.190 seconds
[2023-04-16T00:52:47.534+0000] {processor.py:153} INFO - Started process (PID=397) to work on /home/airflow/.local/lib/python3.7/site-packages/airflow/example_dags/example_complex.py
[2023-04-16T00:52:47.537+0000] {processor.py:743} INFO - Processing file /home/airflow/.local/lib/python3.7/site-packages/airflow/example_dags/example_complex.py for tasks to queue
[2023-04-16T00:52:47.538+0000] {logging_mixin.py:137} INFO - [2023-04-16T00:52:47.538+0000] {dagbag.py:532} INFO - Filling up the DagBag from /home/airflow/.local/lib/python3.7/site-packages/airflow/example_dags/example_complex.py
[2023-04-16T00:52:47.559+0000] {logging_mixin.py:137} INFO - [2023-04-16T00:52:47.559+0000] {taskmixin.py:211} WARNING - Dependency <Task(BashOperator): create_entry_group>, delete_entry_group already registered for DAG: example_complex
[2023-04-16T00:52:47.559+0000] {logging_mixin.py:137} INFO - [2023-04-16T00:52:47.559+0000] {taskmixin.py:211} WARNING - Dependency <Task(BashOperator): delete_entry_group>, create_entry_group already registered for DAG: example_complex
[2023-04-16T00:52:47.560+0000] {logging_mixin.py:137} INFO - [2023-04-16T00:52:47.560+0000] {taskmixin.py:211} WARNING - Dependency <Task(BashOperator): create_entry_gcs>, delete_entry already registered for DAG: example_complex
[2023-04-16T00:52:47.560+0000] {logging_mixin.py:137} INFO - [2023-04-16T00:52:47.560+0000] {taskmixin.py:211} WARNING - Dependency <Task(BashOperator): delete_entry>, create_entry_gcs already registered for DAG: example_complex
[2023-04-16T00:52:47.561+0000] {logging_mixin.py:137} INFO - [2023-04-16T00:52:47.560+0000] {taskmixin.py:211} WARNING - Dependency <Task(BashOperator): create_tag>, delete_tag already registered for DAG: example_complex
[2023-04-16T00:52:47.561+0000] {logging_mixin.py:137} INFO - [2023-04-16T00:52:47.561+0000] {taskmixin.py:211} WARNING - Dependency <Task(BashOperator): delete_tag>, create_tag already registered for DAG: example_complex
[2023-04-16T00:52:47.574+0000] {processor.py:753} INFO - DAG(s) dict_keys(['example_complex']) retrieved from /home/airflow/.local/lib/python3.7/site-packages/airflow/example_dags/example_complex.py
[2023-04-16T00:52:47.632+0000] {logging_mixin.py:137} INFO - [2023-04-16T00:52:47.631+0000] {dag.py:2705} INFO - Sync 1 DAGs
[2023-04-16T00:52:47.677+0000] {logging_mixin.py:137} INFO - [2023-04-16T00:52:47.677+0000] {dag.py:3456} INFO - Setting next_dagrun for example_complex to None, run_after=None
[2023-04-16T00:52:47.703+0000] {processor.py:175} INFO - Processing /home/airflow/.local/lib/python3.7/site-packages/airflow/example_dags/example_complex.py took 0.178 seconds
[2023-04-16T00:53:17.992+0000] {processor.py:153} INFO - Started process (PID=447) to work on /home/airflow/.local/lib/python3.7/site-packages/airflow/example_dags/example_complex.py
[2023-04-16T00:53:17.993+0000] {processor.py:743} INFO - Processing file /home/airflow/.local/lib/python3.7/site-packages/airflow/example_dags/example_complex.py for tasks to queue
[2023-04-16T00:53:17.994+0000] {logging_mixin.py:137} INFO - [2023-04-16T00:53:17.993+0000] {dagbag.py:532} INFO - Filling up the DagBag from /home/airflow/.local/lib/python3.7/site-packages/airflow/example_dags/example_complex.py
[2023-04-16T00:53:18.013+0000] {logging_mixin.py:137} INFO - [2023-04-16T00:53:18.013+0000] {taskmixin.py:211} WARNING - Dependency <Task(BashOperator): create_entry_group>, delete_entry_group already registered for DAG: example_complex
[2023-04-16T00:53:18.013+0000] {logging_mixin.py:137} INFO - [2023-04-16T00:53:18.013+0000] {taskmixin.py:211} WARNING - Dependency <Task(BashOperator): delete_entry_group>, create_entry_group already registered for DAG: example_complex
[2023-04-16T00:53:18.014+0000] {logging_mixin.py:137} INFO - [2023-04-16T00:53:18.013+0000] {taskmixin.py:211} WARNING - Dependency <Task(BashOperator): create_entry_gcs>, delete_entry already registered for DAG: example_complex
[2023-04-16T00:53:18.014+0000] {logging_mixin.py:137} INFO - [2023-04-16T00:53:18.014+0000] {taskmixin.py:211} WARNING - Dependency <Task(BashOperator): delete_entry>, create_entry_gcs already registered for DAG: example_complex
[2023-04-16T00:53:18.014+0000] {logging_mixin.py:137} INFO - [2023-04-16T00:53:18.014+0000] {taskmixin.py:211} WARNING - Dependency <Task(BashOperator): create_tag>, delete_tag already registered for DAG: example_complex
[2023-04-16T00:53:18.015+0000] {logging_mixin.py:137} INFO - [2023-04-16T00:53:18.015+0000] {taskmixin.py:211} WARNING - Dependency <Task(BashOperator): delete_tag>, create_tag already registered for DAG: example_complex
[2023-04-16T00:53:18.025+0000] {processor.py:753} INFO - DAG(s) dict_keys(['example_complex']) retrieved from /home/airflow/.local/lib/python3.7/site-packages/airflow/example_dags/example_complex.py
[2023-04-16T00:53:18.081+0000] {logging_mixin.py:137} INFO - [2023-04-16T00:53:18.081+0000] {dag.py:2705} INFO - Sync 1 DAGs
[2023-04-16T00:53:18.126+0000] {logging_mixin.py:137} INFO - [2023-04-16T00:53:18.126+0000] {dag.py:3456} INFO - Setting next_dagrun for example_complex to None, run_after=None
[2023-04-16T00:53:18.151+0000] {processor.py:175} INFO - Processing /home/airflow/.local/lib/python3.7/site-packages/airflow/example_dags/example_complex.py took 0.163 seconds
[2023-04-16T00:53:48.285+0000] {processor.py:153} INFO - Started process (PID=497) to work on /home/airflow/.local/lib/python3.7/site-packages/airflow/example_dags/example_complex.py
[2023-04-16T00:53:48.286+0000] {processor.py:743} INFO - Processing file /home/airflow/.local/lib/python3.7/site-packages/airflow/example_dags/example_complex.py for tasks to queue
[2023-04-16T00:53:48.286+0000] {logging_mixin.py:137} INFO - [2023-04-16T00:53:48.286+0000] {dagbag.py:532} INFO - Filling up the DagBag from /home/airflow/.local/lib/python3.7/site-packages/airflow/example_dags/example_complex.py
[2023-04-16T00:53:48.305+0000] {logging_mixin.py:137} INFO - [2023-04-16T00:53:48.305+0000] {taskmixin.py:211} WARNING - Dependency <Task(BashOperator): create_entry_group>, delete_entry_group already registered for DAG: example_complex
[2023-04-16T00:53:48.305+0000] {logging_mixin.py:137} INFO - [2023-04-16T00:53:48.305+0000] {taskmixin.py:211} WARNING - Dependency <Task(BashOperator): delete_entry_group>, create_entry_group already registered for DAG: example_complex
[2023-04-16T00:53:48.306+0000] {logging_mixin.py:137} INFO - [2023-04-16T00:53:48.305+0000] {taskmixin.py:211} WARNING - Dependency <Task(BashOperator): create_entry_gcs>, delete_entry already registered for DAG: example_complex
[2023-04-16T00:53:48.306+0000] {logging_mixin.py:137} INFO - [2023-04-16T00:53:48.306+0000] {taskmixin.py:211} WARNING - Dependency <Task(BashOperator): delete_entry>, create_entry_gcs already registered for DAG: example_complex
[2023-04-16T00:53:48.306+0000] {logging_mixin.py:137} INFO - [2023-04-16T00:53:48.306+0000] {taskmixin.py:211} WARNING - Dependency <Task(BashOperator): create_tag>, delete_tag already registered for DAG: example_complex
[2023-04-16T00:53:48.307+0000] {logging_mixin.py:137} INFO - [2023-04-16T00:53:48.307+0000] {taskmixin.py:211} WARNING - Dependency <Task(BashOperator): delete_tag>, create_tag already registered for DAG: example_complex
[2023-04-16T00:53:48.316+0000] {processor.py:753} INFO - DAG(s) dict_keys(['example_complex']) retrieved from /home/airflow/.local/lib/python3.7/site-packages/airflow/example_dags/example_complex.py
[2023-04-16T00:53:48.368+0000] {logging_mixin.py:137} INFO - [2023-04-16T00:53:48.368+0000] {dag.py:2705} INFO - Sync 1 DAGs
[2023-04-16T00:53:48.409+0000] {logging_mixin.py:137} INFO - [2023-04-16T00:53:48.409+0000] {dag.py:3456} INFO - Setting next_dagrun for example_complex to None, run_after=None
[2023-04-16T00:53:48.431+0000] {processor.py:175} INFO - Processing /home/airflow/.local/lib/python3.7/site-packages/airflow/example_dags/example_complex.py took 0.151 seconds
[2023-04-16T00:54:19.035+0000] {processor.py:153} INFO - Started process (PID=547) to work on /home/airflow/.local/lib/python3.7/site-packages/airflow/example_dags/example_complex.py
[2023-04-16T00:54:19.037+0000] {processor.py:743} INFO - Processing file /home/airflow/.local/lib/python3.7/site-packages/airflow/example_dags/example_complex.py for tasks to queue
[2023-04-16T00:54:19.038+0000] {logging_mixin.py:137} INFO - [2023-04-16T00:54:19.038+0000] {dagbag.py:532} INFO - Filling up the DagBag from /home/airflow/.local/lib/python3.7/site-packages/airflow/example_dags/example_complex.py
[2023-04-16T00:54:19.057+0000] {logging_mixin.py:137} INFO - [2023-04-16T00:54:19.057+0000] {taskmixin.py:211} WARNING - Dependency <Task(BashOperator): create_entry_group>, delete_entry_group already registered for DAG: example_complex
[2023-04-16T00:54:19.057+0000] {logging_mixin.py:137} INFO - [2023-04-16T00:54:19.057+0000] {taskmixin.py:211} WARNING - Dependency <Task(BashOperator): delete_entry_group>, create_entry_group already registered for DAG: example_complex
[2023-04-16T00:54:19.058+0000] {logging_mixin.py:137} INFO - [2023-04-16T00:54:19.057+0000] {taskmixin.py:211} WARNING - Dependency <Task(BashOperator): create_entry_gcs>, delete_entry already registered for DAG: example_complex
[2023-04-16T00:54:19.058+0000] {logging_mixin.py:137} INFO - [2023-04-16T00:54:19.058+0000] {taskmixin.py:211} WARNING - Dependency <Task(BashOperator): delete_entry>, create_entry_gcs already registered for DAG: example_complex
[2023-04-16T00:54:19.058+0000] {logging_mixin.py:137} INFO - [2023-04-16T00:54:19.058+0000] {taskmixin.py:211} WARNING - Dependency <Task(BashOperator): create_tag>, delete_tag already registered for DAG: example_complex
[2023-04-16T00:54:19.059+0000] {logging_mixin.py:137} INFO - [2023-04-16T00:54:19.059+0000] {taskmixin.py:211} WARNING - Dependency <Task(BashOperator): delete_tag>, create_tag already registered for DAG: example_complex
[2023-04-16T00:54:19.070+0000] {processor.py:753} INFO - DAG(s) dict_keys(['example_complex']) retrieved from /home/airflow/.local/lib/python3.7/site-packages/airflow/example_dags/example_complex.py
[2023-04-16T00:54:19.139+0000] {logging_mixin.py:137} INFO - [2023-04-16T00:54:19.139+0000] {dag.py:2705} INFO - Sync 1 DAGs
[2023-04-16T00:54:19.186+0000] {logging_mixin.py:137} INFO - [2023-04-16T00:54:19.186+0000] {dag.py:3456} INFO - Setting next_dagrun for example_complex to None, run_after=None
[2023-04-16T00:54:19.225+0000] {processor.py:175} INFO - Processing /home/airflow/.local/lib/python3.7/site-packages/airflow/example_dags/example_complex.py took 0.195 seconds
[2023-04-16T00:54:49.253+0000] {processor.py:153} INFO - Started process (PID=596) to work on /home/airflow/.local/lib/python3.7/site-packages/airflow/example_dags/example_complex.py
[2023-04-16T00:54:49.254+0000] {processor.py:743} INFO - Processing file /home/airflow/.local/lib/python3.7/site-packages/airflow/example_dags/example_complex.py for tasks to queue
[2023-04-16T00:54:49.254+0000] {logging_mixin.py:137} INFO - [2023-04-16T00:54:49.254+0000] {dagbag.py:532} INFO - Filling up the DagBag from /home/airflow/.local/lib/python3.7/site-packages/airflow/example_dags/example_complex.py
[2023-04-16T00:54:49.272+0000] {logging_mixin.py:137} INFO - [2023-04-16T00:54:49.272+0000] {taskmixin.py:211} WARNING - Dependency <Task(BashOperator): create_entry_group>, delete_entry_group already registered for DAG: example_complex
[2023-04-16T00:54:49.273+0000] {logging_mixin.py:137} INFO - [2023-04-16T00:54:49.273+0000] {taskmixin.py:211} WARNING - Dependency <Task(BashOperator): delete_entry_group>, create_entry_group already registered for DAG: example_complex
[2023-04-16T00:54:49.273+0000] {logging_mixin.py:137} INFO - [2023-04-16T00:54:49.273+0000] {taskmixin.py:211} WARNING - Dependency <Task(BashOperator): create_entry_gcs>, delete_entry already registered for DAG: example_complex
[2023-04-16T00:54:49.273+0000] {logging_mixin.py:137} INFO - [2023-04-16T00:54:49.273+0000] {taskmixin.py:211} WARNING - Dependency <Task(BashOperator): delete_entry>, create_entry_gcs already registered for DAG: example_complex
[2023-04-16T00:54:49.274+0000] {logging_mixin.py:137} INFO - [2023-04-16T00:54:49.274+0000] {taskmixin.py:211} WARNING - Dependency <Task(BashOperator): create_tag>, delete_tag already registered for DAG: example_complex
[2023-04-16T00:54:49.274+0000] {logging_mixin.py:137} INFO - [2023-04-16T00:54:49.274+0000] {taskmixin.py:211} WARNING - Dependency <Task(BashOperator): delete_tag>, create_tag already registered for DAG: example_complex
[2023-04-16T00:54:49.284+0000] {processor.py:753} INFO - DAG(s) dict_keys(['example_complex']) retrieved from /home/airflow/.local/lib/python3.7/site-packages/airflow/example_dags/example_complex.py
[2023-04-16T00:54:49.337+0000] {logging_mixin.py:137} INFO - [2023-04-16T00:54:49.337+0000] {dag.py:2705} INFO - Sync 1 DAGs
[2023-04-16T00:54:49.375+0000] {logging_mixin.py:137} INFO - [2023-04-16T00:54:49.375+0000] {dag.py:3456} INFO - Setting next_dagrun for example_complex to None, run_after=None
[2023-04-16T00:54:49.398+0000] {processor.py:175} INFO - Processing /home/airflow/.local/lib/python3.7/site-packages/airflow/example_dags/example_complex.py took 0.149 seconds
[2023-04-16T00:55:19.503+0000] {processor.py:153} INFO - Started process (PID=646) to work on /home/airflow/.local/lib/python3.7/site-packages/airflow/example_dags/example_complex.py
[2023-04-16T00:55:19.504+0000] {processor.py:743} INFO - Processing file /home/airflow/.local/lib/python3.7/site-packages/airflow/example_dags/example_complex.py for tasks to queue
[2023-04-16T00:55:19.505+0000] {logging_mixin.py:137} INFO - [2023-04-16T00:55:19.505+0000] {dagbag.py:532} INFO - Filling up the DagBag from /home/airflow/.local/lib/python3.7/site-packages/airflow/example_dags/example_complex.py
[2023-04-16T00:55:19.523+0000] {logging_mixin.py:137} INFO - [2023-04-16T00:55:19.523+0000] {taskmixin.py:211} WARNING - Dependency <Task(BashOperator): create_entry_group>, delete_entry_group already registered for DAG: example_complex
[2023-04-16T00:55:19.523+0000] {logging_mixin.py:137} INFO - [2023-04-16T00:55:19.523+0000] {taskmixin.py:211} WARNING - Dependency <Task(BashOperator): delete_entry_group>, create_entry_group already registered for DAG: example_complex
[2023-04-16T00:55:19.524+0000] {logging_mixin.py:137} INFO - [2023-04-16T00:55:19.523+0000] {taskmixin.py:211} WARNING - Dependency <Task(BashOperator): create_entry_gcs>, delete_entry already registered for DAG: example_complex
[2023-04-16T00:55:19.524+0000] {logging_mixin.py:137} INFO - [2023-04-16T00:55:19.524+0000] {taskmixin.py:211} WARNING - Dependency <Task(BashOperator): delete_entry>, create_entry_gcs already registered for DAG: example_complex
[2023-04-16T00:55:19.524+0000] {logging_mixin.py:137} INFO - [2023-04-16T00:55:19.524+0000] {taskmixin.py:211} WARNING - Dependency <Task(BashOperator): create_tag>, delete_tag already registered for DAG: example_complex
[2023-04-16T00:55:19.525+0000] {logging_mixin.py:137} INFO - [2023-04-16T00:55:19.525+0000] {taskmixin.py:211} WARNING - Dependency <Task(BashOperator): delete_tag>, create_tag already registered for DAG: example_complex
[2023-04-16T00:55:19.534+0000] {processor.py:753} INFO - DAG(s) dict_keys(['example_complex']) retrieved from /home/airflow/.local/lib/python3.7/site-packages/airflow/example_dags/example_complex.py
[2023-04-16T00:55:19.587+0000] {logging_mixin.py:137} INFO - [2023-04-16T00:55:19.587+0000] {dag.py:2705} INFO - Sync 1 DAGs
[2023-04-16T00:55:19.628+0000] {logging_mixin.py:137} INFO - [2023-04-16T00:55:19.628+0000] {dag.py:3456} INFO - Setting next_dagrun for example_complex to None, run_after=None
[2023-04-16T00:55:19.650+0000] {processor.py:175} INFO - Processing /home/airflow/.local/lib/python3.7/site-packages/airflow/example_dags/example_complex.py took 0.150 seconds
[2023-04-16T00:55:50.053+0000] {processor.py:153} INFO - Started process (PID=696) to work on /home/airflow/.local/lib/python3.7/site-packages/airflow/example_dags/example_complex.py
[2023-04-16T00:55:50.054+0000] {processor.py:743} INFO - Processing file /home/airflow/.local/lib/python3.7/site-packages/airflow/example_dags/example_complex.py for tasks to queue
[2023-04-16T00:55:50.055+0000] {logging_mixin.py:137} INFO - [2023-04-16T00:55:50.055+0000] {dagbag.py:532} INFO - Filling up the DagBag from /home/airflow/.local/lib/python3.7/site-packages/airflow/example_dags/example_complex.py
[2023-04-16T00:55:50.073+0000] {logging_mixin.py:137} INFO - [2023-04-16T00:55:50.073+0000] {taskmixin.py:211} WARNING - Dependency <Task(BashOperator): create_entry_group>, delete_entry_group already registered for DAG: example_complex
[2023-04-16T00:55:50.073+0000] {logging_mixin.py:137} INFO - [2023-04-16T00:55:50.073+0000] {taskmixin.py:211} WARNING - Dependency <Task(BashOperator): delete_entry_group>, create_entry_group already registered for DAG: example_complex
[2023-04-16T00:55:50.074+0000] {logging_mixin.py:137} INFO - [2023-04-16T00:55:50.073+0000] {taskmixin.py:211} WARNING - Dependency <Task(BashOperator): create_entry_gcs>, delete_entry already registered for DAG: example_complex
[2023-04-16T00:55:50.074+0000] {logging_mixin.py:137} INFO - [2023-04-16T00:55:50.074+0000] {taskmixin.py:211} WARNING - Dependency <Task(BashOperator): delete_entry>, create_entry_gcs already registered for DAG: example_complex
[2023-04-16T00:55:50.074+0000] {logging_mixin.py:137} INFO - [2023-04-16T00:55:50.074+0000] {taskmixin.py:211} WARNING - Dependency <Task(BashOperator): create_tag>, delete_tag already registered for DAG: example_complex
[2023-04-16T00:55:50.075+0000] {logging_mixin.py:137} INFO - [2023-04-16T00:55:50.074+0000] {taskmixin.py:211} WARNING - Dependency <Task(BashOperator): delete_tag>, create_tag already registered for DAG: example_complex
[2023-04-16T00:55:50.085+0000] {processor.py:753} INFO - DAG(s) dict_keys(['example_complex']) retrieved from /home/airflow/.local/lib/python3.7/site-packages/airflow/example_dags/example_complex.py
[2023-04-16T00:55:50.144+0000] {logging_mixin.py:137} INFO - [2023-04-16T00:55:50.144+0000] {dag.py:2705} INFO - Sync 1 DAGs
[2023-04-16T00:55:50.184+0000] {logging_mixin.py:137} INFO - [2023-04-16T00:55:50.184+0000] {dag.py:3456} INFO - Setting next_dagrun for example_complex to None, run_after=None
[2023-04-16T00:55:50.206+0000] {processor.py:175} INFO - Processing /home/airflow/.local/lib/python3.7/site-packages/airflow/example_dags/example_complex.py took 0.157 seconds
[2023-04-16T00:56:20.416+0000] {processor.py:153} INFO - Started process (PID=746) to work on /home/airflow/.local/lib/python3.7/site-packages/airflow/example_dags/example_complex.py
[2023-04-16T00:56:20.417+0000] {processor.py:743} INFO - Processing file /home/airflow/.local/lib/python3.7/site-packages/airflow/example_dags/example_complex.py for tasks to queue
[2023-04-16T00:56:20.417+0000] {logging_mixin.py:137} INFO - [2023-04-16T00:56:20.417+0000] {dagbag.py:532} INFO - Filling up the DagBag from /home/airflow/.local/lib/python3.7/site-packages/airflow/example_dags/example_complex.py
[2023-04-16T00:56:20.436+0000] {logging_mixin.py:137} INFO - [2023-04-16T00:56:20.436+0000] {taskmixin.py:211} WARNING - Dependency <Task(BashOperator): create_entry_group>, delete_entry_group already registered for DAG: example_complex
[2023-04-16T00:56:20.436+0000] {logging_mixin.py:137} INFO - [2023-04-16T00:56:20.436+0000] {taskmixin.py:211} WARNING - Dependency <Task(BashOperator): delete_entry_group>, create_entry_group already registered for DAG: example_complex
[2023-04-16T00:56:20.437+0000] {logging_mixin.py:137} INFO - [2023-04-16T00:56:20.437+0000] {taskmixin.py:211} WARNING - Dependency <Task(BashOperator): create_entry_gcs>, delete_entry already registered for DAG: example_complex
[2023-04-16T00:56:20.437+0000] {logging_mixin.py:137} INFO - [2023-04-16T00:56:20.437+0000] {taskmixin.py:211} WARNING - Dependency <Task(BashOperator): delete_entry>, create_entry_gcs already registered for DAG: example_complex
[2023-04-16T00:56:20.438+0000] {logging_mixin.py:137} INFO - [2023-04-16T00:56:20.437+0000] {taskmixin.py:211} WARNING - Dependency <Task(BashOperator): create_tag>, delete_tag already registered for DAG: example_complex
[2023-04-16T00:56:20.438+0000] {logging_mixin.py:137} INFO - [2023-04-16T00:56:20.438+0000] {taskmixin.py:211} WARNING - Dependency <Task(BashOperator): delete_tag>, create_tag already registered for DAG: example_complex
[2023-04-16T00:56:20.447+0000] {processor.py:753} INFO - DAG(s) dict_keys(['example_complex']) retrieved from /home/airflow/.local/lib/python3.7/site-packages/airflow/example_dags/example_complex.py
[2023-04-16T00:56:20.501+0000] {logging_mixin.py:137} INFO - [2023-04-16T00:56:20.501+0000] {dag.py:2705} INFO - Sync 1 DAGs
[2023-04-16T00:56:20.547+0000] {logging_mixin.py:137} INFO - [2023-04-16T00:56:20.546+0000] {dag.py:3456} INFO - Setting next_dagrun for example_complex to None, run_after=None
[2023-04-16T00:56:20.570+0000] {processor.py:175} INFO - Processing /home/airflow/.local/lib/python3.7/site-packages/airflow/example_dags/example_complex.py took 0.158 seconds
[2023-04-16T00:56:50.713+0000] {processor.py:153} INFO - Started process (PID=796) to work on /home/airflow/.local/lib/python3.7/site-packages/airflow/example_dags/example_complex.py
[2023-04-16T00:56:50.714+0000] {processor.py:743} INFO - Processing file /home/airflow/.local/lib/python3.7/site-packages/airflow/example_dags/example_complex.py for tasks to queue
[2023-04-16T00:56:50.715+0000] {logging_mixin.py:137} INFO - [2023-04-16T00:56:50.715+0000] {dagbag.py:532} INFO - Filling up the DagBag from /home/airflow/.local/lib/python3.7/site-packages/airflow/example_dags/example_complex.py
[2023-04-16T00:56:50.733+0000] {logging_mixin.py:137} INFO - [2023-04-16T00:56:50.733+0000] {taskmixin.py:211} WARNING - Dependency <Task(BashOperator): create_entry_group>, delete_entry_group already registered for DAG: example_complex
[2023-04-16T00:56:50.733+0000] {logging_mixin.py:137} INFO - [2023-04-16T00:56:50.733+0000] {taskmixin.py:211} WARNING - Dependency <Task(BashOperator): delete_entry_group>, create_entry_group already registered for DAG: example_complex
[2023-04-16T00:56:50.734+0000] {logging_mixin.py:137} INFO - [2023-04-16T00:56:50.734+0000] {taskmixin.py:211} WARNING - Dependency <Task(BashOperator): create_entry_gcs>, delete_entry already registered for DAG: example_complex
[2023-04-16T00:56:50.734+0000] {logging_mixin.py:137} INFO - [2023-04-16T00:56:50.734+0000] {taskmixin.py:211} WARNING - Dependency <Task(BashOperator): delete_entry>, create_entry_gcs already registered for DAG: example_complex
[2023-04-16T00:56:50.735+0000] {logging_mixin.py:137} INFO - [2023-04-16T00:56:50.735+0000] {taskmixin.py:211} WARNING - Dependency <Task(BashOperator): create_tag>, delete_tag already registered for DAG: example_complex
[2023-04-16T00:56:50.735+0000] {logging_mixin.py:137} INFO - [2023-04-16T00:56:50.735+0000] {taskmixin.py:211} WARNING - Dependency <Task(BashOperator): delete_tag>, create_tag already registered for DAG: example_complex
[2023-04-16T00:56:50.745+0000] {processor.py:753} INFO - DAG(s) dict_keys(['example_complex']) retrieved from /home/airflow/.local/lib/python3.7/site-packages/airflow/example_dags/example_complex.py
[2023-04-16T00:56:50.810+0000] {logging_mixin.py:137} INFO - [2023-04-16T00:56:50.809+0000] {dag.py:2705} INFO - Sync 1 DAGs
[2023-04-16T00:56:50.853+0000] {logging_mixin.py:137} INFO - [2023-04-16T00:56:50.852+0000] {dag.py:3456} INFO - Setting next_dagrun for example_complex to None, run_after=None
[2023-04-16T00:56:50.884+0000] {processor.py:175} INFO - Processing /home/airflow/.local/lib/python3.7/site-packages/airflow/example_dags/example_complex.py took 0.175 seconds
[2023-04-16T00:57:21.087+0000] {processor.py:153} INFO - Started process (PID=846) to work on /home/airflow/.local/lib/python3.7/site-packages/airflow/example_dags/example_complex.py
[2023-04-16T00:57:21.088+0000] {processor.py:743} INFO - Processing file /home/airflow/.local/lib/python3.7/site-packages/airflow/example_dags/example_complex.py for tasks to queue
[2023-04-16T00:57:21.089+0000] {logging_mixin.py:137} INFO - [2023-04-16T00:57:21.089+0000] {dagbag.py:532} INFO - Filling up the DagBag from /home/airflow/.local/lib/python3.7/site-packages/airflow/example_dags/example_complex.py
[2023-04-16T00:57:21.111+0000] {logging_mixin.py:137} INFO - [2023-04-16T00:57:21.111+0000] {taskmixin.py:211} WARNING - Dependency <Task(BashOperator): create_entry_group>, delete_entry_group already registered for DAG: example_complex
[2023-04-16T00:57:21.111+0000] {logging_mixin.py:137} INFO - [2023-04-16T00:57:21.111+0000] {taskmixin.py:211} WARNING - Dependency <Task(BashOperator): delete_entry_group>, create_entry_group already registered for DAG: example_complex
[2023-04-16T00:57:21.112+0000] {logging_mixin.py:137} INFO - [2023-04-16T00:57:21.111+0000] {taskmixin.py:211} WARNING - Dependency <Task(BashOperator): create_entry_gcs>, delete_entry already registered for DAG: example_complex
[2023-04-16T00:57:21.112+0000] {logging_mixin.py:137} INFO - [2023-04-16T00:57:21.112+0000] {taskmixin.py:211} WARNING - Dependency <Task(BashOperator): delete_entry>, create_entry_gcs already registered for DAG: example_complex
[2023-04-16T00:57:21.112+0000] {logging_mixin.py:137} INFO - [2023-04-16T00:57:21.112+0000] {taskmixin.py:211} WARNING - Dependency <Task(BashOperator): create_tag>, delete_tag already registered for DAG: example_complex
[2023-04-16T00:57:21.113+0000] {logging_mixin.py:137} INFO - [2023-04-16T00:57:21.113+0000] {taskmixin.py:211} WARNING - Dependency <Task(BashOperator): delete_tag>, create_tag already registered for DAG: example_complex
[2023-04-16T00:57:21.124+0000] {processor.py:753} INFO - DAG(s) dict_keys(['example_complex']) retrieved from /home/airflow/.local/lib/python3.7/site-packages/airflow/example_dags/example_complex.py
[2023-04-16T00:57:21.188+0000] {logging_mixin.py:137} INFO - [2023-04-16T00:57:21.188+0000] {dag.py:2705} INFO - Sync 1 DAGs
[2023-04-16T00:57:21.234+0000] {logging_mixin.py:137} INFO - [2023-04-16T00:57:21.234+0000] {dag.py:3456} INFO - Setting next_dagrun for example_complex to None, run_after=None
[2023-04-16T00:57:21.262+0000] {processor.py:175} INFO - Processing /home/airflow/.local/lib/python3.7/site-packages/airflow/example_dags/example_complex.py took 0.182 seconds
[2023-04-16T00:57:51.486+0000] {processor.py:153} INFO - Started process (PID=896) to work on /home/airflow/.local/lib/python3.7/site-packages/airflow/example_dags/example_complex.py
[2023-04-16T00:57:51.486+0000] {processor.py:743} INFO - Processing file /home/airflow/.local/lib/python3.7/site-packages/airflow/example_dags/example_complex.py for tasks to queue
[2023-04-16T00:57:51.487+0000] {logging_mixin.py:137} INFO - [2023-04-16T00:57:51.487+0000] {dagbag.py:532} INFO - Filling up the DagBag from /home/airflow/.local/lib/python3.7/site-packages/airflow/example_dags/example_complex.py
[2023-04-16T00:57:51.505+0000] {logging_mixin.py:137} INFO - [2023-04-16T00:57:51.505+0000] {taskmixin.py:211} WARNING - Dependency <Task(BashOperator): create_entry_group>, delete_entry_group already registered for DAG: example_complex
[2023-04-16T00:57:51.506+0000] {logging_mixin.py:137} INFO - [2023-04-16T00:57:51.506+0000] {taskmixin.py:211} WARNING - Dependency <Task(BashOperator): delete_entry_group>, create_entry_group already registered for DAG: example_complex
[2023-04-16T00:57:51.506+0000] {logging_mixin.py:137} INFO - [2023-04-16T00:57:51.506+0000] {taskmixin.py:211} WARNING - Dependency <Task(BashOperator): create_entry_gcs>, delete_entry already registered for DAG: example_complex
[2023-04-16T00:57:51.506+0000] {logging_mixin.py:137} INFO - [2023-04-16T00:57:51.506+0000] {taskmixin.py:211} WARNING - Dependency <Task(BashOperator): delete_entry>, create_entry_gcs already registered for DAG: example_complex
[2023-04-16T00:57:51.507+0000] {logging_mixin.py:137} INFO - [2023-04-16T00:57:51.507+0000] {taskmixin.py:211} WARNING - Dependency <Task(BashOperator): create_tag>, delete_tag already registered for DAG: example_complex
[2023-04-16T00:57:51.507+0000] {logging_mixin.py:137} INFO - [2023-04-16T00:57:51.507+0000] {taskmixin.py:211} WARNING - Dependency <Task(BashOperator): delete_tag>, create_tag already registered for DAG: example_complex
[2023-04-16T00:57:51.517+0000] {processor.py:753} INFO - DAG(s) dict_keys(['example_complex']) retrieved from /home/airflow/.local/lib/python3.7/site-packages/airflow/example_dags/example_complex.py
[2023-04-16T00:57:51.577+0000] {logging_mixin.py:137} INFO - [2023-04-16T00:57:51.577+0000] {dag.py:2705} INFO - Sync 1 DAGs
[2023-04-16T00:57:51.620+0000] {logging_mixin.py:137} INFO - [2023-04-16T00:57:51.620+0000] {dag.py:3456} INFO - Setting next_dagrun for example_complex to None, run_after=None
[2023-04-16T00:57:51.648+0000] {processor.py:175} INFO - Processing /home/airflow/.local/lib/python3.7/site-packages/airflow/example_dags/example_complex.py took 0.166 seconds
[2023-04-16T00:58:21.748+0000] {processor.py:153} INFO - Started process (PID=946) to work on /home/airflow/.local/lib/python3.7/site-packages/airflow/example_dags/example_complex.py
[2023-04-16T00:58:21.749+0000] {processor.py:743} INFO - Processing file /home/airflow/.local/lib/python3.7/site-packages/airflow/example_dags/example_complex.py for tasks to queue
[2023-04-16T00:58:21.750+0000] {logging_mixin.py:137} INFO - [2023-04-16T00:58:21.750+0000] {dagbag.py:532} INFO - Filling up the DagBag from /home/airflow/.local/lib/python3.7/site-packages/airflow/example_dags/example_complex.py
[2023-04-16T00:58:21.768+0000] {logging_mixin.py:137} INFO - [2023-04-16T00:58:21.768+0000] {taskmixin.py:211} WARNING - Dependency <Task(BashOperator): create_entry_group>, delete_entry_group already registered for DAG: example_complex
[2023-04-16T00:58:21.769+0000] {logging_mixin.py:137} INFO - [2023-04-16T00:58:21.768+0000] {taskmixin.py:211} WARNING - Dependency <Task(BashOperator): delete_entry_group>, create_entry_group already registered for DAG: example_complex
[2023-04-16T00:58:21.769+0000] {logging_mixin.py:137} INFO - [2023-04-16T00:58:21.769+0000] {taskmixin.py:211} WARNING - Dependency <Task(BashOperator): create_entry_gcs>, delete_entry already registered for DAG: example_complex
[2023-04-16T00:58:21.769+0000] {logging_mixin.py:137} INFO - [2023-04-16T00:58:21.769+0000] {taskmixin.py:211} WARNING - Dependency <Task(BashOperator): delete_entry>, create_entry_gcs already registered for DAG: example_complex
[2023-04-16T00:58:21.770+0000] {logging_mixin.py:137} INFO - [2023-04-16T00:58:21.770+0000] {taskmixin.py:211} WARNING - Dependency <Task(BashOperator): create_tag>, delete_tag already registered for DAG: example_complex
[2023-04-16T00:58:21.770+0000] {logging_mixin.py:137} INFO - [2023-04-16T00:58:21.770+0000] {taskmixin.py:211} WARNING - Dependency <Task(BashOperator): delete_tag>, create_tag already registered for DAG: example_complex
[2023-04-16T00:58:21.780+0000] {processor.py:753} INFO - DAG(s) dict_keys(['example_complex']) retrieved from /home/airflow/.local/lib/python3.7/site-packages/airflow/example_dags/example_complex.py
[2023-04-16T00:58:21.832+0000] {logging_mixin.py:137} INFO - [2023-04-16T00:58:21.832+0000] {dag.py:2705} INFO - Sync 1 DAGs
[2023-04-16T00:58:21.872+0000] {logging_mixin.py:137} INFO - [2023-04-16T00:58:21.871+0000] {dag.py:3456} INFO - Setting next_dagrun for example_complex to None, run_after=None
[2023-04-16T00:58:21.893+0000] {processor.py:175} INFO - Processing /home/airflow/.local/lib/python3.7/site-packages/airflow/example_dags/example_complex.py took 0.149 seconds
[2023-04-16T00:58:52.070+0000] {processor.py:153} INFO - Started process (PID=996) to work on /home/airflow/.local/lib/python3.7/site-packages/airflow/example_dags/example_complex.py
[2023-04-16T00:58:52.074+0000] {processor.py:743} INFO - Processing file /home/airflow/.local/lib/python3.7/site-packages/airflow/example_dags/example_complex.py for tasks to queue
[2023-04-16T00:58:52.075+0000] {logging_mixin.py:137} INFO - [2023-04-16T00:58:52.074+0000] {dagbag.py:532} INFO - Filling up the DagBag from /home/airflow/.local/lib/python3.7/site-packages/airflow/example_dags/example_complex.py
[2023-04-16T00:58:52.093+0000] {logging_mixin.py:137} INFO - [2023-04-16T00:58:52.092+0000] {taskmixin.py:211} WARNING - Dependency <Task(BashOperator): create_entry_group>, delete_entry_group already registered for DAG: example_complex
[2023-04-16T00:58:52.093+0000] {logging_mixin.py:137} INFO - [2023-04-16T00:58:52.093+0000] {taskmixin.py:211} WARNING - Dependency <Task(BashOperator): delete_entry_group>, create_entry_group already registered for DAG: example_complex
[2023-04-16T00:58:52.093+0000] {logging_mixin.py:137} INFO - [2023-04-16T00:58:52.093+0000] {taskmixin.py:211} WARNING - Dependency <Task(BashOperator): create_entry_gcs>, delete_entry already registered for DAG: example_complex
[2023-04-16T00:58:52.093+0000] {logging_mixin.py:137} INFO - [2023-04-16T00:58:52.093+0000] {taskmixin.py:211} WARNING - Dependency <Task(BashOperator): delete_entry>, create_entry_gcs already registered for DAG: example_complex
[2023-04-16T00:58:52.094+0000] {logging_mixin.py:137} INFO - [2023-04-16T00:58:52.094+0000] {taskmixin.py:211} WARNING - Dependency <Task(BashOperator): create_tag>, delete_tag already registered for DAG: example_complex
[2023-04-16T00:58:52.094+0000] {logging_mixin.py:137} INFO - [2023-04-16T00:58:52.094+0000] {taskmixin.py:211} WARNING - Dependency <Task(BashOperator): delete_tag>, create_tag already registered for DAG: example_complex
[2023-04-16T00:58:52.105+0000] {processor.py:753} INFO - DAG(s) dict_keys(['example_complex']) retrieved from /home/airflow/.local/lib/python3.7/site-packages/airflow/example_dags/example_complex.py
[2023-04-16T00:58:52.157+0000] {logging_mixin.py:137} INFO - [2023-04-16T00:58:52.157+0000] {dag.py:2705} INFO - Sync 1 DAGs
[2023-04-16T00:58:52.196+0000] {logging_mixin.py:137} INFO - [2023-04-16T00:58:52.196+0000] {dag.py:3456} INFO - Setting next_dagrun for example_complex to None, run_after=None
[2023-04-16T00:58:52.220+0000] {processor.py:175} INFO - Processing /home/airflow/.local/lib/python3.7/site-packages/airflow/example_dags/example_complex.py took 0.155 seconds
[2023-04-16T00:59:22.315+0000] {processor.py:153} INFO - Started process (PID=1046) to work on /home/airflow/.local/lib/python3.7/site-packages/airflow/example_dags/example_complex.py
[2023-04-16T00:59:22.316+0000] {processor.py:743} INFO - Processing file /home/airflow/.local/lib/python3.7/site-packages/airflow/example_dags/example_complex.py for tasks to queue
[2023-04-16T00:59:22.317+0000] {logging_mixin.py:137} INFO - [2023-04-16T00:59:22.317+0000] {dagbag.py:532} INFO - Filling up the DagBag from /home/airflow/.local/lib/python3.7/site-packages/airflow/example_dags/example_complex.py
[2023-04-16T00:59:22.335+0000] {logging_mixin.py:137} INFO - [2023-04-16T00:59:22.335+0000] {taskmixin.py:211} WARNING - Dependency <Task(BashOperator): create_entry_group>, delete_entry_group already registered for DAG: example_complex
[2023-04-16T00:59:22.335+0000] {logging_mixin.py:137} INFO - [2023-04-16T00:59:22.335+0000] {taskmixin.py:211} WARNING - Dependency <Task(BashOperator): delete_entry_group>, create_entry_group already registered for DAG: example_complex
[2023-04-16T00:59:22.336+0000] {logging_mixin.py:137} INFO - [2023-04-16T00:59:22.335+0000] {taskmixin.py:211} WARNING - Dependency <Task(BashOperator): create_entry_gcs>, delete_entry already registered for DAG: example_complex
[2023-04-16T00:59:22.336+0000] {logging_mixin.py:137} INFO - [2023-04-16T00:59:22.336+0000] {taskmixin.py:211} WARNING - Dependency <Task(BashOperator): delete_entry>, create_entry_gcs already registered for DAG: example_complex
[2023-04-16T00:59:22.336+0000] {logging_mixin.py:137} INFO - [2023-04-16T00:59:22.336+0000] {taskmixin.py:211} WARNING - Dependency <Task(BashOperator): create_tag>, delete_tag already registered for DAG: example_complex
[2023-04-16T00:59:22.337+0000] {logging_mixin.py:137} INFO - [2023-04-16T00:59:22.337+0000] {taskmixin.py:211} WARNING - Dependency <Task(BashOperator): delete_tag>, create_tag already registered for DAG: example_complex
[2023-04-16T00:59:22.348+0000] {processor.py:753} INFO - DAG(s) dict_keys(['example_complex']) retrieved from /home/airflow/.local/lib/python3.7/site-packages/airflow/example_dags/example_complex.py
[2023-04-16T00:59:22.401+0000] {logging_mixin.py:137} INFO - [2023-04-16T00:59:22.400+0000] {dag.py:2705} INFO - Sync 1 DAGs
[2023-04-16T00:59:22.441+0000] {logging_mixin.py:137} INFO - [2023-04-16T00:59:22.440+0000] {dag.py:3456} INFO - Setting next_dagrun for example_complex to None, run_after=None
[2023-04-16T00:59:22.462+0000] {processor.py:175} INFO - Processing /home/airflow/.local/lib/python3.7/site-packages/airflow/example_dags/example_complex.py took 0.151 seconds
[2023-04-16T00:59:52.491+0000] {processor.py:153} INFO - Started process (PID=1096) to work on /home/airflow/.local/lib/python3.7/site-packages/airflow/example_dags/example_complex.py
[2023-04-16T00:59:52.492+0000] {processor.py:743} INFO - Processing file /home/airflow/.local/lib/python3.7/site-packages/airflow/example_dags/example_complex.py for tasks to queue
[2023-04-16T00:59:52.492+0000] {logging_mixin.py:137} INFO - [2023-04-16T00:59:52.492+0000] {dagbag.py:532} INFO - Filling up the DagBag from /home/airflow/.local/lib/python3.7/site-packages/airflow/example_dags/example_complex.py
[2023-04-16T00:59:52.511+0000] {logging_mixin.py:137} INFO - [2023-04-16T00:59:52.511+0000] {taskmixin.py:211} WARNING - Dependency <Task(BashOperator): create_entry_group>, delete_entry_group already registered for DAG: example_complex
[2023-04-16T00:59:52.511+0000] {logging_mixin.py:137} INFO - [2023-04-16T00:59:52.511+0000] {taskmixin.py:211} WARNING - Dependency <Task(BashOperator): delete_entry_group>, create_entry_group already registered for DAG: example_complex
[2023-04-16T00:59:52.511+0000] {logging_mixin.py:137} INFO - [2023-04-16T00:59:52.511+0000] {taskmixin.py:211} WARNING - Dependency <Task(BashOperator): create_entry_gcs>, delete_entry already registered for DAG: example_complex
[2023-04-16T00:59:52.512+0000] {logging_mixin.py:137} INFO - [2023-04-16T00:59:52.512+0000] {taskmixin.py:211} WARNING - Dependency <Task(BashOperator): delete_entry>, create_entry_gcs already registered for DAG: example_complex
[2023-04-16T00:59:52.512+0000] {logging_mixin.py:137} INFO - [2023-04-16T00:59:52.512+0000] {taskmixin.py:211} WARNING - Dependency <Task(BashOperator): create_tag>, delete_tag already registered for DAG: example_complex
[2023-04-16T00:59:52.513+0000] {logging_mixin.py:137} INFO - [2023-04-16T00:59:52.512+0000] {taskmixin.py:211} WARNING - Dependency <Task(BashOperator): delete_tag>, create_tag already registered for DAG: example_complex
[2023-04-16T00:59:52.523+0000] {processor.py:753} INFO - DAG(s) dict_keys(['example_complex']) retrieved from /home/airflow/.local/lib/python3.7/site-packages/airflow/example_dags/example_complex.py
[2023-04-16T00:59:52.576+0000] {logging_mixin.py:137} INFO - [2023-04-16T00:59:52.576+0000] {dag.py:2705} INFO - Sync 1 DAGs
[2023-04-16T00:59:52.619+0000] {logging_mixin.py:137} INFO - [2023-04-16T00:59:52.619+0000] {dag.py:3456} INFO - Setting next_dagrun for example_complex to None, run_after=None
[2023-04-16T00:59:52.643+0000] {processor.py:175} INFO - Processing /home/airflow/.local/lib/python3.7/site-packages/airflow/example_dags/example_complex.py took 0.156 seconds
