[2023-04-16T00:49:17.414+0000] {processor.py:153} INFO - Started process (PID=69) to work on /home/airflow/.local/lib/python3.7/site-packages/airflow/example_dags/example_sensors.py
[2023-04-16T00:49:17.414+0000] {processor.py:743} INFO - Processing file /home/airflow/.local/lib/python3.7/site-packages/airflow/example_dags/example_sensors.py for tasks to queue
[2023-04-16T00:49:17.415+0000] {logging_mixin.py:137} INFO - [2023-04-16T00:49:17.415+0000] {dagbag.py:532} INFO - Filling up the DagBag from /home/airflow/.local/lib/python3.7/site-packages/airflow/example_dags/example_sensors.py
[2023-04-16T00:49:17.447+0000] {processor.py:753} INFO - DAG(s) dict_keys(['example_sensors']) retrieved from /home/airflow/.local/lib/python3.7/site-packages/airflow/example_dags/example_sensors.py
[2023-04-16T00:49:17.487+0000] {logging_mixin.py:137} INFO - [2023-04-16T00:49:17.487+0000] {dag.py:2705} INFO - Sync 1 DAGs
[2023-04-16T00:49:17.526+0000] {logging_mixin.py:137} INFO - [2023-04-16T00:49:17.526+0000] {dag.py:3456} INFO - Setting next_dagrun for example_sensors to None, run_after=None
[2023-04-16T00:49:17.555+0000] {processor.py:175} INFO - Processing /home/airflow/.local/lib/python3.7/site-packages/airflow/example_dags/example_sensors.py took 0.146 seconds
[2023-04-16T00:49:48.486+0000] {processor.py:153} INFO - Started process (PID=119) to work on /home/airflow/.local/lib/python3.7/site-packages/airflow/example_dags/example_sensors.py
[2023-04-16T00:49:48.487+0000] {processor.py:743} INFO - Processing file /home/airflow/.local/lib/python3.7/site-packages/airflow/example_dags/example_sensors.py for tasks to queue
[2023-04-16T00:49:48.487+0000] {logging_mixin.py:137} INFO - [2023-04-16T00:49:48.487+0000] {dagbag.py:532} INFO - Filling up the DagBag from /home/airflow/.local/lib/python3.7/site-packages/airflow/example_dags/example_sensors.py
[2023-04-16T00:49:48.513+0000] {processor.py:753} INFO - DAG(s) dict_keys(['example_sensors']) retrieved from /home/airflow/.local/lib/python3.7/site-packages/airflow/example_dags/example_sensors.py
[2023-04-16T00:49:48.554+0000] {logging_mixin.py:137} INFO - [2023-04-16T00:49:48.554+0000] {dag.py:2705} INFO - Sync 1 DAGs
[2023-04-16T00:49:48.599+0000] {logging_mixin.py:137} INFO - [2023-04-16T00:49:48.599+0000] {dag.py:3456} INFO - Setting next_dagrun for example_sensors to None, run_after=None
[2023-04-16T00:49:48.642+0000] {processor.py:175} INFO - Processing /home/airflow/.local/lib/python3.7/site-packages/airflow/example_dags/example_sensors.py took 0.160 seconds
[2023-04-16T00:50:19.492+0000] {processor.py:153} INFO - Started process (PID=169) to work on /home/airflow/.local/lib/python3.7/site-packages/airflow/example_dags/example_sensors.py
[2023-04-16T00:50:19.493+0000] {processor.py:743} INFO - Processing file /home/airflow/.local/lib/python3.7/site-packages/airflow/example_dags/example_sensors.py for tasks to queue
[2023-04-16T00:50:19.494+0000] {logging_mixin.py:137} INFO - [2023-04-16T00:50:19.494+0000] {dagbag.py:532} INFO - Filling up the DagBag from /home/airflow/.local/lib/python3.7/site-packages/airflow/example_dags/example_sensors.py
[2023-04-16T00:50:19.521+0000] {processor.py:753} INFO - DAG(s) dict_keys(['example_sensors']) retrieved from /home/airflow/.local/lib/python3.7/site-packages/airflow/example_dags/example_sensors.py
[2023-04-16T00:50:19.560+0000] {logging_mixin.py:137} INFO - [2023-04-16T00:50:19.560+0000] {dag.py:2705} INFO - Sync 1 DAGs
[2023-04-16T00:50:19.599+0000] {logging_mixin.py:137} INFO - [2023-04-16T00:50:19.598+0000] {dag.py:3456} INFO - Setting next_dagrun for example_sensors to None, run_after=None
[2023-04-16T00:50:19.620+0000] {processor.py:175} INFO - Processing /home/airflow/.local/lib/python3.7/site-packages/airflow/example_dags/example_sensors.py took 0.131 seconds
[2023-04-16T00:50:49.912+0000] {processor.py:153} INFO - Started process (PID=219) to work on /home/airflow/.local/lib/python3.7/site-packages/airflow/example_dags/example_sensors.py
[2023-04-16T00:50:49.913+0000] {processor.py:743} INFO - Processing file /home/airflow/.local/lib/python3.7/site-packages/airflow/example_dags/example_sensors.py for tasks to queue
[2023-04-16T00:50:49.914+0000] {logging_mixin.py:137} INFO - [2023-04-16T00:50:49.914+0000] {dagbag.py:532} INFO - Filling up the DagBag from /home/airflow/.local/lib/python3.7/site-packages/airflow/example_dags/example_sensors.py
[2023-04-16T00:50:49.939+0000] {processor.py:753} INFO - DAG(s) dict_keys(['example_sensors']) retrieved from /home/airflow/.local/lib/python3.7/site-packages/airflow/example_dags/example_sensors.py
[2023-04-16T00:50:49.984+0000] {logging_mixin.py:137} INFO - [2023-04-16T00:50:49.984+0000] {dag.py:2705} INFO - Sync 1 DAGs
[2023-04-16T00:50:50.022+0000] {logging_mixin.py:137} INFO - [2023-04-16T00:50:50.022+0000] {dag.py:3456} INFO - Setting next_dagrun for example_sensors to None, run_after=None
[2023-04-16T00:50:50.043+0000] {processor.py:175} INFO - Processing /home/airflow/.local/lib/python3.7/site-packages/airflow/example_dags/example_sensors.py took 0.134 seconds
[2023-04-16T00:51:20.365+0000] {processor.py:153} INFO - Started process (PID=269) to work on /home/airflow/.local/lib/python3.7/site-packages/airflow/example_dags/example_sensors.py
[2023-04-16T00:51:20.365+0000] {processor.py:743} INFO - Processing file /home/airflow/.local/lib/python3.7/site-packages/airflow/example_dags/example_sensors.py for tasks to queue
[2023-04-16T00:51:20.366+0000] {logging_mixin.py:137} INFO - [2023-04-16T00:51:20.366+0000] {dagbag.py:532} INFO - Filling up the DagBag from /home/airflow/.local/lib/python3.7/site-packages/airflow/example_dags/example_sensors.py
[2023-04-16T00:51:20.393+0000] {processor.py:753} INFO - DAG(s) dict_keys(['example_sensors']) retrieved from /home/airflow/.local/lib/python3.7/site-packages/airflow/example_dags/example_sensors.py
[2023-04-16T00:51:20.435+0000] {logging_mixin.py:137} INFO - [2023-04-16T00:51:20.435+0000] {dag.py:2705} INFO - Sync 1 DAGs
[2023-04-16T00:51:20.476+0000] {logging_mixin.py:137} INFO - [2023-04-16T00:51:20.476+0000] {dag.py:3456} INFO - Setting next_dagrun for example_sensors to None, run_after=None
[2023-04-16T00:51:20.506+0000] {processor.py:175} INFO - Processing /home/airflow/.local/lib/python3.7/site-packages/airflow/example_dags/example_sensors.py took 0.148 seconds
[2023-04-16T00:51:50.754+0000] {processor.py:153} INFO - Started process (PID=319) to work on /home/airflow/.local/lib/python3.7/site-packages/airflow/example_dags/example_sensors.py
[2023-04-16T00:51:50.755+0000] {processor.py:743} INFO - Processing file /home/airflow/.local/lib/python3.7/site-packages/airflow/example_dags/example_sensors.py for tasks to queue
[2023-04-16T00:51:50.756+0000] {logging_mixin.py:137} INFO - [2023-04-16T00:51:50.756+0000] {dagbag.py:532} INFO - Filling up the DagBag from /home/airflow/.local/lib/python3.7/site-packages/airflow/example_dags/example_sensors.py
[2023-04-16T00:51:50.784+0000] {processor.py:753} INFO - DAG(s) dict_keys(['example_sensors']) retrieved from /home/airflow/.local/lib/python3.7/site-packages/airflow/example_dags/example_sensors.py
[2023-04-16T00:51:50.838+0000] {logging_mixin.py:137} INFO - [2023-04-16T00:51:50.838+0000] {dag.py:2705} INFO - Sync 1 DAGs
[2023-04-16T00:51:50.891+0000] {logging_mixin.py:137} INFO - [2023-04-16T00:51:50.890+0000] {dag.py:3456} INFO - Setting next_dagrun for example_sensors to None, run_after=None
[2023-04-16T00:51:50.924+0000] {processor.py:175} INFO - Processing /home/airflow/.local/lib/python3.7/site-packages/airflow/example_dags/example_sensors.py took 0.174 seconds
[2023-04-16T00:52:21.341+0000] {processor.py:153} INFO - Started process (PID=369) to work on /home/airflow/.local/lib/python3.7/site-packages/airflow/example_dags/example_sensors.py
[2023-04-16T00:52:21.342+0000] {processor.py:743} INFO - Processing file /home/airflow/.local/lib/python3.7/site-packages/airflow/example_dags/example_sensors.py for tasks to queue
[2023-04-16T00:52:21.343+0000] {logging_mixin.py:137} INFO - [2023-04-16T00:52:21.343+0000] {dagbag.py:532} INFO - Filling up the DagBag from /home/airflow/.local/lib/python3.7/site-packages/airflow/example_dags/example_sensors.py
[2023-04-16T00:52:21.369+0000] {processor.py:753} INFO - DAG(s) dict_keys(['example_sensors']) retrieved from /home/airflow/.local/lib/python3.7/site-packages/airflow/example_dags/example_sensors.py
[2023-04-16T00:52:21.409+0000] {logging_mixin.py:137} INFO - [2023-04-16T00:52:21.409+0000] {dag.py:2705} INFO - Sync 1 DAGs
[2023-04-16T00:52:21.450+0000] {logging_mixin.py:137} INFO - [2023-04-16T00:52:21.450+0000] {dag.py:3456} INFO - Setting next_dagrun for example_sensors to None, run_after=None
[2023-04-16T00:52:21.477+0000] {processor.py:175} INFO - Processing /home/airflow/.local/lib/python3.7/site-packages/airflow/example_dags/example_sensors.py took 0.140 seconds
[2023-04-16T00:52:51.639+0000] {processor.py:153} INFO - Started process (PID=419) to work on /home/airflow/.local/lib/python3.7/site-packages/airflow/example_dags/example_sensors.py
[2023-04-16T00:52:51.640+0000] {processor.py:743} INFO - Processing file /home/airflow/.local/lib/python3.7/site-packages/airflow/example_dags/example_sensors.py for tasks to queue
[2023-04-16T00:52:51.641+0000] {logging_mixin.py:137} INFO - [2023-04-16T00:52:51.641+0000] {dagbag.py:532} INFO - Filling up the DagBag from /home/airflow/.local/lib/python3.7/site-packages/airflow/example_dags/example_sensors.py
[2023-04-16T00:52:51.673+0000] {processor.py:753} INFO - DAG(s) dict_keys(['example_sensors']) retrieved from /home/airflow/.local/lib/python3.7/site-packages/airflow/example_dags/example_sensors.py
[2023-04-16T00:52:51.723+0000] {logging_mixin.py:137} INFO - [2023-04-16T00:52:51.722+0000] {dag.py:2705} INFO - Sync 1 DAGs
[2023-04-16T00:52:51.769+0000] {logging_mixin.py:137} INFO - [2023-04-16T00:52:51.769+0000] {dag.py:3456} INFO - Setting next_dagrun for example_sensors to None, run_after=None
[2023-04-16T00:52:51.801+0000] {processor.py:175} INFO - Processing /home/airflow/.local/lib/python3.7/site-packages/airflow/example_dags/example_sensors.py took 0.167 seconds
[2023-04-16T00:53:21.943+0000] {processor.py:153} INFO - Started process (PID=469) to work on /home/airflow/.local/lib/python3.7/site-packages/airflow/example_dags/example_sensors.py
[2023-04-16T00:53:21.943+0000] {processor.py:743} INFO - Processing file /home/airflow/.local/lib/python3.7/site-packages/airflow/example_dags/example_sensors.py for tasks to queue
[2023-04-16T00:53:21.944+0000] {logging_mixin.py:137} INFO - [2023-04-16T00:53:21.944+0000] {dagbag.py:532} INFO - Filling up the DagBag from /home/airflow/.local/lib/python3.7/site-packages/airflow/example_dags/example_sensors.py
[2023-04-16T00:53:21.973+0000] {processor.py:753} INFO - DAG(s) dict_keys(['example_sensors']) retrieved from /home/airflow/.local/lib/python3.7/site-packages/airflow/example_dags/example_sensors.py
[2023-04-16T00:53:22.017+0000] {logging_mixin.py:137} INFO - [2023-04-16T00:53:22.017+0000] {dag.py:2705} INFO - Sync 1 DAGs
[2023-04-16T00:53:22.060+0000] {logging_mixin.py:137} INFO - [2023-04-16T00:53:22.059+0000] {dag.py:3456} INFO - Setting next_dagrun for example_sensors to None, run_after=None
[2023-04-16T00:53:22.082+0000] {processor.py:175} INFO - Processing /home/airflow/.local/lib/python3.7/site-packages/airflow/example_dags/example_sensors.py took 0.143 seconds
[2023-04-16T00:53:52.972+0000] {processor.py:153} INFO - Started process (PID=519) to work on /home/airflow/.local/lib/python3.7/site-packages/airflow/example_dags/example_sensors.py
[2023-04-16T00:53:52.973+0000] {processor.py:743} INFO - Processing file /home/airflow/.local/lib/python3.7/site-packages/airflow/example_dags/example_sensors.py for tasks to queue
[2023-04-16T00:53:52.975+0000] {logging_mixin.py:137} INFO - [2023-04-16T00:53:52.974+0000] {dagbag.py:532} INFO - Filling up the DagBag from /home/airflow/.local/lib/python3.7/site-packages/airflow/example_dags/example_sensors.py
[2023-04-16T00:53:53.004+0000] {processor.py:753} INFO - DAG(s) dict_keys(['example_sensors']) retrieved from /home/airflow/.local/lib/python3.7/site-packages/airflow/example_dags/example_sensors.py
[2023-04-16T00:53:53.043+0000] {logging_mixin.py:137} INFO - [2023-04-16T00:53:53.042+0000] {dag.py:2705} INFO - Sync 1 DAGs
[2023-04-16T00:53:53.082+0000] {logging_mixin.py:137} INFO - [2023-04-16T00:53:53.082+0000] {dag.py:3456} INFO - Setting next_dagrun for example_sensors to None, run_after=None
[2023-04-16T00:53:53.112+0000] {processor.py:175} INFO - Processing /home/airflow/.local/lib/python3.7/site-packages/airflow/example_dags/example_sensors.py took 0.148 seconds
[2023-04-16T00:54:23.752+0000] {processor.py:153} INFO - Started process (PID=569) to work on /home/airflow/.local/lib/python3.7/site-packages/airflow/example_dags/example_sensors.py
[2023-04-16T00:54:23.754+0000] {processor.py:743} INFO - Processing file /home/airflow/.local/lib/python3.7/site-packages/airflow/example_dags/example_sensors.py for tasks to queue
[2023-04-16T00:54:23.756+0000] {logging_mixin.py:137} INFO - [2023-04-16T00:54:23.755+0000] {dagbag.py:532} INFO - Filling up the DagBag from /home/airflow/.local/lib/python3.7/site-packages/airflow/example_dags/example_sensors.py
[2023-04-16T00:54:23.785+0000] {processor.py:753} INFO - DAG(s) dict_keys(['example_sensors']) retrieved from /home/airflow/.local/lib/python3.7/site-packages/airflow/example_dags/example_sensors.py
[2023-04-16T00:54:23.824+0000] {logging_mixin.py:137} INFO - [2023-04-16T00:54:23.824+0000] {dag.py:2705} INFO - Sync 1 DAGs
[2023-04-16T00:54:23.865+0000] {logging_mixin.py:137} INFO - [2023-04-16T00:54:23.864+0000] {dag.py:3456} INFO - Setting next_dagrun for example_sensors to None, run_after=None
[2023-04-16T00:54:23.898+0000] {processor.py:175} INFO - Processing /home/airflow/.local/lib/python3.7/site-packages/airflow/example_dags/example_sensors.py took 0.154 seconds
[2023-04-16T00:54:54.112+0000] {processor.py:153} INFO - Started process (PID=618) to work on /home/airflow/.local/lib/python3.7/site-packages/airflow/example_dags/example_sensors.py
[2023-04-16T00:54:54.113+0000] {processor.py:743} INFO - Processing file /home/airflow/.local/lib/python3.7/site-packages/airflow/example_dags/example_sensors.py for tasks to queue
[2023-04-16T00:54:54.115+0000] {logging_mixin.py:137} INFO - [2023-04-16T00:54:54.114+0000] {dagbag.py:532} INFO - Filling up the DagBag from /home/airflow/.local/lib/python3.7/site-packages/airflow/example_dags/example_sensors.py
[2023-04-16T00:54:54.143+0000] {processor.py:753} INFO - DAG(s) dict_keys(['example_sensors']) retrieved from /home/airflow/.local/lib/python3.7/site-packages/airflow/example_dags/example_sensors.py
[2023-04-16T00:54:54.186+0000] {logging_mixin.py:137} INFO - [2023-04-16T00:54:54.186+0000] {dag.py:2705} INFO - Sync 1 DAGs
[2023-04-16T00:54:54.232+0000] {logging_mixin.py:137} INFO - [2023-04-16T00:54:54.231+0000] {dag.py:3456} INFO - Setting next_dagrun for example_sensors to None, run_after=None
[2023-04-16T00:54:54.258+0000] {processor.py:175} INFO - Processing /home/airflow/.local/lib/python3.7/site-packages/airflow/example_dags/example_sensors.py took 0.156 seconds
[2023-04-16T00:55:24.437+0000] {processor.py:153} INFO - Started process (PID=667) to work on /home/airflow/.local/lib/python3.7/site-packages/airflow/example_dags/example_sensors.py
[2023-04-16T00:55:24.448+0000] {processor.py:743} INFO - Processing file /home/airflow/.local/lib/python3.7/site-packages/airflow/example_dags/example_sensors.py for tasks to queue
[2023-04-16T00:55:24.449+0000] {logging_mixin.py:137} INFO - [2023-04-16T00:55:24.449+0000] {dagbag.py:532} INFO - Filling up the DagBag from /home/airflow/.local/lib/python3.7/site-packages/airflow/example_dags/example_sensors.py
[2023-04-16T00:55:24.476+0000] {processor.py:753} INFO - DAG(s) dict_keys(['example_sensors']) retrieved from /home/airflow/.local/lib/python3.7/site-packages/airflow/example_dags/example_sensors.py
[2023-04-16T00:55:24.515+0000] {logging_mixin.py:137} INFO - [2023-04-16T00:55:24.515+0000] {dag.py:2705} INFO - Sync 1 DAGs
[2023-04-16T00:55:24.558+0000] {logging_mixin.py:137} INFO - [2023-04-16T00:55:24.558+0000] {dag.py:3456} INFO - Setting next_dagrun for example_sensors to None, run_after=None
[2023-04-16T00:55:24.591+0000] {processor.py:175} INFO - Processing /home/airflow/.local/lib/python3.7/site-packages/airflow/example_dags/example_sensors.py took 0.164 seconds
[2023-04-16T00:55:54.692+0000] {processor.py:153} INFO - Started process (PID=717) to work on /home/airflow/.local/lib/python3.7/site-packages/airflow/example_dags/example_sensors.py
[2023-04-16T00:55:54.694+0000] {processor.py:743} INFO - Processing file /home/airflow/.local/lib/python3.7/site-packages/airflow/example_dags/example_sensors.py for tasks to queue
[2023-04-16T00:55:54.695+0000] {logging_mixin.py:137} INFO - [2023-04-16T00:55:54.695+0000] {dagbag.py:532} INFO - Filling up the DagBag from /home/airflow/.local/lib/python3.7/site-packages/airflow/example_dags/example_sensors.py
[2023-04-16T00:55:54.732+0000] {processor.py:753} INFO - DAG(s) dict_keys(['example_sensors']) retrieved from /home/airflow/.local/lib/python3.7/site-packages/airflow/example_dags/example_sensors.py
[2023-04-16T00:55:54.772+0000] {logging_mixin.py:137} INFO - [2023-04-16T00:55:54.772+0000] {dag.py:2705} INFO - Sync 1 DAGs
[2023-04-16T00:55:54.810+0000] {logging_mixin.py:137} INFO - [2023-04-16T00:55:54.810+0000] {dag.py:3456} INFO - Setting next_dagrun for example_sensors to None, run_after=None
[2023-04-16T00:55:54.841+0000] {processor.py:175} INFO - Processing /home/airflow/.local/lib/python3.7/site-packages/airflow/example_dags/example_sensors.py took 0.162 seconds
[2023-04-16T00:56:25.091+0000] {processor.py:153} INFO - Started process (PID=767) to work on /home/airflow/.local/lib/python3.7/site-packages/airflow/example_dags/example_sensors.py
[2023-04-16T00:56:25.093+0000] {processor.py:743} INFO - Processing file /home/airflow/.local/lib/python3.7/site-packages/airflow/example_dags/example_sensors.py for tasks to queue
[2023-04-16T00:56:25.094+0000] {logging_mixin.py:137} INFO - [2023-04-16T00:56:25.094+0000] {dagbag.py:532} INFO - Filling up the DagBag from /home/airflow/.local/lib/python3.7/site-packages/airflow/example_dags/example_sensors.py
[2023-04-16T00:56:25.125+0000] {processor.py:753} INFO - DAG(s) dict_keys(['example_sensors']) retrieved from /home/airflow/.local/lib/python3.7/site-packages/airflow/example_dags/example_sensors.py
[2023-04-16T00:56:25.167+0000] {logging_mixin.py:137} INFO - [2023-04-16T00:56:25.167+0000] {dag.py:2705} INFO - Sync 1 DAGs
[2023-04-16T00:56:25.237+0000] {logging_mixin.py:137} INFO - [2023-04-16T00:56:25.236+0000] {dag.py:3456} INFO - Setting next_dagrun for example_sensors to None, run_after=None
[2023-04-16T00:56:25.259+0000] {processor.py:175} INFO - Processing /home/airflow/.local/lib/python3.7/site-packages/airflow/example_dags/example_sensors.py took 0.175 seconds
[2023-04-16T00:56:55.445+0000] {processor.py:153} INFO - Started process (PID=817) to work on /home/airflow/.local/lib/python3.7/site-packages/airflow/example_dags/example_sensors.py
[2023-04-16T00:56:55.446+0000] {processor.py:743} INFO - Processing file /home/airflow/.local/lib/python3.7/site-packages/airflow/example_dags/example_sensors.py for tasks to queue
[2023-04-16T00:56:55.448+0000] {logging_mixin.py:137} INFO - [2023-04-16T00:56:55.448+0000] {dagbag.py:532} INFO - Filling up the DagBag from /home/airflow/.local/lib/python3.7/site-packages/airflow/example_dags/example_sensors.py
[2023-04-16T00:56:55.486+0000] {processor.py:753} INFO - DAG(s) dict_keys(['example_sensors']) retrieved from /home/airflow/.local/lib/python3.7/site-packages/airflow/example_dags/example_sensors.py
[2023-04-16T00:56:55.524+0000] {logging_mixin.py:137} INFO - [2023-04-16T00:56:55.524+0000] {dag.py:2705} INFO - Sync 1 DAGs
[2023-04-16T00:56:55.564+0000] {logging_mixin.py:137} INFO - [2023-04-16T00:56:55.564+0000] {dag.py:3456} INFO - Setting next_dagrun for example_sensors to None, run_after=None
[2023-04-16T00:56:55.596+0000] {processor.py:175} INFO - Processing /home/airflow/.local/lib/python3.7/site-packages/airflow/example_dags/example_sensors.py took 0.170 seconds
[2023-04-16T00:57:25.756+0000] {processor.py:153} INFO - Started process (PID=867) to work on /home/airflow/.local/lib/python3.7/site-packages/airflow/example_dags/example_sensors.py
[2023-04-16T00:57:25.757+0000] {processor.py:743} INFO - Processing file /home/airflow/.local/lib/python3.7/site-packages/airflow/example_dags/example_sensors.py for tasks to queue
[2023-04-16T00:57:25.758+0000] {logging_mixin.py:137} INFO - [2023-04-16T00:57:25.758+0000] {dagbag.py:532} INFO - Filling up the DagBag from /home/airflow/.local/lib/python3.7/site-packages/airflow/example_dags/example_sensors.py
[2023-04-16T00:57:25.786+0000] {processor.py:753} INFO - DAG(s) dict_keys(['example_sensors']) retrieved from /home/airflow/.local/lib/python3.7/site-packages/airflow/example_dags/example_sensors.py
[2023-04-16T00:57:25.826+0000] {logging_mixin.py:137} INFO - [2023-04-16T00:57:25.826+0000] {dag.py:2705} INFO - Sync 1 DAGs
[2023-04-16T00:57:25.866+0000] {logging_mixin.py:137} INFO - [2023-04-16T00:57:25.866+0000] {dag.py:3456} INFO - Setting next_dagrun for example_sensors to None, run_after=None
[2023-04-16T00:57:25.892+0000] {processor.py:175} INFO - Processing /home/airflow/.local/lib/python3.7/site-packages/airflow/example_dags/example_sensors.py took 0.141 seconds
[2023-04-16T00:57:56.198+0000] {processor.py:153} INFO - Started process (PID=918) to work on /home/airflow/.local/lib/python3.7/site-packages/airflow/example_dags/example_sensors.py
[2023-04-16T00:57:56.199+0000] {processor.py:743} INFO - Processing file /home/airflow/.local/lib/python3.7/site-packages/airflow/example_dags/example_sensors.py for tasks to queue
[2023-04-16T00:57:56.200+0000] {logging_mixin.py:137} INFO - [2023-04-16T00:57:56.199+0000] {dagbag.py:532} INFO - Filling up the DagBag from /home/airflow/.local/lib/python3.7/site-packages/airflow/example_dags/example_sensors.py
[2023-04-16T00:57:56.227+0000] {processor.py:753} INFO - DAG(s) dict_keys(['example_sensors']) retrieved from /home/airflow/.local/lib/python3.7/site-packages/airflow/example_dags/example_sensors.py
[2023-04-16T00:57:56.270+0000] {logging_mixin.py:137} INFO - [2023-04-16T00:57:56.270+0000] {dag.py:2705} INFO - Sync 1 DAGs
[2023-04-16T00:57:56.325+0000] {logging_mixin.py:137} INFO - [2023-04-16T00:57:56.324+0000] {dag.py:3456} INFO - Setting next_dagrun for example_sensors to None, run_after=None
[2023-04-16T00:57:56.376+0000] {processor.py:175} INFO - Processing /home/airflow/.local/lib/python3.7/site-packages/airflow/example_dags/example_sensors.py took 0.182 seconds
[2023-04-16T00:58:26.519+0000] {processor.py:153} INFO - Started process (PID=967) to work on /home/airflow/.local/lib/python3.7/site-packages/airflow/example_dags/example_sensors.py
[2023-04-16T00:58:26.521+0000] {processor.py:743} INFO - Processing file /home/airflow/.local/lib/python3.7/site-packages/airflow/example_dags/example_sensors.py for tasks to queue
[2023-04-16T00:58:26.522+0000] {logging_mixin.py:137} INFO - [2023-04-16T00:58:26.522+0000] {dagbag.py:532} INFO - Filling up the DagBag from /home/airflow/.local/lib/python3.7/site-packages/airflow/example_dags/example_sensors.py
[2023-04-16T00:58:26.559+0000] {processor.py:753} INFO - DAG(s) dict_keys(['example_sensors']) retrieved from /home/airflow/.local/lib/python3.7/site-packages/airflow/example_dags/example_sensors.py
[2023-04-16T00:58:26.598+0000] {logging_mixin.py:137} INFO - [2023-04-16T00:58:26.598+0000] {dag.py:2705} INFO - Sync 1 DAGs
[2023-04-16T00:58:26.641+0000] {logging_mixin.py:137} INFO - [2023-04-16T00:58:26.641+0000] {dag.py:3456} INFO - Setting next_dagrun for example_sensors to None, run_after=None
[2023-04-16T00:58:26.676+0000] {processor.py:175} INFO - Processing /home/airflow/.local/lib/python3.7/site-packages/airflow/example_dags/example_sensors.py took 0.171 seconds
[2023-04-16T00:58:56.710+0000] {processor.py:153} INFO - Started process (PID=1017) to work on /home/airflow/.local/lib/python3.7/site-packages/airflow/example_dags/example_sensors.py
[2023-04-16T00:58:56.711+0000] {processor.py:743} INFO - Processing file /home/airflow/.local/lib/python3.7/site-packages/airflow/example_dags/example_sensors.py for tasks to queue
[2023-04-16T00:58:56.712+0000] {logging_mixin.py:137} INFO - [2023-04-16T00:58:56.712+0000] {dagbag.py:532} INFO - Filling up the DagBag from /home/airflow/.local/lib/python3.7/site-packages/airflow/example_dags/example_sensors.py
[2023-04-16T00:58:56.738+0000] {processor.py:753} INFO - DAG(s) dict_keys(['example_sensors']) retrieved from /home/airflow/.local/lib/python3.7/site-packages/airflow/example_dags/example_sensors.py
[2023-04-16T00:58:56.779+0000] {logging_mixin.py:137} INFO - [2023-04-16T00:58:56.778+0000] {dag.py:2705} INFO - Sync 1 DAGs
[2023-04-16T00:58:56.819+0000] {logging_mixin.py:137} INFO - [2023-04-16T00:58:56.819+0000] {dag.py:3456} INFO - Setting next_dagrun for example_sensors to None, run_after=None
[2023-04-16T00:58:56.851+0000] {processor.py:175} INFO - Processing /home/airflow/.local/lib/python3.7/site-packages/airflow/example_dags/example_sensors.py took 0.145 seconds
[2023-04-16T00:59:26.939+0000] {processor.py:153} INFO - Started process (PID=1067) to work on /home/airflow/.local/lib/python3.7/site-packages/airflow/example_dags/example_sensors.py
[2023-04-16T00:59:26.941+0000] {processor.py:743} INFO - Processing file /home/airflow/.local/lib/python3.7/site-packages/airflow/example_dags/example_sensors.py for tasks to queue
[2023-04-16T00:59:26.942+0000] {logging_mixin.py:137} INFO - [2023-04-16T00:59:26.942+0000] {dagbag.py:532} INFO - Filling up the DagBag from /home/airflow/.local/lib/python3.7/site-packages/airflow/example_dags/example_sensors.py
[2023-04-16T00:59:26.980+0000] {processor.py:753} INFO - DAG(s) dict_keys(['example_sensors']) retrieved from /home/airflow/.local/lib/python3.7/site-packages/airflow/example_dags/example_sensors.py
[2023-04-16T00:59:27.020+0000] {logging_mixin.py:137} INFO - [2023-04-16T00:59:27.020+0000] {dag.py:2705} INFO - Sync 1 DAGs
[2023-04-16T00:59:27.059+0000] {logging_mixin.py:137} INFO - [2023-04-16T00:59:27.059+0000] {dag.py:3456} INFO - Setting next_dagrun for example_sensors to None, run_after=None
[2023-04-16T00:59:27.081+0000] {processor.py:175} INFO - Processing /home/airflow/.local/lib/python3.7/site-packages/airflow/example_dags/example_sensors.py took 0.165 seconds
[2023-04-16T00:59:57.290+0000] {processor.py:153} INFO - Started process (PID=1117) to work on /home/airflow/.local/lib/python3.7/site-packages/airflow/example_dags/example_sensors.py
[2023-04-16T00:59:57.293+0000] {processor.py:743} INFO - Processing file /home/airflow/.local/lib/python3.7/site-packages/airflow/example_dags/example_sensors.py for tasks to queue
[2023-04-16T00:59:57.295+0000] {logging_mixin.py:137} INFO - [2023-04-16T00:59:57.294+0000] {dagbag.py:532} INFO - Filling up the DagBag from /home/airflow/.local/lib/python3.7/site-packages/airflow/example_dags/example_sensors.py
[2023-04-16T00:59:57.339+0000] {processor.py:753} INFO - DAG(s) dict_keys(['example_sensors']) retrieved from /home/airflow/.local/lib/python3.7/site-packages/airflow/example_dags/example_sensors.py
[2023-04-16T00:59:57.380+0000] {logging_mixin.py:137} INFO - [2023-04-16T00:59:57.379+0000] {dag.py:2705} INFO - Sync 1 DAGs
[2023-04-16T00:59:57.419+0000] {logging_mixin.py:137} INFO - [2023-04-16T00:59:57.419+0000] {dag.py:3456} INFO - Setting next_dagrun for example_sensors to None, run_after=None
[2023-04-16T00:59:57.441+0000] {processor.py:175} INFO - Processing /home/airflow/.local/lib/python3.7/site-packages/airflow/example_dags/example_sensors.py took 0.164 seconds
