[2023-04-16T00:49:15.762+0000] {processor.py:153} INFO - Started process (PID=55) to work on /home/airflow/.local/lib/python3.7/site-packages/airflow/example_dags/example_branch_day_of_week_operator.py
[2023-04-16T00:49:15.763+0000] {processor.py:743} INFO - Processing file /home/airflow/.local/lib/python3.7/site-packages/airflow/example_dags/example_branch_day_of_week_operator.py for tasks to queue
[2023-04-16T00:49:15.765+0000] {logging_mixin.py:137} INFO - [2023-04-16T00:49:15.765+0000] {dagbag.py:532} INFO - Filling up the DagBag from /home/airflow/.local/lib/python3.7/site-packages/airflow/example_dags/example_branch_day_of_week_operator.py
[2023-04-16T00:49:15.800+0000] {processor.py:753} INFO - DAG(s) dict_keys(['example_weekday_branch_operator']) retrieved from /home/airflow/.local/lib/python3.7/site-packages/airflow/example_dags/example_branch_day_of_week_operator.py
[2023-04-16T00:49:15.860+0000] {logging_mixin.py:137} INFO - [2023-04-16T00:49:15.859+0000] {dag.py:2705} INFO - Sync 1 DAGs
[2023-04-16T00:49:15.906+0000] {logging_mixin.py:137} INFO - [2023-04-16T00:49:15.905+0000] {dag.py:3456} INFO - Setting next_dagrun for example_weekday_branch_operator to 2023-04-15T00:00:00+00:00, run_after=2023-04-16T00:00:00+00:00
[2023-04-16T00:49:15.932+0000] {processor.py:175} INFO - Processing /home/airflow/.local/lib/python3.7/site-packages/airflow/example_dags/example_branch_day_of_week_operator.py took 0.181 seconds
[2023-04-16T00:49:45.982+0000] {processor.py:153} INFO - Started process (PID=105) to work on /home/airflow/.local/lib/python3.7/site-packages/airflow/example_dags/example_branch_day_of_week_operator.py
[2023-04-16T00:49:45.983+0000] {processor.py:743} INFO - Processing file /home/airflow/.local/lib/python3.7/site-packages/airflow/example_dags/example_branch_day_of_week_operator.py for tasks to queue
[2023-04-16T00:49:45.985+0000] {logging_mixin.py:137} INFO - [2023-04-16T00:49:45.984+0000] {dagbag.py:532} INFO - Filling up the DagBag from /home/airflow/.local/lib/python3.7/site-packages/airflow/example_dags/example_branch_day_of_week_operator.py
[2023-04-16T00:49:46.012+0000] {processor.py:753} INFO - DAG(s) dict_keys(['example_weekday_branch_operator']) retrieved from /home/airflow/.local/lib/python3.7/site-packages/airflow/example_dags/example_branch_day_of_week_operator.py
[2023-04-16T00:49:46.046+0000] {logging_mixin.py:137} INFO - [2023-04-16T00:49:46.046+0000] {dag.py:2705} INFO - Sync 1 DAGs
[2023-04-16T00:49:46.089+0000] {logging_mixin.py:137} INFO - [2023-04-16T00:49:46.089+0000] {dag.py:3456} INFO - Setting next_dagrun for example_weekday_branch_operator to 2023-04-15T00:00:00+00:00, run_after=2023-04-16T00:00:00+00:00
[2023-04-16T00:49:46.111+0000] {processor.py:175} INFO - Processing /home/airflow/.local/lib/python3.7/site-packages/airflow/example_dags/example_branch_day_of_week_operator.py took 0.134 seconds
[2023-04-16T00:50:16.138+0000] {processor.py:153} INFO - Started process (PID=154) to work on /home/airflow/.local/lib/python3.7/site-packages/airflow/example_dags/example_branch_day_of_week_operator.py
[2023-04-16T00:50:16.139+0000] {processor.py:743} INFO - Processing file /home/airflow/.local/lib/python3.7/site-packages/airflow/example_dags/example_branch_day_of_week_operator.py for tasks to queue
[2023-04-16T00:50:16.140+0000] {logging_mixin.py:137} INFO - [2023-04-16T00:50:16.140+0000] {dagbag.py:532} INFO - Filling up the DagBag from /home/airflow/.local/lib/python3.7/site-packages/airflow/example_dags/example_branch_day_of_week_operator.py
[2023-04-16T00:50:16.160+0000] {processor.py:753} INFO - DAG(s) dict_keys(['example_weekday_branch_operator']) retrieved from /home/airflow/.local/lib/python3.7/site-packages/airflow/example_dags/example_branch_day_of_week_operator.py
[2023-04-16T00:50:16.193+0000] {logging_mixin.py:137} INFO - [2023-04-16T00:50:16.192+0000] {dag.py:2705} INFO - Sync 1 DAGs
[2023-04-16T00:50:16.234+0000] {logging_mixin.py:137} INFO - [2023-04-16T00:50:16.234+0000] {dag.py:3456} INFO - Setting next_dagrun for example_weekday_branch_operator to 2023-04-15T00:00:00+00:00, run_after=2023-04-16T00:00:00+00:00
[2023-04-16T00:50:16.256+0000] {processor.py:175} INFO - Processing /home/airflow/.local/lib/python3.7/site-packages/airflow/example_dags/example_branch_day_of_week_operator.py took 0.121 seconds
[2023-04-16T00:50:46.654+0000] {processor.py:153} INFO - Started process (PID=205) to work on /home/airflow/.local/lib/python3.7/site-packages/airflow/example_dags/example_branch_day_of_week_operator.py
[2023-04-16T00:50:46.655+0000] {processor.py:743} INFO - Processing file /home/airflow/.local/lib/python3.7/site-packages/airflow/example_dags/example_branch_day_of_week_operator.py for tasks to queue
[2023-04-16T00:50:46.656+0000] {logging_mixin.py:137} INFO - [2023-04-16T00:50:46.655+0000] {dagbag.py:532} INFO - Filling up the DagBag from /home/airflow/.local/lib/python3.7/site-packages/airflow/example_dags/example_branch_day_of_week_operator.py
[2023-04-16T00:50:46.678+0000] {processor.py:753} INFO - DAG(s) dict_keys(['example_weekday_branch_operator']) retrieved from /home/airflow/.local/lib/python3.7/site-packages/airflow/example_dags/example_branch_day_of_week_operator.py
[2023-04-16T00:50:46.716+0000] {logging_mixin.py:137} INFO - [2023-04-16T00:50:46.716+0000] {dag.py:2705} INFO - Sync 1 DAGs
[2023-04-16T00:50:46.770+0000] {logging_mixin.py:137} INFO - [2023-04-16T00:50:46.770+0000] {dag.py:3456} INFO - Setting next_dagrun for example_weekday_branch_operator to 2023-04-15T00:00:00+00:00, run_after=2023-04-16T00:00:00+00:00
[2023-04-16T00:50:46.795+0000] {processor.py:175} INFO - Processing /home/airflow/.local/lib/python3.7/site-packages/airflow/example_dags/example_branch_day_of_week_operator.py took 0.145 seconds
[2023-04-16T00:51:17.268+0000] {processor.py:153} INFO - Started process (PID=255) to work on /home/airflow/.local/lib/python3.7/site-packages/airflow/example_dags/example_branch_day_of_week_operator.py
[2023-04-16T00:51:17.269+0000] {processor.py:743} INFO - Processing file /home/airflow/.local/lib/python3.7/site-packages/airflow/example_dags/example_branch_day_of_week_operator.py for tasks to queue
[2023-04-16T00:51:17.270+0000] {logging_mixin.py:137} INFO - [2023-04-16T00:51:17.269+0000] {dagbag.py:532} INFO - Filling up the DagBag from /home/airflow/.local/lib/python3.7/site-packages/airflow/example_dags/example_branch_day_of_week_operator.py
[2023-04-16T00:51:17.293+0000] {processor.py:753} INFO - DAG(s) dict_keys(['example_weekday_branch_operator']) retrieved from /home/airflow/.local/lib/python3.7/site-packages/airflow/example_dags/example_branch_day_of_week_operator.py
[2023-04-16T00:51:17.327+0000] {logging_mixin.py:137} INFO - [2023-04-16T00:51:17.327+0000] {dag.py:2705} INFO - Sync 1 DAGs
[2023-04-16T00:51:17.372+0000] {logging_mixin.py:137} INFO - [2023-04-16T00:51:17.372+0000] {dag.py:3456} INFO - Setting next_dagrun for example_weekday_branch_operator to 2023-04-15T00:00:00+00:00, run_after=2023-04-16T00:00:00+00:00
[2023-04-16T00:51:17.397+0000] {processor.py:175} INFO - Processing /home/airflow/.local/lib/python3.7/site-packages/airflow/example_dags/example_branch_day_of_week_operator.py took 0.133 seconds
[2023-04-16T00:51:47.681+0000] {processor.py:153} INFO - Started process (PID=305) to work on /home/airflow/.local/lib/python3.7/site-packages/airflow/example_dags/example_branch_day_of_week_operator.py
[2023-04-16T00:51:47.682+0000] {processor.py:743} INFO - Processing file /home/airflow/.local/lib/python3.7/site-packages/airflow/example_dags/example_branch_day_of_week_operator.py for tasks to queue
[2023-04-16T00:51:47.683+0000] {logging_mixin.py:137} INFO - [2023-04-16T00:51:47.683+0000] {dagbag.py:532} INFO - Filling up the DagBag from /home/airflow/.local/lib/python3.7/site-packages/airflow/example_dags/example_branch_day_of_week_operator.py
[2023-04-16T00:51:47.703+0000] {processor.py:753} INFO - DAG(s) dict_keys(['example_weekday_branch_operator']) retrieved from /home/airflow/.local/lib/python3.7/site-packages/airflow/example_dags/example_branch_day_of_week_operator.py
[2023-04-16T00:51:47.734+0000] {logging_mixin.py:137} INFO - [2023-04-16T00:51:47.734+0000] {dag.py:2705} INFO - Sync 1 DAGs
[2023-04-16T00:51:47.777+0000] {logging_mixin.py:137} INFO - [2023-04-16T00:51:47.777+0000] {dag.py:3456} INFO - Setting next_dagrun for example_weekday_branch_operator to 2023-04-15T00:00:00+00:00, run_after=2023-04-16T00:00:00+00:00
[2023-04-16T00:51:47.800+0000] {processor.py:175} INFO - Processing /home/airflow/.local/lib/python3.7/site-packages/airflow/example_dags/example_branch_day_of_week_operator.py took 0.122 seconds
[2023-04-16T00:52:18.069+0000] {processor.py:153} INFO - Started process (PID=355) to work on /home/airflow/.local/lib/python3.7/site-packages/airflow/example_dags/example_branch_day_of_week_operator.py
[2023-04-16T00:52:18.072+0000] {processor.py:743} INFO - Processing file /home/airflow/.local/lib/python3.7/site-packages/airflow/example_dags/example_branch_day_of_week_operator.py for tasks to queue
[2023-04-16T00:52:18.072+0000] {logging_mixin.py:137} INFO - [2023-04-16T00:52:18.072+0000] {dagbag.py:532} INFO - Filling up the DagBag from /home/airflow/.local/lib/python3.7/site-packages/airflow/example_dags/example_branch_day_of_week_operator.py
[2023-04-16T00:52:18.111+0000] {processor.py:753} INFO - DAG(s) dict_keys(['example_weekday_branch_operator']) retrieved from /home/airflow/.local/lib/python3.7/site-packages/airflow/example_dags/example_branch_day_of_week_operator.py
[2023-04-16T00:52:18.164+0000] {logging_mixin.py:137} INFO - [2023-04-16T00:52:18.164+0000] {dag.py:2705} INFO - Sync 1 DAGs
[2023-04-16T00:52:18.230+0000] {logging_mixin.py:137} INFO - [2023-04-16T00:52:18.230+0000] {dag.py:3456} INFO - Setting next_dagrun for example_weekday_branch_operator to 2023-04-15T00:00:00+00:00, run_after=2023-04-16T00:00:00+00:00
[2023-04-16T00:52:18.261+0000] {processor.py:175} INFO - Processing /home/airflow/.local/lib/python3.7/site-packages/airflow/example_dags/example_branch_day_of_week_operator.py took 0.197 seconds
[2023-04-16T00:52:48.338+0000] {processor.py:153} INFO - Started process (PID=405) to work on /home/airflow/.local/lib/python3.7/site-packages/airflow/example_dags/example_branch_day_of_week_operator.py
[2023-04-16T00:52:48.339+0000] {processor.py:743} INFO - Processing file /home/airflow/.local/lib/python3.7/site-packages/airflow/example_dags/example_branch_day_of_week_operator.py for tasks to queue
[2023-04-16T00:52:48.340+0000] {logging_mixin.py:137} INFO - [2023-04-16T00:52:48.340+0000] {dagbag.py:532} INFO - Filling up the DagBag from /home/airflow/.local/lib/python3.7/site-packages/airflow/example_dags/example_branch_day_of_week_operator.py
[2023-04-16T00:52:48.360+0000] {processor.py:753} INFO - DAG(s) dict_keys(['example_weekday_branch_operator']) retrieved from /home/airflow/.local/lib/python3.7/site-packages/airflow/example_dags/example_branch_day_of_week_operator.py
[2023-04-16T00:52:48.392+0000] {logging_mixin.py:137} INFO - [2023-04-16T00:52:48.392+0000] {dag.py:2705} INFO - Sync 1 DAGs
[2023-04-16T00:52:48.434+0000] {logging_mixin.py:137} INFO - [2023-04-16T00:52:48.434+0000] {dag.py:3456} INFO - Setting next_dagrun for example_weekday_branch_operator to 2023-04-15T00:00:00+00:00, run_after=2023-04-16T00:00:00+00:00
[2023-04-16T00:52:48.472+0000] {processor.py:175} INFO - Processing /home/airflow/.local/lib/python3.7/site-packages/airflow/example_dags/example_branch_day_of_week_operator.py took 0.138 seconds
[2023-04-16T00:53:18.623+0000] {processor.py:153} INFO - Started process (PID=455) to work on /home/airflow/.local/lib/python3.7/site-packages/airflow/example_dags/example_branch_day_of_week_operator.py
[2023-04-16T00:53:18.624+0000] {processor.py:743} INFO - Processing file /home/airflow/.local/lib/python3.7/site-packages/airflow/example_dags/example_branch_day_of_week_operator.py for tasks to queue
[2023-04-16T00:53:18.625+0000] {logging_mixin.py:137} INFO - [2023-04-16T00:53:18.625+0000] {dagbag.py:532} INFO - Filling up the DagBag from /home/airflow/.local/lib/python3.7/site-packages/airflow/example_dags/example_branch_day_of_week_operator.py
[2023-04-16T00:53:18.645+0000] {processor.py:753} INFO - DAG(s) dict_keys(['example_weekday_branch_operator']) retrieved from /home/airflow/.local/lib/python3.7/site-packages/airflow/example_dags/example_branch_day_of_week_operator.py
[2023-04-16T00:53:18.676+0000] {logging_mixin.py:137} INFO - [2023-04-16T00:53:18.676+0000] {dag.py:2705} INFO - Sync 1 DAGs
[2023-04-16T00:53:18.718+0000] {logging_mixin.py:137} INFO - [2023-04-16T00:53:18.718+0000] {dag.py:3456} INFO - Setting next_dagrun for example_weekday_branch_operator to 2023-04-15T00:00:00+00:00, run_after=2023-04-16T00:00:00+00:00
[2023-04-16T00:53:18.741+0000] {processor.py:175} INFO - Processing /home/airflow/.local/lib/python3.7/site-packages/airflow/example_dags/example_branch_day_of_week_operator.py took 0.121 seconds
[2023-04-16T00:53:48.874+0000] {processor.py:153} INFO - Started process (PID=505) to work on /home/airflow/.local/lib/python3.7/site-packages/airflow/example_dags/example_branch_day_of_week_operator.py
[2023-04-16T00:53:48.875+0000] {processor.py:743} INFO - Processing file /home/airflow/.local/lib/python3.7/site-packages/airflow/example_dags/example_branch_day_of_week_operator.py for tasks to queue
[2023-04-16T00:53:48.875+0000] {logging_mixin.py:137} INFO - [2023-04-16T00:53:48.875+0000] {dagbag.py:532} INFO - Filling up the DagBag from /home/airflow/.local/lib/python3.7/site-packages/airflow/example_dags/example_branch_day_of_week_operator.py
[2023-04-16T00:53:48.895+0000] {processor.py:753} INFO - DAG(s) dict_keys(['example_weekday_branch_operator']) retrieved from /home/airflow/.local/lib/python3.7/site-packages/airflow/example_dags/example_branch_day_of_week_operator.py
[2023-04-16T00:53:48.927+0000] {logging_mixin.py:137} INFO - [2023-04-16T00:53:48.927+0000] {dag.py:2705} INFO - Sync 1 DAGs
[2023-04-16T00:53:48.971+0000] {logging_mixin.py:137} INFO - [2023-04-16T00:53:48.970+0000] {dag.py:3456} INFO - Setting next_dagrun for example_weekday_branch_operator to 2023-04-15T00:00:00+00:00, run_after=2023-04-16T00:00:00+00:00
[2023-04-16T00:53:48.993+0000] {processor.py:175} INFO - Processing /home/airflow/.local/lib/python3.7/site-packages/airflow/example_dags/example_branch_day_of_week_operator.py took 0.123 seconds
[2023-04-16T00:54:19.781+0000] {processor.py:153} INFO - Started process (PID=555) to work on /home/airflow/.local/lib/python3.7/site-packages/airflow/example_dags/example_branch_day_of_week_operator.py
[2023-04-16T00:54:19.782+0000] {processor.py:743} INFO - Processing file /home/airflow/.local/lib/python3.7/site-packages/airflow/example_dags/example_branch_day_of_week_operator.py for tasks to queue
[2023-04-16T00:54:19.783+0000] {logging_mixin.py:137} INFO - [2023-04-16T00:54:19.783+0000] {dagbag.py:532} INFO - Filling up the DagBag from /home/airflow/.local/lib/python3.7/site-packages/airflow/example_dags/example_branch_day_of_week_operator.py
[2023-04-16T00:54:19.804+0000] {processor.py:753} INFO - DAG(s) dict_keys(['example_weekday_branch_operator']) retrieved from /home/airflow/.local/lib/python3.7/site-packages/airflow/example_dags/example_branch_day_of_week_operator.py
[2023-04-16T00:54:19.839+0000] {logging_mixin.py:137} INFO - [2023-04-16T00:54:19.839+0000] {dag.py:2705} INFO - Sync 1 DAGs
[2023-04-16T00:54:19.882+0000] {logging_mixin.py:137} INFO - [2023-04-16T00:54:19.881+0000] {dag.py:3456} INFO - Setting next_dagrun for example_weekday_branch_operator to 2023-04-15T00:00:00+00:00, run_after=2023-04-16T00:00:00+00:00
[2023-04-16T00:54:19.905+0000] {processor.py:175} INFO - Processing /home/airflow/.local/lib/python3.7/site-packages/airflow/example_dags/example_branch_day_of_week_operator.py took 0.127 seconds
[2023-04-16T00:54:49.996+0000] {processor.py:153} INFO - Started process (PID=604) to work on /home/airflow/.local/lib/python3.7/site-packages/airflow/example_dags/example_branch_day_of_week_operator.py
[2023-04-16T00:54:49.997+0000] {processor.py:743} INFO - Processing file /home/airflow/.local/lib/python3.7/site-packages/airflow/example_dags/example_branch_day_of_week_operator.py for tasks to queue
[2023-04-16T00:54:49.998+0000] {logging_mixin.py:137} INFO - [2023-04-16T00:54:49.998+0000] {dagbag.py:532} INFO - Filling up the DagBag from /home/airflow/.local/lib/python3.7/site-packages/airflow/example_dags/example_branch_day_of_week_operator.py
[2023-04-16T00:54:50.018+0000] {processor.py:753} INFO - DAG(s) dict_keys(['example_weekday_branch_operator']) retrieved from /home/airflow/.local/lib/python3.7/site-packages/airflow/example_dags/example_branch_day_of_week_operator.py
[2023-04-16T00:54:50.060+0000] {logging_mixin.py:137} INFO - [2023-04-16T00:54:50.060+0000] {dag.py:2705} INFO - Sync 1 DAGs
[2023-04-16T00:54:50.104+0000] {logging_mixin.py:137} INFO - [2023-04-16T00:54:50.104+0000] {dag.py:3456} INFO - Setting next_dagrun for example_weekday_branch_operator to 2023-04-15T00:00:00+00:00, run_after=2023-04-16T00:00:00+00:00
[2023-04-16T00:54:50.132+0000] {processor.py:175} INFO - Processing /home/airflow/.local/lib/python3.7/site-packages/airflow/example_dags/example_branch_day_of_week_operator.py took 0.140 seconds
[2023-04-16T00:55:20.188+0000] {processor.py:153} INFO - Started process (PID=654) to work on /home/airflow/.local/lib/python3.7/site-packages/airflow/example_dags/example_branch_day_of_week_operator.py
[2023-04-16T00:55:20.189+0000] {processor.py:743} INFO - Processing file /home/airflow/.local/lib/python3.7/site-packages/airflow/example_dags/example_branch_day_of_week_operator.py for tasks to queue
[2023-04-16T00:55:20.189+0000] {logging_mixin.py:137} INFO - [2023-04-16T00:55:20.189+0000] {dagbag.py:532} INFO - Filling up the DagBag from /home/airflow/.local/lib/python3.7/site-packages/airflow/example_dags/example_branch_day_of_week_operator.py
[2023-04-16T00:55:20.215+0000] {processor.py:753} INFO - DAG(s) dict_keys(['example_weekday_branch_operator']) retrieved from /home/airflow/.local/lib/python3.7/site-packages/airflow/example_dags/example_branch_day_of_week_operator.py
[2023-04-16T00:55:20.252+0000] {logging_mixin.py:137} INFO - [2023-04-16T00:55:20.251+0000] {dag.py:2705} INFO - Sync 1 DAGs
[2023-04-16T00:55:20.301+0000] {logging_mixin.py:137} INFO - [2023-04-16T00:55:20.301+0000] {dag.py:3456} INFO - Setting next_dagrun for example_weekday_branch_operator to 2023-04-15T00:00:00+00:00, run_after=2023-04-16T00:00:00+00:00
[2023-04-16T00:55:20.330+0000] {processor.py:175} INFO - Processing /home/airflow/.local/lib/python3.7/site-packages/airflow/example_dags/example_branch_day_of_week_operator.py took 0.146 seconds
[2023-04-16T00:55:50.649+0000] {processor.py:153} INFO - Started process (PID=704) to work on /home/airflow/.local/lib/python3.7/site-packages/airflow/example_dags/example_branch_day_of_week_operator.py
[2023-04-16T00:55:50.650+0000] {processor.py:743} INFO - Processing file /home/airflow/.local/lib/python3.7/site-packages/airflow/example_dags/example_branch_day_of_week_operator.py for tasks to queue
[2023-04-16T00:55:50.651+0000] {logging_mixin.py:137} INFO - [2023-04-16T00:55:50.651+0000] {dagbag.py:532} INFO - Filling up the DagBag from /home/airflow/.local/lib/python3.7/site-packages/airflow/example_dags/example_branch_day_of_week_operator.py
[2023-04-16T00:55:50.678+0000] {processor.py:753} INFO - DAG(s) dict_keys(['example_weekday_branch_operator']) retrieved from /home/airflow/.local/lib/python3.7/site-packages/airflow/example_dags/example_branch_day_of_week_operator.py
[2023-04-16T00:55:50.714+0000] {logging_mixin.py:137} INFO - [2023-04-16T00:55:50.714+0000] {dag.py:2705} INFO - Sync 1 DAGs
[2023-04-16T00:55:50.768+0000] {logging_mixin.py:137} INFO - [2023-04-16T00:55:50.768+0000] {dag.py:3456} INFO - Setting next_dagrun for example_weekday_branch_operator to 2023-04-15T00:00:00+00:00, run_after=2023-04-16T00:00:00+00:00
[2023-04-16T00:55:50.806+0000] {processor.py:175} INFO - Processing /home/airflow/.local/lib/python3.7/site-packages/airflow/example_dags/example_branch_day_of_week_operator.py took 0.161 seconds
[2023-04-16T00:56:21.039+0000] {processor.py:153} INFO - Started process (PID=754) to work on /home/airflow/.local/lib/python3.7/site-packages/airflow/example_dags/example_branch_day_of_week_operator.py
[2023-04-16T00:56:21.039+0000] {processor.py:743} INFO - Processing file /home/airflow/.local/lib/python3.7/site-packages/airflow/example_dags/example_branch_day_of_week_operator.py for tasks to queue
[2023-04-16T00:56:21.040+0000] {logging_mixin.py:137} INFO - [2023-04-16T00:56:21.040+0000] {dagbag.py:532} INFO - Filling up the DagBag from /home/airflow/.local/lib/python3.7/site-packages/airflow/example_dags/example_branch_day_of_week_operator.py
[2023-04-16T00:56:21.060+0000] {processor.py:753} INFO - DAG(s) dict_keys(['example_weekday_branch_operator']) retrieved from /home/airflow/.local/lib/python3.7/site-packages/airflow/example_dags/example_branch_day_of_week_operator.py
[2023-04-16T00:56:21.096+0000] {logging_mixin.py:137} INFO - [2023-04-16T00:56:21.096+0000] {dag.py:2705} INFO - Sync 1 DAGs
[2023-04-16T00:56:21.147+0000] {logging_mixin.py:137} INFO - [2023-04-16T00:56:21.146+0000] {dag.py:3456} INFO - Setting next_dagrun for example_weekday_branch_operator to 2023-04-15T00:00:00+00:00, run_after=2023-04-16T00:00:00+00:00
[2023-04-16T00:56:21.179+0000] {processor.py:175} INFO - Processing /home/airflow/.local/lib/python3.7/site-packages/airflow/example_dags/example_branch_day_of_week_operator.py took 0.144 seconds
[2023-04-16T00:56:51.414+0000] {processor.py:153} INFO - Started process (PID=804) to work on /home/airflow/.local/lib/python3.7/site-packages/airflow/example_dags/example_branch_day_of_week_operator.py
[2023-04-16T00:56:51.415+0000] {processor.py:743} INFO - Processing file /home/airflow/.local/lib/python3.7/site-packages/airflow/example_dags/example_branch_day_of_week_operator.py for tasks to queue
[2023-04-16T00:56:51.415+0000] {logging_mixin.py:137} INFO - [2023-04-16T00:56:51.415+0000] {dagbag.py:532} INFO - Filling up the DagBag from /home/airflow/.local/lib/python3.7/site-packages/airflow/example_dags/example_branch_day_of_week_operator.py
[2023-04-16T00:56:51.438+0000] {processor.py:753} INFO - DAG(s) dict_keys(['example_weekday_branch_operator']) retrieved from /home/airflow/.local/lib/python3.7/site-packages/airflow/example_dags/example_branch_day_of_week_operator.py
[2023-04-16T00:56:51.473+0000] {logging_mixin.py:137} INFO - [2023-04-16T00:56:51.473+0000] {dag.py:2705} INFO - Sync 1 DAGs
[2023-04-16T00:56:51.522+0000] {logging_mixin.py:137} INFO - [2023-04-16T00:56:51.522+0000] {dag.py:3456} INFO - Setting next_dagrun for example_weekday_branch_operator to 2023-04-15T00:00:00+00:00, run_after=2023-04-16T00:00:00+00:00
[2023-04-16T00:56:51.550+0000] {processor.py:175} INFO - Processing /home/airflow/.local/lib/python3.7/site-packages/airflow/example_dags/example_branch_day_of_week_operator.py took 0.140 seconds
[2023-04-16T00:57:21.793+0000] {processor.py:153} INFO - Started process (PID=854) to work on /home/airflow/.local/lib/python3.7/site-packages/airflow/example_dags/example_branch_day_of_week_operator.py
[2023-04-16T00:57:21.795+0000] {processor.py:743} INFO - Processing file /home/airflow/.local/lib/python3.7/site-packages/airflow/example_dags/example_branch_day_of_week_operator.py for tasks to queue
[2023-04-16T00:57:21.796+0000] {logging_mixin.py:137} INFO - [2023-04-16T00:57:21.796+0000] {dagbag.py:532} INFO - Filling up the DagBag from /home/airflow/.local/lib/python3.7/site-packages/airflow/example_dags/example_branch_day_of_week_operator.py
[2023-04-16T00:57:21.818+0000] {processor.py:753} INFO - DAG(s) dict_keys(['example_weekday_branch_operator']) retrieved from /home/airflow/.local/lib/python3.7/site-packages/airflow/example_dags/example_branch_day_of_week_operator.py
[2023-04-16T00:57:21.858+0000] {logging_mixin.py:137} INFO - [2023-04-16T00:57:21.857+0000] {dag.py:2705} INFO - Sync 1 DAGs
[2023-04-16T00:57:21.905+0000] {logging_mixin.py:137} INFO - [2023-04-16T00:57:21.905+0000] {dag.py:3456} INFO - Setting next_dagrun for example_weekday_branch_operator to 2023-04-15T00:00:00+00:00, run_after=2023-04-16T00:00:00+00:00
[2023-04-16T00:57:21.934+0000] {processor.py:175} INFO - Processing /home/airflow/.local/lib/python3.7/site-packages/airflow/example_dags/example_branch_day_of_week_operator.py took 0.145 seconds
[2023-04-16T00:57:52.145+0000] {processor.py:153} INFO - Started process (PID=904) to work on /home/airflow/.local/lib/python3.7/site-packages/airflow/example_dags/example_branch_day_of_week_operator.py
[2023-04-16T00:57:52.145+0000] {processor.py:743} INFO - Processing file /home/airflow/.local/lib/python3.7/site-packages/airflow/example_dags/example_branch_day_of_week_operator.py for tasks to queue
[2023-04-16T00:57:52.146+0000] {logging_mixin.py:137} INFO - [2023-04-16T00:57:52.146+0000] {dagbag.py:532} INFO - Filling up the DagBag from /home/airflow/.local/lib/python3.7/site-packages/airflow/example_dags/example_branch_day_of_week_operator.py
[2023-04-16T00:57:52.173+0000] {processor.py:753} INFO - DAG(s) dict_keys(['example_weekday_branch_operator']) retrieved from /home/airflow/.local/lib/python3.7/site-packages/airflow/example_dags/example_branch_day_of_week_operator.py
[2023-04-16T00:57:52.229+0000] {logging_mixin.py:137} INFO - [2023-04-16T00:57:52.225+0000] {dag.py:2705} INFO - Sync 1 DAGs
[2023-04-16T00:57:52.281+0000] {logging_mixin.py:137} INFO - [2023-04-16T00:57:52.281+0000] {dag.py:3456} INFO - Setting next_dagrun for example_weekday_branch_operator to 2023-04-15T00:00:00+00:00, run_after=2023-04-16T00:00:00+00:00
[2023-04-16T00:57:52.322+0000] {processor.py:175} INFO - Processing /home/airflow/.local/lib/python3.7/site-packages/airflow/example_dags/example_branch_day_of_week_operator.py took 0.182 seconds
[2023-04-16T00:58:22.484+0000] {processor.py:153} INFO - Started process (PID=954) to work on /home/airflow/.local/lib/python3.7/site-packages/airflow/example_dags/example_branch_day_of_week_operator.py
[2023-04-16T00:58:22.485+0000] {processor.py:743} INFO - Processing file /home/airflow/.local/lib/python3.7/site-packages/airflow/example_dags/example_branch_day_of_week_operator.py for tasks to queue
[2023-04-16T00:58:22.486+0000] {logging_mixin.py:137} INFO - [2023-04-16T00:58:22.486+0000] {dagbag.py:532} INFO - Filling up the DagBag from /home/airflow/.local/lib/python3.7/site-packages/airflow/example_dags/example_branch_day_of_week_operator.py
[2023-04-16T00:58:22.506+0000] {processor.py:753} INFO - DAG(s) dict_keys(['example_weekday_branch_operator']) retrieved from /home/airflow/.local/lib/python3.7/site-packages/airflow/example_dags/example_branch_day_of_week_operator.py
[2023-04-16T00:58:22.539+0000] {logging_mixin.py:137} INFO - [2023-04-16T00:58:22.538+0000] {dag.py:2705} INFO - Sync 1 DAGs
[2023-04-16T00:58:22.581+0000] {logging_mixin.py:137} INFO - [2023-04-16T00:58:22.581+0000] {dag.py:3456} INFO - Setting next_dagrun for example_weekday_branch_operator to 2023-04-15T00:00:00+00:00, run_after=2023-04-16T00:00:00+00:00
[2023-04-16T00:58:22.601+0000] {processor.py:175} INFO - Processing /home/airflow/.local/lib/python3.7/site-packages/airflow/example_dags/example_branch_day_of_week_operator.py took 0.121 seconds
[2023-04-16T00:58:52.694+0000] {processor.py:153} INFO - Started process (PID=1004) to work on /home/airflow/.local/lib/python3.7/site-packages/airflow/example_dags/example_branch_day_of_week_operator.py
[2023-04-16T00:58:52.695+0000] {processor.py:743} INFO - Processing file /home/airflow/.local/lib/python3.7/site-packages/airflow/example_dags/example_branch_day_of_week_operator.py for tasks to queue
[2023-04-16T00:58:52.696+0000] {logging_mixin.py:137} INFO - [2023-04-16T00:58:52.695+0000] {dagbag.py:532} INFO - Filling up the DagBag from /home/airflow/.local/lib/python3.7/site-packages/airflow/example_dags/example_branch_day_of_week_operator.py
[2023-04-16T00:58:52.718+0000] {processor.py:753} INFO - DAG(s) dict_keys(['example_weekday_branch_operator']) retrieved from /home/airflow/.local/lib/python3.7/site-packages/airflow/example_dags/example_branch_day_of_week_operator.py
[2023-04-16T00:58:52.761+0000] {logging_mixin.py:137} INFO - [2023-04-16T00:58:52.761+0000] {dag.py:2705} INFO - Sync 1 DAGs
[2023-04-16T00:58:52.807+0000] {logging_mixin.py:137} INFO - [2023-04-16T00:58:52.807+0000] {dag.py:3456} INFO - Setting next_dagrun for example_weekday_branch_operator to 2023-04-15T00:00:00+00:00, run_after=2023-04-16T00:00:00+00:00
[2023-04-16T00:58:52.836+0000] {processor.py:175} INFO - Processing /home/airflow/.local/lib/python3.7/site-packages/airflow/example_dags/example_branch_day_of_week_operator.py took 0.148 seconds
[2023-04-16T00:59:22.906+0000] {processor.py:153} INFO - Started process (PID=1054) to work on /home/airflow/.local/lib/python3.7/site-packages/airflow/example_dags/example_branch_day_of_week_operator.py
[2023-04-16T00:59:22.907+0000] {processor.py:743} INFO - Processing file /home/airflow/.local/lib/python3.7/site-packages/airflow/example_dags/example_branch_day_of_week_operator.py for tasks to queue
[2023-04-16T00:59:22.907+0000] {logging_mixin.py:137} INFO - [2023-04-16T00:59:22.907+0000] {dagbag.py:532} INFO - Filling up the DagBag from /home/airflow/.local/lib/python3.7/site-packages/airflow/example_dags/example_branch_day_of_week_operator.py
[2023-04-16T00:59:22.927+0000] {processor.py:753} INFO - DAG(s) dict_keys(['example_weekday_branch_operator']) retrieved from /home/airflow/.local/lib/python3.7/site-packages/airflow/example_dags/example_branch_day_of_week_operator.py
[2023-04-16T00:59:22.960+0000] {logging_mixin.py:137} INFO - [2023-04-16T00:59:22.960+0000] {dag.py:2705} INFO - Sync 1 DAGs
[2023-04-16T00:59:23.003+0000] {logging_mixin.py:137} INFO - [2023-04-16T00:59:23.003+0000] {dag.py:3456} INFO - Setting next_dagrun for example_weekday_branch_operator to 2023-04-15T00:00:00+00:00, run_after=2023-04-16T00:00:00+00:00
[2023-04-16T00:59:23.024+0000] {processor.py:175} INFO - Processing /home/airflow/.local/lib/python3.7/site-packages/airflow/example_dags/example_branch_day_of_week_operator.py took 0.123 seconds
[2023-04-16T00:59:53.265+0000] {processor.py:153} INFO - Started process (PID=1104) to work on /home/airflow/.local/lib/python3.7/site-packages/airflow/example_dags/example_branch_day_of_week_operator.py
[2023-04-16T00:59:53.265+0000] {processor.py:743} INFO - Processing file /home/airflow/.local/lib/python3.7/site-packages/airflow/example_dags/example_branch_day_of_week_operator.py for tasks to queue
[2023-04-16T00:59:53.266+0000] {logging_mixin.py:137} INFO - [2023-04-16T00:59:53.266+0000] {dagbag.py:532} INFO - Filling up the DagBag from /home/airflow/.local/lib/python3.7/site-packages/airflow/example_dags/example_branch_day_of_week_operator.py
[2023-04-16T00:59:53.286+0000] {processor.py:753} INFO - DAG(s) dict_keys(['example_weekday_branch_operator']) retrieved from /home/airflow/.local/lib/python3.7/site-packages/airflow/example_dags/example_branch_day_of_week_operator.py
[2023-04-16T00:59:53.317+0000] {logging_mixin.py:137} INFO - [2023-04-16T00:59:53.317+0000] {dag.py:2705} INFO - Sync 1 DAGs
[2023-04-16T00:59:53.358+0000] {logging_mixin.py:137} INFO - [2023-04-16T00:59:53.358+0000] {dag.py:3456} INFO - Setting next_dagrun for example_weekday_branch_operator to 2023-04-15T00:00:00+00:00, run_after=2023-04-16T00:00:00+00:00
[2023-04-16T00:59:53.380+0000] {processor.py:175} INFO - Processing /home/airflow/.local/lib/python3.7/site-packages/airflow/example_dags/example_branch_day_of_week_operator.py took 0.119 seconds
