[2023-04-16T00:49:15.150+0000] {processor.py:153} INFO - Started process (PID=49) to work on /home/airflow/.local/lib/python3.7/site-packages/airflow/example_dags/example_skip_dag.py
[2023-04-16T00:49:15.151+0000] {processor.py:743} INFO - Processing file /home/airflow/.local/lib/python3.7/site-packages/airflow/example_dags/example_skip_dag.py for tasks to queue
[2023-04-16T00:49:15.151+0000] {logging_mixin.py:137} INFO - [2023-04-16T00:49:15.151+0000] {dagbag.py:532} INFO - Filling up the DagBag from /home/airflow/.local/lib/python3.7/site-packages/airflow/example_dags/example_skip_dag.py
[2023-04-16T00:49:15.175+0000] {processor.py:753} INFO - DAG(s) dict_keys(['example_skip_dag']) retrieved from /home/airflow/.local/lib/python3.7/site-packages/airflow/example_dags/example_skip_dag.py
[2023-04-16T00:49:15.208+0000] {logging_mixin.py:137} INFO - [2023-04-16T00:49:15.208+0000] {dag.py:2705} INFO - Sync 1 DAGs
[2023-04-16T00:49:15.250+0000] {logging_mixin.py:137} INFO - [2023-04-16T00:49:15.250+0000] {dag.py:3456} INFO - Setting next_dagrun for example_skip_dag to 2023-04-15T00:49:15.250457+00:00, run_after=2023-04-16T00:49:15.250457+00:00
[2023-04-16T00:49:15.277+0000] {processor.py:175} INFO - Processing /home/airflow/.local/lib/python3.7/site-packages/airflow/example_dags/example_skip_dag.py took 0.132 seconds
[2023-04-16T00:49:45.331+0000] {processor.py:153} INFO - Started process (PID=99) to work on /home/airflow/.local/lib/python3.7/site-packages/airflow/example_dags/example_skip_dag.py
[2023-04-16T00:49:45.331+0000] {processor.py:743} INFO - Processing file /home/airflow/.local/lib/python3.7/site-packages/airflow/example_dags/example_skip_dag.py for tasks to queue
[2023-04-16T00:49:45.332+0000] {logging_mixin.py:137} INFO - [2023-04-16T00:49:45.332+0000] {dagbag.py:532} INFO - Filling up the DagBag from /home/airflow/.local/lib/python3.7/site-packages/airflow/example_dags/example_skip_dag.py
[2023-04-16T00:49:45.351+0000] {processor.py:753} INFO - DAG(s) dict_keys(['example_skip_dag']) retrieved from /home/airflow/.local/lib/python3.7/site-packages/airflow/example_dags/example_skip_dag.py
[2023-04-16T00:49:45.382+0000] {logging_mixin.py:137} INFO - [2023-04-16T00:49:45.382+0000] {dag.py:2705} INFO - Sync 1 DAGs
[2023-04-16T00:49:45.422+0000] {logging_mixin.py:137} INFO - [2023-04-16T00:49:45.422+0000] {dag.py:3456} INFO - Setting next_dagrun for example_skip_dag to 2023-04-15T00:49:45.422078+00:00, run_after=2023-04-16T00:49:45.422078+00:00
[2023-04-16T00:49:45.444+0000] {processor.py:175} INFO - Processing /home/airflow/.local/lib/python3.7/site-packages/airflow/example_dags/example_skip_dag.py took 0.118 seconds
[2023-04-16T00:50:15.578+0000] {processor.py:153} INFO - Started process (PID=149) to work on /home/airflow/.local/lib/python3.7/site-packages/airflow/example_dags/example_skip_dag.py
[2023-04-16T00:50:15.579+0000] {processor.py:743} INFO - Processing file /home/airflow/.local/lib/python3.7/site-packages/airflow/example_dags/example_skip_dag.py for tasks to queue
[2023-04-16T00:50:15.580+0000] {logging_mixin.py:137} INFO - [2023-04-16T00:50:15.580+0000] {dagbag.py:532} INFO - Filling up the DagBag from /home/airflow/.local/lib/python3.7/site-packages/airflow/example_dags/example_skip_dag.py
[2023-04-16T00:50:15.598+0000] {processor.py:753} INFO - DAG(s) dict_keys(['example_skip_dag']) retrieved from /home/airflow/.local/lib/python3.7/site-packages/airflow/example_dags/example_skip_dag.py
[2023-04-16T00:50:15.629+0000] {logging_mixin.py:137} INFO - [2023-04-16T00:50:15.629+0000] {dag.py:2705} INFO - Sync 1 DAGs
[2023-04-16T00:50:15.668+0000] {logging_mixin.py:137} INFO - [2023-04-16T00:50:15.668+0000] {dag.py:3456} INFO - Setting next_dagrun for example_skip_dag to 2023-04-15T00:50:15.668027+00:00, run_after=2023-04-16T00:50:15.668027+00:00
[2023-04-16T00:50:15.691+0000] {processor.py:175} INFO - Processing /home/airflow/.local/lib/python3.7/site-packages/airflow/example_dags/example_skip_dag.py took 0.117 seconds
[2023-04-16T00:50:46.174+0000] {processor.py:153} INFO - Started process (PID=199) to work on /home/airflow/.local/lib/python3.7/site-packages/airflow/example_dags/example_skip_dag.py
[2023-04-16T00:50:46.175+0000] {processor.py:743} INFO - Processing file /home/airflow/.local/lib/python3.7/site-packages/airflow/example_dags/example_skip_dag.py for tasks to queue
[2023-04-16T00:50:46.176+0000] {logging_mixin.py:137} INFO - [2023-04-16T00:50:46.176+0000] {dagbag.py:532} INFO - Filling up the DagBag from /home/airflow/.local/lib/python3.7/site-packages/airflow/example_dags/example_skip_dag.py
[2023-04-16T00:50:46.197+0000] {processor.py:753} INFO - DAG(s) dict_keys(['example_skip_dag']) retrieved from /home/airflow/.local/lib/python3.7/site-packages/airflow/example_dags/example_skip_dag.py
[2023-04-16T00:50:46.232+0000] {logging_mixin.py:137} INFO - [2023-04-16T00:50:46.232+0000] {dag.py:2705} INFO - Sync 1 DAGs
[2023-04-16T00:50:46.273+0000] {logging_mixin.py:137} INFO - [2023-04-16T00:50:46.273+0000] {dag.py:3456} INFO - Setting next_dagrun for example_skip_dag to 2023-04-15T00:50:46.273200+00:00, run_after=2023-04-16T00:50:46.273200+00:00
[2023-04-16T00:50:46.295+0000] {processor.py:175} INFO - Processing /home/airflow/.local/lib/python3.7/site-packages/airflow/example_dags/example_skip_dag.py took 0.126 seconds
[2023-04-16T00:51:16.812+0000] {processor.py:153} INFO - Started process (PID=249) to work on /home/airflow/.local/lib/python3.7/site-packages/airflow/example_dags/example_skip_dag.py
[2023-04-16T00:51:16.813+0000] {processor.py:743} INFO - Processing file /home/airflow/.local/lib/python3.7/site-packages/airflow/example_dags/example_skip_dag.py for tasks to queue
[2023-04-16T00:51:16.814+0000] {logging_mixin.py:137} INFO - [2023-04-16T00:51:16.814+0000] {dagbag.py:532} INFO - Filling up the DagBag from /home/airflow/.local/lib/python3.7/site-packages/airflow/example_dags/example_skip_dag.py
[2023-04-16T00:51:16.834+0000] {processor.py:753} INFO - DAG(s) dict_keys(['example_skip_dag']) retrieved from /home/airflow/.local/lib/python3.7/site-packages/airflow/example_dags/example_skip_dag.py
[2023-04-16T00:51:16.868+0000] {logging_mixin.py:137} INFO - [2023-04-16T00:51:16.868+0000] {dag.py:2705} INFO - Sync 1 DAGs
[2023-04-16T00:51:16.912+0000] {logging_mixin.py:137} INFO - [2023-04-16T00:51:16.912+0000] {dag.py:3456} INFO - Setting next_dagrun for example_skip_dag to 2023-04-15T00:51:16.912389+00:00, run_after=2023-04-16T00:51:16.912389+00:00
[2023-04-16T00:51:16.935+0000] {processor.py:175} INFO - Processing /home/airflow/.local/lib/python3.7/site-packages/airflow/example_dags/example_skip_dag.py took 0.127 seconds
[2023-04-16T00:51:47.105+0000] {processor.py:153} INFO - Started process (PID=299) to work on /home/airflow/.local/lib/python3.7/site-packages/airflow/example_dags/example_skip_dag.py
[2023-04-16T00:51:47.106+0000] {processor.py:743} INFO - Processing file /home/airflow/.local/lib/python3.7/site-packages/airflow/example_dags/example_skip_dag.py for tasks to queue
[2023-04-16T00:51:47.106+0000] {logging_mixin.py:137} INFO - [2023-04-16T00:51:47.106+0000] {dagbag.py:532} INFO - Filling up the DagBag from /home/airflow/.local/lib/python3.7/site-packages/airflow/example_dags/example_skip_dag.py
[2023-04-16T00:51:47.124+0000] {processor.py:753} INFO - DAG(s) dict_keys(['example_skip_dag']) retrieved from /home/airflow/.local/lib/python3.7/site-packages/airflow/example_dags/example_skip_dag.py
[2023-04-16T00:51:47.157+0000] {logging_mixin.py:137} INFO - [2023-04-16T00:51:47.157+0000] {dag.py:2705} INFO - Sync 1 DAGs
[2023-04-16T00:51:47.198+0000] {logging_mixin.py:137} INFO - [2023-04-16T00:51:47.198+0000] {dag.py:3456} INFO - Setting next_dagrun for example_skip_dag to 2023-04-15T00:51:47.197797+00:00, run_after=2023-04-16T00:51:47.197797+00:00
[2023-04-16T00:51:47.219+0000] {processor.py:175} INFO - Processing /home/airflow/.local/lib/python3.7/site-packages/airflow/example_dags/example_skip_dag.py took 0.118 seconds
[2023-04-16T00:52:17.526+0000] {processor.py:153} INFO - Started process (PID=349) to work on /home/airflow/.local/lib/python3.7/site-packages/airflow/example_dags/example_skip_dag.py
[2023-04-16T00:52:17.527+0000] {processor.py:743} INFO - Processing file /home/airflow/.local/lib/python3.7/site-packages/airflow/example_dags/example_skip_dag.py for tasks to queue
[2023-04-16T00:52:17.528+0000] {logging_mixin.py:137} INFO - [2023-04-16T00:52:17.527+0000] {dagbag.py:532} INFO - Filling up the DagBag from /home/airflow/.local/lib/python3.7/site-packages/airflow/example_dags/example_skip_dag.py
[2023-04-16T00:52:17.553+0000] {processor.py:753} INFO - DAG(s) dict_keys(['example_skip_dag']) retrieved from /home/airflow/.local/lib/python3.7/site-packages/airflow/example_dags/example_skip_dag.py
[2023-04-16T00:52:17.591+0000] {logging_mixin.py:137} INFO - [2023-04-16T00:52:17.591+0000] {dag.py:2705} INFO - Sync 1 DAGs
[2023-04-16T00:52:17.646+0000] {logging_mixin.py:137} INFO - [2023-04-16T00:52:17.645+0000] {dag.py:3456} INFO - Setting next_dagrun for example_skip_dag to 2023-04-15T00:52:17.645572+00:00, run_after=2023-04-16T00:52:17.645572+00:00
[2023-04-16T00:52:17.705+0000] {processor.py:175} INFO - Processing /home/airflow/.local/lib/python3.7/site-packages/airflow/example_dags/example_skip_dag.py took 0.184 seconds
[2023-04-16T00:52:47.879+0000] {processor.py:153} INFO - Started process (PID=399) to work on /home/airflow/.local/lib/python3.7/site-packages/airflow/example_dags/example_skip_dag.py
[2023-04-16T00:52:47.880+0000] {processor.py:743} INFO - Processing file /home/airflow/.local/lib/python3.7/site-packages/airflow/example_dags/example_skip_dag.py for tasks to queue
[2023-04-16T00:52:47.881+0000] {logging_mixin.py:137} INFO - [2023-04-16T00:52:47.881+0000] {dagbag.py:532} INFO - Filling up the DagBag from /home/airflow/.local/lib/python3.7/site-packages/airflow/example_dags/example_skip_dag.py
[2023-04-16T00:52:47.899+0000] {processor.py:753} INFO - DAG(s) dict_keys(['example_skip_dag']) retrieved from /home/airflow/.local/lib/python3.7/site-packages/airflow/example_dags/example_skip_dag.py
[2023-04-16T00:52:47.933+0000] {logging_mixin.py:137} INFO - [2023-04-16T00:52:47.933+0000] {dag.py:2705} INFO - Sync 1 DAGs
[2023-04-16T00:52:47.973+0000] {logging_mixin.py:137} INFO - [2023-04-16T00:52:47.973+0000] {dag.py:3456} INFO - Setting next_dagrun for example_skip_dag to 2023-04-15T00:52:47.972891+00:00, run_after=2023-04-16T00:52:47.972891+00:00
[2023-04-16T00:52:47.993+0000] {processor.py:175} INFO - Processing /home/airflow/.local/lib/python3.7/site-packages/airflow/example_dags/example_skip_dag.py took 0.118 seconds
[2023-04-16T00:53:18.171+0000] {processor.py:153} INFO - Started process (PID=449) to work on /home/airflow/.local/lib/python3.7/site-packages/airflow/example_dags/example_skip_dag.py
[2023-04-16T00:53:18.172+0000] {processor.py:743} INFO - Processing file /home/airflow/.local/lib/python3.7/site-packages/airflow/example_dags/example_skip_dag.py for tasks to queue
[2023-04-16T00:53:18.173+0000] {logging_mixin.py:137} INFO - [2023-04-16T00:53:18.173+0000] {dagbag.py:532} INFO - Filling up the DagBag from /home/airflow/.local/lib/python3.7/site-packages/airflow/example_dags/example_skip_dag.py
[2023-04-16T00:53:18.191+0000] {processor.py:753} INFO - DAG(s) dict_keys(['example_skip_dag']) retrieved from /home/airflow/.local/lib/python3.7/site-packages/airflow/example_dags/example_skip_dag.py
[2023-04-16T00:53:18.229+0000] {logging_mixin.py:137} INFO - [2023-04-16T00:53:18.229+0000] {dag.py:2705} INFO - Sync 1 DAGs
[2023-04-16T00:53:18.276+0000] {logging_mixin.py:137} INFO - [2023-04-16T00:53:18.276+0000] {dag.py:3456} INFO - Setting next_dagrun for example_skip_dag to 2023-04-15T00:53:18.276164+00:00, run_after=2023-04-16T00:53:18.276164+00:00
[2023-04-16T00:53:18.300+0000] {processor.py:175} INFO - Processing /home/airflow/.local/lib/python3.7/site-packages/airflow/example_dags/example_skip_dag.py took 0.133 seconds
[2023-04-16T00:53:48.452+0000] {processor.py:153} INFO - Started process (PID=499) to work on /home/airflow/.local/lib/python3.7/site-packages/airflow/example_dags/example_skip_dag.py
[2023-04-16T00:53:48.452+0000] {processor.py:743} INFO - Processing file /home/airflow/.local/lib/python3.7/site-packages/airflow/example_dags/example_skip_dag.py for tasks to queue
[2023-04-16T00:53:48.453+0000] {logging_mixin.py:137} INFO - [2023-04-16T00:53:48.453+0000] {dagbag.py:532} INFO - Filling up the DagBag from /home/airflow/.local/lib/python3.7/site-packages/airflow/example_dags/example_skip_dag.py
[2023-04-16T00:53:48.471+0000] {processor.py:753} INFO - DAG(s) dict_keys(['example_skip_dag']) retrieved from /home/airflow/.local/lib/python3.7/site-packages/airflow/example_dags/example_skip_dag.py
[2023-04-16T00:53:48.503+0000] {logging_mixin.py:137} INFO - [2023-04-16T00:53:48.502+0000] {dag.py:2705} INFO - Sync 1 DAGs
[2023-04-16T00:53:48.544+0000] {logging_mixin.py:137} INFO - [2023-04-16T00:53:48.544+0000] {dag.py:3456} INFO - Setting next_dagrun for example_skip_dag to 2023-04-15T00:53:48.543810+00:00, run_after=2023-04-16T00:53:48.543810+00:00
[2023-04-16T00:53:48.566+0000] {processor.py:175} INFO - Processing /home/airflow/.local/lib/python3.7/site-packages/airflow/example_dags/example_skip_dag.py took 0.118 seconds
[2023-04-16T00:54:19.252+0000] {processor.py:153} INFO - Started process (PID=549) to work on /home/airflow/.local/lib/python3.7/site-packages/airflow/example_dags/example_skip_dag.py
[2023-04-16T00:54:19.253+0000] {processor.py:743} INFO - Processing file /home/airflow/.local/lib/python3.7/site-packages/airflow/example_dags/example_skip_dag.py for tasks to queue
[2023-04-16T00:54:19.254+0000] {logging_mixin.py:137} INFO - [2023-04-16T00:54:19.253+0000] {dagbag.py:532} INFO - Filling up the DagBag from /home/airflow/.local/lib/python3.7/site-packages/airflow/example_dags/example_skip_dag.py
[2023-04-16T00:54:19.277+0000] {processor.py:753} INFO - DAG(s) dict_keys(['example_skip_dag']) retrieved from /home/airflow/.local/lib/python3.7/site-packages/airflow/example_dags/example_skip_dag.py
[2023-04-16T00:54:19.321+0000] {logging_mixin.py:137} INFO - [2023-04-16T00:54:19.321+0000] {dag.py:2705} INFO - Sync 1 DAGs
[2023-04-16T00:54:19.371+0000] {logging_mixin.py:137} INFO - [2023-04-16T00:54:19.371+0000] {dag.py:3456} INFO - Setting next_dagrun for example_skip_dag to 2023-04-15T00:54:19.370973+00:00, run_after=2023-04-16T00:54:19.370973+00:00
[2023-04-16T00:54:19.418+0000] {processor.py:175} INFO - Processing /home/airflow/.local/lib/python3.7/site-packages/airflow/example_dags/example_skip_dag.py took 0.171 seconds
[2023-04-16T00:54:49.577+0000] {processor.py:153} INFO - Started process (PID=598) to work on /home/airflow/.local/lib/python3.7/site-packages/airflow/example_dags/example_skip_dag.py
[2023-04-16T00:54:49.578+0000] {processor.py:743} INFO - Processing file /home/airflow/.local/lib/python3.7/site-packages/airflow/example_dags/example_skip_dag.py for tasks to queue
[2023-04-16T00:54:49.578+0000] {logging_mixin.py:137} INFO - [2023-04-16T00:54:49.578+0000] {dagbag.py:532} INFO - Filling up the DagBag from /home/airflow/.local/lib/python3.7/site-packages/airflow/example_dags/example_skip_dag.py
[2023-04-16T00:54:49.596+0000] {processor.py:753} INFO - DAG(s) dict_keys(['example_skip_dag']) retrieved from /home/airflow/.local/lib/python3.7/site-packages/airflow/example_dags/example_skip_dag.py
[2023-04-16T00:54:49.628+0000] {logging_mixin.py:137} INFO - [2023-04-16T00:54:49.628+0000] {dag.py:2705} INFO - Sync 1 DAGs
[2023-04-16T00:54:49.669+0000] {logging_mixin.py:137} INFO - [2023-04-16T00:54:49.668+0000] {dag.py:3456} INFO - Setting next_dagrun for example_skip_dag to 2023-04-15T00:54:49.668719+00:00, run_after=2023-04-16T00:54:49.668719+00:00
[2023-04-16T00:54:49.690+0000] {processor.py:175} INFO - Processing /home/airflow/.local/lib/python3.7/site-packages/airflow/example_dags/example_skip_dag.py took 0.117 seconds
[2023-04-16T00:55:19.737+0000] {processor.py:153} INFO - Started process (PID=648) to work on /home/airflow/.local/lib/python3.7/site-packages/airflow/example_dags/example_skip_dag.py
[2023-04-16T00:55:19.738+0000] {processor.py:743} INFO - Processing file /home/airflow/.local/lib/python3.7/site-packages/airflow/example_dags/example_skip_dag.py for tasks to queue
[2023-04-16T00:55:19.739+0000] {logging_mixin.py:137} INFO - [2023-04-16T00:55:19.739+0000] {dagbag.py:532} INFO - Filling up the DagBag from /home/airflow/.local/lib/python3.7/site-packages/airflow/example_dags/example_skip_dag.py
[2023-04-16T00:55:19.756+0000] {processor.py:753} INFO - DAG(s) dict_keys(['example_skip_dag']) retrieved from /home/airflow/.local/lib/python3.7/site-packages/airflow/example_dags/example_skip_dag.py
[2023-04-16T00:55:19.789+0000] {logging_mixin.py:137} INFO - [2023-04-16T00:55:19.789+0000] {dag.py:2705} INFO - Sync 1 DAGs
[2023-04-16T00:55:19.830+0000] {logging_mixin.py:137} INFO - [2023-04-16T00:55:19.830+0000] {dag.py:3456} INFO - Setting next_dagrun for example_skip_dag to 2023-04-15T00:55:19.830385+00:00, run_after=2023-04-16T00:55:19.830385+00:00
[2023-04-16T00:55:19.852+0000] {processor.py:175} INFO - Processing /home/airflow/.local/lib/python3.7/site-packages/airflow/example_dags/example_skip_dag.py took 0.119 seconds
[2023-04-16T00:55:50.226+0000] {processor.py:153} INFO - Started process (PID=698) to work on /home/airflow/.local/lib/python3.7/site-packages/airflow/example_dags/example_skip_dag.py
[2023-04-16T00:55:50.227+0000] {processor.py:743} INFO - Processing file /home/airflow/.local/lib/python3.7/site-packages/airflow/example_dags/example_skip_dag.py for tasks to queue
[2023-04-16T00:55:50.227+0000] {logging_mixin.py:137} INFO - [2023-04-16T00:55:50.227+0000] {dagbag.py:532} INFO - Filling up the DagBag from /home/airflow/.local/lib/python3.7/site-packages/airflow/example_dags/example_skip_dag.py
[2023-04-16T00:55:50.245+0000] {processor.py:753} INFO - DAG(s) dict_keys(['example_skip_dag']) retrieved from /home/airflow/.local/lib/python3.7/site-packages/airflow/example_dags/example_skip_dag.py
[2023-04-16T00:55:50.278+0000] {logging_mixin.py:137} INFO - [2023-04-16T00:55:50.278+0000] {dag.py:2705} INFO - Sync 1 DAGs
[2023-04-16T00:55:50.319+0000] {logging_mixin.py:137} INFO - [2023-04-16T00:55:50.319+0000] {dag.py:3456} INFO - Setting next_dagrun for example_skip_dag to 2023-04-15T00:55:50.319247+00:00, run_after=2023-04-16T00:55:50.319247+00:00
[2023-04-16T00:55:50.341+0000] {processor.py:175} INFO - Processing /home/airflow/.local/lib/python3.7/site-packages/airflow/example_dags/example_skip_dag.py took 0.120 seconds
[2023-04-16T00:56:20.590+0000] {processor.py:153} INFO - Started process (PID=748) to work on /home/airflow/.local/lib/python3.7/site-packages/airflow/example_dags/example_skip_dag.py
[2023-04-16T00:56:20.591+0000] {processor.py:743} INFO - Processing file /home/airflow/.local/lib/python3.7/site-packages/airflow/example_dags/example_skip_dag.py for tasks to queue
[2023-04-16T00:56:20.591+0000] {logging_mixin.py:137} INFO - [2023-04-16T00:56:20.591+0000] {dagbag.py:532} INFO - Filling up the DagBag from /home/airflow/.local/lib/python3.7/site-packages/airflow/example_dags/example_skip_dag.py
[2023-04-16T00:56:20.609+0000] {processor.py:753} INFO - DAG(s) dict_keys(['example_skip_dag']) retrieved from /home/airflow/.local/lib/python3.7/site-packages/airflow/example_dags/example_skip_dag.py
[2023-04-16T00:56:20.641+0000] {logging_mixin.py:137} INFO - [2023-04-16T00:56:20.641+0000] {dag.py:2705} INFO - Sync 1 DAGs
[2023-04-16T00:56:20.682+0000] {logging_mixin.py:137} INFO - [2023-04-16T00:56:20.682+0000] {dag.py:3456} INFO - Setting next_dagrun for example_skip_dag to 2023-04-15T00:56:20.681750+00:00, run_after=2023-04-16T00:56:20.681750+00:00
[2023-04-16T00:56:20.705+0000] {processor.py:175} INFO - Processing /home/airflow/.local/lib/python3.7/site-packages/airflow/example_dags/example_skip_dag.py took 0.119 seconds
[2023-04-16T00:56:50.906+0000] {processor.py:153} INFO - Started process (PID=798) to work on /home/airflow/.local/lib/python3.7/site-packages/airflow/example_dags/example_skip_dag.py
[2023-04-16T00:56:50.907+0000] {processor.py:743} INFO - Processing file /home/airflow/.local/lib/python3.7/site-packages/airflow/example_dags/example_skip_dag.py for tasks to queue
[2023-04-16T00:56:50.907+0000] {logging_mixin.py:137} INFO - [2023-04-16T00:56:50.907+0000] {dagbag.py:532} INFO - Filling up the DagBag from /home/airflow/.local/lib/python3.7/site-packages/airflow/example_dags/example_skip_dag.py
[2023-04-16T00:56:50.927+0000] {processor.py:753} INFO - DAG(s) dict_keys(['example_skip_dag']) retrieved from /home/airflow/.local/lib/python3.7/site-packages/airflow/example_dags/example_skip_dag.py
[2023-04-16T00:56:50.960+0000] {logging_mixin.py:137} INFO - [2023-04-16T00:56:50.960+0000] {dag.py:2705} INFO - Sync 1 DAGs
[2023-04-16T00:56:51.005+0000] {logging_mixin.py:137} INFO - [2023-04-16T00:56:51.004+0000] {dag.py:3456} INFO - Setting next_dagrun for example_skip_dag to 2023-04-15T00:56:51.004637+00:00, run_after=2023-04-16T00:56:51.004637+00:00
[2023-04-16T00:56:51.036+0000] {processor.py:175} INFO - Processing /home/airflow/.local/lib/python3.7/site-packages/airflow/example_dags/example_skip_dag.py took 0.134 seconds
[2023-04-16T00:57:21.288+0000] {processor.py:153} INFO - Started process (PID=848) to work on /home/airflow/.local/lib/python3.7/site-packages/airflow/example_dags/example_skip_dag.py
[2023-04-16T00:57:21.289+0000] {processor.py:743} INFO - Processing file /home/airflow/.local/lib/python3.7/site-packages/airflow/example_dags/example_skip_dag.py for tasks to queue
[2023-04-16T00:57:21.289+0000] {logging_mixin.py:137} INFO - [2023-04-16T00:57:21.289+0000] {dagbag.py:532} INFO - Filling up the DagBag from /home/airflow/.local/lib/python3.7/site-packages/airflow/example_dags/example_skip_dag.py
[2023-04-16T00:57:21.309+0000] {processor.py:753} INFO - DAG(s) dict_keys(['example_skip_dag']) retrieved from /home/airflow/.local/lib/python3.7/site-packages/airflow/example_dags/example_skip_dag.py
[2023-04-16T00:57:21.349+0000] {logging_mixin.py:137} INFO - [2023-04-16T00:57:21.349+0000] {dag.py:2705} INFO - Sync 1 DAGs
[2023-04-16T00:57:21.399+0000] {logging_mixin.py:137} INFO - [2023-04-16T00:57:21.398+0000] {dag.py:3456} INFO - Setting next_dagrun for example_skip_dag to 2023-04-15T00:57:21.398168+00:00, run_after=2023-04-16T00:57:21.398168+00:00
[2023-04-16T00:57:21.433+0000] {processor.py:175} INFO - Processing /home/airflow/.local/lib/python3.7/site-packages/airflow/example_dags/example_skip_dag.py took 0.150 seconds
[2023-04-16T00:57:51.677+0000] {processor.py:153} INFO - Started process (PID=898) to work on /home/airflow/.local/lib/python3.7/site-packages/airflow/example_dags/example_skip_dag.py
[2023-04-16T00:57:51.678+0000] {processor.py:743} INFO - Processing file /home/airflow/.local/lib/python3.7/site-packages/airflow/example_dags/example_skip_dag.py for tasks to queue
[2023-04-16T00:57:51.678+0000] {logging_mixin.py:137} INFO - [2023-04-16T00:57:51.678+0000] {dagbag.py:532} INFO - Filling up the DagBag from /home/airflow/.local/lib/python3.7/site-packages/airflow/example_dags/example_skip_dag.py
[2023-04-16T00:57:51.698+0000] {processor.py:753} INFO - DAG(s) dict_keys(['example_skip_dag']) retrieved from /home/airflow/.local/lib/python3.7/site-packages/airflow/example_dags/example_skip_dag.py
[2023-04-16T00:57:51.732+0000] {logging_mixin.py:137} INFO - [2023-04-16T00:57:51.732+0000] {dag.py:2705} INFO - Sync 1 DAGs
[2023-04-16T00:57:51.777+0000] {logging_mixin.py:137} INFO - [2023-04-16T00:57:51.776+0000] {dag.py:3456} INFO - Setting next_dagrun for example_skip_dag to 2023-04-15T00:57:51.776703+00:00, run_after=2023-04-16T00:57:51.776703+00:00
[2023-04-16T00:57:51.798+0000] {processor.py:175} INFO - Processing /home/airflow/.local/lib/python3.7/site-packages/airflow/example_dags/example_skip_dag.py took 0.126 seconds
[2023-04-16T00:58:21.913+0000] {processor.py:153} INFO - Started process (PID=948) to work on /home/airflow/.local/lib/python3.7/site-packages/airflow/example_dags/example_skip_dag.py
[2023-04-16T00:58:21.914+0000] {processor.py:743} INFO - Processing file /home/airflow/.local/lib/python3.7/site-packages/airflow/example_dags/example_skip_dag.py for tasks to queue
[2023-04-16T00:58:21.915+0000] {logging_mixin.py:137} INFO - [2023-04-16T00:58:21.915+0000] {dagbag.py:532} INFO - Filling up the DagBag from /home/airflow/.local/lib/python3.7/site-packages/airflow/example_dags/example_skip_dag.py
[2023-04-16T00:58:21.933+0000] {processor.py:753} INFO - DAG(s) dict_keys(['example_skip_dag']) retrieved from /home/airflow/.local/lib/python3.7/site-packages/airflow/example_dags/example_skip_dag.py
[2023-04-16T00:58:21.965+0000] {logging_mixin.py:137} INFO - [2023-04-16T00:58:21.964+0000] {dag.py:2705} INFO - Sync 1 DAGs
[2023-04-16T00:58:22.005+0000] {logging_mixin.py:137} INFO - [2023-04-16T00:58:22.004+0000] {dag.py:3456} INFO - Setting next_dagrun for example_skip_dag to 2023-04-15T00:58:22.004761+00:00, run_after=2023-04-16T00:58:22.004761+00:00
[2023-04-16T00:58:22.026+0000] {processor.py:175} INFO - Processing /home/airflow/.local/lib/python3.7/site-packages/airflow/example_dags/example_skip_dag.py took 0.116 seconds
[2023-04-16T00:58:52.240+0000] {processor.py:153} INFO - Started process (PID=998) to work on /home/airflow/.local/lib/python3.7/site-packages/airflow/example_dags/example_skip_dag.py
[2023-04-16T00:58:52.241+0000] {processor.py:743} INFO - Processing file /home/airflow/.local/lib/python3.7/site-packages/airflow/example_dags/example_skip_dag.py for tasks to queue
[2023-04-16T00:58:52.242+0000] {logging_mixin.py:137} INFO - [2023-04-16T00:58:52.241+0000] {dagbag.py:532} INFO - Filling up the DagBag from /home/airflow/.local/lib/python3.7/site-packages/airflow/example_dags/example_skip_dag.py
[2023-04-16T00:58:52.259+0000] {processor.py:753} INFO - DAG(s) dict_keys(['example_skip_dag']) retrieved from /home/airflow/.local/lib/python3.7/site-packages/airflow/example_dags/example_skip_dag.py
[2023-04-16T00:58:52.292+0000] {logging_mixin.py:137} INFO - [2023-04-16T00:58:52.291+0000] {dag.py:2705} INFO - Sync 1 DAGs
[2023-04-16T00:58:52.332+0000] {logging_mixin.py:137} INFO - [2023-04-16T00:58:52.332+0000] {dag.py:3456} INFO - Setting next_dagrun for example_skip_dag to 2023-04-15T00:58:52.332052+00:00, run_after=2023-04-16T00:58:52.332052+00:00
[2023-04-16T00:58:52.356+0000] {processor.py:175} INFO - Processing /home/airflow/.local/lib/python3.7/site-packages/airflow/example_dags/example_skip_dag.py took 0.120 seconds
[2023-04-16T00:59:22.483+0000] {processor.py:153} INFO - Started process (PID=1048) to work on /home/airflow/.local/lib/python3.7/site-packages/airflow/example_dags/example_skip_dag.py
[2023-04-16T00:59:22.484+0000] {processor.py:743} INFO - Processing file /home/airflow/.local/lib/python3.7/site-packages/airflow/example_dags/example_skip_dag.py for tasks to queue
[2023-04-16T00:59:22.485+0000] {logging_mixin.py:137} INFO - [2023-04-16T00:59:22.485+0000] {dagbag.py:532} INFO - Filling up the DagBag from /home/airflow/.local/lib/python3.7/site-packages/airflow/example_dags/example_skip_dag.py
[2023-04-16T00:59:22.502+0000] {processor.py:753} INFO - DAG(s) dict_keys(['example_skip_dag']) retrieved from /home/airflow/.local/lib/python3.7/site-packages/airflow/example_dags/example_skip_dag.py
[2023-04-16T00:59:22.533+0000] {logging_mixin.py:137} INFO - [2023-04-16T00:59:22.533+0000] {dag.py:2705} INFO - Sync 1 DAGs
[2023-04-16T00:59:22.575+0000] {logging_mixin.py:137} INFO - [2023-04-16T00:59:22.574+0000] {dag.py:3456} INFO - Setting next_dagrun for example_skip_dag to 2023-04-15T00:59:22.574646+00:00, run_after=2023-04-16T00:59:22.574646+00:00
[2023-04-16T00:59:22.597+0000] {processor.py:175} INFO - Processing /home/airflow/.local/lib/python3.7/site-packages/airflow/example_dags/example_skip_dag.py took 0.118 seconds
[2023-04-16T00:59:52.681+0000] {processor.py:153} INFO - Started process (PID=1098) to work on /home/airflow/.local/lib/python3.7/site-packages/airflow/example_dags/example_skip_dag.py
[2023-04-16T00:59:52.682+0000] {processor.py:743} INFO - Processing file /home/airflow/.local/lib/python3.7/site-packages/airflow/example_dags/example_skip_dag.py for tasks to queue
[2023-04-16T00:59:52.682+0000] {logging_mixin.py:137} INFO - [2023-04-16T00:59:52.682+0000] {dagbag.py:532} INFO - Filling up the DagBag from /home/airflow/.local/lib/python3.7/site-packages/airflow/example_dags/example_skip_dag.py
[2023-04-16T00:59:52.700+0000] {processor.py:753} INFO - DAG(s) dict_keys(['example_skip_dag']) retrieved from /home/airflow/.local/lib/python3.7/site-packages/airflow/example_dags/example_skip_dag.py
[2023-04-16T00:59:52.733+0000] {logging_mixin.py:137} INFO - [2023-04-16T00:59:52.733+0000] {dag.py:2705} INFO - Sync 1 DAGs
[2023-04-16T00:59:52.773+0000] {logging_mixin.py:137} INFO - [2023-04-16T00:59:52.773+0000] {dag.py:3456} INFO - Setting next_dagrun for example_skip_dag to 2023-04-15T00:59:52.772971+00:00, run_after=2023-04-16T00:59:52.772971+00:00
[2023-04-16T00:59:52.795+0000] {processor.py:175} INFO - Processing /home/airflow/.local/lib/python3.7/site-packages/airflow/example_dags/example_skip_dag.py took 0.119 seconds
