[2023-04-16T00:49:15.811+0000] {processor.py:153} INFO - Started process (PID=56) to work on /home/airflow/.local/lib/python3.7/site-packages/airflow/example_dags/example_task_group_decorator.py
[2023-04-16T00:49:15.812+0000] {processor.py:743} INFO - Processing file /home/airflow/.local/lib/python3.7/site-packages/airflow/example_dags/example_task_group_decorator.py for tasks to queue
[2023-04-16T00:49:15.814+0000] {logging_mixin.py:137} INFO - [2023-04-16T00:49:15.813+0000] {dagbag.py:532} INFO - Filling up the DagBag from /home/airflow/.local/lib/python3.7/site-packages/airflow/example_dags/example_task_group_decorator.py
[2023-04-16T00:49:15.879+0000] {processor.py:753} INFO - DAG(s) dict_keys(['example_task_group_decorator']) retrieved from /home/airflow/.local/lib/python3.7/site-packages/airflow/example_dags/example_task_group_decorator.py
[2023-04-16T00:49:15.943+0000] {logging_mixin.py:137} INFO - [2023-04-16T00:49:15.943+0000] {dag.py:2705} INFO - Sync 1 DAGs
[2023-04-16T00:49:16.008+0000] {logging_mixin.py:137} INFO - [2023-04-16T00:49:16.007+0000] {dag.py:3456} INFO - Setting next_dagrun for example_task_group_decorator to 2023-04-15T00:49:16.006813+00:00, run_after=2023-04-16T00:49:16.006813+00:00
[2023-04-16T00:49:16.036+0000] {processor.py:175} INFO - Processing /home/airflow/.local/lib/python3.7/site-packages/airflow/example_dags/example_task_group_decorator.py took 0.231 seconds
[2023-04-16T00:49:46.132+0000] {processor.py:153} INFO - Started process (PID=106) to work on /home/airflow/.local/lib/python3.7/site-packages/airflow/example_dags/example_task_group_decorator.py
[2023-04-16T00:49:46.133+0000] {processor.py:743} INFO - Processing file /home/airflow/.local/lib/python3.7/site-packages/airflow/example_dags/example_task_group_decorator.py for tasks to queue
[2023-04-16T00:49:46.133+0000] {logging_mixin.py:137} INFO - [2023-04-16T00:49:46.133+0000] {dagbag.py:532} INFO - Filling up the DagBag from /home/airflow/.local/lib/python3.7/site-packages/airflow/example_dags/example_task_group_decorator.py
[2023-04-16T00:49:46.182+0000] {processor.py:753} INFO - DAG(s) dict_keys(['example_task_group_decorator']) retrieved from /home/airflow/.local/lib/python3.7/site-packages/airflow/example_dags/example_task_group_decorator.py
[2023-04-16T00:49:46.221+0000] {logging_mixin.py:137} INFO - [2023-04-16T00:49:46.221+0000] {dag.py:2705} INFO - Sync 1 DAGs
[2023-04-16T00:49:46.260+0000] {logging_mixin.py:137} INFO - [2023-04-16T00:49:46.260+0000] {dag.py:3456} INFO - Setting next_dagrun for example_task_group_decorator to 2023-04-15T00:49:46.260379+00:00, run_after=2023-04-16T00:49:46.260379+00:00
[2023-04-16T00:49:46.281+0000] {processor.py:175} INFO - Processing /home/airflow/.local/lib/python3.7/site-packages/airflow/example_dags/example_task_group_decorator.py took 0.153 seconds
[2023-04-16T00:50:16.427+0000] {processor.py:153} INFO - Started process (PID=156) to work on /home/airflow/.local/lib/python3.7/site-packages/airflow/example_dags/example_task_group_decorator.py
[2023-04-16T00:50:16.428+0000] {processor.py:743} INFO - Processing file /home/airflow/.local/lib/python3.7/site-packages/airflow/example_dags/example_task_group_decorator.py for tasks to queue
[2023-04-16T00:50:16.428+0000] {logging_mixin.py:137} INFO - [2023-04-16T00:50:16.428+0000] {dagbag.py:532} INFO - Filling up the DagBag from /home/airflow/.local/lib/python3.7/site-packages/airflow/example_dags/example_task_group_decorator.py
[2023-04-16T00:50:16.468+0000] {processor.py:753} INFO - DAG(s) dict_keys(['example_task_group_decorator']) retrieved from /home/airflow/.local/lib/python3.7/site-packages/airflow/example_dags/example_task_group_decorator.py
[2023-04-16T00:50:16.507+0000] {logging_mixin.py:137} INFO - [2023-04-16T00:50:16.507+0000] {dag.py:2705} INFO - Sync 1 DAGs
[2023-04-16T00:50:16.546+0000] {logging_mixin.py:137} INFO - [2023-04-16T00:50:16.546+0000] {dag.py:3456} INFO - Setting next_dagrun for example_task_group_decorator to 2023-04-15T00:50:16.546503+00:00, run_after=2023-04-16T00:50:16.546503+00:00
[2023-04-16T00:50:16.570+0000] {processor.py:175} INFO - Processing /home/airflow/.local/lib/python3.7/site-packages/airflow/example_dags/example_task_group_decorator.py took 0.148 seconds
[2023-04-16T00:50:46.761+0000] {processor.py:153} INFO - Started process (PID=206) to work on /home/airflow/.local/lib/python3.7/site-packages/airflow/example_dags/example_task_group_decorator.py
[2023-04-16T00:50:46.763+0000] {processor.py:743} INFO - Processing file /home/airflow/.local/lib/python3.7/site-packages/airflow/example_dags/example_task_group_decorator.py for tasks to queue
[2023-04-16T00:50:46.764+0000] {logging_mixin.py:137} INFO - [2023-04-16T00:50:46.764+0000] {dagbag.py:532} INFO - Filling up the DagBag from /home/airflow/.local/lib/python3.7/site-packages/airflow/example_dags/example_task_group_decorator.py
[2023-04-16T00:50:46.809+0000] {processor.py:753} INFO - DAG(s) dict_keys(['example_task_group_decorator']) retrieved from /home/airflow/.local/lib/python3.7/site-packages/airflow/example_dags/example_task_group_decorator.py
[2023-04-16T00:50:46.858+0000] {logging_mixin.py:137} INFO - [2023-04-16T00:50:46.857+0000] {dag.py:2705} INFO - Sync 1 DAGs
[2023-04-16T00:50:46.900+0000] {logging_mixin.py:137} INFO - [2023-04-16T00:50:46.899+0000] {dag.py:3456} INFO - Setting next_dagrun for example_task_group_decorator to 2023-04-15T00:50:46.899587+00:00, run_after=2023-04-16T00:50:46.899587+00:00
[2023-04-16T00:50:46.924+0000] {processor.py:175} INFO - Processing /home/airflow/.local/lib/python3.7/site-packages/airflow/example_dags/example_task_group_decorator.py took 0.176 seconds
[2023-04-16T00:51:17.378+0000] {processor.py:153} INFO - Started process (PID=256) to work on /home/airflow/.local/lib/python3.7/site-packages/airflow/example_dags/example_task_group_decorator.py
[2023-04-16T00:51:17.378+0000] {processor.py:743} INFO - Processing file /home/airflow/.local/lib/python3.7/site-packages/airflow/example_dags/example_task_group_decorator.py for tasks to queue
[2023-04-16T00:51:17.379+0000] {logging_mixin.py:137} INFO - [2023-04-16T00:51:17.379+0000] {dagbag.py:532} INFO - Filling up the DagBag from /home/airflow/.local/lib/python3.7/site-packages/airflow/example_dags/example_task_group_decorator.py
[2023-04-16T00:51:17.420+0000] {processor.py:753} INFO - DAG(s) dict_keys(['example_task_group_decorator']) retrieved from /home/airflow/.local/lib/python3.7/site-packages/airflow/example_dags/example_task_group_decorator.py
[2023-04-16T00:51:17.460+0000] {logging_mixin.py:137} INFO - [2023-04-16T00:51:17.460+0000] {dag.py:2705} INFO - Sync 1 DAGs
[2023-04-16T00:51:17.508+0000] {logging_mixin.py:137} INFO - [2023-04-16T00:51:17.508+0000] {dag.py:3456} INFO - Setting next_dagrun for example_task_group_decorator to 2023-04-15T00:51:17.508412+00:00, run_after=2023-04-16T00:51:17.508412+00:00
[2023-04-16T00:51:17.533+0000] {processor.py:175} INFO - Processing /home/airflow/.local/lib/python3.7/site-packages/airflow/example_dags/example_task_group_decorator.py took 0.160 seconds
[2023-04-16T00:51:47.698+0000] {processor.py:153} INFO - Started process (PID=306) to work on /home/airflow/.local/lib/python3.7/site-packages/airflow/example_dags/example_task_group_decorator.py
[2023-04-16T00:51:47.699+0000] {processor.py:743} INFO - Processing file /home/airflow/.local/lib/python3.7/site-packages/airflow/example_dags/example_task_group_decorator.py for tasks to queue
[2023-04-16T00:51:47.700+0000] {logging_mixin.py:137} INFO - [2023-04-16T00:51:47.700+0000] {dagbag.py:532} INFO - Filling up the DagBag from /home/airflow/.local/lib/python3.7/site-packages/airflow/example_dags/example_task_group_decorator.py
[2023-04-16T00:51:47.741+0000] {processor.py:753} INFO - DAG(s) dict_keys(['example_task_group_decorator']) retrieved from /home/airflow/.local/lib/python3.7/site-packages/airflow/example_dags/example_task_group_decorator.py
[2023-04-16T00:51:47.784+0000] {logging_mixin.py:137} INFO - [2023-04-16T00:51:47.784+0000] {dag.py:2705} INFO - Sync 1 DAGs
[2023-04-16T00:51:47.824+0000] {logging_mixin.py:137} INFO - [2023-04-16T00:51:47.824+0000] {dag.py:3456} INFO - Setting next_dagrun for example_task_group_decorator to 2023-04-15T00:51:47.824541+00:00, run_after=2023-04-16T00:51:47.824541+00:00
[2023-04-16T00:51:47.848+0000] {processor.py:175} INFO - Processing /home/airflow/.local/lib/python3.7/site-packages/airflow/example_dags/example_task_group_decorator.py took 0.153 seconds
[2023-04-16T00:52:18.138+0000] {processor.py:153} INFO - Started process (PID=356) to work on /home/airflow/.local/lib/python3.7/site-packages/airflow/example_dags/example_task_group_decorator.py
[2023-04-16T00:52:18.140+0000] {processor.py:743} INFO - Processing file /home/airflow/.local/lib/python3.7/site-packages/airflow/example_dags/example_task_group_decorator.py for tasks to queue
[2023-04-16T00:52:18.141+0000] {logging_mixin.py:137} INFO - [2023-04-16T00:52:18.141+0000] {dagbag.py:532} INFO - Filling up the DagBag from /home/airflow/.local/lib/python3.7/site-packages/airflow/example_dags/example_task_group_decorator.py
[2023-04-16T00:52:18.191+0000] {processor.py:753} INFO - DAG(s) dict_keys(['example_task_group_decorator']) retrieved from /home/airflow/.local/lib/python3.7/site-packages/airflow/example_dags/example_task_group_decorator.py
[2023-04-16T00:52:18.243+0000] {logging_mixin.py:137} INFO - [2023-04-16T00:52:18.243+0000] {dag.py:2705} INFO - Sync 1 DAGs
[2023-04-16T00:52:18.288+0000] {logging_mixin.py:137} INFO - [2023-04-16T00:52:18.288+0000] {dag.py:3456} INFO - Setting next_dagrun for example_task_group_decorator to 2023-04-15T00:52:18.288141+00:00, run_after=2023-04-16T00:52:18.288141+00:00
[2023-04-16T00:52:18.314+0000] {processor.py:175} INFO - Processing /home/airflow/.local/lib/python3.7/site-packages/airflow/example_dags/example_task_group_decorator.py took 0.180 seconds
[2023-04-16T00:52:48.359+0000] {processor.py:153} INFO - Started process (PID=406) to work on /home/airflow/.local/lib/python3.7/site-packages/airflow/example_dags/example_task_group_decorator.py
[2023-04-16T00:52:48.360+0000] {processor.py:743} INFO - Processing file /home/airflow/.local/lib/python3.7/site-packages/airflow/example_dags/example_task_group_decorator.py for tasks to queue
[2023-04-16T00:52:48.361+0000] {logging_mixin.py:137} INFO - [2023-04-16T00:52:48.361+0000] {dagbag.py:532} INFO - Filling up the DagBag from /home/airflow/.local/lib/python3.7/site-packages/airflow/example_dags/example_task_group_decorator.py
[2023-04-16T00:52:48.402+0000] {processor.py:753} INFO - DAG(s) dict_keys(['example_task_group_decorator']) retrieved from /home/airflow/.local/lib/python3.7/site-packages/airflow/example_dags/example_task_group_decorator.py
[2023-04-16T00:52:48.442+0000] {logging_mixin.py:137} INFO - [2023-04-16T00:52:48.441+0000] {dag.py:2705} INFO - Sync 1 DAGs
[2023-04-16T00:52:48.489+0000] {logging_mixin.py:137} INFO - [2023-04-16T00:52:48.488+0000] {dag.py:3456} INFO - Setting next_dagrun for example_task_group_decorator to 2023-04-15T00:52:48.488550+00:00, run_after=2023-04-16T00:52:48.488550+00:00
[2023-04-16T00:52:48.524+0000] {processor.py:175} INFO - Processing /home/airflow/.local/lib/python3.7/site-packages/airflow/example_dags/example_task_group_decorator.py took 0.168 seconds
[2023-04-16T00:53:18.726+0000] {processor.py:153} INFO - Started process (PID=456) to work on /home/airflow/.local/lib/python3.7/site-packages/airflow/example_dags/example_task_group_decorator.py
[2023-04-16T00:53:18.727+0000] {processor.py:743} INFO - Processing file /home/airflow/.local/lib/python3.7/site-packages/airflow/example_dags/example_task_group_decorator.py for tasks to queue
[2023-04-16T00:53:18.728+0000] {logging_mixin.py:137} INFO - [2023-04-16T00:53:18.728+0000] {dagbag.py:532} INFO - Filling up the DagBag from /home/airflow/.local/lib/python3.7/site-packages/airflow/example_dags/example_task_group_decorator.py
[2023-04-16T00:53:18.769+0000] {processor.py:753} INFO - DAG(s) dict_keys(['example_task_group_decorator']) retrieved from /home/airflow/.local/lib/python3.7/site-packages/airflow/example_dags/example_task_group_decorator.py
[2023-04-16T00:53:18.808+0000] {logging_mixin.py:137} INFO - [2023-04-16T00:53:18.808+0000] {dag.py:2705} INFO - Sync 1 DAGs
[2023-04-16T00:53:18.849+0000] {logging_mixin.py:137} INFO - [2023-04-16T00:53:18.849+0000] {dag.py:3456} INFO - Setting next_dagrun for example_task_group_decorator to 2023-04-15T00:53:18.849111+00:00, run_after=2023-04-16T00:53:18.849111+00:00
[2023-04-16T00:53:18.872+0000] {processor.py:175} INFO - Processing /home/airflow/.local/lib/python3.7/site-packages/airflow/example_dags/example_task_group_decorator.py took 0.150 seconds
[2023-04-16T00:53:48.930+0000] {processor.py:153} INFO - Started process (PID=506) to work on /home/airflow/.local/lib/python3.7/site-packages/airflow/example_dags/example_task_group_decorator.py
[2023-04-16T00:53:48.931+0000] {processor.py:743} INFO - Processing file /home/airflow/.local/lib/python3.7/site-packages/airflow/example_dags/example_task_group_decorator.py for tasks to queue
[2023-04-16T00:53:48.932+0000] {logging_mixin.py:137} INFO - [2023-04-16T00:53:48.932+0000] {dagbag.py:532} INFO - Filling up the DagBag from /home/airflow/.local/lib/python3.7/site-packages/airflow/example_dags/example_task_group_decorator.py
[2023-04-16T00:53:48.971+0000] {processor.py:753} INFO - DAG(s) dict_keys(['example_task_group_decorator']) retrieved from /home/airflow/.local/lib/python3.7/site-packages/airflow/example_dags/example_task_group_decorator.py
[2023-04-16T00:53:49.012+0000] {logging_mixin.py:137} INFO - [2023-04-16T00:53:49.012+0000] {dag.py:2705} INFO - Sync 1 DAGs
[2023-04-16T00:53:49.057+0000] {logging_mixin.py:137} INFO - [2023-04-16T00:53:49.057+0000] {dag.py:3456} INFO - Setting next_dagrun for example_task_group_decorator to 2023-04-15T00:53:49.056762+00:00, run_after=2023-04-16T00:53:49.056762+00:00
[2023-04-16T00:53:49.079+0000] {processor.py:175} INFO - Processing /home/airflow/.local/lib/python3.7/site-packages/airflow/example_dags/example_task_group_decorator.py took 0.152 seconds
[2023-04-16T00:54:19.911+0000] {processor.py:153} INFO - Started process (PID=556) to work on /home/airflow/.local/lib/python3.7/site-packages/airflow/example_dags/example_task_group_decorator.py
[2023-04-16T00:54:19.911+0000] {processor.py:743} INFO - Processing file /home/airflow/.local/lib/python3.7/site-packages/airflow/example_dags/example_task_group_decorator.py for tasks to queue
[2023-04-16T00:54:19.912+0000] {logging_mixin.py:137} INFO - [2023-04-16T00:54:19.912+0000] {dagbag.py:532} INFO - Filling up the DagBag from /home/airflow/.local/lib/python3.7/site-packages/airflow/example_dags/example_task_group_decorator.py
[2023-04-16T00:54:19.953+0000] {processor.py:753} INFO - DAG(s) dict_keys(['example_task_group_decorator']) retrieved from /home/airflow/.local/lib/python3.7/site-packages/airflow/example_dags/example_task_group_decorator.py
[2023-04-16T00:54:19.991+0000] {logging_mixin.py:137} INFO - [2023-04-16T00:54:19.991+0000] {dag.py:2705} INFO - Sync 1 DAGs
[2023-04-16T00:54:20.030+0000] {logging_mixin.py:137} INFO - [2023-04-16T00:54:20.030+0000] {dag.py:3456} INFO - Setting next_dagrun for example_task_group_decorator to 2023-04-15T00:54:20.030218+00:00, run_after=2023-04-16T00:54:20.030218+00:00
[2023-04-16T00:54:20.051+0000] {processor.py:175} INFO - Processing /home/airflow/.local/lib/python3.7/site-packages/airflow/example_dags/example_task_group_decorator.py took 0.144 seconds
[2023-04-16T00:54:50.154+0000] {processor.py:153} INFO - Started process (PID=605) to work on /home/airflow/.local/lib/python3.7/site-packages/airflow/example_dags/example_task_group_decorator.py
[2023-04-16T00:54:50.154+0000] {processor.py:743} INFO - Processing file /home/airflow/.local/lib/python3.7/site-packages/airflow/example_dags/example_task_group_decorator.py for tasks to queue
[2023-04-16T00:54:50.155+0000] {logging_mixin.py:137} INFO - [2023-04-16T00:54:50.155+0000] {dagbag.py:532} INFO - Filling up the DagBag from /home/airflow/.local/lib/python3.7/site-packages/airflow/example_dags/example_task_group_decorator.py
[2023-04-16T00:54:50.204+0000] {processor.py:753} INFO - DAG(s) dict_keys(['example_task_group_decorator']) retrieved from /home/airflow/.local/lib/python3.7/site-packages/airflow/example_dags/example_task_group_decorator.py
[2023-04-16T00:54:50.246+0000] {logging_mixin.py:137} INFO - [2023-04-16T00:54:50.246+0000] {dag.py:2705} INFO - Sync 1 DAGs
[2023-04-16T00:54:50.287+0000] {logging_mixin.py:137} INFO - [2023-04-16T00:54:50.287+0000] {dag.py:3456} INFO - Setting next_dagrun for example_task_group_decorator to 2023-04-15T00:54:50.285769+00:00, run_after=2023-04-16T00:54:50.285769+00:00
[2023-04-16T00:54:50.308+0000] {processor.py:175} INFO - Processing /home/airflow/.local/lib/python3.7/site-packages/airflow/example_dags/example_task_group_decorator.py took 0.158 seconds
[2023-04-16T00:55:20.351+0000] {processor.py:153} INFO - Started process (PID=655) to work on /home/airflow/.local/lib/python3.7/site-packages/airflow/example_dags/example_task_group_decorator.py
[2023-04-16T00:55:20.353+0000] {processor.py:743} INFO - Processing file /home/airflow/.local/lib/python3.7/site-packages/airflow/example_dags/example_task_group_decorator.py for tasks to queue
[2023-04-16T00:55:20.354+0000] {logging_mixin.py:137} INFO - [2023-04-16T00:55:20.354+0000] {dagbag.py:532} INFO - Filling up the DagBag from /home/airflow/.local/lib/python3.7/site-packages/airflow/example_dags/example_task_group_decorator.py
[2023-04-16T00:55:20.405+0000] {processor.py:753} INFO - DAG(s) dict_keys(['example_task_group_decorator']) retrieved from /home/airflow/.local/lib/python3.7/site-packages/airflow/example_dags/example_task_group_decorator.py
[2023-04-16T00:55:20.447+0000] {logging_mixin.py:137} INFO - [2023-04-16T00:55:20.447+0000] {dag.py:2705} INFO - Sync 1 DAGs
[2023-04-16T00:55:20.489+0000] {logging_mixin.py:137} INFO - [2023-04-16T00:55:20.489+0000] {dag.py:3456} INFO - Setting next_dagrun for example_task_group_decorator to 2023-04-15T00:55:20.488764+00:00, run_after=2023-04-16T00:55:20.488764+00:00
[2023-04-16T00:55:20.511+0000] {processor.py:175} INFO - Processing /home/airflow/.local/lib/python3.7/site-packages/airflow/example_dags/example_task_group_decorator.py took 0.164 seconds
[2023-04-16T00:55:50.749+0000] {processor.py:153} INFO - Started process (PID=705) to work on /home/airflow/.local/lib/python3.7/site-packages/airflow/example_dags/example_task_group_decorator.py
[2023-04-16T00:55:50.750+0000] {processor.py:743} INFO - Processing file /home/airflow/.local/lib/python3.7/site-packages/airflow/example_dags/example_task_group_decorator.py for tasks to queue
[2023-04-16T00:55:50.751+0000] {logging_mixin.py:137} INFO - [2023-04-16T00:55:50.751+0000] {dagbag.py:532} INFO - Filling up the DagBag from /home/airflow/.local/lib/python3.7/site-packages/airflow/example_dags/example_task_group_decorator.py
[2023-04-16T00:55:50.797+0000] {processor.py:753} INFO - DAG(s) dict_keys(['example_task_group_decorator']) retrieved from /home/airflow/.local/lib/python3.7/site-packages/airflow/example_dags/example_task_group_decorator.py
[2023-04-16T00:55:50.853+0000] {logging_mixin.py:137} INFO - [2023-04-16T00:55:50.853+0000] {dag.py:2705} INFO - Sync 1 DAGs
[2023-04-16T00:55:50.905+0000] {logging_mixin.py:137} INFO - [2023-04-16T00:55:50.905+0000] {dag.py:3456} INFO - Setting next_dagrun for example_task_group_decorator to 2023-04-15T00:55:50.904884+00:00, run_after=2023-04-16T00:55:50.904884+00:00
[2023-04-16T00:55:50.935+0000] {processor.py:175} INFO - Processing /home/airflow/.local/lib/python3.7/site-packages/airflow/example_dags/example_task_group_decorator.py took 0.191 seconds
[2023-04-16T00:56:21.089+0000] {processor.py:153} INFO - Started process (PID=755) to work on /home/airflow/.local/lib/python3.7/site-packages/airflow/example_dags/example_task_group_decorator.py
[2023-04-16T00:56:21.090+0000] {processor.py:743} INFO - Processing file /home/airflow/.local/lib/python3.7/site-packages/airflow/example_dags/example_task_group_decorator.py for tasks to queue
[2023-04-16T00:56:21.091+0000] {logging_mixin.py:137} INFO - [2023-04-16T00:56:21.091+0000] {dagbag.py:532} INFO - Filling up the DagBag from /home/airflow/.local/lib/python3.7/site-packages/airflow/example_dags/example_task_group_decorator.py
[2023-04-16T00:56:21.135+0000] {processor.py:753} INFO - DAG(s) dict_keys(['example_task_group_decorator']) retrieved from /home/airflow/.local/lib/python3.7/site-packages/airflow/example_dags/example_task_group_decorator.py
[2023-04-16T00:56:21.175+0000] {logging_mixin.py:137} INFO - [2023-04-16T00:56:21.175+0000] {dag.py:2705} INFO - Sync 1 DAGs
[2023-04-16T00:56:21.218+0000] {logging_mixin.py:137} INFO - [2023-04-16T00:56:21.218+0000] {dag.py:3456} INFO - Setting next_dagrun for example_task_group_decorator to 2023-04-15T00:56:21.218328+00:00, run_after=2023-04-16T00:56:21.218328+00:00
[2023-04-16T00:56:21.244+0000] {processor.py:175} INFO - Processing /home/airflow/.local/lib/python3.7/site-packages/airflow/example_dags/example_task_group_decorator.py took 0.158 seconds
[2023-04-16T00:56:51.510+0000] {processor.py:153} INFO - Started process (PID=805) to work on /home/airflow/.local/lib/python3.7/site-packages/airflow/example_dags/example_task_group_decorator.py
[2023-04-16T00:56:51.511+0000] {processor.py:743} INFO - Processing file /home/airflow/.local/lib/python3.7/site-packages/airflow/example_dags/example_task_group_decorator.py for tasks to queue
[2023-04-16T00:56:51.512+0000] {logging_mixin.py:137} INFO - [2023-04-16T00:56:51.512+0000] {dagbag.py:532} INFO - Filling up the DagBag from /home/airflow/.local/lib/python3.7/site-packages/airflow/example_dags/example_task_group_decorator.py
[2023-04-16T00:56:51.559+0000] {processor.py:753} INFO - DAG(s) dict_keys(['example_task_group_decorator']) retrieved from /home/airflow/.local/lib/python3.7/site-packages/airflow/example_dags/example_task_group_decorator.py
[2023-04-16T00:56:51.612+0000] {logging_mixin.py:137} INFO - [2023-04-16T00:56:51.611+0000] {dag.py:2705} INFO - Sync 1 DAGs
[2023-04-16T00:56:51.656+0000] {logging_mixin.py:137} INFO - [2023-04-16T00:56:51.656+0000] {dag.py:3456} INFO - Setting next_dagrun for example_task_group_decorator to 2023-04-15T00:56:51.656203+00:00, run_after=2023-04-16T00:56:51.656203+00:00
[2023-04-16T00:56:51.682+0000] {processor.py:175} INFO - Processing /home/airflow/.local/lib/python3.7/site-packages/airflow/example_dags/example_task_group_decorator.py took 0.176 seconds
[2023-04-16T00:57:21.956+0000] {processor.py:153} INFO - Started process (PID=855) to work on /home/airflow/.local/lib/python3.7/site-packages/airflow/example_dags/example_task_group_decorator.py
[2023-04-16T00:57:21.957+0000] {processor.py:743} INFO - Processing file /home/airflow/.local/lib/python3.7/site-packages/airflow/example_dags/example_task_group_decorator.py for tasks to queue
[2023-04-16T00:57:21.958+0000] {logging_mixin.py:137} INFO - [2023-04-16T00:57:21.958+0000] {dagbag.py:532} INFO - Filling up the DagBag from /home/airflow/.local/lib/python3.7/site-packages/airflow/example_dags/example_task_group_decorator.py
[2023-04-16T00:57:22.004+0000] {processor.py:753} INFO - DAG(s) dict_keys(['example_task_group_decorator']) retrieved from /home/airflow/.local/lib/python3.7/site-packages/airflow/example_dags/example_task_group_decorator.py
[2023-04-16T00:57:22.052+0000] {logging_mixin.py:137} INFO - [2023-04-16T00:57:22.052+0000] {dag.py:2705} INFO - Sync 1 DAGs
[2023-04-16T00:57:22.097+0000] {logging_mixin.py:137} INFO - [2023-04-16T00:57:22.097+0000] {dag.py:3456} INFO - Setting next_dagrun for example_task_group_decorator to 2023-04-15T00:57:22.097072+00:00, run_after=2023-04-16T00:57:22.097072+00:00
[2023-04-16T00:57:22.123+0000] {processor.py:175} INFO - Processing /home/airflow/.local/lib/python3.7/site-packages/airflow/example_dags/example_task_group_decorator.py took 0.171 seconds
[2023-04-16T00:57:52.278+0000] {processor.py:153} INFO - Started process (PID=905) to work on /home/airflow/.local/lib/python3.7/site-packages/airflow/example_dags/example_task_group_decorator.py
[2023-04-16T00:57:52.279+0000] {processor.py:743} INFO - Processing file /home/airflow/.local/lib/python3.7/site-packages/airflow/example_dags/example_task_group_decorator.py for tasks to queue
[2023-04-16T00:57:52.280+0000] {logging_mixin.py:137} INFO - [2023-04-16T00:57:52.279+0000] {dagbag.py:532} INFO - Filling up the DagBag from /home/airflow/.local/lib/python3.7/site-packages/airflow/example_dags/example_task_group_decorator.py
[2023-04-16T00:57:52.341+0000] {processor.py:753} INFO - DAG(s) dict_keys(['example_task_group_decorator']) retrieved from /home/airflow/.local/lib/python3.7/site-packages/airflow/example_dags/example_task_group_decorator.py
[2023-04-16T00:57:52.381+0000] {logging_mixin.py:137} INFO - [2023-04-16T00:57:52.381+0000] {dag.py:2705} INFO - Sync 1 DAGs
[2023-04-16T00:57:52.446+0000] {logging_mixin.py:137} INFO - [2023-04-16T00:57:52.445+0000] {dag.py:3456} INFO - Setting next_dagrun for example_task_group_decorator to 2023-04-15T00:57:52.445730+00:00, run_after=2023-04-16T00:57:52.445730+00:00
[2023-04-16T00:57:52.469+0000] {processor.py:175} INFO - Processing /home/airflow/.local/lib/python3.7/site-packages/airflow/example_dags/example_task_group_decorator.py took 0.196 seconds
[2023-04-16T00:58:22.622+0000] {processor.py:153} INFO - Started process (PID=955) to work on /home/airflow/.local/lib/python3.7/site-packages/airflow/example_dags/example_task_group_decorator.py
[2023-04-16T00:58:22.623+0000] {processor.py:743} INFO - Processing file /home/airflow/.local/lib/python3.7/site-packages/airflow/example_dags/example_task_group_decorator.py for tasks to queue
[2023-04-16T00:58:22.623+0000] {logging_mixin.py:137} INFO - [2023-04-16T00:58:22.623+0000] {dagbag.py:532} INFO - Filling up the DagBag from /home/airflow/.local/lib/python3.7/site-packages/airflow/example_dags/example_task_group_decorator.py
[2023-04-16T00:58:22.663+0000] {processor.py:753} INFO - DAG(s) dict_keys(['example_task_group_decorator']) retrieved from /home/airflow/.local/lib/python3.7/site-packages/airflow/example_dags/example_task_group_decorator.py
[2023-04-16T00:58:22.703+0000] {logging_mixin.py:137} INFO - [2023-04-16T00:58:22.703+0000] {dag.py:2705} INFO - Sync 1 DAGs
[2023-04-16T00:58:22.743+0000] {logging_mixin.py:137} INFO - [2023-04-16T00:58:22.742+0000] {dag.py:3456} INFO - Setting next_dagrun for example_task_group_decorator to 2023-04-15T00:58:22.742648+00:00, run_after=2023-04-16T00:58:22.742648+00:00
[2023-04-16T00:58:22.775+0000] {processor.py:175} INFO - Processing /home/airflow/.local/lib/python3.7/site-packages/airflow/example_dags/example_task_group_decorator.py took 0.158 seconds
[2023-04-16T00:58:52.858+0000] {processor.py:153} INFO - Started process (PID=1006) to work on /home/airflow/.local/lib/python3.7/site-packages/airflow/example_dags/example_task_group_decorator.py
[2023-04-16T00:58:52.859+0000] {processor.py:743} INFO - Processing file /home/airflow/.local/lib/python3.7/site-packages/airflow/example_dags/example_task_group_decorator.py for tasks to queue
[2023-04-16T00:58:52.860+0000] {logging_mixin.py:137} INFO - [2023-04-16T00:58:52.860+0000] {dagbag.py:532} INFO - Filling up the DagBag from /home/airflow/.local/lib/python3.7/site-packages/airflow/example_dags/example_task_group_decorator.py
[2023-04-16T00:58:52.904+0000] {processor.py:753} INFO - DAG(s) dict_keys(['example_task_group_decorator']) retrieved from /home/airflow/.local/lib/python3.7/site-packages/airflow/example_dags/example_task_group_decorator.py
[2023-04-16T00:58:52.946+0000] {logging_mixin.py:137} INFO - [2023-04-16T00:58:52.945+0000] {dag.py:2705} INFO - Sync 1 DAGs
[2023-04-16T00:58:52.988+0000] {logging_mixin.py:137} INFO - [2023-04-16T00:58:52.988+0000] {dag.py:3456} INFO - Setting next_dagrun for example_task_group_decorator to 2023-04-15T00:58:52.988015+00:00, run_after=2023-04-16T00:58:52.988015+00:00
[2023-04-16T00:58:53.010+0000] {processor.py:175} INFO - Processing /home/airflow/.local/lib/python3.7/site-packages/airflow/example_dags/example_task_group_decorator.py took 0.156 seconds
[2023-04-16T00:59:23.045+0000] {processor.py:153} INFO - Started process (PID=1056) to work on /home/airflow/.local/lib/python3.7/site-packages/airflow/example_dags/example_task_group_decorator.py
[2023-04-16T00:59:23.046+0000] {processor.py:743} INFO - Processing file /home/airflow/.local/lib/python3.7/site-packages/airflow/example_dags/example_task_group_decorator.py for tasks to queue
[2023-04-16T00:59:23.047+0000] {logging_mixin.py:137} INFO - [2023-04-16T00:59:23.046+0000] {dagbag.py:532} INFO - Filling up the DagBag from /home/airflow/.local/lib/python3.7/site-packages/airflow/example_dags/example_task_group_decorator.py
[2023-04-16T00:59:23.088+0000] {processor.py:753} INFO - DAG(s) dict_keys(['example_task_group_decorator']) retrieved from /home/airflow/.local/lib/python3.7/site-packages/airflow/example_dags/example_task_group_decorator.py
[2023-04-16T00:59:23.140+0000] {logging_mixin.py:137} INFO - [2023-04-16T00:59:23.140+0000] {dag.py:2705} INFO - Sync 1 DAGs
[2023-04-16T00:59:23.186+0000] {logging_mixin.py:137} INFO - [2023-04-16T00:59:23.186+0000] {dag.py:3456} INFO - Setting next_dagrun for example_task_group_decorator to 2023-04-15T00:59:23.185821+00:00, run_after=2023-04-16T00:59:23.185821+00:00
[2023-04-16T00:59:23.207+0000] {processor.py:175} INFO - Processing /home/airflow/.local/lib/python3.7/site-packages/airflow/example_dags/example_task_group_decorator.py took 0.166 seconds
[2023-04-16T00:59:53.401+0000] {processor.py:153} INFO - Started process (PID=1106) to work on /home/airflow/.local/lib/python3.7/site-packages/airflow/example_dags/example_task_group_decorator.py
[2023-04-16T00:59:53.402+0000] {processor.py:743} INFO - Processing file /home/airflow/.local/lib/python3.7/site-packages/airflow/example_dags/example_task_group_decorator.py for tasks to queue
[2023-04-16T00:59:53.402+0000] {logging_mixin.py:137} INFO - [2023-04-16T00:59:53.402+0000] {dagbag.py:532} INFO - Filling up the DagBag from /home/airflow/.local/lib/python3.7/site-packages/airflow/example_dags/example_task_group_decorator.py
[2023-04-16T00:59:53.449+0000] {processor.py:753} INFO - DAG(s) dict_keys(['example_task_group_decorator']) retrieved from /home/airflow/.local/lib/python3.7/site-packages/airflow/example_dags/example_task_group_decorator.py
[2023-04-16T00:59:53.488+0000] {logging_mixin.py:137} INFO - [2023-04-16T00:59:53.488+0000] {dag.py:2705} INFO - Sync 1 DAGs
[2023-04-16T00:59:53.530+0000] {logging_mixin.py:137} INFO - [2023-04-16T00:59:53.530+0000] {dag.py:3456} INFO - Setting next_dagrun for example_task_group_decorator to 2023-04-15T00:59:53.530153+00:00, run_after=2023-04-16T00:59:53.530153+00:00
[2023-04-16T00:59:53.554+0000] {processor.py:175} INFO - Processing /home/airflow/.local/lib/python3.7/site-packages/airflow/example_dags/example_task_group_decorator.py took 0.157 seconds
