[2023-04-16T00:49:17.273+0000] {processor.py:153} INFO - Started process (PID=68) to work on /home/airflow/.local/lib/python3.7/site-packages/airflow/example_dags/example_task_group.py
[2023-04-16T00:49:17.274+0000] {processor.py:743} INFO - Processing file /home/airflow/.local/lib/python3.7/site-packages/airflow/example_dags/example_task_group.py for tasks to queue
[2023-04-16T00:49:17.275+0000] {logging_mixin.py:137} INFO - [2023-04-16T00:49:17.274+0000] {dagbag.py:532} INFO - Filling up the DagBag from /home/airflow/.local/lib/python3.7/site-packages/airflow/example_dags/example_task_group.py
[2023-04-16T00:49:17.298+0000] {processor.py:753} INFO - DAG(s) dict_keys(['example_task_group']) retrieved from /home/airflow/.local/lib/python3.7/site-packages/airflow/example_dags/example_task_group.py
[2023-04-16T00:49:17.331+0000] {logging_mixin.py:137} INFO - [2023-04-16T00:49:17.331+0000] {dag.py:2705} INFO - Sync 1 DAGs
[2023-04-16T00:49:17.371+0000] {logging_mixin.py:137} INFO - [2023-04-16T00:49:17.371+0000] {dag.py:3456} INFO - Setting next_dagrun for example_task_group to 2023-04-15T00:49:17.371152+00:00, run_after=2023-04-16T00:49:17.371152+00:00
[2023-04-16T00:49:17.395+0000] {processor.py:175} INFO - Processing /home/airflow/.local/lib/python3.7/site-packages/airflow/example_dags/example_task_group.py took 0.126 seconds
[2023-04-16T00:49:48.333+0000] {processor.py:153} INFO - Started process (PID=118) to work on /home/airflow/.local/lib/python3.7/site-packages/airflow/example_dags/example_task_group.py
[2023-04-16T00:49:48.334+0000] {processor.py:743} INFO - Processing file /home/airflow/.local/lib/python3.7/site-packages/airflow/example_dags/example_task_group.py for tasks to queue
[2023-04-16T00:49:48.334+0000] {logging_mixin.py:137} INFO - [2023-04-16T00:49:48.334+0000] {dagbag.py:532} INFO - Filling up the DagBag from /home/airflow/.local/lib/python3.7/site-packages/airflow/example_dags/example_task_group.py
[2023-04-16T00:49:48.356+0000] {processor.py:753} INFO - DAG(s) dict_keys(['example_task_group']) retrieved from /home/airflow/.local/lib/python3.7/site-packages/airflow/example_dags/example_task_group.py
[2023-04-16T00:49:48.394+0000] {logging_mixin.py:137} INFO - [2023-04-16T00:49:48.393+0000] {dag.py:2705} INFO - Sync 1 DAGs
[2023-04-16T00:49:48.433+0000] {logging_mixin.py:137} INFO - [2023-04-16T00:49:48.433+0000] {dag.py:3456} INFO - Setting next_dagrun for example_task_group to 2023-04-15T00:49:48.433192+00:00, run_after=2023-04-16T00:49:48.433192+00:00
[2023-04-16T00:49:48.460+0000] {processor.py:175} INFO - Processing /home/airflow/.local/lib/python3.7/site-packages/airflow/example_dags/example_task_group.py took 0.131 seconds
[2023-04-16T00:50:19.473+0000] {processor.py:153} INFO - Started process (PID=168) to work on /home/airflow/.local/lib/python3.7/site-packages/airflow/example_dags/example_task_group.py
[2023-04-16T00:50:19.474+0000] {processor.py:743} INFO - Processing file /home/airflow/.local/lib/python3.7/site-packages/airflow/example_dags/example_task_group.py for tasks to queue
[2023-04-16T00:50:19.474+0000] {logging_mixin.py:137} INFO - [2023-04-16T00:50:19.474+0000] {dagbag.py:532} INFO - Filling up the DagBag from /home/airflow/.local/lib/python3.7/site-packages/airflow/example_dags/example_task_group.py
[2023-04-16T00:50:19.495+0000] {processor.py:753} INFO - DAG(s) dict_keys(['example_task_group']) retrieved from /home/airflow/.local/lib/python3.7/site-packages/airflow/example_dags/example_task_group.py
[2023-04-16T00:50:19.528+0000] {logging_mixin.py:137} INFO - [2023-04-16T00:50:19.527+0000] {dag.py:2705} INFO - Sync 1 DAGs
[2023-04-16T00:50:19.567+0000] {logging_mixin.py:137} INFO - [2023-04-16T00:50:19.567+0000] {dag.py:3456} INFO - Setting next_dagrun for example_task_group to 2023-04-15T00:50:19.567321+00:00, run_after=2023-04-16T00:50:19.567321+00:00
[2023-04-16T00:50:19.589+0000] {processor.py:175} INFO - Processing /home/airflow/.local/lib/python3.7/site-packages/airflow/example_dags/example_task_group.py took 0.120 seconds
[2023-04-16T00:50:49.780+0000] {processor.py:153} INFO - Started process (PID=218) to work on /home/airflow/.local/lib/python3.7/site-packages/airflow/example_dags/example_task_group.py
[2023-04-16T00:50:49.781+0000] {processor.py:743} INFO - Processing file /home/airflow/.local/lib/python3.7/site-packages/airflow/example_dags/example_task_group.py for tasks to queue
[2023-04-16T00:50:49.782+0000] {logging_mixin.py:137} INFO - [2023-04-16T00:50:49.781+0000] {dagbag.py:532} INFO - Filling up the DagBag from /home/airflow/.local/lib/python3.7/site-packages/airflow/example_dags/example_task_group.py
[2023-04-16T00:50:49.801+0000] {processor.py:753} INFO - DAG(s) dict_keys(['example_task_group']) retrieved from /home/airflow/.local/lib/python3.7/site-packages/airflow/example_dags/example_task_group.py
[2023-04-16T00:50:49.834+0000] {logging_mixin.py:137} INFO - [2023-04-16T00:50:49.834+0000] {dag.py:2705} INFO - Sync 1 DAGs
[2023-04-16T00:50:49.873+0000] {logging_mixin.py:137} INFO - [2023-04-16T00:50:49.873+0000] {dag.py:3456} INFO - Setting next_dagrun for example_task_group to 2023-04-15T00:50:49.872963+00:00, run_after=2023-04-16T00:50:49.872963+00:00
[2023-04-16T00:50:49.894+0000] {processor.py:175} INFO - Processing /home/airflow/.local/lib/python3.7/site-packages/airflow/example_dags/example_task_group.py took 0.118 seconds
[2023-04-16T00:51:20.348+0000] {processor.py:153} INFO - Started process (PID=268) to work on /home/airflow/.local/lib/python3.7/site-packages/airflow/example_dags/example_task_group.py
[2023-04-16T00:51:20.349+0000] {processor.py:743} INFO - Processing file /home/airflow/.local/lib/python3.7/site-packages/airflow/example_dags/example_task_group.py for tasks to queue
[2023-04-16T00:51:20.350+0000] {logging_mixin.py:137} INFO - [2023-04-16T00:51:20.349+0000] {dagbag.py:532} INFO - Filling up the DagBag from /home/airflow/.local/lib/python3.7/site-packages/airflow/example_dags/example_task_group.py
[2023-04-16T00:51:20.370+0000] {processor.py:753} INFO - DAG(s) dict_keys(['example_task_group']) retrieved from /home/airflow/.local/lib/python3.7/site-packages/airflow/example_dags/example_task_group.py
[2023-04-16T00:51:20.404+0000] {logging_mixin.py:137} INFO - [2023-04-16T00:51:20.404+0000] {dag.py:2705} INFO - Sync 1 DAGs
[2023-04-16T00:51:20.447+0000] {logging_mixin.py:137} INFO - [2023-04-16T00:51:20.446+0000] {dag.py:3456} INFO - Setting next_dagrun for example_task_group to 2023-04-15T00:51:20.446430+00:00, run_after=2023-04-16T00:51:20.446430+00:00
[2023-04-16T00:51:20.471+0000] {processor.py:175} INFO - Processing /home/airflow/.local/lib/python3.7/site-packages/airflow/example_dags/example_task_group.py took 0.127 seconds
[2023-04-16T00:51:50.734+0000] {processor.py:153} INFO - Started process (PID=318) to work on /home/airflow/.local/lib/python3.7/site-packages/airflow/example_dags/example_task_group.py
[2023-04-16T00:51:50.736+0000] {processor.py:743} INFO - Processing file /home/airflow/.local/lib/python3.7/site-packages/airflow/example_dags/example_task_group.py for tasks to queue
[2023-04-16T00:51:50.736+0000] {logging_mixin.py:137} INFO - [2023-04-16T00:51:50.736+0000] {dagbag.py:532} INFO - Filling up the DagBag from /home/airflow/.local/lib/python3.7/site-packages/airflow/example_dags/example_task_group.py
[2023-04-16T00:51:50.758+0000] {processor.py:753} INFO - DAG(s) dict_keys(['example_task_group']) retrieved from /home/airflow/.local/lib/python3.7/site-packages/airflow/example_dags/example_task_group.py
[2023-04-16T00:51:50.796+0000] {logging_mixin.py:137} INFO - [2023-04-16T00:51:50.795+0000] {dag.py:2705} INFO - Sync 1 DAGs
[2023-04-16T00:51:50.848+0000] {logging_mixin.py:137} INFO - [2023-04-16T00:51:50.848+0000] {dag.py:3456} INFO - Setting next_dagrun for example_task_group to 2023-04-15T00:51:50.848125+00:00, run_after=2023-04-16T00:51:50.848125+00:00
[2023-04-16T00:51:50.874+0000] {processor.py:175} INFO - Processing /home/airflow/.local/lib/python3.7/site-packages/airflow/example_dags/example_task_group.py took 0.144 seconds
[2023-04-16T00:52:21.304+0000] {processor.py:153} INFO - Started process (PID=368) to work on /home/airflow/.local/lib/python3.7/site-packages/airflow/example_dags/example_task_group.py
[2023-04-16T00:52:21.305+0000] {processor.py:743} INFO - Processing file /home/airflow/.local/lib/python3.7/site-packages/airflow/example_dags/example_task_group.py for tasks to queue
[2023-04-16T00:52:21.305+0000] {logging_mixin.py:137} INFO - [2023-04-16T00:52:21.305+0000] {dagbag.py:532} INFO - Filling up the DagBag from /home/airflow/.local/lib/python3.7/site-packages/airflow/example_dags/example_task_group.py
[2023-04-16T00:52:21.325+0000] {processor.py:753} INFO - DAG(s) dict_keys(['example_task_group']) retrieved from /home/airflow/.local/lib/python3.7/site-packages/airflow/example_dags/example_task_group.py
[2023-04-16T00:52:21.359+0000] {logging_mixin.py:137} INFO - [2023-04-16T00:52:21.359+0000] {dag.py:2705} INFO - Sync 1 DAGs
[2023-04-16T00:52:21.399+0000] {logging_mixin.py:137} INFO - [2023-04-16T00:52:21.399+0000] {dag.py:3456} INFO - Setting next_dagrun for example_task_group to 2023-04-15T00:52:21.399506+00:00, run_after=2023-04-16T00:52:21.399506+00:00
[2023-04-16T00:52:21.422+0000] {processor.py:175} INFO - Processing /home/airflow/.local/lib/python3.7/site-packages/airflow/example_dags/example_task_group.py took 0.123 seconds
[2023-04-16T00:52:51.472+0000] {processor.py:153} INFO - Started process (PID=418) to work on /home/airflow/.local/lib/python3.7/site-packages/airflow/example_dags/example_task_group.py
[2023-04-16T00:52:51.475+0000] {processor.py:743} INFO - Processing file /home/airflow/.local/lib/python3.7/site-packages/airflow/example_dags/example_task_group.py for tasks to queue
[2023-04-16T00:52:51.475+0000] {logging_mixin.py:137} INFO - [2023-04-16T00:52:51.475+0000] {dagbag.py:532} INFO - Filling up the DagBag from /home/airflow/.local/lib/python3.7/site-packages/airflow/example_dags/example_task_group.py
[2023-04-16T00:52:51.498+0000] {processor.py:753} INFO - DAG(s) dict_keys(['example_task_group']) retrieved from /home/airflow/.local/lib/python3.7/site-packages/airflow/example_dags/example_task_group.py
[2023-04-16T00:52:51.531+0000] {logging_mixin.py:137} INFO - [2023-04-16T00:52:51.531+0000] {dag.py:2705} INFO - Sync 1 DAGs
[2023-04-16T00:52:51.585+0000] {logging_mixin.py:137} INFO - [2023-04-16T00:52:51.585+0000] {dag.py:3456} INFO - Setting next_dagrun for example_task_group to 2023-04-15T00:52:51.584793+00:00, run_after=2023-04-16T00:52:51.584793+00:00
[2023-04-16T00:52:51.614+0000] {processor.py:175} INFO - Processing /home/airflow/.local/lib/python3.7/site-packages/airflow/example_dags/example_task_group.py took 0.147 seconds
[2023-04-16T00:53:21.650+0000] {processor.py:153} INFO - Started process (PID=468) to work on /home/airflow/.local/lib/python3.7/site-packages/airflow/example_dags/example_task_group.py
[2023-04-16T00:53:21.651+0000] {processor.py:743} INFO - Processing file /home/airflow/.local/lib/python3.7/site-packages/airflow/example_dags/example_task_group.py for tasks to queue
[2023-04-16T00:53:21.651+0000] {logging_mixin.py:137} INFO - [2023-04-16T00:53:21.651+0000] {dagbag.py:532} INFO - Filling up the DagBag from /home/airflow/.local/lib/python3.7/site-packages/airflow/example_dags/example_task_group.py
[2023-04-16T00:53:21.671+0000] {processor.py:753} INFO - DAG(s) dict_keys(['example_task_group']) retrieved from /home/airflow/.local/lib/python3.7/site-packages/airflow/example_dags/example_task_group.py
[2023-04-16T00:53:21.705+0000] {logging_mixin.py:137} INFO - [2023-04-16T00:53:21.705+0000] {dag.py:2705} INFO - Sync 1 DAGs
[2023-04-16T00:53:21.747+0000] {logging_mixin.py:137} INFO - [2023-04-16T00:53:21.746+0000] {dag.py:3456} INFO - Setting next_dagrun for example_task_group to 2023-04-15T00:53:21.746675+00:00, run_after=2023-04-16T00:53:21.746675+00:00
[2023-04-16T00:53:21.767+0000] {processor.py:175} INFO - Processing /home/airflow/.local/lib/python3.7/site-packages/airflow/example_dags/example_task_group.py took 0.121 seconds
[2023-04-16T00:53:51.791+0000] {processor.py:153} INFO - Started process (PID=517) to work on /home/airflow/.local/lib/python3.7/site-packages/airflow/example_dags/example_task_group.py
[2023-04-16T00:53:51.792+0000] {processor.py:743} INFO - Processing file /home/airflow/.local/lib/python3.7/site-packages/airflow/example_dags/example_task_group.py for tasks to queue
[2023-04-16T00:53:51.793+0000] {logging_mixin.py:137} INFO - [2023-04-16T00:53:51.793+0000] {dagbag.py:532} INFO - Filling up the DagBag from /home/airflow/.local/lib/python3.7/site-packages/airflow/example_dags/example_task_group.py
[2023-04-16T00:53:51.812+0000] {processor.py:753} INFO - DAG(s) dict_keys(['example_task_group']) retrieved from /home/airflow/.local/lib/python3.7/site-packages/airflow/example_dags/example_task_group.py
[2023-04-16T00:53:51.847+0000] {logging_mixin.py:137} INFO - [2023-04-16T00:53:51.846+0000] {dag.py:2705} INFO - Sync 1 DAGs
[2023-04-16T00:53:51.887+0000] {logging_mixin.py:137} INFO - [2023-04-16T00:53:51.887+0000] {dag.py:3456} INFO - Setting next_dagrun for example_task_group to 2023-04-15T00:53:51.887132+00:00, run_after=2023-04-16T00:53:51.887132+00:00
[2023-04-16T00:53:51.910+0000] {processor.py:175} INFO - Processing /home/airflow/.local/lib/python3.7/site-packages/airflow/example_dags/example_task_group.py took 0.123 seconds
[2023-04-16T00:54:22.686+0000] {processor.py:153} INFO - Started process (PID=567) to work on /home/airflow/.local/lib/python3.7/site-packages/airflow/example_dags/example_task_group.py
[2023-04-16T00:54:22.687+0000] {processor.py:743} INFO - Processing file /home/airflow/.local/lib/python3.7/site-packages/airflow/example_dags/example_task_group.py for tasks to queue
[2023-04-16T00:54:22.687+0000] {logging_mixin.py:137} INFO - [2023-04-16T00:54:22.687+0000] {dagbag.py:532} INFO - Filling up the DagBag from /home/airflow/.local/lib/python3.7/site-packages/airflow/example_dags/example_task_group.py
[2023-04-16T00:54:22.711+0000] {processor.py:753} INFO - DAG(s) dict_keys(['example_task_group']) retrieved from /home/airflow/.local/lib/python3.7/site-packages/airflow/example_dags/example_task_group.py
[2023-04-16T00:54:22.746+0000] {logging_mixin.py:137} INFO - [2023-04-16T00:54:22.746+0000] {dag.py:2705} INFO - Sync 1 DAGs
[2023-04-16T00:54:22.793+0000] {logging_mixin.py:137} INFO - [2023-04-16T00:54:22.793+0000] {dag.py:3456} INFO - Setting next_dagrun for example_task_group to 2023-04-15T00:54:22.792895+00:00, run_after=2023-04-16T00:54:22.792895+00:00
[2023-04-16T00:54:22.819+0000] {processor.py:175} INFO - Processing /home/airflow/.local/lib/python3.7/site-packages/airflow/example_dags/example_task_group.py took 0.137 seconds
[2023-04-16T00:54:53.053+0000] {processor.py:153} INFO - Started process (PID=616) to work on /home/airflow/.local/lib/python3.7/site-packages/airflow/example_dags/example_task_group.py
[2023-04-16T00:54:53.053+0000] {processor.py:743} INFO - Processing file /home/airflow/.local/lib/python3.7/site-packages/airflow/example_dags/example_task_group.py for tasks to queue
[2023-04-16T00:54:53.055+0000] {logging_mixin.py:137} INFO - [2023-04-16T00:54:53.055+0000] {dagbag.py:532} INFO - Filling up the DagBag from /home/airflow/.local/lib/python3.7/site-packages/airflow/example_dags/example_task_group.py
[2023-04-16T00:54:53.074+0000] {processor.py:753} INFO - DAG(s) dict_keys(['example_task_group']) retrieved from /home/airflow/.local/lib/python3.7/site-packages/airflow/example_dags/example_task_group.py
[2023-04-16T00:54:53.108+0000] {logging_mixin.py:137} INFO - [2023-04-16T00:54:53.107+0000] {dag.py:2705} INFO - Sync 1 DAGs
[2023-04-16T00:54:53.153+0000] {logging_mixin.py:137} INFO - [2023-04-16T00:54:53.153+0000] {dag.py:3456} INFO - Setting next_dagrun for example_task_group to 2023-04-15T00:54:53.153508+00:00, run_after=2023-04-16T00:54:53.153508+00:00
[2023-04-16T00:54:53.177+0000] {processor.py:175} INFO - Processing /home/airflow/.local/lib/python3.7/site-packages/airflow/example_dags/example_task_group.py took 0.128 seconds
[2023-04-16T00:55:23.386+0000] {processor.py:153} INFO - Started process (PID=666) to work on /home/airflow/.local/lib/python3.7/site-packages/airflow/example_dags/example_task_group.py
[2023-04-16T00:55:23.387+0000] {processor.py:743} INFO - Processing file /home/airflow/.local/lib/python3.7/site-packages/airflow/example_dags/example_task_group.py for tasks to queue
[2023-04-16T00:55:23.387+0000] {logging_mixin.py:137} INFO - [2023-04-16T00:55:23.387+0000] {dagbag.py:532} INFO - Filling up the DagBag from /home/airflow/.local/lib/python3.7/site-packages/airflow/example_dags/example_task_group.py
[2023-04-16T00:55:23.407+0000] {processor.py:753} INFO - DAG(s) dict_keys(['example_task_group']) retrieved from /home/airflow/.local/lib/python3.7/site-packages/airflow/example_dags/example_task_group.py
[2023-04-16T00:55:23.440+0000] {logging_mixin.py:137} INFO - [2023-04-16T00:55:23.440+0000] {dag.py:2705} INFO - Sync 1 DAGs
[2023-04-16T00:55:23.479+0000] {logging_mixin.py:137} INFO - [2023-04-16T00:55:23.479+0000] {dag.py:3456} INFO - Setting next_dagrun for example_task_group to 2023-04-15T00:55:23.479316+00:00, run_after=2023-04-16T00:55:23.479316+00:00
[2023-04-16T00:55:23.500+0000] {processor.py:175} INFO - Processing /home/airflow/.local/lib/python3.7/site-packages/airflow/example_dags/example_task_group.py took 0.117 seconds
[2023-04-16T00:55:53.646+0000] {processor.py:153} INFO - Started process (PID=716) to work on /home/airflow/.local/lib/python3.7/site-packages/airflow/example_dags/example_task_group.py
[2023-04-16T00:55:53.646+0000] {processor.py:743} INFO - Processing file /home/airflow/.local/lib/python3.7/site-packages/airflow/example_dags/example_task_group.py for tasks to queue
[2023-04-16T00:55:53.647+0000] {logging_mixin.py:137} INFO - [2023-04-16T00:55:53.647+0000] {dagbag.py:532} INFO - Filling up the DagBag from /home/airflow/.local/lib/python3.7/site-packages/airflow/example_dags/example_task_group.py
[2023-04-16T00:55:53.667+0000] {processor.py:753} INFO - DAG(s) dict_keys(['example_task_group']) retrieved from /home/airflow/.local/lib/python3.7/site-packages/airflow/example_dags/example_task_group.py
[2023-04-16T00:55:53.701+0000] {logging_mixin.py:137} INFO - [2023-04-16T00:55:53.701+0000] {dag.py:2705} INFO - Sync 1 DAGs
[2023-04-16T00:55:53.740+0000] {logging_mixin.py:137} INFO - [2023-04-16T00:55:53.740+0000] {dag.py:3456} INFO - Setting next_dagrun for example_task_group to 2023-04-15T00:55:53.740351+00:00, run_after=2023-04-16T00:55:53.740351+00:00
[2023-04-16T00:55:53.762+0000] {processor.py:175} INFO - Processing /home/airflow/.local/lib/python3.7/site-packages/airflow/example_dags/example_task_group.py took 0.121 seconds
[2023-04-16T00:56:24.053+0000] {processor.py:153} INFO - Started process (PID=766) to work on /home/airflow/.local/lib/python3.7/site-packages/airflow/example_dags/example_task_group.py
[2023-04-16T00:56:24.055+0000] {processor.py:743} INFO - Processing file /home/airflow/.local/lib/python3.7/site-packages/airflow/example_dags/example_task_group.py for tasks to queue
[2023-04-16T00:56:24.056+0000] {logging_mixin.py:137} INFO - [2023-04-16T00:56:24.056+0000] {dagbag.py:532} INFO - Filling up the DagBag from /home/airflow/.local/lib/python3.7/site-packages/airflow/example_dags/example_task_group.py
[2023-04-16T00:56:24.080+0000] {processor.py:753} INFO - DAG(s) dict_keys(['example_task_group']) retrieved from /home/airflow/.local/lib/python3.7/site-packages/airflow/example_dags/example_task_group.py
[2023-04-16T00:56:24.118+0000] {logging_mixin.py:137} INFO - [2023-04-16T00:56:24.118+0000] {dag.py:2705} INFO - Sync 1 DAGs
[2023-04-16T00:56:24.162+0000] {logging_mixin.py:137} INFO - [2023-04-16T00:56:24.162+0000] {dag.py:3456} INFO - Setting next_dagrun for example_task_group to 2023-04-15T00:56:24.162044+00:00, run_after=2023-04-16T00:56:24.162044+00:00
[2023-04-16T00:56:24.184+0000] {processor.py:175} INFO - Processing /home/airflow/.local/lib/python3.7/site-packages/airflow/example_dags/example_task_group.py took 0.136 seconds
[2023-04-16T00:56:54.407+0000] {processor.py:153} INFO - Started process (PID=816) to work on /home/airflow/.local/lib/python3.7/site-packages/airflow/example_dags/example_task_group.py
[2023-04-16T00:56:54.408+0000] {processor.py:743} INFO - Processing file /home/airflow/.local/lib/python3.7/site-packages/airflow/example_dags/example_task_group.py for tasks to queue
[2023-04-16T00:56:54.409+0000] {logging_mixin.py:137} INFO - [2023-04-16T00:56:54.408+0000] {dagbag.py:532} INFO - Filling up the DagBag from /home/airflow/.local/lib/python3.7/site-packages/airflow/example_dags/example_task_group.py
[2023-04-16T00:56:54.429+0000] {processor.py:753} INFO - DAG(s) dict_keys(['example_task_group']) retrieved from /home/airflow/.local/lib/python3.7/site-packages/airflow/example_dags/example_task_group.py
[2023-04-16T00:56:54.472+0000] {logging_mixin.py:137} INFO - [2023-04-16T00:56:54.471+0000] {dag.py:2705} INFO - Sync 1 DAGs
[2023-04-16T00:56:54.520+0000] {logging_mixin.py:137} INFO - [2023-04-16T00:56:54.520+0000] {dag.py:3456} INFO - Setting next_dagrun for example_task_group to 2023-04-15T00:56:54.519950+00:00, run_after=2023-04-16T00:56:54.519950+00:00
[2023-04-16T00:56:54.548+0000] {processor.py:175} INFO - Processing /home/airflow/.local/lib/python3.7/site-packages/airflow/example_dags/example_task_group.py took 0.145 seconds
[2023-04-16T00:57:24.745+0000] {processor.py:153} INFO - Started process (PID=866) to work on /home/airflow/.local/lib/python3.7/site-packages/airflow/example_dags/example_task_group.py
[2023-04-16T00:57:24.746+0000] {processor.py:743} INFO - Processing file /home/airflow/.local/lib/python3.7/site-packages/airflow/example_dags/example_task_group.py for tasks to queue
[2023-04-16T00:57:24.746+0000] {logging_mixin.py:137} INFO - [2023-04-16T00:57:24.746+0000] {dagbag.py:532} INFO - Filling up the DagBag from /home/airflow/.local/lib/python3.7/site-packages/airflow/example_dags/example_task_group.py
[2023-04-16T00:57:24.767+0000] {processor.py:753} INFO - DAG(s) dict_keys(['example_task_group']) retrieved from /home/airflow/.local/lib/python3.7/site-packages/airflow/example_dags/example_task_group.py
[2023-04-16T00:57:24.803+0000] {logging_mixin.py:137} INFO - [2023-04-16T00:57:24.803+0000] {dag.py:2705} INFO - Sync 1 DAGs
[2023-04-16T00:57:24.844+0000] {logging_mixin.py:137} INFO - [2023-04-16T00:57:24.844+0000] {dag.py:3456} INFO - Setting next_dagrun for example_task_group to 2023-04-15T00:57:24.844425+00:00, run_after=2023-04-16T00:57:24.844425+00:00
[2023-04-16T00:57:24.870+0000] {processor.py:175} INFO - Processing /home/airflow/.local/lib/python3.7/site-packages/airflow/example_dags/example_task_group.py took 0.129 seconds
[2023-04-16T00:57:55.184+0000] {processor.py:153} INFO - Started process (PID=916) to work on /home/airflow/.local/lib/python3.7/site-packages/airflow/example_dags/example_task_group.py
[2023-04-16T00:57:55.185+0000] {processor.py:743} INFO - Processing file /home/airflow/.local/lib/python3.7/site-packages/airflow/example_dags/example_task_group.py for tasks to queue
[2023-04-16T00:57:55.185+0000] {logging_mixin.py:137} INFO - [2023-04-16T00:57:55.185+0000] {dagbag.py:532} INFO - Filling up the DagBag from /home/airflow/.local/lib/python3.7/site-packages/airflow/example_dags/example_task_group.py
[2023-04-16T00:57:55.205+0000] {processor.py:753} INFO - DAG(s) dict_keys(['example_task_group']) retrieved from /home/airflow/.local/lib/python3.7/site-packages/airflow/example_dags/example_task_group.py
[2023-04-16T00:57:55.239+0000] {logging_mixin.py:137} INFO - [2023-04-16T00:57:55.239+0000] {dag.py:2705} INFO - Sync 1 DAGs
[2023-04-16T00:57:55.277+0000] {logging_mixin.py:137} INFO - [2023-04-16T00:57:55.277+0000] {dag.py:3456} INFO - Setting next_dagrun for example_task_group to 2023-04-15T00:57:55.277022+00:00, run_after=2023-04-16T00:57:55.277022+00:00
[2023-04-16T00:57:55.299+0000] {processor.py:175} INFO - Processing /home/airflow/.local/lib/python3.7/site-packages/airflow/example_dags/example_task_group.py took 0.119 seconds
[2023-04-16T00:58:25.473+0000] {processor.py:153} INFO - Started process (PID=966) to work on /home/airflow/.local/lib/python3.7/site-packages/airflow/example_dags/example_task_group.py
[2023-04-16T00:58:25.474+0000] {processor.py:743} INFO - Processing file /home/airflow/.local/lib/python3.7/site-packages/airflow/example_dags/example_task_group.py for tasks to queue
[2023-04-16T00:58:25.475+0000] {logging_mixin.py:137} INFO - [2023-04-16T00:58:25.475+0000] {dagbag.py:532} INFO - Filling up the DagBag from /home/airflow/.local/lib/python3.7/site-packages/airflow/example_dags/example_task_group.py
[2023-04-16T00:58:25.496+0000] {processor.py:753} INFO - DAG(s) dict_keys(['example_task_group']) retrieved from /home/airflow/.local/lib/python3.7/site-packages/airflow/example_dags/example_task_group.py
[2023-04-16T00:58:25.530+0000] {logging_mixin.py:137} INFO - [2023-04-16T00:58:25.529+0000] {dag.py:2705} INFO - Sync 1 DAGs
[2023-04-16T00:58:25.572+0000] {logging_mixin.py:137} INFO - [2023-04-16T00:58:25.572+0000] {dag.py:3456} INFO - Setting next_dagrun for example_task_group to 2023-04-15T00:58:25.571919+00:00, run_after=2023-04-16T00:58:25.571919+00:00
[2023-04-16T00:58:25.594+0000] {processor.py:175} INFO - Processing /home/airflow/.local/lib/python3.7/site-packages/airflow/example_dags/example_task_group.py took 0.131 seconds
[2023-04-16T00:58:55.701+0000] {processor.py:153} INFO - Started process (PID=1016) to work on /home/airflow/.local/lib/python3.7/site-packages/airflow/example_dags/example_task_group.py
[2023-04-16T00:58:55.702+0000] {processor.py:743} INFO - Processing file /home/airflow/.local/lib/python3.7/site-packages/airflow/example_dags/example_task_group.py for tasks to queue
[2023-04-16T00:58:55.702+0000] {logging_mixin.py:137} INFO - [2023-04-16T00:58:55.702+0000] {dagbag.py:532} INFO - Filling up the DagBag from /home/airflow/.local/lib/python3.7/site-packages/airflow/example_dags/example_task_group.py
[2023-04-16T00:58:55.722+0000] {processor.py:753} INFO - DAG(s) dict_keys(['example_task_group']) retrieved from /home/airflow/.local/lib/python3.7/site-packages/airflow/example_dags/example_task_group.py
[2023-04-16T00:58:55.756+0000] {logging_mixin.py:137} INFO - [2023-04-16T00:58:55.755+0000] {dag.py:2705} INFO - Sync 1 DAGs
[2023-04-16T00:58:55.796+0000] {logging_mixin.py:137} INFO - [2023-04-16T00:58:55.796+0000] {dag.py:3456} INFO - Setting next_dagrun for example_task_group to 2023-04-15T00:58:55.795854+00:00, run_after=2023-04-16T00:58:55.795854+00:00
[2023-04-16T00:58:55.817+0000] {processor.py:175} INFO - Processing /home/airflow/.local/lib/python3.7/site-packages/airflow/example_dags/example_task_group.py took 0.120 seconds
[2023-04-16T00:59:25.906+0000] {processor.py:153} INFO - Started process (PID=1066) to work on /home/airflow/.local/lib/python3.7/site-packages/airflow/example_dags/example_task_group.py
[2023-04-16T00:59:25.907+0000] {processor.py:743} INFO - Processing file /home/airflow/.local/lib/python3.7/site-packages/airflow/example_dags/example_task_group.py for tasks to queue
[2023-04-16T00:59:25.908+0000] {logging_mixin.py:137} INFO - [2023-04-16T00:59:25.907+0000] {dagbag.py:532} INFO - Filling up the DagBag from /home/airflow/.local/lib/python3.7/site-packages/airflow/example_dags/example_task_group.py
[2023-04-16T00:59:25.936+0000] {processor.py:753} INFO - DAG(s) dict_keys(['example_task_group']) retrieved from /home/airflow/.local/lib/python3.7/site-packages/airflow/example_dags/example_task_group.py
[2023-04-16T00:59:25.971+0000] {logging_mixin.py:137} INFO - [2023-04-16T00:59:25.971+0000] {dag.py:2705} INFO - Sync 1 DAGs
[2023-04-16T00:59:26.011+0000] {logging_mixin.py:137} INFO - [2023-04-16T00:59:26.011+0000] {dag.py:3456} INFO - Setting next_dagrun for example_task_group to 2023-04-15T00:59:26.010730+00:00, run_after=2023-04-16T00:59:26.010730+00:00
[2023-04-16T00:59:26.032+0000] {processor.py:175} INFO - Processing /home/airflow/.local/lib/python3.7/site-packages/airflow/example_dags/example_task_group.py took 0.130 seconds
[2023-04-16T00:59:56.228+0000] {processor.py:153} INFO - Started process (PID=1116) to work on /home/airflow/.local/lib/python3.7/site-packages/airflow/example_dags/example_task_group.py
[2023-04-16T00:59:56.229+0000] {processor.py:743} INFO - Processing file /home/airflow/.local/lib/python3.7/site-packages/airflow/example_dags/example_task_group.py for tasks to queue
[2023-04-16T00:59:56.230+0000] {logging_mixin.py:137} INFO - [2023-04-16T00:59:56.230+0000] {dagbag.py:532} INFO - Filling up the DagBag from /home/airflow/.local/lib/python3.7/site-packages/airflow/example_dags/example_task_group.py
[2023-04-16T00:59:56.250+0000] {processor.py:753} INFO - DAG(s) dict_keys(['example_task_group']) retrieved from /home/airflow/.local/lib/python3.7/site-packages/airflow/example_dags/example_task_group.py
[2023-04-16T00:59:56.284+0000] {logging_mixin.py:137} INFO - [2023-04-16T00:59:56.283+0000] {dag.py:2705} INFO - Sync 1 DAGs
[2023-04-16T00:59:56.323+0000] {logging_mixin.py:137} INFO - [2023-04-16T00:59:56.323+0000] {dag.py:3456} INFO - Setting next_dagrun for example_task_group to 2023-04-15T00:59:56.323330+00:00, run_after=2023-04-16T00:59:56.323330+00:00
[2023-04-16T00:59:56.350+0000] {processor.py:175} INFO - Processing /home/airflow/.local/lib/python3.7/site-packages/airflow/example_dags/example_task_group.py took 0.125 seconds
