[2023-04-16T00:49:13.733+0000] {processor.py:153} INFO - Started process (PID=37) to work on /home/airflow/.local/lib/python3.7/site-packages/airflow/example_dags/example_branch_python_dop_operator_3.py
[2023-04-16T00:49:13.734+0000] {processor.py:743} INFO - Processing file /home/airflow/.local/lib/python3.7/site-packages/airflow/example_dags/example_branch_python_dop_operator_3.py for tasks to queue
[2023-04-16T00:49:13.736+0000] {logging_mixin.py:137} INFO - [2023-04-16T00:49:13.736+0000] {dagbag.py:532} INFO - Filling up the DagBag from /home/airflow/.local/lib/python3.7/site-packages/airflow/example_dags/example_branch_python_dop_operator_3.py
[2023-04-16T00:49:13.815+0000] {processor.py:753} INFO - DAG(s) dict_keys(['example_branch_dop_operator_v3']) retrieved from /home/airflow/.local/lib/python3.7/site-packages/airflow/example_dags/example_branch_python_dop_operator_3.py
[2023-04-16T00:49:13.871+0000] {logging_mixin.py:137} INFO - [2023-04-16T00:49:13.871+0000] {dag.py:2705} INFO - Sync 1 DAGs
[2023-04-16T00:49:13.936+0000] {logging_mixin.py:137} INFO - [2023-04-16T00:49:13.936+0000] {dag.py:3456} INFO - Setting next_dagrun for example_branch_dop_operator_v3 to 2023-04-16T00:48:00+00:00, run_after=2023-04-16T00:49:00+00:00
[2023-04-16T00:49:13.963+0000] {processor.py:175} INFO - Processing /home/airflow/.local/lib/python3.7/site-packages/airflow/example_dags/example_branch_python_dop_operator_3.py took 0.234 seconds
[2023-04-16T00:49:44.208+0000] {processor.py:153} INFO - Started process (PID=87) to work on /home/airflow/.local/lib/python3.7/site-packages/airflow/example_dags/example_branch_python_dop_operator_3.py
[2023-04-16T00:49:44.214+0000] {processor.py:743} INFO - Processing file /home/airflow/.local/lib/python3.7/site-packages/airflow/example_dags/example_branch_python_dop_operator_3.py for tasks to queue
[2023-04-16T00:49:44.215+0000] {logging_mixin.py:137} INFO - [2023-04-16T00:49:44.215+0000] {dagbag.py:532} INFO - Filling up the DagBag from /home/airflow/.local/lib/python3.7/site-packages/airflow/example_dags/example_branch_python_dop_operator_3.py
[2023-04-16T00:49:44.257+0000] {processor.py:753} INFO - DAG(s) dict_keys(['example_branch_dop_operator_v3']) retrieved from /home/airflow/.local/lib/python3.7/site-packages/airflow/example_dags/example_branch_python_dop_operator_3.py
[2023-04-16T00:49:44.288+0000] {logging_mixin.py:137} INFO - [2023-04-16T00:49:44.288+0000] {dag.py:2705} INFO - Sync 1 DAGs
[2023-04-16T00:49:44.338+0000] {logging_mixin.py:137} INFO - [2023-04-16T00:49:44.338+0000] {dag.py:3456} INFO - Setting next_dagrun for example_branch_dop_operator_v3 to 2023-04-16T00:48:00+00:00, run_after=2023-04-16T00:49:00+00:00
[2023-04-16T00:49:44.364+0000] {processor.py:175} INFO - Processing /home/airflow/.local/lib/python3.7/site-packages/airflow/example_dags/example_branch_python_dop_operator_3.py took 0.161 seconds
[2023-04-16T00:50:14.514+0000] {processor.py:153} INFO - Started process (PID=137) to work on /home/airflow/.local/lib/python3.7/site-packages/airflow/example_dags/example_branch_python_dop_operator_3.py
[2023-04-16T00:50:14.515+0000] {processor.py:743} INFO - Processing file /home/airflow/.local/lib/python3.7/site-packages/airflow/example_dags/example_branch_python_dop_operator_3.py for tasks to queue
[2023-04-16T00:50:14.516+0000] {logging_mixin.py:137} INFO - [2023-04-16T00:50:14.516+0000] {dagbag.py:532} INFO - Filling up the DagBag from /home/airflow/.local/lib/python3.7/site-packages/airflow/example_dags/example_branch_python_dop_operator_3.py
[2023-04-16T00:50:14.548+0000] {processor.py:753} INFO - DAG(s) dict_keys(['example_branch_dop_operator_v3']) retrieved from /home/airflow/.local/lib/python3.7/site-packages/airflow/example_dags/example_branch_python_dop_operator_3.py
[2023-04-16T00:50:14.578+0000] {logging_mixin.py:137} INFO - [2023-04-16T00:50:14.578+0000] {dag.py:2705} INFO - Sync 1 DAGs
[2023-04-16T00:50:14.626+0000] {logging_mixin.py:137} INFO - [2023-04-16T00:50:14.626+0000] {dag.py:3456} INFO - Setting next_dagrun for example_branch_dop_operator_v3 to 2023-04-16T00:49:00+00:00, run_after=2023-04-16T00:50:00+00:00
[2023-04-16T00:50:14.649+0000] {processor.py:175} INFO - Processing /home/airflow/.local/lib/python3.7/site-packages/airflow/example_dags/example_branch_python_dop_operator_3.py took 0.138 seconds
[2023-04-16T00:50:44.888+0000] {processor.py:153} INFO - Started process (PID=187) to work on /home/airflow/.local/lib/python3.7/site-packages/airflow/example_dags/example_branch_python_dop_operator_3.py
[2023-04-16T00:50:44.889+0000] {processor.py:743} INFO - Processing file /home/airflow/.local/lib/python3.7/site-packages/airflow/example_dags/example_branch_python_dop_operator_3.py for tasks to queue
[2023-04-16T00:50:44.890+0000] {logging_mixin.py:137} INFO - [2023-04-16T00:50:44.890+0000] {dagbag.py:532} INFO - Filling up the DagBag from /home/airflow/.local/lib/python3.7/site-packages/airflow/example_dags/example_branch_python_dop_operator_3.py
[2023-04-16T00:50:44.924+0000] {processor.py:753} INFO - DAG(s) dict_keys(['example_branch_dop_operator_v3']) retrieved from /home/airflow/.local/lib/python3.7/site-packages/airflow/example_dags/example_branch_python_dop_operator_3.py
[2023-04-16T00:50:44.954+0000] {logging_mixin.py:137} INFO - [2023-04-16T00:50:44.953+0000] {dag.py:2705} INFO - Sync 1 DAGs
[2023-04-16T00:50:45.011+0000] {logging_mixin.py:137} INFO - [2023-04-16T00:50:45.011+0000] {dag.py:3456} INFO - Setting next_dagrun for example_branch_dop_operator_v3 to 2023-04-16T00:49:00+00:00, run_after=2023-04-16T00:50:00+00:00
[2023-04-16T00:50:45.061+0000] {processor.py:175} INFO - Processing /home/airflow/.local/lib/python3.7/site-packages/airflow/example_dags/example_branch_python_dop_operator_3.py took 0.177 seconds
[2023-04-16T00:51:15.665+0000] {processor.py:153} INFO - Started process (PID=237) to work on /home/airflow/.local/lib/python3.7/site-packages/airflow/example_dags/example_branch_python_dop_operator_3.py
[2023-04-16T00:51:15.665+0000] {processor.py:743} INFO - Processing file /home/airflow/.local/lib/python3.7/site-packages/airflow/example_dags/example_branch_python_dop_operator_3.py for tasks to queue
[2023-04-16T00:51:15.666+0000] {logging_mixin.py:137} INFO - [2023-04-16T00:51:15.666+0000] {dagbag.py:532} INFO - Filling up the DagBag from /home/airflow/.local/lib/python3.7/site-packages/airflow/example_dags/example_branch_python_dop_operator_3.py
[2023-04-16T00:51:15.699+0000] {processor.py:753} INFO - DAG(s) dict_keys(['example_branch_dop_operator_v3']) retrieved from /home/airflow/.local/lib/python3.7/site-packages/airflow/example_dags/example_branch_python_dop_operator_3.py
[2023-04-16T00:51:15.730+0000] {logging_mixin.py:137} INFO - [2023-04-16T00:51:15.730+0000] {dag.py:2705} INFO - Sync 1 DAGs
[2023-04-16T00:51:15.781+0000] {logging_mixin.py:137} INFO - [2023-04-16T00:51:15.781+0000] {dag.py:3456} INFO - Setting next_dagrun for example_branch_dop_operator_v3 to 2023-04-16T00:50:00+00:00, run_after=2023-04-16T00:51:00+00:00
[2023-04-16T00:51:15.807+0000] {processor.py:175} INFO - Processing /home/airflow/.local/lib/python3.7/site-packages/airflow/example_dags/example_branch_python_dop_operator_3.py took 0.150 seconds
[2023-04-16T00:51:45.972+0000] {processor.py:153} INFO - Started process (PID=287) to work on /home/airflow/.local/lib/python3.7/site-packages/airflow/example_dags/example_branch_python_dop_operator_3.py
[2023-04-16T00:51:45.973+0000] {processor.py:743} INFO - Processing file /home/airflow/.local/lib/python3.7/site-packages/airflow/example_dags/example_branch_python_dop_operator_3.py for tasks to queue
[2023-04-16T00:51:45.973+0000] {logging_mixin.py:137} INFO - [2023-04-16T00:51:45.973+0000] {dagbag.py:532} INFO - Filling up the DagBag from /home/airflow/.local/lib/python3.7/site-packages/airflow/example_dags/example_branch_python_dop_operator_3.py
[2023-04-16T00:51:46.006+0000] {processor.py:753} INFO - DAG(s) dict_keys(['example_branch_dop_operator_v3']) retrieved from /home/airflow/.local/lib/python3.7/site-packages/airflow/example_dags/example_branch_python_dop_operator_3.py
[2023-04-16T00:51:46.036+0000] {logging_mixin.py:137} INFO - [2023-04-16T00:51:46.036+0000] {dag.py:2705} INFO - Sync 1 DAGs
[2023-04-16T00:51:46.088+0000] {logging_mixin.py:137} INFO - [2023-04-16T00:51:46.087+0000] {dag.py:3456} INFO - Setting next_dagrun for example_branch_dop_operator_v3 to 2023-04-16T00:50:00+00:00, run_after=2023-04-16T00:51:00+00:00
[2023-04-16T00:51:46.111+0000] {processor.py:175} INFO - Processing /home/airflow/.local/lib/python3.7/site-packages/airflow/example_dags/example_branch_python_dop_operator_3.py took 0.143 seconds
[2023-04-16T00:52:16.215+0000] {processor.py:153} INFO - Started process (PID=337) to work on /home/airflow/.local/lib/python3.7/site-packages/airflow/example_dags/example_branch_python_dop_operator_3.py
[2023-04-16T00:52:16.216+0000] {processor.py:743} INFO - Processing file /home/airflow/.local/lib/python3.7/site-packages/airflow/example_dags/example_branch_python_dop_operator_3.py for tasks to queue
[2023-04-16T00:52:16.217+0000] {logging_mixin.py:137} INFO - [2023-04-16T00:52:16.217+0000] {dagbag.py:532} INFO - Filling up the DagBag from /home/airflow/.local/lib/python3.7/site-packages/airflow/example_dags/example_branch_python_dop_operator_3.py
[2023-04-16T00:52:16.264+0000] {processor.py:753} INFO - DAG(s) dict_keys(['example_branch_dop_operator_v3']) retrieved from /home/airflow/.local/lib/python3.7/site-packages/airflow/example_dags/example_branch_python_dop_operator_3.py
[2023-04-16T00:52:16.303+0000] {logging_mixin.py:137} INFO - [2023-04-16T00:52:16.303+0000] {dag.py:2705} INFO - Sync 1 DAGs
[2023-04-16T00:52:16.356+0000] {logging_mixin.py:137} INFO - [2023-04-16T00:52:16.356+0000] {dag.py:3456} INFO - Setting next_dagrun for example_branch_dop_operator_v3 to 2023-04-16T00:51:00+00:00, run_after=2023-04-16T00:52:00+00:00
[2023-04-16T00:52:16.383+0000] {processor.py:175} INFO - Processing /home/airflow/.local/lib/python3.7/site-packages/airflow/example_dags/example_branch_python_dop_operator_3.py took 0.174 seconds
[2023-04-16T00:52:46.700+0000] {processor.py:153} INFO - Started process (PID=387) to work on /home/airflow/.local/lib/python3.7/site-packages/airflow/example_dags/example_branch_python_dop_operator_3.py
[2023-04-16T00:52:46.705+0000] {processor.py:743} INFO - Processing file /home/airflow/.local/lib/python3.7/site-packages/airflow/example_dags/example_branch_python_dop_operator_3.py for tasks to queue
[2023-04-16T00:52:46.706+0000] {logging_mixin.py:137} INFO - [2023-04-16T00:52:46.706+0000] {dagbag.py:532} INFO - Filling up the DagBag from /home/airflow/.local/lib/python3.7/site-packages/airflow/example_dags/example_branch_python_dop_operator_3.py
[2023-04-16T00:52:46.740+0000] {processor.py:753} INFO - DAG(s) dict_keys(['example_branch_dop_operator_v3']) retrieved from /home/airflow/.local/lib/python3.7/site-packages/airflow/example_dags/example_branch_python_dop_operator_3.py
[2023-04-16T00:52:46.770+0000] {logging_mixin.py:137} INFO - [2023-04-16T00:52:46.769+0000] {dag.py:2705} INFO - Sync 1 DAGs
[2023-04-16T00:52:46.819+0000] {logging_mixin.py:137} INFO - [2023-04-16T00:52:46.819+0000] {dag.py:3456} INFO - Setting next_dagrun for example_branch_dop_operator_v3 to 2023-04-16T00:51:00+00:00, run_after=2023-04-16T00:52:00+00:00
[2023-04-16T00:52:46.845+0000] {processor.py:175} INFO - Processing /home/airflow/.local/lib/python3.7/site-packages/airflow/example_dags/example_branch_python_dop_operator_3.py took 0.151 seconds
[2023-04-16T00:53:17.132+0000] {processor.py:153} INFO - Started process (PID=437) to work on /home/airflow/.local/lib/python3.7/site-packages/airflow/example_dags/example_branch_python_dop_operator_3.py
[2023-04-16T00:53:17.133+0000] {processor.py:743} INFO - Processing file /home/airflow/.local/lib/python3.7/site-packages/airflow/example_dags/example_branch_python_dop_operator_3.py for tasks to queue
[2023-04-16T00:53:17.134+0000] {logging_mixin.py:137} INFO - [2023-04-16T00:53:17.134+0000] {dagbag.py:532} INFO - Filling up the DagBag from /home/airflow/.local/lib/python3.7/site-packages/airflow/example_dags/example_branch_python_dop_operator_3.py
[2023-04-16T00:53:17.167+0000] {processor.py:753} INFO - DAG(s) dict_keys(['example_branch_dop_operator_v3']) retrieved from /home/airflow/.local/lib/python3.7/site-packages/airflow/example_dags/example_branch_python_dop_operator_3.py
[2023-04-16T00:53:17.197+0000] {logging_mixin.py:137} INFO - [2023-04-16T00:53:17.197+0000] {dag.py:2705} INFO - Sync 1 DAGs
[2023-04-16T00:53:17.246+0000] {logging_mixin.py:137} INFO - [2023-04-16T00:53:17.245+0000] {dag.py:3456} INFO - Setting next_dagrun for example_branch_dop_operator_v3 to 2023-04-16T00:52:00+00:00, run_after=2023-04-16T00:53:00+00:00
[2023-04-16T00:53:17.269+0000] {processor.py:175} INFO - Processing /home/airflow/.local/lib/python3.7/site-packages/airflow/example_dags/example_branch_python_dop_operator_3.py took 0.146 seconds
[2023-04-16T00:53:47.372+0000] {processor.py:153} INFO - Started process (PID=487) to work on /home/airflow/.local/lib/python3.7/site-packages/airflow/example_dags/example_branch_python_dop_operator_3.py
[2023-04-16T00:53:47.373+0000] {processor.py:743} INFO - Processing file /home/airflow/.local/lib/python3.7/site-packages/airflow/example_dags/example_branch_python_dop_operator_3.py for tasks to queue
[2023-04-16T00:53:47.374+0000] {logging_mixin.py:137} INFO - [2023-04-16T00:53:47.374+0000] {dagbag.py:532} INFO - Filling up the DagBag from /home/airflow/.local/lib/python3.7/site-packages/airflow/example_dags/example_branch_python_dop_operator_3.py
[2023-04-16T00:53:47.407+0000] {processor.py:753} INFO - DAG(s) dict_keys(['example_branch_dop_operator_v3']) retrieved from /home/airflow/.local/lib/python3.7/site-packages/airflow/example_dags/example_branch_python_dop_operator_3.py
[2023-04-16T00:53:47.437+0000] {logging_mixin.py:137} INFO - [2023-04-16T00:53:47.437+0000] {dag.py:2705} INFO - Sync 1 DAGs
[2023-04-16T00:53:47.486+0000] {logging_mixin.py:137} INFO - [2023-04-16T00:53:47.486+0000] {dag.py:3456} INFO - Setting next_dagrun for example_branch_dop_operator_v3 to 2023-04-16T00:52:00+00:00, run_after=2023-04-16T00:53:00+00:00
[2023-04-16T00:53:47.509+0000] {processor.py:175} INFO - Processing /home/airflow/.local/lib/python3.7/site-packages/airflow/example_dags/example_branch_python_dop_operator_3.py took 0.146 seconds
[2023-04-16T00:54:17.909+0000] {processor.py:153} INFO - Started process (PID=537) to work on /home/airflow/.local/lib/python3.7/site-packages/airflow/example_dags/example_branch_python_dop_operator_3.py
[2023-04-16T00:54:17.910+0000] {processor.py:743} INFO - Processing file /home/airflow/.local/lib/python3.7/site-packages/airflow/example_dags/example_branch_python_dop_operator_3.py for tasks to queue
[2023-04-16T00:54:17.912+0000] {logging_mixin.py:137} INFO - [2023-04-16T00:54:17.912+0000] {dagbag.py:532} INFO - Filling up the DagBag from /home/airflow/.local/lib/python3.7/site-packages/airflow/example_dags/example_branch_python_dop_operator_3.py
[2023-04-16T00:54:17.950+0000] {processor.py:753} INFO - DAG(s) dict_keys(['example_branch_dop_operator_v3']) retrieved from /home/airflow/.local/lib/python3.7/site-packages/airflow/example_dags/example_branch_python_dop_operator_3.py
[2023-04-16T00:54:17.981+0000] {logging_mixin.py:137} INFO - [2023-04-16T00:54:17.981+0000] {dag.py:2705} INFO - Sync 1 DAGs
[2023-04-16T00:54:18.029+0000] {logging_mixin.py:137} INFO - [2023-04-16T00:54:18.029+0000] {dag.py:3456} INFO - Setting next_dagrun for example_branch_dop_operator_v3 to 2023-04-16T00:53:00+00:00, run_after=2023-04-16T00:54:00+00:00
[2023-04-16T00:54:18.059+0000] {processor.py:175} INFO - Processing /home/airflow/.local/lib/python3.7/site-packages/airflow/example_dags/example_branch_python_dop_operator_3.py took 0.160 seconds
[2023-04-16T00:54:48.172+0000] {processor.py:153} INFO - Started process (PID=586) to work on /home/airflow/.local/lib/python3.7/site-packages/airflow/example_dags/example_branch_python_dop_operator_3.py
[2023-04-16T00:54:48.174+0000] {processor.py:743} INFO - Processing file /home/airflow/.local/lib/python3.7/site-packages/airflow/example_dags/example_branch_python_dop_operator_3.py for tasks to queue
[2023-04-16T00:54:48.175+0000] {logging_mixin.py:137} INFO - [2023-04-16T00:54:48.175+0000] {dagbag.py:532} INFO - Filling up the DagBag from /home/airflow/.local/lib/python3.7/site-packages/airflow/example_dags/example_branch_python_dop_operator_3.py
[2023-04-16T00:54:48.211+0000] {processor.py:753} INFO - DAG(s) dict_keys(['example_branch_dop_operator_v3']) retrieved from /home/airflow/.local/lib/python3.7/site-packages/airflow/example_dags/example_branch_python_dop_operator_3.py
[2023-04-16T00:54:48.241+0000] {logging_mixin.py:137} INFO - [2023-04-16T00:54:48.241+0000] {dag.py:2705} INFO - Sync 1 DAGs
[2023-04-16T00:54:48.289+0000] {logging_mixin.py:137} INFO - [2023-04-16T00:54:48.289+0000] {dag.py:3456} INFO - Setting next_dagrun for example_branch_dop_operator_v3 to 2023-04-16T00:53:00+00:00, run_after=2023-04-16T00:54:00+00:00
[2023-04-16T00:54:48.312+0000] {processor.py:175} INFO - Processing /home/airflow/.local/lib/python3.7/site-packages/airflow/example_dags/example_branch_python_dop_operator_3.py took 0.148 seconds
[2023-04-16T00:55:18.645+0000] {processor.py:153} INFO - Started process (PID=636) to work on /home/airflow/.local/lib/python3.7/site-packages/airflow/example_dags/example_branch_python_dop_operator_3.py
[2023-04-16T00:55:18.647+0000] {processor.py:743} INFO - Processing file /home/airflow/.local/lib/python3.7/site-packages/airflow/example_dags/example_branch_python_dop_operator_3.py for tasks to queue
[2023-04-16T00:55:18.648+0000] {logging_mixin.py:137} INFO - [2023-04-16T00:55:18.648+0000] {dagbag.py:532} INFO - Filling up the DagBag from /home/airflow/.local/lib/python3.7/site-packages/airflow/example_dags/example_branch_python_dop_operator_3.py
[2023-04-16T00:55:18.685+0000] {processor.py:753} INFO - DAG(s) dict_keys(['example_branch_dop_operator_v3']) retrieved from /home/airflow/.local/lib/python3.7/site-packages/airflow/example_dags/example_branch_python_dop_operator_3.py
[2023-04-16T00:55:18.722+0000] {logging_mixin.py:137} INFO - [2023-04-16T00:55:18.722+0000] {dag.py:2705} INFO - Sync 1 DAGs
[2023-04-16T00:55:18.795+0000] {logging_mixin.py:137} INFO - [2023-04-16T00:55:18.795+0000] {dag.py:3456} INFO - Setting next_dagrun for example_branch_dop_operator_v3 to 2023-04-16T00:54:00+00:00, run_after=2023-04-16T00:55:00+00:00
[2023-04-16T00:55:18.826+0000] {processor.py:175} INFO - Processing /home/airflow/.local/lib/python3.7/site-packages/airflow/example_dags/example_branch_python_dop_operator_3.py took 0.189 seconds
[2023-04-16T00:55:48.938+0000] {processor.py:153} INFO - Started process (PID=686) to work on /home/airflow/.local/lib/python3.7/site-packages/airflow/example_dags/example_branch_python_dop_operator_3.py
[2023-04-16T00:55:48.938+0000] {processor.py:743} INFO - Processing file /home/airflow/.local/lib/python3.7/site-packages/airflow/example_dags/example_branch_python_dop_operator_3.py for tasks to queue
[2023-04-16T00:55:48.939+0000] {logging_mixin.py:137} INFO - [2023-04-16T00:55:48.939+0000] {dagbag.py:532} INFO - Filling up the DagBag from /home/airflow/.local/lib/python3.7/site-packages/airflow/example_dags/example_branch_python_dop_operator_3.py
[2023-04-16T00:55:48.981+0000] {processor.py:753} INFO - DAG(s) dict_keys(['example_branch_dop_operator_v3']) retrieved from /home/airflow/.local/lib/python3.7/site-packages/airflow/example_dags/example_branch_python_dop_operator_3.py
[2023-04-16T00:55:49.021+0000] {logging_mixin.py:137} INFO - [2023-04-16T00:55:49.021+0000] {dag.py:2705} INFO - Sync 1 DAGs
[2023-04-16T00:55:49.078+0000] {logging_mixin.py:137} INFO - [2023-04-16T00:55:49.077+0000] {dag.py:3456} INFO - Setting next_dagrun for example_branch_dop_operator_v3 to 2023-04-16T00:54:00+00:00, run_after=2023-04-16T00:55:00+00:00
[2023-04-16T00:55:49.111+0000] {processor.py:175} INFO - Processing /home/airflow/.local/lib/python3.7/site-packages/airflow/example_dags/example_branch_python_dop_operator_3.py took 0.177 seconds
[2023-04-16T00:56:19.229+0000] {processor.py:153} INFO - Started process (PID=736) to work on /home/airflow/.local/lib/python3.7/site-packages/airflow/example_dags/example_branch_python_dop_operator_3.py
[2023-04-16T00:56:19.231+0000] {processor.py:743} INFO - Processing file /home/airflow/.local/lib/python3.7/site-packages/airflow/example_dags/example_branch_python_dop_operator_3.py for tasks to queue
[2023-04-16T00:56:19.232+0000] {logging_mixin.py:137} INFO - [2023-04-16T00:56:19.232+0000] {dagbag.py:532} INFO - Filling up the DagBag from /home/airflow/.local/lib/python3.7/site-packages/airflow/example_dags/example_branch_python_dop_operator_3.py
[2023-04-16T00:56:19.273+0000] {processor.py:753} INFO - DAG(s) dict_keys(['example_branch_dop_operator_v3']) retrieved from /home/airflow/.local/lib/python3.7/site-packages/airflow/example_dags/example_branch_python_dop_operator_3.py
[2023-04-16T00:56:19.305+0000] {logging_mixin.py:137} INFO - [2023-04-16T00:56:19.305+0000] {dag.py:2705} INFO - Sync 1 DAGs
[2023-04-16T00:56:19.354+0000] {logging_mixin.py:137} INFO - [2023-04-16T00:56:19.354+0000] {dag.py:3456} INFO - Setting next_dagrun for example_branch_dop_operator_v3 to 2023-04-16T00:55:00+00:00, run_after=2023-04-16T00:56:00+00:00
[2023-04-16T00:56:19.392+0000] {processor.py:175} INFO - Processing /home/airflow/.local/lib/python3.7/site-packages/airflow/example_dags/example_branch_python_dop_operator_3.py took 0.172 seconds
[2023-04-16T00:56:49.549+0000] {processor.py:153} INFO - Started process (PID=786) to work on /home/airflow/.local/lib/python3.7/site-packages/airflow/example_dags/example_branch_python_dop_operator_3.py
[2023-04-16T00:56:49.559+0000] {processor.py:743} INFO - Processing file /home/airflow/.local/lib/python3.7/site-packages/airflow/example_dags/example_branch_python_dop_operator_3.py for tasks to queue
[2023-04-16T00:56:49.560+0000] {logging_mixin.py:137} INFO - [2023-04-16T00:56:49.560+0000] {dagbag.py:532} INFO - Filling up the DagBag from /home/airflow/.local/lib/python3.7/site-packages/airflow/example_dags/example_branch_python_dop_operator_3.py
[2023-04-16T00:56:49.595+0000] {processor.py:753} INFO - DAG(s) dict_keys(['example_branch_dop_operator_v3']) retrieved from /home/airflow/.local/lib/python3.7/site-packages/airflow/example_dags/example_branch_python_dop_operator_3.py
[2023-04-16T00:56:49.628+0000] {logging_mixin.py:137} INFO - [2023-04-16T00:56:49.628+0000] {dag.py:2705} INFO - Sync 1 DAGs
[2023-04-16T00:56:49.682+0000] {logging_mixin.py:137} INFO - [2023-04-16T00:56:49.682+0000] {dag.py:3456} INFO - Setting next_dagrun for example_branch_dop_operator_v3 to 2023-04-16T00:55:00+00:00, run_after=2023-04-16T00:56:00+00:00
[2023-04-16T00:56:49.711+0000] {processor.py:175} INFO - Processing /home/airflow/.local/lib/python3.7/site-packages/airflow/example_dags/example_branch_python_dop_operator_3.py took 0.166 seconds
[2023-04-16T00:57:20.148+0000] {processor.py:153} INFO - Started process (PID=836) to work on /home/airflow/.local/lib/python3.7/site-packages/airflow/example_dags/example_branch_python_dop_operator_3.py
[2023-04-16T00:57:20.158+0000] {processor.py:743} INFO - Processing file /home/airflow/.local/lib/python3.7/site-packages/airflow/example_dags/example_branch_python_dop_operator_3.py for tasks to queue
[2023-04-16T00:57:20.160+0000] {logging_mixin.py:137} INFO - [2023-04-16T00:57:20.159+0000] {dagbag.py:532} INFO - Filling up the DagBag from /home/airflow/.local/lib/python3.7/site-packages/airflow/example_dags/example_branch_python_dop_operator_3.py
[2023-04-16T00:57:20.194+0000] {processor.py:753} INFO - DAG(s) dict_keys(['example_branch_dop_operator_v3']) retrieved from /home/airflow/.local/lib/python3.7/site-packages/airflow/example_dags/example_branch_python_dop_operator_3.py
[2023-04-16T00:57:20.226+0000] {logging_mixin.py:137} INFO - [2023-04-16T00:57:20.226+0000] {dag.py:2705} INFO - Sync 1 DAGs
[2023-04-16T00:57:20.280+0000] {logging_mixin.py:137} INFO - [2023-04-16T00:57:20.280+0000] {dag.py:3456} INFO - Setting next_dagrun for example_branch_dop_operator_v3 to 2023-04-16T00:56:00+00:00, run_after=2023-04-16T00:57:00+00:00
[2023-04-16T00:57:20.305+0000] {processor.py:175} INFO - Processing /home/airflow/.local/lib/python3.7/site-packages/airflow/example_dags/example_branch_python_dop_operator_3.py took 0.172 seconds
[2023-04-16T00:57:50.457+0000] {processor.py:153} INFO - Started process (PID=886) to work on /home/airflow/.local/lib/python3.7/site-packages/airflow/example_dags/example_branch_python_dop_operator_3.py
[2023-04-16T00:57:50.457+0000] {processor.py:743} INFO - Processing file /home/airflow/.local/lib/python3.7/site-packages/airflow/example_dags/example_branch_python_dop_operator_3.py for tasks to queue
[2023-04-16T00:57:50.458+0000] {logging_mixin.py:137} INFO - [2023-04-16T00:57:50.458+0000] {dagbag.py:532} INFO - Filling up the DagBag from /home/airflow/.local/lib/python3.7/site-packages/airflow/example_dags/example_branch_python_dop_operator_3.py
[2023-04-16T00:57:50.490+0000] {processor.py:753} INFO - DAG(s) dict_keys(['example_branch_dop_operator_v3']) retrieved from /home/airflow/.local/lib/python3.7/site-packages/airflow/example_dags/example_branch_python_dop_operator_3.py
[2023-04-16T00:57:50.522+0000] {logging_mixin.py:137} INFO - [2023-04-16T00:57:50.522+0000] {dag.py:2705} INFO - Sync 1 DAGs
[2023-04-16T00:57:50.571+0000] {logging_mixin.py:137} INFO - [2023-04-16T00:57:50.571+0000] {dag.py:3456} INFO - Setting next_dagrun for example_branch_dop_operator_v3 to 2023-04-16T00:56:00+00:00, run_after=2023-04-16T00:57:00+00:00
[2023-04-16T00:57:50.595+0000] {processor.py:175} INFO - Processing /home/airflow/.local/lib/python3.7/site-packages/airflow/example_dags/example_branch_python_dop_operator_3.py took 0.143 seconds
[2023-04-16T00:58:20.689+0000] {processor.py:153} INFO - Started process (PID=936) to work on /home/airflow/.local/lib/python3.7/site-packages/airflow/example_dags/example_branch_python_dop_operator_3.py
[2023-04-16T00:58:20.690+0000] {processor.py:743} INFO - Processing file /home/airflow/.local/lib/python3.7/site-packages/airflow/example_dags/example_branch_python_dop_operator_3.py for tasks to queue
[2023-04-16T00:58:20.692+0000] {logging_mixin.py:137} INFO - [2023-04-16T00:58:20.691+0000] {dagbag.py:532} INFO - Filling up the DagBag from /home/airflow/.local/lib/python3.7/site-packages/airflow/example_dags/example_branch_python_dop_operator_3.py
[2023-04-16T00:58:20.727+0000] {processor.py:753} INFO - DAG(s) dict_keys(['example_branch_dop_operator_v3']) retrieved from /home/airflow/.local/lib/python3.7/site-packages/airflow/example_dags/example_branch_python_dop_operator_3.py
[2023-04-16T00:58:20.757+0000] {logging_mixin.py:137} INFO - [2023-04-16T00:58:20.756+0000] {dag.py:2705} INFO - Sync 1 DAGs
[2023-04-16T00:58:20.805+0000] {logging_mixin.py:137} INFO - [2023-04-16T00:58:20.804+0000] {dag.py:3456} INFO - Setting next_dagrun for example_branch_dop_operator_v3 to 2023-04-16T00:57:00+00:00, run_after=2023-04-16T00:58:00+00:00
[2023-04-16T00:58:20.827+0000] {processor.py:175} INFO - Processing /home/airflow/.local/lib/python3.7/site-packages/airflow/example_dags/example_branch_python_dop_operator_3.py took 0.147 seconds
[2023-04-16T00:58:50.941+0000] {processor.py:153} INFO - Started process (PID=986) to work on /home/airflow/.local/lib/python3.7/site-packages/airflow/example_dags/example_branch_python_dop_operator_3.py
[2023-04-16T00:58:50.942+0000] {processor.py:743} INFO - Processing file /home/airflow/.local/lib/python3.7/site-packages/airflow/example_dags/example_branch_python_dop_operator_3.py for tasks to queue
[2023-04-16T00:58:50.944+0000] {logging_mixin.py:137} INFO - [2023-04-16T00:58:50.943+0000] {dagbag.py:532} INFO - Filling up the DagBag from /home/airflow/.local/lib/python3.7/site-packages/airflow/example_dags/example_branch_python_dop_operator_3.py
[2023-04-16T00:58:50.984+0000] {processor.py:753} INFO - DAG(s) dict_keys(['example_branch_dop_operator_v3']) retrieved from /home/airflow/.local/lib/python3.7/site-packages/airflow/example_dags/example_branch_python_dop_operator_3.py
[2023-04-16T00:58:51.014+0000] {logging_mixin.py:137} INFO - [2023-04-16T00:58:51.014+0000] {dag.py:2705} INFO - Sync 1 DAGs
[2023-04-16T00:58:51.064+0000] {logging_mixin.py:137} INFO - [2023-04-16T00:58:51.064+0000] {dag.py:3456} INFO - Setting next_dagrun for example_branch_dop_operator_v3 to 2023-04-16T00:57:00+00:00, run_after=2023-04-16T00:58:00+00:00
[2023-04-16T00:58:51.087+0000] {processor.py:175} INFO - Processing /home/airflow/.local/lib/python3.7/site-packages/airflow/example_dags/example_branch_python_dop_operator_3.py took 0.158 seconds
[2023-04-16T00:59:21.243+0000] {processor.py:153} INFO - Started process (PID=1036) to work on /home/airflow/.local/lib/python3.7/site-packages/airflow/example_dags/example_branch_python_dop_operator_3.py
[2023-04-16T00:59:21.244+0000] {processor.py:743} INFO - Processing file /home/airflow/.local/lib/python3.7/site-packages/airflow/example_dags/example_branch_python_dop_operator_3.py for tasks to queue
[2023-04-16T00:59:21.245+0000] {logging_mixin.py:137} INFO - [2023-04-16T00:59:21.245+0000] {dagbag.py:532} INFO - Filling up the DagBag from /home/airflow/.local/lib/python3.7/site-packages/airflow/example_dags/example_branch_python_dop_operator_3.py
[2023-04-16T00:59:21.282+0000] {processor.py:753} INFO - DAG(s) dict_keys(['example_branch_dop_operator_v3']) retrieved from /home/airflow/.local/lib/python3.7/site-packages/airflow/example_dags/example_branch_python_dop_operator_3.py
[2023-04-16T00:59:21.316+0000] {logging_mixin.py:137} INFO - [2023-04-16T00:59:21.315+0000] {dag.py:2705} INFO - Sync 1 DAGs
[2023-04-16T00:59:21.364+0000] {logging_mixin.py:137} INFO - [2023-04-16T00:59:21.364+0000] {dag.py:3456} INFO - Setting next_dagrun for example_branch_dop_operator_v3 to 2023-04-16T00:58:00+00:00, run_after=2023-04-16T00:59:00+00:00
[2023-04-16T00:59:21.387+0000] {processor.py:175} INFO - Processing /home/airflow/.local/lib/python3.7/site-packages/airflow/example_dags/example_branch_python_dop_operator_3.py took 0.149 seconds
[2023-04-16T00:59:51.455+0000] {processor.py:153} INFO - Started process (PID=1086) to work on /home/airflow/.local/lib/python3.7/site-packages/airflow/example_dags/example_branch_python_dop_operator_3.py
[2023-04-16T00:59:51.456+0000] {processor.py:743} INFO - Processing file /home/airflow/.local/lib/python3.7/site-packages/airflow/example_dags/example_branch_python_dop_operator_3.py for tasks to queue
[2023-04-16T00:59:51.457+0000] {logging_mixin.py:137} INFO - [2023-04-16T00:59:51.457+0000] {dagbag.py:532} INFO - Filling up the DagBag from /home/airflow/.local/lib/python3.7/site-packages/airflow/example_dags/example_branch_python_dop_operator_3.py
[2023-04-16T00:59:51.492+0000] {processor.py:753} INFO - DAG(s) dict_keys(['example_branch_dop_operator_v3']) retrieved from /home/airflow/.local/lib/python3.7/site-packages/airflow/example_dags/example_branch_python_dop_operator_3.py
[2023-04-16T00:59:51.523+0000] {logging_mixin.py:137} INFO - [2023-04-16T00:59:51.523+0000] {dag.py:2705} INFO - Sync 1 DAGs
[2023-04-16T00:59:51.582+0000] {logging_mixin.py:137} INFO - [2023-04-16T00:59:51.582+0000] {dag.py:3456} INFO - Setting next_dagrun for example_branch_dop_operator_v3 to 2023-04-16T00:58:00+00:00, run_after=2023-04-16T00:59:00+00:00
[2023-04-16T00:59:51.607+0000] {processor.py:175} INFO - Processing /home/airflow/.local/lib/python3.7/site-packages/airflow/example_dags/example_branch_python_dop_operator_3.py took 0.165 seconds
