[2023-04-16T00:49:14.494+0000] {processor.py:153} INFO - Started process (PID=45) to work on /home/airflow/.local/lib/python3.7/site-packages/airflow/example_dags/example_datasets.py
[2023-04-16T00:49:14.495+0000] {processor.py:743} INFO - Processing file /home/airflow/.local/lib/python3.7/site-packages/airflow/example_dags/example_datasets.py for tasks to queue
[2023-04-16T00:49:14.496+0000] {logging_mixin.py:137} INFO - [2023-04-16T00:49:14.496+0000] {dagbag.py:532} INFO - Filling up the DagBag from /home/airflow/.local/lib/python3.7/site-packages/airflow/example_dags/example_datasets.py
[2023-04-16T00:49:14.528+0000] {processor.py:753} INFO - DAG(s) dict_keys(['dataset_consumes_unknown_never_scheduled', 'dataset_consumes_1', 'dataset_consumes_1_and_2', 'dataset_consumes_1_never_scheduled', 'dataset_produces_1', 'dataset_produces_2']) retrieved from /home/airflow/.local/lib/python3.7/site-packages/airflow/example_dags/example_datasets.py
[2023-04-16T00:49:14.773+0000] {logging_mixin.py:137} INFO - [2023-04-16T00:49:14.772+0000] {dag.py:2705} INFO - Sync 6 DAGs
[2023-04-16T00:49:14.821+0000] {logging_mixin.py:137} INFO - [2023-04-16T00:49:14.820+0000] {dag.py:3456} INFO - Setting next_dagrun for dataset_consumes_1 to None, run_after=None
[2023-04-16T00:49:14.827+0000] {logging_mixin.py:137} INFO - [2023-04-16T00:49:14.827+0000] {dag.py:3456} INFO - Setting next_dagrun for dataset_consumes_1_and_2 to None, run_after=None
[2023-04-16T00:49:14.829+0000] {logging_mixin.py:137} INFO - [2023-04-16T00:49:14.829+0000] {dag.py:3456} INFO - Setting next_dagrun for dataset_consumes_1_never_scheduled to None, run_after=None
[2023-04-16T00:49:14.832+0000] {logging_mixin.py:137} INFO - [2023-04-16T00:49:14.831+0000] {dag.py:3456} INFO - Setting next_dagrun for dataset_consumes_unknown_never_scheduled to None, run_after=None
[2023-04-16T00:49:14.838+0000] {logging_mixin.py:137} INFO - [2023-04-16T00:49:14.837+0000] {dag.py:3456} INFO - Setting next_dagrun for dataset_produces_1 to 2023-04-15T00:00:00+00:00, run_after=2023-04-16T00:00:00+00:00
[2023-04-16T00:49:14.840+0000] {logging_mixin.py:137} INFO - [2023-04-16T00:49:14.840+0000] {dag.py:3456} INFO - Setting next_dagrun for dataset_produces_2 to None, run_after=None
[2023-04-16T00:49:14.920+0000] {processor.py:175} INFO - Processing /home/airflow/.local/lib/python3.7/site-packages/airflow/example_dags/example_datasets.py took 0.429 seconds
[2023-04-16T00:49:44.994+0000] {processor.py:153} INFO - Started process (PID=95) to work on /home/airflow/.local/lib/python3.7/site-packages/airflow/example_dags/example_datasets.py
[2023-04-16T00:49:44.995+0000] {processor.py:743} INFO - Processing file /home/airflow/.local/lib/python3.7/site-packages/airflow/example_dags/example_datasets.py for tasks to queue
[2023-04-16T00:49:44.996+0000] {logging_mixin.py:137} INFO - [2023-04-16T00:49:44.996+0000] {dagbag.py:532} INFO - Filling up the DagBag from /home/airflow/.local/lib/python3.7/site-packages/airflow/example_dags/example_datasets.py
[2023-04-16T00:49:45.017+0000] {processor.py:753} INFO - DAG(s) dict_keys(['dataset_consumes_1_never_scheduled', 'dataset_consumes_unknown_never_scheduled', 'dataset_produces_2', 'dataset_consumes_1', 'dataset_produces_1', 'dataset_consumes_1_and_2']) retrieved from /home/airflow/.local/lib/python3.7/site-packages/airflow/example_dags/example_datasets.py
[2023-04-16T00:49:45.072+0000] {logging_mixin.py:137} INFO - [2023-04-16T00:49:45.072+0000] {dag.py:2705} INFO - Sync 6 DAGs
[2023-04-16T00:49:45.114+0000] {logging_mixin.py:137} INFO - [2023-04-16T00:49:45.114+0000] {dag.py:3456} INFO - Setting next_dagrun for dataset_consumes_1 to None, run_after=None
[2023-04-16T00:49:45.119+0000] {logging_mixin.py:137} INFO - [2023-04-16T00:49:45.118+0000] {dag.py:3456} INFO - Setting next_dagrun for dataset_consumes_1_and_2 to None, run_after=None
[2023-04-16T00:49:45.120+0000] {logging_mixin.py:137} INFO - [2023-04-16T00:49:45.120+0000] {dag.py:3456} INFO - Setting next_dagrun for dataset_consumes_1_never_scheduled to None, run_after=None
[2023-04-16T00:49:45.121+0000] {logging_mixin.py:137} INFO - [2023-04-16T00:49:45.120+0000] {dag.py:3456} INFO - Setting next_dagrun for dataset_consumes_unknown_never_scheduled to None, run_after=None
[2023-04-16T00:49:45.124+0000] {logging_mixin.py:137} INFO - [2023-04-16T00:49:45.124+0000] {dag.py:3456} INFO - Setting next_dagrun for dataset_produces_1 to 2023-04-15T00:00:00+00:00, run_after=2023-04-16T00:00:00+00:00
[2023-04-16T00:49:45.126+0000] {logging_mixin.py:137} INFO - [2023-04-16T00:49:45.126+0000] {dag.py:3456} INFO - Setting next_dagrun for dataset_produces_2 to None, run_after=None
[2023-04-16T00:49:45.169+0000] {processor.py:175} INFO - Processing /home/airflow/.local/lib/python3.7/site-packages/airflow/example_dags/example_datasets.py took 0.179 seconds
[2023-04-16T00:50:15.246+0000] {processor.py:153} INFO - Started process (PID=145) to work on /home/airflow/.local/lib/python3.7/site-packages/airflow/example_dags/example_datasets.py
[2023-04-16T00:50:15.247+0000] {processor.py:743} INFO - Processing file /home/airflow/.local/lib/python3.7/site-packages/airflow/example_dags/example_datasets.py for tasks to queue
[2023-04-16T00:50:15.248+0000] {logging_mixin.py:137} INFO - [2023-04-16T00:50:15.248+0000] {dagbag.py:532} INFO - Filling up the DagBag from /home/airflow/.local/lib/python3.7/site-packages/airflow/example_dags/example_datasets.py
[2023-04-16T00:50:15.269+0000] {processor.py:753} INFO - DAG(s) dict_keys(['dataset_consumes_1_and_2', 'dataset_consumes_1', 'dataset_consumes_unknown_never_scheduled', 'dataset_produces_2', 'dataset_consumes_1_never_scheduled', 'dataset_produces_1']) retrieved from /home/airflow/.local/lib/python3.7/site-packages/airflow/example_dags/example_datasets.py
[2023-04-16T00:50:15.320+0000] {logging_mixin.py:137} INFO - [2023-04-16T00:50:15.320+0000] {dag.py:2705} INFO - Sync 6 DAGs
[2023-04-16T00:50:15.362+0000] {logging_mixin.py:137} INFO - [2023-04-16T00:50:15.362+0000] {dag.py:3456} INFO - Setting next_dagrun for dataset_consumes_1 to None, run_after=None
[2023-04-16T00:50:15.366+0000] {logging_mixin.py:137} INFO - [2023-04-16T00:50:15.366+0000] {dag.py:3456} INFO - Setting next_dagrun for dataset_consumes_1_and_2 to None, run_after=None
[2023-04-16T00:50:15.368+0000] {logging_mixin.py:137} INFO - [2023-04-16T00:50:15.368+0000] {dag.py:3456} INFO - Setting next_dagrun for dataset_consumes_1_never_scheduled to None, run_after=None
[2023-04-16T00:50:15.369+0000] {logging_mixin.py:137} INFO - [2023-04-16T00:50:15.369+0000] {dag.py:3456} INFO - Setting next_dagrun for dataset_consumes_unknown_never_scheduled to None, run_after=None
[2023-04-16T00:50:15.373+0000] {logging_mixin.py:137} INFO - [2023-04-16T00:50:15.373+0000] {dag.py:3456} INFO - Setting next_dagrun for dataset_produces_1 to 2023-04-15T00:00:00+00:00, run_after=2023-04-16T00:00:00+00:00
[2023-04-16T00:50:15.374+0000] {logging_mixin.py:137} INFO - [2023-04-16T00:50:15.374+0000] {dag.py:3456} INFO - Setting next_dagrun for dataset_produces_2 to None, run_after=None
[2023-04-16T00:50:15.415+0000] {processor.py:175} INFO - Processing /home/airflow/.local/lib/python3.7/site-packages/airflow/example_dags/example_datasets.py took 0.173 seconds
[2023-04-16T00:50:45.770+0000] {processor.py:153} INFO - Started process (PID=195) to work on /home/airflow/.local/lib/python3.7/site-packages/airflow/example_dags/example_datasets.py
[2023-04-16T00:50:45.771+0000] {processor.py:743} INFO - Processing file /home/airflow/.local/lib/python3.7/site-packages/airflow/example_dags/example_datasets.py for tasks to queue
[2023-04-16T00:50:45.772+0000] {logging_mixin.py:137} INFO - [2023-04-16T00:50:45.772+0000] {dagbag.py:532} INFO - Filling up the DagBag from /home/airflow/.local/lib/python3.7/site-packages/airflow/example_dags/example_datasets.py
[2023-04-16T00:50:45.794+0000] {processor.py:753} INFO - DAG(s) dict_keys(['dataset_consumes_1_and_2', 'dataset_consumes_1_never_scheduled', 'dataset_produces_2', 'dataset_produces_1', 'dataset_consumes_1', 'dataset_consumes_unknown_never_scheduled']) retrieved from /home/airflow/.local/lib/python3.7/site-packages/airflow/example_dags/example_datasets.py
[2023-04-16T00:50:45.861+0000] {logging_mixin.py:137} INFO - [2023-04-16T00:50:45.861+0000] {dag.py:2705} INFO - Sync 6 DAGs
[2023-04-16T00:50:45.908+0000] {logging_mixin.py:137} INFO - [2023-04-16T00:50:45.908+0000] {dag.py:3456} INFO - Setting next_dagrun for dataset_consumes_1 to None, run_after=None
[2023-04-16T00:50:45.913+0000] {logging_mixin.py:137} INFO - [2023-04-16T00:50:45.913+0000] {dag.py:3456} INFO - Setting next_dagrun for dataset_consumes_1_and_2 to None, run_after=None
[2023-04-16T00:50:45.914+0000] {logging_mixin.py:137} INFO - [2023-04-16T00:50:45.914+0000] {dag.py:3456} INFO - Setting next_dagrun for dataset_consumes_1_never_scheduled to None, run_after=None
[2023-04-16T00:50:45.916+0000] {logging_mixin.py:137} INFO - [2023-04-16T00:50:45.916+0000] {dag.py:3456} INFO - Setting next_dagrun for dataset_consumes_unknown_never_scheduled to None, run_after=None
[2023-04-16T00:50:45.921+0000] {logging_mixin.py:137} INFO - [2023-04-16T00:50:45.921+0000] {dag.py:3456} INFO - Setting next_dagrun for dataset_produces_1 to 2023-04-15T00:00:00+00:00, run_after=2023-04-16T00:00:00+00:00
[2023-04-16T00:50:45.924+0000] {logging_mixin.py:137} INFO - [2023-04-16T00:50:45.924+0000] {dag.py:3456} INFO - Setting next_dagrun for dataset_produces_2 to None, run_after=None
[2023-04-16T00:50:45.978+0000] {processor.py:175} INFO - Processing /home/airflow/.local/lib/python3.7/site-packages/airflow/example_dags/example_datasets.py took 0.213 seconds
[2023-04-16T00:51:16.432+0000] {processor.py:153} INFO - Started process (PID=245) to work on /home/airflow/.local/lib/python3.7/site-packages/airflow/example_dags/example_datasets.py
[2023-04-16T00:51:16.433+0000] {processor.py:743} INFO - Processing file /home/airflow/.local/lib/python3.7/site-packages/airflow/example_dags/example_datasets.py for tasks to queue
[2023-04-16T00:51:16.434+0000] {logging_mixin.py:137} INFO - [2023-04-16T00:51:16.434+0000] {dagbag.py:532} INFO - Filling up the DagBag from /home/airflow/.local/lib/python3.7/site-packages/airflow/example_dags/example_datasets.py
[2023-04-16T00:51:16.456+0000] {processor.py:753} INFO - DAG(s) dict_keys(['dataset_consumes_1_and_2', 'dataset_produces_2', 'dataset_consumes_1', 'dataset_consumes_unknown_never_scheduled', 'dataset_produces_1', 'dataset_consumes_1_never_scheduled']) retrieved from /home/airflow/.local/lib/python3.7/site-packages/airflow/example_dags/example_datasets.py
[2023-04-16T00:51:16.511+0000] {logging_mixin.py:137} INFO - [2023-04-16T00:51:16.511+0000] {dag.py:2705} INFO - Sync 6 DAGs
[2023-04-16T00:51:16.554+0000] {logging_mixin.py:137} INFO - [2023-04-16T00:51:16.554+0000] {dag.py:3456} INFO - Setting next_dagrun for dataset_consumes_1 to None, run_after=None
[2023-04-16T00:51:16.559+0000] {logging_mixin.py:137} INFO - [2023-04-16T00:51:16.559+0000] {dag.py:3456} INFO - Setting next_dagrun for dataset_consumes_1_and_2 to None, run_after=None
[2023-04-16T00:51:16.561+0000] {logging_mixin.py:137} INFO - [2023-04-16T00:51:16.561+0000] {dag.py:3456} INFO - Setting next_dagrun for dataset_consumes_1_never_scheduled to None, run_after=None
[2023-04-16T00:51:16.562+0000] {logging_mixin.py:137} INFO - [2023-04-16T00:51:16.562+0000] {dag.py:3456} INFO - Setting next_dagrun for dataset_consumes_unknown_never_scheduled to None, run_after=None
[2023-04-16T00:51:16.566+0000] {logging_mixin.py:137} INFO - [2023-04-16T00:51:16.566+0000] {dag.py:3456} INFO - Setting next_dagrun for dataset_produces_1 to 2023-04-15T00:00:00+00:00, run_after=2023-04-16T00:00:00+00:00
[2023-04-16T00:51:16.568+0000] {logging_mixin.py:137} INFO - [2023-04-16T00:51:16.567+0000] {dag.py:3456} INFO - Setting next_dagrun for dataset_produces_2 to None, run_after=None
[2023-04-16T00:51:16.610+0000] {processor.py:175} INFO - Processing /home/airflow/.local/lib/python3.7/site-packages/airflow/example_dags/example_datasets.py took 0.182 seconds
[2023-04-16T00:51:46.725+0000] {processor.py:153} INFO - Started process (PID=295) to work on /home/airflow/.local/lib/python3.7/site-packages/airflow/example_dags/example_datasets.py
[2023-04-16T00:51:46.726+0000] {processor.py:743} INFO - Processing file /home/airflow/.local/lib/python3.7/site-packages/airflow/example_dags/example_datasets.py for tasks to queue
[2023-04-16T00:51:46.727+0000] {logging_mixin.py:137} INFO - [2023-04-16T00:51:46.727+0000] {dagbag.py:532} INFO - Filling up the DagBag from /home/airflow/.local/lib/python3.7/site-packages/airflow/example_dags/example_datasets.py
[2023-04-16T00:51:46.748+0000] {processor.py:753} INFO - DAG(s) dict_keys(['dataset_consumes_1_never_scheduled', 'dataset_produces_1', 'dataset_consumes_unknown_never_scheduled', 'dataset_consumes_1', 'dataset_consumes_1_and_2', 'dataset_produces_2']) retrieved from /home/airflow/.local/lib/python3.7/site-packages/airflow/example_dags/example_datasets.py
[2023-04-16T00:51:46.805+0000] {logging_mixin.py:137} INFO - [2023-04-16T00:51:46.804+0000] {dag.py:2705} INFO - Sync 6 DAGs
[2023-04-16T00:51:46.848+0000] {logging_mixin.py:137} INFO - [2023-04-16T00:51:46.848+0000] {dag.py:3456} INFO - Setting next_dagrun for dataset_consumes_1 to None, run_after=None
[2023-04-16T00:51:46.853+0000] {logging_mixin.py:137} INFO - [2023-04-16T00:51:46.853+0000] {dag.py:3456} INFO - Setting next_dagrun for dataset_consumes_1_and_2 to None, run_after=None
[2023-04-16T00:51:46.855+0000] {logging_mixin.py:137} INFO - [2023-04-16T00:51:46.855+0000] {dag.py:3456} INFO - Setting next_dagrun for dataset_consumes_1_never_scheduled to None, run_after=None
[2023-04-16T00:51:46.857+0000] {logging_mixin.py:137} INFO - [2023-04-16T00:51:46.857+0000] {dag.py:3456} INFO - Setting next_dagrun for dataset_consumes_unknown_never_scheduled to None, run_after=None
[2023-04-16T00:51:46.861+0000] {logging_mixin.py:137} INFO - [2023-04-16T00:51:46.861+0000] {dag.py:3456} INFO - Setting next_dagrun for dataset_produces_1 to 2023-04-15T00:00:00+00:00, run_after=2023-04-16T00:00:00+00:00
[2023-04-16T00:51:46.863+0000] {logging_mixin.py:137} INFO - [2023-04-16T00:51:46.863+0000] {dag.py:3456} INFO - Setting next_dagrun for dataset_produces_2 to None, run_after=None
[2023-04-16T00:51:46.906+0000] {processor.py:175} INFO - Processing /home/airflow/.local/lib/python3.7/site-packages/airflow/example_dags/example_datasets.py took 0.185 seconds
[2023-04-16T00:52:17.119+0000] {processor.py:153} INFO - Started process (PID=345) to work on /home/airflow/.local/lib/python3.7/site-packages/airflow/example_dags/example_datasets.py
[2023-04-16T00:52:17.120+0000] {processor.py:743} INFO - Processing file /home/airflow/.local/lib/python3.7/site-packages/airflow/example_dags/example_datasets.py for tasks to queue
[2023-04-16T00:52:17.121+0000] {logging_mixin.py:137} INFO - [2023-04-16T00:52:17.121+0000] {dagbag.py:532} INFO - Filling up the DagBag from /home/airflow/.local/lib/python3.7/site-packages/airflow/example_dags/example_datasets.py
[2023-04-16T00:52:17.142+0000] {processor.py:753} INFO - DAG(s) dict_keys(['dataset_produces_2', 'dataset_consumes_1', 'dataset_consumes_1_and_2', 'dataset_produces_1', 'dataset_consumes_unknown_never_scheduled', 'dataset_consumes_1_never_scheduled']) retrieved from /home/airflow/.local/lib/python3.7/site-packages/airflow/example_dags/example_datasets.py
[2023-04-16T00:52:17.213+0000] {logging_mixin.py:137} INFO - [2023-04-16T00:52:17.213+0000] {dag.py:2705} INFO - Sync 6 DAGs
[2023-04-16T00:52:17.258+0000] {logging_mixin.py:137} INFO - [2023-04-16T00:52:17.258+0000] {dag.py:3456} INFO - Setting next_dagrun for dataset_consumes_1 to None, run_after=None
[2023-04-16T00:52:17.263+0000] {logging_mixin.py:137} INFO - [2023-04-16T00:52:17.263+0000] {dag.py:3456} INFO - Setting next_dagrun for dataset_consumes_1_and_2 to None, run_after=None
[2023-04-16T00:52:17.264+0000] {logging_mixin.py:137} INFO - [2023-04-16T00:52:17.264+0000] {dag.py:3456} INFO - Setting next_dagrun for dataset_consumes_1_never_scheduled to None, run_after=None
[2023-04-16T00:52:17.266+0000] {logging_mixin.py:137} INFO - [2023-04-16T00:52:17.266+0000] {dag.py:3456} INFO - Setting next_dagrun for dataset_consumes_unknown_never_scheduled to None, run_after=None
[2023-04-16T00:52:17.270+0000] {logging_mixin.py:137} INFO - [2023-04-16T00:52:17.270+0000] {dag.py:3456} INFO - Setting next_dagrun for dataset_produces_1 to 2023-04-15T00:00:00+00:00, run_after=2023-04-16T00:00:00+00:00
[2023-04-16T00:52:17.272+0000] {logging_mixin.py:137} INFO - [2023-04-16T00:52:17.272+0000] {dag.py:3456} INFO - Setting next_dagrun for dataset_produces_2 to None, run_after=None
[2023-04-16T00:52:17.326+0000] {processor.py:175} INFO - Processing /home/airflow/.local/lib/python3.7/site-packages/airflow/example_dags/example_datasets.py took 0.211 seconds
[2023-04-16T00:52:47.490+0000] {processor.py:153} INFO - Started process (PID=396) to work on /home/airflow/.local/lib/python3.7/site-packages/airflow/example_dags/example_datasets.py
[2023-04-16T00:52:47.491+0000] {processor.py:743} INFO - Processing file /home/airflow/.local/lib/python3.7/site-packages/airflow/example_dags/example_datasets.py for tasks to queue
[2023-04-16T00:52:47.492+0000] {logging_mixin.py:137} INFO - [2023-04-16T00:52:47.491+0000] {dagbag.py:532} INFO - Filling up the DagBag from /home/airflow/.local/lib/python3.7/site-packages/airflow/example_dags/example_datasets.py
[2023-04-16T00:52:47.515+0000] {processor.py:753} INFO - DAG(s) dict_keys(['dataset_consumes_1', 'dataset_produces_1', 'dataset_produces_2', 'dataset_consumes_1_never_scheduled', 'dataset_consumes_1_and_2', 'dataset_consumes_unknown_never_scheduled']) retrieved from /home/airflow/.local/lib/python3.7/site-packages/airflow/example_dags/example_datasets.py
[2023-04-16T00:52:47.575+0000] {logging_mixin.py:137} INFO - [2023-04-16T00:52:47.575+0000] {dag.py:2705} INFO - Sync 6 DAGs
[2023-04-16T00:52:47.620+0000] {logging_mixin.py:137} INFO - [2023-04-16T00:52:47.620+0000] {dag.py:3456} INFO - Setting next_dagrun for dataset_consumes_1 to None, run_after=None
[2023-04-16T00:52:47.626+0000] {logging_mixin.py:137} INFO - [2023-04-16T00:52:47.626+0000] {dag.py:3456} INFO - Setting next_dagrun for dataset_consumes_1_and_2 to None, run_after=None
[2023-04-16T00:52:47.628+0000] {logging_mixin.py:137} INFO - [2023-04-16T00:52:47.628+0000] {dag.py:3456} INFO - Setting next_dagrun for dataset_consumes_1_never_scheduled to None, run_after=None
[2023-04-16T00:52:47.629+0000] {logging_mixin.py:137} INFO - [2023-04-16T00:52:47.629+0000] {dag.py:3456} INFO - Setting next_dagrun for dataset_consumes_unknown_never_scheduled to None, run_after=None
[2023-04-16T00:52:47.633+0000] {logging_mixin.py:137} INFO - [2023-04-16T00:52:47.633+0000] {dag.py:3456} INFO - Setting next_dagrun for dataset_produces_1 to 2023-04-15T00:00:00+00:00, run_after=2023-04-16T00:00:00+00:00
[2023-04-16T00:52:47.635+0000] {logging_mixin.py:137} INFO - [2023-04-16T00:52:47.635+0000] {dag.py:3456} INFO - Setting next_dagrun for dataset_produces_2 to None, run_after=None
[2023-04-16T00:52:47.680+0000] {processor.py:175} INFO - Processing /home/airflow/.local/lib/python3.7/site-packages/airflow/example_dags/example_datasets.py took 0.194 seconds
[2023-04-16T00:53:17.789+0000] {processor.py:153} INFO - Started process (PID=445) to work on /home/airflow/.local/lib/python3.7/site-packages/airflow/example_dags/example_datasets.py
[2023-04-16T00:53:17.790+0000] {processor.py:743} INFO - Processing file /home/airflow/.local/lib/python3.7/site-packages/airflow/example_dags/example_datasets.py for tasks to queue
[2023-04-16T00:53:17.791+0000] {logging_mixin.py:137} INFO - [2023-04-16T00:53:17.791+0000] {dagbag.py:532} INFO - Filling up the DagBag from /home/airflow/.local/lib/python3.7/site-packages/airflow/example_dags/example_datasets.py
[2023-04-16T00:53:17.813+0000] {processor.py:753} INFO - DAG(s) dict_keys(['dataset_consumes_1_and_2', 'dataset_produces_1', 'dataset_produces_2', 'dataset_consumes_1_never_scheduled', 'dataset_consumes_unknown_never_scheduled', 'dataset_consumes_1']) retrieved from /home/airflow/.local/lib/python3.7/site-packages/airflow/example_dags/example_datasets.py
[2023-04-16T00:53:17.872+0000] {logging_mixin.py:137} INFO - [2023-04-16T00:53:17.872+0000] {dag.py:2705} INFO - Sync 6 DAGs
[2023-04-16T00:53:17.916+0000] {logging_mixin.py:137} INFO - [2023-04-16T00:53:17.916+0000] {dag.py:3456} INFO - Setting next_dagrun for dataset_consumes_1 to None, run_after=None
[2023-04-16T00:53:17.923+0000] {logging_mixin.py:137} INFO - [2023-04-16T00:53:17.922+0000] {dag.py:3456} INFO - Setting next_dagrun for dataset_consumes_1_and_2 to None, run_after=None
[2023-04-16T00:53:17.924+0000] {logging_mixin.py:137} INFO - [2023-04-16T00:53:17.924+0000] {dag.py:3456} INFO - Setting next_dagrun for dataset_consumes_1_never_scheduled to None, run_after=None
[2023-04-16T00:53:17.926+0000] {logging_mixin.py:137} INFO - [2023-04-16T00:53:17.926+0000] {dag.py:3456} INFO - Setting next_dagrun for dataset_consumes_unknown_never_scheduled to None, run_after=None
[2023-04-16T00:53:17.931+0000] {logging_mixin.py:137} INFO - [2023-04-16T00:53:17.930+0000] {dag.py:3456} INFO - Setting next_dagrun for dataset_produces_1 to 2023-04-15T00:00:00+00:00, run_after=2023-04-16T00:00:00+00:00
[2023-04-16T00:53:17.932+0000] {logging_mixin.py:137} INFO - [2023-04-16T00:53:17.932+0000] {dag.py:3456} INFO - Setting next_dagrun for dataset_produces_2 to None, run_after=None
[2023-04-16T00:53:17.972+0000] {processor.py:175} INFO - Processing /home/airflow/.local/lib/python3.7/site-packages/airflow/example_dags/example_datasets.py took 0.188 seconds
[2023-04-16T00:53:48.109+0000] {processor.py:153} INFO - Started process (PID=495) to work on /home/airflow/.local/lib/python3.7/site-packages/airflow/example_dags/example_datasets.py
[2023-04-16T00:53:48.110+0000] {processor.py:743} INFO - Processing file /home/airflow/.local/lib/python3.7/site-packages/airflow/example_dags/example_datasets.py for tasks to queue
[2023-04-16T00:53:48.111+0000] {logging_mixin.py:137} INFO - [2023-04-16T00:53:48.111+0000] {dagbag.py:532} INFO - Filling up the DagBag from /home/airflow/.local/lib/python3.7/site-packages/airflow/example_dags/example_datasets.py
[2023-04-16T00:53:48.131+0000] {processor.py:753} INFO - DAG(s) dict_keys(['dataset_consumes_1_and_2', 'dataset_consumes_1', 'dataset_produces_2', 'dataset_consumes_unknown_never_scheduled', 'dataset_consumes_1_never_scheduled', 'dataset_produces_1']) retrieved from /home/airflow/.local/lib/python3.7/site-packages/airflow/example_dags/example_datasets.py
[2023-04-16T00:53:48.185+0000] {logging_mixin.py:137} INFO - [2023-04-16T00:53:48.184+0000] {dag.py:2705} INFO - Sync 6 DAGs
[2023-04-16T00:53:48.226+0000] {logging_mixin.py:137} INFO - [2023-04-16T00:53:48.226+0000] {dag.py:3456} INFO - Setting next_dagrun for dataset_consumes_1 to None, run_after=None
[2023-04-16T00:53:48.230+0000] {logging_mixin.py:137} INFO - [2023-04-16T00:53:48.230+0000] {dag.py:3456} INFO - Setting next_dagrun for dataset_consumes_1_and_2 to None, run_after=None
[2023-04-16T00:53:48.232+0000] {logging_mixin.py:137} INFO - [2023-04-16T00:53:48.231+0000] {dag.py:3456} INFO - Setting next_dagrun for dataset_consumes_1_never_scheduled to None, run_after=None
[2023-04-16T00:53:48.233+0000] {logging_mixin.py:137} INFO - [2023-04-16T00:53:48.232+0000] {dag.py:3456} INFO - Setting next_dagrun for dataset_consumes_unknown_never_scheduled to None, run_after=None
[2023-04-16T00:53:48.236+0000] {logging_mixin.py:137} INFO - [2023-04-16T00:53:48.236+0000] {dag.py:3456} INFO - Setting next_dagrun for dataset_produces_1 to 2023-04-15T00:00:00+00:00, run_after=2023-04-16T00:00:00+00:00
[2023-04-16T00:53:48.238+0000] {logging_mixin.py:137} INFO - [2023-04-16T00:53:48.238+0000] {dag.py:3456} INFO - Setting next_dagrun for dataset_produces_2 to None, run_after=None
[2023-04-16T00:53:48.278+0000] {processor.py:175} INFO - Processing /home/airflow/.local/lib/python3.7/site-packages/airflow/example_dags/example_datasets.py took 0.173 seconds
[2023-04-16T00:54:18.784+0000] {processor.py:153} INFO - Started process (PID=545) to work on /home/airflow/.local/lib/python3.7/site-packages/airflow/example_dags/example_datasets.py
[2023-04-16T00:54:18.785+0000] {processor.py:743} INFO - Processing file /home/airflow/.local/lib/python3.7/site-packages/airflow/example_dags/example_datasets.py for tasks to queue
[2023-04-16T00:54:18.786+0000] {logging_mixin.py:137} INFO - [2023-04-16T00:54:18.785+0000] {dagbag.py:532} INFO - Filling up the DagBag from /home/airflow/.local/lib/python3.7/site-packages/airflow/example_dags/example_datasets.py
[2023-04-16T00:54:18.810+0000] {processor.py:753} INFO - DAG(s) dict_keys(['dataset_consumes_1', 'dataset_produces_2', 'dataset_consumes_1_and_2', 'dataset_consumes_unknown_never_scheduled', 'dataset_produces_1', 'dataset_consumes_1_never_scheduled']) retrieved from /home/airflow/.local/lib/python3.7/site-packages/airflow/example_dags/example_datasets.py
[2023-04-16T00:54:18.884+0000] {logging_mixin.py:137} INFO - [2023-04-16T00:54:18.884+0000] {dag.py:2705} INFO - Sync 6 DAGs
[2023-04-16T00:54:18.930+0000] {logging_mixin.py:137} INFO - [2023-04-16T00:54:18.930+0000] {dag.py:3456} INFO - Setting next_dagrun for dataset_consumes_1 to None, run_after=None
[2023-04-16T00:54:18.936+0000] {logging_mixin.py:137} INFO - [2023-04-16T00:54:18.935+0000] {dag.py:3456} INFO - Setting next_dagrun for dataset_consumes_1_and_2 to None, run_after=None
[2023-04-16T00:54:18.937+0000] {logging_mixin.py:137} INFO - [2023-04-16T00:54:18.937+0000] {dag.py:3456} INFO - Setting next_dagrun for dataset_consumes_1_never_scheduled to None, run_after=None
[2023-04-16T00:54:18.939+0000] {logging_mixin.py:137} INFO - [2023-04-16T00:54:18.939+0000] {dag.py:3456} INFO - Setting next_dagrun for dataset_consumes_unknown_never_scheduled to None, run_after=None
[2023-04-16T00:54:18.947+0000] {logging_mixin.py:137} INFO - [2023-04-16T00:54:18.947+0000] {dag.py:3456} INFO - Setting next_dagrun for dataset_produces_1 to 2023-04-15T00:00:00+00:00, run_after=2023-04-16T00:00:00+00:00
[2023-04-16T00:54:18.950+0000] {logging_mixin.py:137} INFO - [2023-04-16T00:54:18.949+0000] {dag.py:3456} INFO - Setting next_dagrun for dataset_produces_2 to None, run_after=None
[2023-04-16T00:54:19.012+0000] {processor.py:175} INFO - Processing /home/airflow/.local/lib/python3.7/site-packages/airflow/example_dags/example_datasets.py took 0.236 seconds
[2023-04-16T00:54:49.059+0000] {processor.py:153} INFO - Started process (PID=594) to work on /home/airflow/.local/lib/python3.7/site-packages/airflow/example_dags/example_datasets.py
[2023-04-16T00:54:49.060+0000] {processor.py:743} INFO - Processing file /home/airflow/.local/lib/python3.7/site-packages/airflow/example_dags/example_datasets.py for tasks to queue
[2023-04-16T00:54:49.060+0000] {logging_mixin.py:137} INFO - [2023-04-16T00:54:49.060+0000] {dagbag.py:532} INFO - Filling up the DagBag from /home/airflow/.local/lib/python3.7/site-packages/airflow/example_dags/example_datasets.py
[2023-04-16T00:54:49.080+0000] {processor.py:753} INFO - DAG(s) dict_keys(['dataset_consumes_1_never_scheduled', 'dataset_produces_2', 'dataset_consumes_1_and_2', 'dataset_produces_1', 'dataset_consumes_1', 'dataset_consumes_unknown_never_scheduled']) retrieved from /home/airflow/.local/lib/python3.7/site-packages/airflow/example_dags/example_datasets.py
[2023-04-16T00:54:49.133+0000] {logging_mixin.py:137} INFO - [2023-04-16T00:54:49.133+0000] {dag.py:2705} INFO - Sync 6 DAGs
[2023-04-16T00:54:49.175+0000] {logging_mixin.py:137} INFO - [2023-04-16T00:54:49.175+0000] {dag.py:3456} INFO - Setting next_dagrun for dataset_consumes_1 to None, run_after=None
[2023-04-16T00:54:49.180+0000] {logging_mixin.py:137} INFO - [2023-04-16T00:54:49.180+0000] {dag.py:3456} INFO - Setting next_dagrun for dataset_consumes_1_and_2 to None, run_after=None
[2023-04-16T00:54:49.182+0000] {logging_mixin.py:137} INFO - [2023-04-16T00:54:49.181+0000] {dag.py:3456} INFO - Setting next_dagrun for dataset_consumes_1_never_scheduled to None, run_after=None
[2023-04-16T00:54:49.183+0000] {logging_mixin.py:137} INFO - [2023-04-16T00:54:49.183+0000] {dag.py:3456} INFO - Setting next_dagrun for dataset_consumes_unknown_never_scheduled to None, run_after=None
[2023-04-16T00:54:49.187+0000] {logging_mixin.py:137} INFO - [2023-04-16T00:54:49.187+0000] {dag.py:3456} INFO - Setting next_dagrun for dataset_produces_1 to 2023-04-15T00:00:00+00:00, run_after=2023-04-16T00:00:00+00:00
[2023-04-16T00:54:49.188+0000] {logging_mixin.py:137} INFO - [2023-04-16T00:54:49.188+0000] {dag.py:3456} INFO - Setting next_dagrun for dataset_produces_2 to None, run_after=None
[2023-04-16T00:54:49.232+0000] {processor.py:175} INFO - Processing /home/airflow/.local/lib/python3.7/site-packages/airflow/example_dags/example_datasets.py took 0.177 seconds
[2023-04-16T00:55:19.313+0000] {processor.py:153} INFO - Started process (PID=644) to work on /home/airflow/.local/lib/python3.7/site-packages/airflow/example_dags/example_datasets.py
[2023-04-16T00:55:19.314+0000] {processor.py:743} INFO - Processing file /home/airflow/.local/lib/python3.7/site-packages/airflow/example_dags/example_datasets.py for tasks to queue
[2023-04-16T00:55:19.314+0000] {logging_mixin.py:137} INFO - [2023-04-16T00:55:19.314+0000] {dagbag.py:532} INFO - Filling up the DagBag from /home/airflow/.local/lib/python3.7/site-packages/airflow/example_dags/example_datasets.py
[2023-04-16T00:55:19.335+0000] {processor.py:753} INFO - DAG(s) dict_keys(['dataset_consumes_1_never_scheduled', 'dataset_consumes_1_and_2', 'dataset_consumes_unknown_never_scheduled', 'dataset_consumes_1', 'dataset_produces_1', 'dataset_produces_2']) retrieved from /home/airflow/.local/lib/python3.7/site-packages/airflow/example_dags/example_datasets.py
[2023-04-16T00:55:19.388+0000] {logging_mixin.py:137} INFO - [2023-04-16T00:55:19.388+0000] {dag.py:2705} INFO - Sync 6 DAGs
[2023-04-16T00:55:19.431+0000] {logging_mixin.py:137} INFO - [2023-04-16T00:55:19.431+0000] {dag.py:3456} INFO - Setting next_dagrun for dataset_consumes_1 to None, run_after=None
[2023-04-16T00:55:19.436+0000] {logging_mixin.py:137} INFO - [2023-04-16T00:55:19.436+0000] {dag.py:3456} INFO - Setting next_dagrun for dataset_consumes_1_and_2 to None, run_after=None
[2023-04-16T00:55:19.438+0000] {logging_mixin.py:137} INFO - [2023-04-16T00:55:19.437+0000] {dag.py:3456} INFO - Setting next_dagrun for dataset_consumes_1_never_scheduled to None, run_after=None
[2023-04-16T00:55:19.439+0000] {logging_mixin.py:137} INFO - [2023-04-16T00:55:19.439+0000] {dag.py:3456} INFO - Setting next_dagrun for dataset_consumes_unknown_never_scheduled to None, run_after=None
[2023-04-16T00:55:19.443+0000] {logging_mixin.py:137} INFO - [2023-04-16T00:55:19.443+0000] {dag.py:3456} INFO - Setting next_dagrun for dataset_produces_1 to 2023-04-15T00:00:00+00:00, run_after=2023-04-16T00:00:00+00:00
[2023-04-16T00:55:19.444+0000] {logging_mixin.py:137} INFO - [2023-04-16T00:55:19.444+0000] {dag.py:3456} INFO - Setting next_dagrun for dataset_produces_2 to None, run_after=None
[2023-04-16T00:55:19.484+0000] {processor.py:175} INFO - Processing /home/airflow/.local/lib/python3.7/site-packages/airflow/example_dags/example_datasets.py took 0.174 seconds
[2023-04-16T00:55:49.884+0000] {processor.py:153} INFO - Started process (PID=694) to work on /home/airflow/.local/lib/python3.7/site-packages/airflow/example_dags/example_datasets.py
[2023-04-16T00:55:49.885+0000] {processor.py:743} INFO - Processing file /home/airflow/.local/lib/python3.7/site-packages/airflow/example_dags/example_datasets.py for tasks to queue
[2023-04-16T00:55:49.885+0000] {logging_mixin.py:137} INFO - [2023-04-16T00:55:49.885+0000] {dagbag.py:532} INFO - Filling up the DagBag from /home/airflow/.local/lib/python3.7/site-packages/airflow/example_dags/example_datasets.py
[2023-04-16T00:55:49.906+0000] {processor.py:753} INFO - DAG(s) dict_keys(['dataset_consumes_1', 'dataset_consumes_1_and_2', 'dataset_consumes_1_never_scheduled', 'dataset_consumes_unknown_never_scheduled', 'dataset_produces_1', 'dataset_produces_2']) retrieved from /home/airflow/.local/lib/python3.7/site-packages/airflow/example_dags/example_datasets.py
[2023-04-16T00:55:49.961+0000] {logging_mixin.py:137} INFO - [2023-04-16T00:55:49.961+0000] {dag.py:2705} INFO - Sync 6 DAGs
[2023-04-16T00:55:50.003+0000] {logging_mixin.py:137} INFO - [2023-04-16T00:55:50.003+0000] {dag.py:3456} INFO - Setting next_dagrun for dataset_consumes_1 to None, run_after=None
[2023-04-16T00:55:50.008+0000] {logging_mixin.py:137} INFO - [2023-04-16T00:55:50.007+0000] {dag.py:3456} INFO - Setting next_dagrun for dataset_consumes_1_and_2 to None, run_after=None
[2023-04-16T00:55:50.009+0000] {logging_mixin.py:137} INFO - [2023-04-16T00:55:50.009+0000] {dag.py:3456} INFO - Setting next_dagrun for dataset_consumes_1_never_scheduled to None, run_after=None
[2023-04-16T00:55:50.010+0000] {logging_mixin.py:137} INFO - [2023-04-16T00:55:50.010+0000] {dag.py:3456} INFO - Setting next_dagrun for dataset_consumes_unknown_never_scheduled to None, run_after=None
[2023-04-16T00:55:50.014+0000] {logging_mixin.py:137} INFO - [2023-04-16T00:55:50.014+0000] {dag.py:3456} INFO - Setting next_dagrun for dataset_produces_1 to 2023-04-15T00:00:00+00:00, run_after=2023-04-16T00:00:00+00:00
[2023-04-16T00:55:50.016+0000] {logging_mixin.py:137} INFO - [2023-04-16T00:55:50.016+0000] {dag.py:3456} INFO - Setting next_dagrun for dataset_produces_2 to None, run_after=None
[2023-04-16T00:55:50.058+0000] {processor.py:175} INFO - Processing /home/airflow/.local/lib/python3.7/site-packages/airflow/example_dags/example_datasets.py took 0.178 seconds
[2023-04-16T00:56:20.238+0000] {processor.py:153} INFO - Started process (PID=744) to work on /home/airflow/.local/lib/python3.7/site-packages/airflow/example_dags/example_datasets.py
[2023-04-16T00:56:20.238+0000] {processor.py:743} INFO - Processing file /home/airflow/.local/lib/python3.7/site-packages/airflow/example_dags/example_datasets.py for tasks to queue
[2023-04-16T00:56:20.239+0000] {logging_mixin.py:137} INFO - [2023-04-16T00:56:20.239+0000] {dagbag.py:532} INFO - Filling up the DagBag from /home/airflow/.local/lib/python3.7/site-packages/airflow/example_dags/example_datasets.py
[2023-04-16T00:56:20.261+0000] {processor.py:753} INFO - DAG(s) dict_keys(['dataset_consumes_1_never_scheduled', 'dataset_produces_2', 'dataset_produces_1', 'dataset_consumes_1_and_2', 'dataset_consumes_1', 'dataset_consumes_unknown_never_scheduled']) retrieved from /home/airflow/.local/lib/python3.7/site-packages/airflow/example_dags/example_datasets.py
[2023-04-16T00:56:20.319+0000] {logging_mixin.py:137} INFO - [2023-04-16T00:56:20.318+0000] {dag.py:2705} INFO - Sync 6 DAGs
[2023-04-16T00:56:20.361+0000] {logging_mixin.py:137} INFO - [2023-04-16T00:56:20.361+0000] {dag.py:3456} INFO - Setting next_dagrun for dataset_consumes_1 to None, run_after=None
[2023-04-16T00:56:20.365+0000] {logging_mixin.py:137} INFO - [2023-04-16T00:56:20.365+0000] {dag.py:3456} INFO - Setting next_dagrun for dataset_consumes_1_and_2 to None, run_after=None
[2023-04-16T00:56:20.367+0000] {logging_mixin.py:137} INFO - [2023-04-16T00:56:20.367+0000] {dag.py:3456} INFO - Setting next_dagrun for dataset_consumes_1_never_scheduled to None, run_after=None
[2023-04-16T00:56:20.368+0000] {logging_mixin.py:137} INFO - [2023-04-16T00:56:20.368+0000] {dag.py:3456} INFO - Setting next_dagrun for dataset_consumes_unknown_never_scheduled to None, run_after=None
[2023-04-16T00:56:20.371+0000] {logging_mixin.py:137} INFO - [2023-04-16T00:56:20.371+0000] {dag.py:3456} INFO - Setting next_dagrun for dataset_produces_1 to 2023-04-15T00:00:00+00:00, run_after=2023-04-16T00:00:00+00:00
[2023-04-16T00:56:20.373+0000] {logging_mixin.py:137} INFO - [2023-04-16T00:56:20.373+0000] {dag.py:3456} INFO - Setting next_dagrun for dataset_produces_2 to None, run_after=None
[2023-04-16T00:56:20.412+0000] {processor.py:175} INFO - Processing /home/airflow/.local/lib/python3.7/site-packages/airflow/example_dags/example_datasets.py took 0.178 seconds
[2023-04-16T00:56:50.545+0000] {processor.py:153} INFO - Started process (PID=794) to work on /home/airflow/.local/lib/python3.7/site-packages/airflow/example_dags/example_datasets.py
[2023-04-16T00:56:50.546+0000] {processor.py:743} INFO - Processing file /home/airflow/.local/lib/python3.7/site-packages/airflow/example_dags/example_datasets.py for tasks to queue
[2023-04-16T00:56:50.547+0000] {logging_mixin.py:137} INFO - [2023-04-16T00:56:50.547+0000] {dagbag.py:532} INFO - Filling up the DagBag from /home/airflow/.local/lib/python3.7/site-packages/airflow/example_dags/example_datasets.py
[2023-04-16T00:56:50.567+0000] {processor.py:753} INFO - DAG(s) dict_keys(['dataset_consumes_1', 'dataset_consumes_1_and_2', 'dataset_consumes_unknown_never_scheduled', 'dataset_produces_1', 'dataset_consumes_1_never_scheduled', 'dataset_produces_2']) retrieved from /home/airflow/.local/lib/python3.7/site-packages/airflow/example_dags/example_datasets.py
[2023-04-16T00:56:50.622+0000] {logging_mixin.py:137} INFO - [2023-04-16T00:56:50.621+0000] {dag.py:2705} INFO - Sync 6 DAGs
[2023-04-16T00:56:50.664+0000] {logging_mixin.py:137} INFO - [2023-04-16T00:56:50.664+0000] {dag.py:3456} INFO - Setting next_dagrun for dataset_consumes_1 to None, run_after=None
[2023-04-16T00:56:50.668+0000] {logging_mixin.py:137} INFO - [2023-04-16T00:56:50.668+0000] {dag.py:3456} INFO - Setting next_dagrun for dataset_consumes_1_and_2 to None, run_after=None
[2023-04-16T00:56:50.670+0000] {logging_mixin.py:137} INFO - [2023-04-16T00:56:50.670+0000] {dag.py:3456} INFO - Setting next_dagrun for dataset_consumes_1_never_scheduled to None, run_after=None
[2023-04-16T00:56:50.671+0000] {logging_mixin.py:137} INFO - [2023-04-16T00:56:50.671+0000] {dag.py:3456} INFO - Setting next_dagrun for dataset_consumes_unknown_never_scheduled to None, run_after=None
[2023-04-16T00:56:50.675+0000] {logging_mixin.py:137} INFO - [2023-04-16T00:56:50.675+0000] {dag.py:3456} INFO - Setting next_dagrun for dataset_produces_1 to 2023-04-15T00:00:00+00:00, run_after=2023-04-16T00:00:00+00:00
[2023-04-16T00:56:50.676+0000] {logging_mixin.py:137} INFO - [2023-04-16T00:56:50.676+0000] {dag.py:3456} INFO - Setting next_dagrun for dataset_produces_2 to None, run_after=None
[2023-04-16T00:56:50.720+0000] {processor.py:175} INFO - Processing /home/airflow/.local/lib/python3.7/site-packages/airflow/example_dags/example_datasets.py took 0.179 seconds
[2023-04-16T00:57:20.808+0000] {processor.py:153} INFO - Started process (PID=844) to work on /home/airflow/.local/lib/python3.7/site-packages/airflow/example_dags/example_datasets.py
[2023-04-16T00:57:20.811+0000] {processor.py:743} INFO - Processing file /home/airflow/.local/lib/python3.7/site-packages/airflow/example_dags/example_datasets.py for tasks to queue
[2023-04-16T00:57:20.811+0000] {logging_mixin.py:137} INFO - [2023-04-16T00:57:20.811+0000] {dagbag.py:532} INFO - Filling up the DagBag from /home/airflow/.local/lib/python3.7/site-packages/airflow/example_dags/example_datasets.py
[2023-04-16T00:57:20.835+0000] {processor.py:753} INFO - DAG(s) dict_keys(['dataset_consumes_1_and_2', 'dataset_produces_2', 'dataset_consumes_1_never_scheduled', 'dataset_consumes_unknown_never_scheduled', 'dataset_consumes_1', 'dataset_produces_1']) retrieved from /home/airflow/.local/lib/python3.7/site-packages/airflow/example_dags/example_datasets.py
[2023-04-16T00:57:20.913+0000] {logging_mixin.py:137} INFO - [2023-04-16T00:57:20.913+0000] {dag.py:2705} INFO - Sync 6 DAGs
[2023-04-16T00:57:20.973+0000] {logging_mixin.py:137} INFO - [2023-04-16T00:57:20.972+0000] {dag.py:3456} INFO - Setting next_dagrun for dataset_consumes_1 to None, run_after=None
[2023-04-16T00:57:20.978+0000] {logging_mixin.py:137} INFO - [2023-04-16T00:57:20.978+0000] {dag.py:3456} INFO - Setting next_dagrun for dataset_consumes_1_and_2 to None, run_after=None
[2023-04-16T00:57:20.980+0000] {logging_mixin.py:137} INFO - [2023-04-16T00:57:20.980+0000] {dag.py:3456} INFO - Setting next_dagrun for dataset_consumes_1_never_scheduled to None, run_after=None
[2023-04-16T00:57:20.982+0000] {logging_mixin.py:137} INFO - [2023-04-16T00:57:20.982+0000] {dag.py:3456} INFO - Setting next_dagrun for dataset_consumes_unknown_never_scheduled to None, run_after=None
[2023-04-16T00:57:20.987+0000] {logging_mixin.py:137} INFO - [2023-04-16T00:57:20.987+0000] {dag.py:3456} INFO - Setting next_dagrun for dataset_produces_1 to 2023-04-15T00:00:00+00:00, run_after=2023-04-16T00:00:00+00:00
[2023-04-16T00:57:20.989+0000] {logging_mixin.py:137} INFO - [2023-04-16T00:57:20.989+0000] {dag.py:3456} INFO - Setting next_dagrun for dataset_produces_2 to None, run_after=None
[2023-04-16T00:57:21.053+0000] {processor.py:175} INFO - Processing /home/airflow/.local/lib/python3.7/site-packages/airflow/example_dags/example_datasets.py took 0.252 seconds
[2023-04-16T00:57:51.280+0000] {processor.py:153} INFO - Started process (PID=894) to work on /home/airflow/.local/lib/python3.7/site-packages/airflow/example_dags/example_datasets.py
[2023-04-16T00:57:51.280+0000] {processor.py:743} INFO - Processing file /home/airflow/.local/lib/python3.7/site-packages/airflow/example_dags/example_datasets.py for tasks to queue
[2023-04-16T00:57:51.281+0000] {logging_mixin.py:137} INFO - [2023-04-16T00:57:51.281+0000] {dagbag.py:532} INFO - Filling up the DagBag from /home/airflow/.local/lib/python3.7/site-packages/airflow/example_dags/example_datasets.py
[2023-04-16T00:57:51.302+0000] {processor.py:753} INFO - DAG(s) dict_keys(['dataset_produces_2', 'dataset_consumes_1', 'dataset_produces_1', 'dataset_consumes_unknown_never_scheduled', 'dataset_consumes_1_never_scheduled', 'dataset_consumes_1_and_2']) retrieved from /home/airflow/.local/lib/python3.7/site-packages/airflow/example_dags/example_datasets.py
[2023-04-16T00:57:51.365+0000] {logging_mixin.py:137} INFO - [2023-04-16T00:57:51.365+0000] {dag.py:2705} INFO - Sync 6 DAGs
[2023-04-16T00:57:51.409+0000] {logging_mixin.py:137} INFO - [2023-04-16T00:57:51.408+0000] {dag.py:3456} INFO - Setting next_dagrun for dataset_consumes_1 to None, run_after=None
[2023-04-16T00:57:51.413+0000] {logging_mixin.py:137} INFO - [2023-04-16T00:57:51.413+0000] {dag.py:3456} INFO - Setting next_dagrun for dataset_consumes_1_and_2 to None, run_after=None
[2023-04-16T00:57:51.415+0000] {logging_mixin.py:137} INFO - [2023-04-16T00:57:51.415+0000] {dag.py:3456} INFO - Setting next_dagrun for dataset_consumes_1_never_scheduled to None, run_after=None
[2023-04-16T00:57:51.416+0000] {logging_mixin.py:137} INFO - [2023-04-16T00:57:51.416+0000] {dag.py:3456} INFO - Setting next_dagrun for dataset_consumes_unknown_never_scheduled to None, run_after=None
[2023-04-16T00:57:51.420+0000] {logging_mixin.py:137} INFO - [2023-04-16T00:57:51.420+0000] {dag.py:3456} INFO - Setting next_dagrun for dataset_produces_1 to 2023-04-15T00:00:00+00:00, run_after=2023-04-16T00:00:00+00:00
[2023-04-16T00:57:51.422+0000] {logging_mixin.py:137} INFO - [2023-04-16T00:57:51.422+0000] {dag.py:3456} INFO - Setting next_dagrun for dataset_produces_2 to None, run_after=None
[2023-04-16T00:57:51.465+0000] {processor.py:175} INFO - Processing /home/airflow/.local/lib/python3.7/site-packages/airflow/example_dags/example_datasets.py took 0.189 seconds
[2023-04-16T00:58:21.579+0000] {processor.py:153} INFO - Started process (PID=944) to work on /home/airflow/.local/lib/python3.7/site-packages/airflow/example_dags/example_datasets.py
[2023-04-16T00:58:21.580+0000] {processor.py:743} INFO - Processing file /home/airflow/.local/lib/python3.7/site-packages/airflow/example_dags/example_datasets.py for tasks to queue
[2023-04-16T00:58:21.581+0000] {logging_mixin.py:137} INFO - [2023-04-16T00:58:21.581+0000] {dagbag.py:532} INFO - Filling up the DagBag from /home/airflow/.local/lib/python3.7/site-packages/airflow/example_dags/example_datasets.py
[2023-04-16T00:58:21.601+0000] {processor.py:753} INFO - DAG(s) dict_keys(['dataset_consumes_unknown_never_scheduled', 'dataset_consumes_1_and_2', 'dataset_consumes_1_never_scheduled', 'dataset_produces_1', 'dataset_produces_2', 'dataset_consumes_1']) retrieved from /home/airflow/.local/lib/python3.7/site-packages/airflow/example_dags/example_datasets.py
[2023-04-16T00:58:21.657+0000] {logging_mixin.py:137} INFO - [2023-04-16T00:58:21.657+0000] {dag.py:2705} INFO - Sync 6 DAGs
[2023-04-16T00:58:21.697+0000] {logging_mixin.py:137} INFO - [2023-04-16T00:58:21.697+0000] {dag.py:3456} INFO - Setting next_dagrun for dataset_consumes_1 to None, run_after=None
[2023-04-16T00:58:21.702+0000] {logging_mixin.py:137} INFO - [2023-04-16T00:58:21.702+0000] {dag.py:3456} INFO - Setting next_dagrun for dataset_consumes_1_and_2 to None, run_after=None
[2023-04-16T00:58:21.703+0000] {logging_mixin.py:137} INFO - [2023-04-16T00:58:21.703+0000] {dag.py:3456} INFO - Setting next_dagrun for dataset_consumes_1_never_scheduled to None, run_after=None
[2023-04-16T00:58:21.705+0000] {logging_mixin.py:137} INFO - [2023-04-16T00:58:21.705+0000] {dag.py:3456} INFO - Setting next_dagrun for dataset_consumes_unknown_never_scheduled to None, run_after=None
[2023-04-16T00:58:21.709+0000] {logging_mixin.py:137} INFO - [2023-04-16T00:58:21.709+0000] {dag.py:3456} INFO - Setting next_dagrun for dataset_produces_1 to 2023-04-15T00:00:00+00:00, run_after=2023-04-16T00:00:00+00:00
[2023-04-16T00:58:21.710+0000] {logging_mixin.py:137} INFO - [2023-04-16T00:58:21.710+0000] {dag.py:3456} INFO - Setting next_dagrun for dataset_produces_2 to None, run_after=None
[2023-04-16T00:58:21.752+0000] {processor.py:175} INFO - Processing /home/airflow/.local/lib/python3.7/site-packages/airflow/example_dags/example_datasets.py took 0.177 seconds
[2023-04-16T00:58:51.873+0000] {processor.py:153} INFO - Started process (PID=994) to work on /home/airflow/.local/lib/python3.7/site-packages/airflow/example_dags/example_datasets.py
[2023-04-16T00:58:51.874+0000] {processor.py:743} INFO - Processing file /home/airflow/.local/lib/python3.7/site-packages/airflow/example_dags/example_datasets.py for tasks to queue
[2023-04-16T00:58:51.875+0000] {logging_mixin.py:137} INFO - [2023-04-16T00:58:51.874+0000] {dagbag.py:532} INFO - Filling up the DagBag from /home/airflow/.local/lib/python3.7/site-packages/airflow/example_dags/example_datasets.py
[2023-04-16T00:58:51.902+0000] {processor.py:753} INFO - DAG(s) dict_keys(['dataset_consumes_1_never_scheduled', 'dataset_consumes_unknown_never_scheduled', 'dataset_produces_1', 'dataset_consumes_1_and_2', 'dataset_consumes_1', 'dataset_produces_2']) retrieved from /home/airflow/.local/lib/python3.7/site-packages/airflow/example_dags/example_datasets.py
[2023-04-16T00:58:51.969+0000] {logging_mixin.py:137} INFO - [2023-04-16T00:58:51.969+0000] {dag.py:2705} INFO - Sync 6 DAGs
[2023-04-16T00:58:52.016+0000] {logging_mixin.py:137} INFO - [2023-04-16T00:58:52.015+0000] {dag.py:3456} INFO - Setting next_dagrun for dataset_consumes_1 to None, run_after=None
[2023-04-16T00:58:52.022+0000] {logging_mixin.py:137} INFO - [2023-04-16T00:58:52.022+0000] {dag.py:3456} INFO - Setting next_dagrun for dataset_consumes_1_and_2 to None, run_after=None
[2023-04-16T00:58:52.024+0000] {logging_mixin.py:137} INFO - [2023-04-16T00:58:52.024+0000] {dag.py:3456} INFO - Setting next_dagrun for dataset_consumes_1_never_scheduled to None, run_after=None
[2023-04-16T00:58:52.026+0000] {logging_mixin.py:137} INFO - [2023-04-16T00:58:52.026+0000] {dag.py:3456} INFO - Setting next_dagrun for dataset_consumes_unknown_never_scheduled to None, run_after=None
[2023-04-16T00:58:52.033+0000] {logging_mixin.py:137} INFO - [2023-04-16T00:58:52.032+0000] {dag.py:3456} INFO - Setting next_dagrun for dataset_produces_1 to 2023-04-15T00:00:00+00:00, run_after=2023-04-16T00:00:00+00:00
[2023-04-16T00:58:52.037+0000] {logging_mixin.py:137} INFO - [2023-04-16T00:58:52.037+0000] {dag.py:3456} INFO - Setting next_dagrun for dataset_produces_2 to None, run_after=None
[2023-04-16T00:58:52.088+0000] {processor.py:175} INFO - Processing /home/airflow/.local/lib/python3.7/site-packages/airflow/example_dags/example_datasets.py took 0.219 seconds
[2023-04-16T00:59:22.142+0000] {processor.py:153} INFO - Started process (PID=1044) to work on /home/airflow/.local/lib/python3.7/site-packages/airflow/example_dags/example_datasets.py
[2023-04-16T00:59:22.142+0000] {processor.py:743} INFO - Processing file /home/airflow/.local/lib/python3.7/site-packages/airflow/example_dags/example_datasets.py for tasks to queue
[2023-04-16T00:59:22.143+0000] {logging_mixin.py:137} INFO - [2023-04-16T00:59:22.143+0000] {dagbag.py:532} INFO - Filling up the DagBag from /home/airflow/.local/lib/python3.7/site-packages/airflow/example_dags/example_datasets.py
[2023-04-16T00:59:22.164+0000] {processor.py:753} INFO - DAG(s) dict_keys(['dataset_consumes_1_never_scheduled', 'dataset_produces_2', 'dataset_produces_1', 'dataset_consumes_unknown_never_scheduled', 'dataset_consumes_1_and_2', 'dataset_consumes_1']) retrieved from /home/airflow/.local/lib/python3.7/site-packages/airflow/example_dags/example_datasets.py
[2023-04-16T00:59:22.217+0000] {logging_mixin.py:137} INFO - [2023-04-16T00:59:22.217+0000] {dag.py:2705} INFO - Sync 6 DAGs
[2023-04-16T00:59:22.259+0000] {logging_mixin.py:137} INFO - [2023-04-16T00:59:22.259+0000] {dag.py:3456} INFO - Setting next_dagrun for dataset_consumes_1 to None, run_after=None
[2023-04-16T00:59:22.264+0000] {logging_mixin.py:137} INFO - [2023-04-16T00:59:22.264+0000] {dag.py:3456} INFO - Setting next_dagrun for dataset_consumes_1_and_2 to None, run_after=None
[2023-04-16T00:59:22.266+0000] {logging_mixin.py:137} INFO - [2023-04-16T00:59:22.265+0000] {dag.py:3456} INFO - Setting next_dagrun for dataset_consumes_1_never_scheduled to None, run_after=None
[2023-04-16T00:59:22.267+0000] {logging_mixin.py:137} INFO - [2023-04-16T00:59:22.267+0000] {dag.py:3456} INFO - Setting next_dagrun for dataset_consumes_unknown_never_scheduled to None, run_after=None
[2023-04-16T00:59:22.271+0000] {logging_mixin.py:137} INFO - [2023-04-16T00:59:22.271+0000] {dag.py:3456} INFO - Setting next_dagrun for dataset_produces_1 to 2023-04-15T00:00:00+00:00, run_after=2023-04-16T00:00:00+00:00
[2023-04-16T00:59:22.274+0000] {logging_mixin.py:137} INFO - [2023-04-16T00:59:22.273+0000] {dag.py:3456} INFO - Setting next_dagrun for dataset_produces_2 to None, run_after=None
[2023-04-16T00:59:22.324+0000] {processor.py:175} INFO - Processing /home/airflow/.local/lib/python3.7/site-packages/airflow/example_dags/example_datasets.py took 0.186 seconds
[2023-04-16T00:59:52.487+0000] {processor.py:153} INFO - Started process (PID=1095) to work on /home/airflow/.local/lib/python3.7/site-packages/airflow/example_dags/example_datasets.py
[2023-04-16T00:59:52.487+0000] {processor.py:743} INFO - Processing file /home/airflow/.local/lib/python3.7/site-packages/airflow/example_dags/example_datasets.py for tasks to queue
[2023-04-16T00:59:52.488+0000] {logging_mixin.py:137} INFO - [2023-04-16T00:59:52.488+0000] {dagbag.py:532} INFO - Filling up the DagBag from /home/airflow/.local/lib/python3.7/site-packages/airflow/example_dags/example_datasets.py
[2023-04-16T00:59:52.509+0000] {processor.py:753} INFO - DAG(s) dict_keys(['dataset_consumes_1_and_2', 'dataset_consumes_1_never_scheduled', 'dataset_produces_1', 'dataset_consumes_1', 'dataset_consumes_unknown_never_scheduled', 'dataset_produces_2']) retrieved from /home/airflow/.local/lib/python3.7/site-packages/airflow/example_dags/example_datasets.py
[2023-04-16T00:59:52.562+0000] {logging_mixin.py:137} INFO - [2023-04-16T00:59:52.562+0000] {dag.py:2705} INFO - Sync 6 DAGs
[2023-04-16T00:59:52.605+0000] {logging_mixin.py:137} INFO - [2023-04-16T00:59:52.604+0000] {dag.py:3456} INFO - Setting next_dagrun for dataset_consumes_1 to None, run_after=None
[2023-04-16T00:59:52.609+0000] {logging_mixin.py:137} INFO - [2023-04-16T00:59:52.609+0000] {dag.py:3456} INFO - Setting next_dagrun for dataset_consumes_1_and_2 to None, run_after=None
[2023-04-16T00:59:52.611+0000] {logging_mixin.py:137} INFO - [2023-04-16T00:59:52.611+0000] {dag.py:3456} INFO - Setting next_dagrun for dataset_consumes_1_never_scheduled to None, run_after=None
[2023-04-16T00:59:52.612+0000] {logging_mixin.py:137} INFO - [2023-04-16T00:59:52.612+0000] {dag.py:3456} INFO - Setting next_dagrun for dataset_consumes_unknown_never_scheduled to None, run_after=None
[2023-04-16T00:59:52.616+0000] {logging_mixin.py:137} INFO - [2023-04-16T00:59:52.616+0000] {dag.py:3456} INFO - Setting next_dagrun for dataset_produces_1 to 2023-04-15T00:00:00+00:00, run_after=2023-04-16T00:00:00+00:00
[2023-04-16T00:59:52.618+0000] {logging_mixin.py:137} INFO - [2023-04-16T00:59:52.618+0000] {dag.py:3456} INFO - Setting next_dagrun for dataset_produces_2 to None, run_after=None
[2023-04-16T00:59:52.659+0000] {processor.py:175} INFO - Processing /home/airflow/.local/lib/python3.7/site-packages/airflow/example_dags/example_datasets.py took 0.177 seconds
