[2023-04-16T00:49:14.336+0000] {processor.py:153} INFO - Started process (PID=42) to work on /home/airflow/.local/lib/python3.7/site-packages/airflow/example_dags/example_short_circuit_operator.py
[2023-04-16T00:49:14.337+0000] {processor.py:743} INFO - Processing file /home/airflow/.local/lib/python3.7/site-packages/airflow/example_dags/example_short_circuit_operator.py for tasks to queue
[2023-04-16T00:49:14.337+0000] {logging_mixin.py:137} INFO - [2023-04-16T00:49:14.337+0000] {dagbag.py:532} INFO - Filling up the DagBag from /home/airflow/.local/lib/python3.7/site-packages/airflow/example_dags/example_short_circuit_operator.py
[2023-04-16T00:49:14.362+0000] {processor.py:753} INFO - DAG(s) dict_keys(['example_short_circuit_operator']) retrieved from /home/airflow/.local/lib/python3.7/site-packages/airflow/example_dags/example_short_circuit_operator.py
[2023-04-16T00:49:14.398+0000] {logging_mixin.py:137} INFO - [2023-04-16T00:49:14.398+0000] {dag.py:2705} INFO - Sync 1 DAGs
[2023-04-16T00:49:14.439+0000] {logging_mixin.py:137} INFO - [2023-04-16T00:49:14.439+0000] {dag.py:3456} INFO - Setting next_dagrun for example_short_circuit_operator to 2023-04-15T00:49:14.438993+00:00, run_after=2023-04-16T00:49:14.438993+00:00
[2023-04-16T00:49:14.463+0000] {processor.py:175} INFO - Processing /home/airflow/.local/lib/python3.7/site-packages/airflow/example_dags/example_short_circuit_operator.py took 0.131 seconds
[2023-04-16T00:49:44.684+0000] {processor.py:153} INFO - Started process (PID=92) to work on /home/airflow/.local/lib/python3.7/site-packages/airflow/example_dags/example_short_circuit_operator.py
[2023-04-16T00:49:44.685+0000] {processor.py:743} INFO - Processing file /home/airflow/.local/lib/python3.7/site-packages/airflow/example_dags/example_short_circuit_operator.py for tasks to queue
[2023-04-16T00:49:44.686+0000] {logging_mixin.py:137} INFO - [2023-04-16T00:49:44.685+0000] {dagbag.py:532} INFO - Filling up the DagBag from /home/airflow/.local/lib/python3.7/site-packages/airflow/example_dags/example_short_circuit_operator.py
[2023-04-16T00:49:44.707+0000] {processor.py:753} INFO - DAG(s) dict_keys(['example_short_circuit_operator']) retrieved from /home/airflow/.local/lib/python3.7/site-packages/airflow/example_dags/example_short_circuit_operator.py
[2023-04-16T00:49:44.743+0000] {logging_mixin.py:137} INFO - [2023-04-16T00:49:44.743+0000] {dag.py:2705} INFO - Sync 1 DAGs
[2023-04-16T00:49:44.785+0000] {logging_mixin.py:137} INFO - [2023-04-16T00:49:44.784+0000] {dag.py:3456} INFO - Setting next_dagrun for example_short_circuit_operator to 2023-04-15T00:49:44.784524+00:00, run_after=2023-04-16T00:49:44.784524+00:00
[2023-04-16T00:49:44.817+0000] {processor.py:175} INFO - Processing /home/airflow/.local/lib/python3.7/site-packages/airflow/example_dags/example_short_circuit_operator.py took 0.137 seconds
[2023-04-16T00:50:14.971+0000] {processor.py:153} INFO - Started process (PID=142) to work on /home/airflow/.local/lib/python3.7/site-packages/airflow/example_dags/example_short_circuit_operator.py
[2023-04-16T00:50:14.972+0000] {processor.py:743} INFO - Processing file /home/airflow/.local/lib/python3.7/site-packages/airflow/example_dags/example_short_circuit_operator.py for tasks to queue
[2023-04-16T00:50:14.972+0000] {logging_mixin.py:137} INFO - [2023-04-16T00:50:14.972+0000] {dagbag.py:532} INFO - Filling up the DagBag from /home/airflow/.local/lib/python3.7/site-packages/airflow/example_dags/example_short_circuit_operator.py
[2023-04-16T00:50:14.994+0000] {processor.py:753} INFO - DAG(s) dict_keys(['example_short_circuit_operator']) retrieved from /home/airflow/.local/lib/python3.7/site-packages/airflow/example_dags/example_short_circuit_operator.py
[2023-04-16T00:50:15.028+0000] {logging_mixin.py:137} INFO - [2023-04-16T00:50:15.028+0000] {dag.py:2705} INFO - Sync 1 DAGs
[2023-04-16T00:50:15.067+0000] {logging_mixin.py:137} INFO - [2023-04-16T00:50:15.067+0000] {dag.py:3456} INFO - Setting next_dagrun for example_short_circuit_operator to 2023-04-15T00:50:15.067489+00:00, run_after=2023-04-16T00:50:15.067489+00:00
[2023-04-16T00:50:15.090+0000] {processor.py:175} INFO - Processing /home/airflow/.local/lib/python3.7/site-packages/airflow/example_dags/example_short_circuit_operator.py took 0.124 seconds
[2023-04-16T00:50:45.462+0000] {processor.py:153} INFO - Started process (PID=192) to work on /home/airflow/.local/lib/python3.7/site-packages/airflow/example_dags/example_short_circuit_operator.py
[2023-04-16T00:50:45.463+0000] {processor.py:743} INFO - Processing file /home/airflow/.local/lib/python3.7/site-packages/airflow/example_dags/example_short_circuit_operator.py for tasks to queue
[2023-04-16T00:50:45.464+0000] {logging_mixin.py:137} INFO - [2023-04-16T00:50:45.464+0000] {dagbag.py:532} INFO - Filling up the DagBag from /home/airflow/.local/lib/python3.7/site-packages/airflow/example_dags/example_short_circuit_operator.py
[2023-04-16T00:50:45.488+0000] {processor.py:753} INFO - DAG(s) dict_keys(['example_short_circuit_operator']) retrieved from /home/airflow/.local/lib/python3.7/site-packages/airflow/example_dags/example_short_circuit_operator.py
[2023-04-16T00:50:45.525+0000] {logging_mixin.py:137} INFO - [2023-04-16T00:50:45.525+0000] {dag.py:2705} INFO - Sync 1 DAGs
[2023-04-16T00:50:45.572+0000] {logging_mixin.py:137} INFO - [2023-04-16T00:50:45.572+0000] {dag.py:3456} INFO - Setting next_dagrun for example_short_circuit_operator to 2023-04-15T00:50:45.572256+00:00, run_after=2023-04-16T00:50:45.572256+00:00
[2023-04-16T00:50:45.599+0000] {processor.py:175} INFO - Processing /home/airflow/.local/lib/python3.7/site-packages/airflow/example_dags/example_short_circuit_operator.py took 0.141 seconds
[2023-04-16T00:51:16.149+0000] {processor.py:153} INFO - Started process (PID=242) to work on /home/airflow/.local/lib/python3.7/site-packages/airflow/example_dags/example_short_circuit_operator.py
[2023-04-16T00:51:16.150+0000] {processor.py:743} INFO - Processing file /home/airflow/.local/lib/python3.7/site-packages/airflow/example_dags/example_short_circuit_operator.py for tasks to queue
[2023-04-16T00:51:16.150+0000] {logging_mixin.py:137} INFO - [2023-04-16T00:51:16.150+0000] {dagbag.py:532} INFO - Filling up the DagBag from /home/airflow/.local/lib/python3.7/site-packages/airflow/example_dags/example_short_circuit_operator.py
[2023-04-16T00:51:16.172+0000] {processor.py:753} INFO - DAG(s) dict_keys(['example_short_circuit_operator']) retrieved from /home/airflow/.local/lib/python3.7/site-packages/airflow/example_dags/example_short_circuit_operator.py
[2023-04-16T00:51:16.209+0000] {logging_mixin.py:137} INFO - [2023-04-16T00:51:16.209+0000] {dag.py:2705} INFO - Sync 1 DAGs
[2023-04-16T00:51:16.251+0000] {logging_mixin.py:137} INFO - [2023-04-16T00:51:16.251+0000] {dag.py:3456} INFO - Setting next_dagrun for example_short_circuit_operator to 2023-04-15T00:51:16.250850+00:00, run_after=2023-04-16T00:51:16.250850+00:00
[2023-04-16T00:51:16.274+0000] {processor.py:175} INFO - Processing /home/airflow/.local/lib/python3.7/site-packages/airflow/example_dags/example_short_circuit_operator.py took 0.130 seconds
[2023-04-16T00:51:46.449+0000] {processor.py:153} INFO - Started process (PID=292) to work on /home/airflow/.local/lib/python3.7/site-packages/airflow/example_dags/example_short_circuit_operator.py
[2023-04-16T00:51:46.450+0000] {processor.py:743} INFO - Processing file /home/airflow/.local/lib/python3.7/site-packages/airflow/example_dags/example_short_circuit_operator.py for tasks to queue
[2023-04-16T00:51:46.451+0000] {logging_mixin.py:137} INFO - [2023-04-16T00:51:46.451+0000] {dagbag.py:532} INFO - Filling up the DagBag from /home/airflow/.local/lib/python3.7/site-packages/airflow/example_dags/example_short_circuit_operator.py
[2023-04-16T00:51:46.473+0000] {processor.py:753} INFO - DAG(s) dict_keys(['example_short_circuit_operator']) retrieved from /home/airflow/.local/lib/python3.7/site-packages/airflow/example_dags/example_short_circuit_operator.py
[2023-04-16T00:51:46.508+0000] {logging_mixin.py:137} INFO - [2023-04-16T00:51:46.508+0000] {dag.py:2705} INFO - Sync 1 DAGs
[2023-04-16T00:51:46.548+0000] {logging_mixin.py:137} INFO - [2023-04-16T00:51:46.548+0000] {dag.py:3456} INFO - Setting next_dagrun for example_short_circuit_operator to 2023-04-15T00:51:46.548498+00:00, run_after=2023-04-16T00:51:46.548498+00:00
[2023-04-16T00:51:46.571+0000] {processor.py:175} INFO - Processing /home/airflow/.local/lib/python3.7/site-packages/airflow/example_dags/example_short_circuit_operator.py took 0.126 seconds
[2023-04-16T00:52:16.778+0000] {processor.py:153} INFO - Started process (PID=342) to work on /home/airflow/.local/lib/python3.7/site-packages/airflow/example_dags/example_short_circuit_operator.py
[2023-04-16T00:52:16.782+0000] {processor.py:743} INFO - Processing file /home/airflow/.local/lib/python3.7/site-packages/airflow/example_dags/example_short_circuit_operator.py for tasks to queue
[2023-04-16T00:52:16.783+0000] {logging_mixin.py:137} INFO - [2023-04-16T00:52:16.782+0000] {dagbag.py:532} INFO - Filling up the DagBag from /home/airflow/.local/lib/python3.7/site-packages/airflow/example_dags/example_short_circuit_operator.py
[2023-04-16T00:52:16.816+0000] {processor.py:753} INFO - DAG(s) dict_keys(['example_short_circuit_operator']) retrieved from /home/airflow/.local/lib/python3.7/site-packages/airflow/example_dags/example_short_circuit_operator.py
[2023-04-16T00:52:16.873+0000] {logging_mixin.py:137} INFO - [2023-04-16T00:52:16.873+0000] {dag.py:2705} INFO - Sync 1 DAGs
[2023-04-16T00:52:16.928+0000] {logging_mixin.py:137} INFO - [2023-04-16T00:52:16.927+0000] {dag.py:3456} INFO - Setting next_dagrun for example_short_circuit_operator to 2023-04-15T00:52:16.927468+00:00, run_after=2023-04-16T00:52:16.927468+00:00
[2023-04-16T00:52:16.956+0000] {processor.py:175} INFO - Processing /home/airflow/.local/lib/python3.7/site-packages/airflow/example_dags/example_short_circuit_operator.py took 0.183 seconds
[2023-04-16T00:52:47.174+0000] {processor.py:153} INFO - Started process (PID=392) to work on /home/airflow/.local/lib/python3.7/site-packages/airflow/example_dags/example_short_circuit_operator.py
[2023-04-16T00:52:47.175+0000] {processor.py:743} INFO - Processing file /home/airflow/.local/lib/python3.7/site-packages/airflow/example_dags/example_short_circuit_operator.py for tasks to queue
[2023-04-16T00:52:47.176+0000] {logging_mixin.py:137} INFO - [2023-04-16T00:52:47.175+0000] {dagbag.py:532} INFO - Filling up the DagBag from /home/airflow/.local/lib/python3.7/site-packages/airflow/example_dags/example_short_circuit_operator.py
[2023-04-16T00:52:47.198+0000] {processor.py:753} INFO - DAG(s) dict_keys(['example_short_circuit_operator']) retrieved from /home/airflow/.local/lib/python3.7/site-packages/airflow/example_dags/example_short_circuit_operator.py
[2023-04-16T00:52:47.233+0000] {logging_mixin.py:137} INFO - [2023-04-16T00:52:47.233+0000] {dag.py:2705} INFO - Sync 1 DAGs
[2023-04-16T00:52:47.273+0000] {logging_mixin.py:137} INFO - [2023-04-16T00:52:47.273+0000] {dag.py:3456} INFO - Setting next_dagrun for example_short_circuit_operator to 2023-04-15T00:52:47.273410+00:00, run_after=2023-04-16T00:52:47.273410+00:00
[2023-04-16T00:52:47.299+0000] {processor.py:175} INFO - Processing /home/airflow/.local/lib/python3.7/site-packages/airflow/example_dags/example_short_circuit_operator.py took 0.129 seconds
[2023-04-16T00:53:17.621+0000] {processor.py:153} INFO - Started process (PID=442) to work on /home/airflow/.local/lib/python3.7/site-packages/airflow/example_dags/example_short_circuit_operator.py
[2023-04-16T00:53:17.622+0000] {processor.py:743} INFO - Processing file /home/airflow/.local/lib/python3.7/site-packages/airflow/example_dags/example_short_circuit_operator.py for tasks to queue
[2023-04-16T00:53:17.623+0000] {logging_mixin.py:137} INFO - [2023-04-16T00:53:17.623+0000] {dagbag.py:532} INFO - Filling up the DagBag from /home/airflow/.local/lib/python3.7/site-packages/airflow/example_dags/example_short_circuit_operator.py
[2023-04-16T00:53:17.647+0000] {processor.py:753} INFO - DAG(s) dict_keys(['example_short_circuit_operator']) retrieved from /home/airflow/.local/lib/python3.7/site-packages/airflow/example_dags/example_short_circuit_operator.py
[2023-04-16T00:53:17.684+0000] {logging_mixin.py:137} INFO - [2023-04-16T00:53:17.684+0000] {dag.py:2705} INFO - Sync 1 DAGs
[2023-04-16T00:53:17.725+0000] {logging_mixin.py:137} INFO - [2023-04-16T00:53:17.725+0000] {dag.py:3456} INFO - Setting next_dagrun for example_short_circuit_operator to 2023-04-15T00:53:17.724856+00:00, run_after=2023-04-16T00:53:17.724856+00:00
[2023-04-16T00:53:17.750+0000] {processor.py:175} INFO - Processing /home/airflow/.local/lib/python3.7/site-packages/airflow/example_dags/example_short_circuit_operator.py took 0.133 seconds
[2023-04-16T00:53:47.834+0000] {processor.py:153} INFO - Started process (PID=492) to work on /home/airflow/.local/lib/python3.7/site-packages/airflow/example_dags/example_short_circuit_operator.py
[2023-04-16T00:53:47.835+0000] {processor.py:743} INFO - Processing file /home/airflow/.local/lib/python3.7/site-packages/airflow/example_dags/example_short_circuit_operator.py for tasks to queue
[2023-04-16T00:53:47.836+0000] {logging_mixin.py:137} INFO - [2023-04-16T00:53:47.835+0000] {dagbag.py:532} INFO - Filling up the DagBag from /home/airflow/.local/lib/python3.7/site-packages/airflow/example_dags/example_short_circuit_operator.py
[2023-04-16T00:53:47.858+0000] {processor.py:753} INFO - DAG(s) dict_keys(['example_short_circuit_operator']) retrieved from /home/airflow/.local/lib/python3.7/site-packages/airflow/example_dags/example_short_circuit_operator.py
[2023-04-16T00:53:47.894+0000] {logging_mixin.py:137} INFO - [2023-04-16T00:53:47.893+0000] {dag.py:2705} INFO - Sync 1 DAGs
[2023-04-16T00:53:47.936+0000] {logging_mixin.py:137} INFO - [2023-04-16T00:53:47.936+0000] {dag.py:3456} INFO - Setting next_dagrun for example_short_circuit_operator to 2023-04-15T00:53:47.936049+00:00, run_after=2023-04-16T00:53:47.936049+00:00
[2023-04-16T00:53:47.960+0000] {processor.py:175} INFO - Processing /home/airflow/.local/lib/python3.7/site-packages/airflow/example_dags/example_short_circuit_operator.py took 0.130 seconds
[2023-04-16T00:54:18.455+0000] {processor.py:153} INFO - Started process (PID=542) to work on /home/airflow/.local/lib/python3.7/site-packages/airflow/example_dags/example_short_circuit_operator.py
[2023-04-16T00:54:18.456+0000] {processor.py:743} INFO - Processing file /home/airflow/.local/lib/python3.7/site-packages/airflow/example_dags/example_short_circuit_operator.py for tasks to queue
[2023-04-16T00:54:18.457+0000] {logging_mixin.py:137} INFO - [2023-04-16T00:54:18.457+0000] {dagbag.py:532} INFO - Filling up the DagBag from /home/airflow/.local/lib/python3.7/site-packages/airflow/example_dags/example_short_circuit_operator.py
[2023-04-16T00:54:18.486+0000] {processor.py:753} INFO - DAG(s) dict_keys(['example_short_circuit_operator']) retrieved from /home/airflow/.local/lib/python3.7/site-packages/airflow/example_dags/example_short_circuit_operator.py
[2023-04-16T00:54:18.528+0000] {logging_mixin.py:137} INFO - [2023-04-16T00:54:18.528+0000] {dag.py:2705} INFO - Sync 1 DAGs
[2023-04-16T00:54:18.573+0000] {logging_mixin.py:137} INFO - [2023-04-16T00:54:18.572+0000] {dag.py:3456} INFO - Setting next_dagrun for example_short_circuit_operator to 2023-04-15T00:54:18.572544+00:00, run_after=2023-04-16T00:54:18.572544+00:00
[2023-04-16T00:54:18.603+0000] {processor.py:175} INFO - Processing /home/airflow/.local/lib/python3.7/site-packages/airflow/example_dags/example_short_circuit_operator.py took 0.151 seconds
[2023-04-16T00:54:48.783+0000] {processor.py:153} INFO - Started process (PID=591) to work on /home/airflow/.local/lib/python3.7/site-packages/airflow/example_dags/example_short_circuit_operator.py
[2023-04-16T00:54:48.784+0000] {processor.py:743} INFO - Processing file /home/airflow/.local/lib/python3.7/site-packages/airflow/example_dags/example_short_circuit_operator.py for tasks to queue
[2023-04-16T00:54:48.784+0000] {logging_mixin.py:137} INFO - [2023-04-16T00:54:48.784+0000] {dagbag.py:532} INFO - Filling up the DagBag from /home/airflow/.local/lib/python3.7/site-packages/airflow/example_dags/example_short_circuit_operator.py
[2023-04-16T00:54:48.806+0000] {processor.py:753} INFO - DAG(s) dict_keys(['example_short_circuit_operator']) retrieved from /home/airflow/.local/lib/python3.7/site-packages/airflow/example_dags/example_short_circuit_operator.py
[2023-04-16T00:54:48.841+0000] {logging_mixin.py:137} INFO - [2023-04-16T00:54:48.841+0000] {dag.py:2705} INFO - Sync 1 DAGs
[2023-04-16T00:54:48.882+0000] {logging_mixin.py:137} INFO - [2023-04-16T00:54:48.882+0000] {dag.py:3456} INFO - Setting next_dagrun for example_short_circuit_operator to 2023-04-15T00:54:48.881823+00:00, run_after=2023-04-16T00:54:48.881823+00:00
[2023-04-16T00:54:48.904+0000] {processor.py:175} INFO - Processing /home/airflow/.local/lib/python3.7/site-packages/airflow/example_dags/example_short_circuit_operator.py took 0.125 seconds
[2023-04-16T00:55:19.132+0000] {processor.py:153} INFO - Started process (PID=641) to work on /home/airflow/.local/lib/python3.7/site-packages/airflow/example_dags/example_short_circuit_operator.py
[2023-04-16T00:55:19.132+0000] {processor.py:743} INFO - Processing file /home/airflow/.local/lib/python3.7/site-packages/airflow/example_dags/example_short_circuit_operator.py for tasks to queue
[2023-04-16T00:55:19.133+0000] {logging_mixin.py:137} INFO - [2023-04-16T00:55:19.133+0000] {dagbag.py:532} INFO - Filling up the DagBag from /home/airflow/.local/lib/python3.7/site-packages/airflow/example_dags/example_short_circuit_operator.py
[2023-04-16T00:55:19.154+0000] {processor.py:753} INFO - DAG(s) dict_keys(['example_short_circuit_operator']) retrieved from /home/airflow/.local/lib/python3.7/site-packages/airflow/example_dags/example_short_circuit_operator.py
[2023-04-16T00:55:19.190+0000] {logging_mixin.py:137} INFO - [2023-04-16T00:55:19.189+0000] {dag.py:2705} INFO - Sync 1 DAGs
[2023-04-16T00:55:19.233+0000] {logging_mixin.py:137} INFO - [2023-04-16T00:55:19.233+0000] {dag.py:3456} INFO - Setting next_dagrun for example_short_circuit_operator to 2023-04-15T00:55:19.232865+00:00, run_after=2023-04-16T00:55:19.232865+00:00
[2023-04-16T00:55:19.258+0000] {processor.py:175} INFO - Processing /home/airflow/.local/lib/python3.7/site-packages/airflow/example_dags/example_short_circuit_operator.py took 0.130 seconds
[2023-04-16T00:55:49.614+0000] {processor.py:153} INFO - Started process (PID=691) to work on /home/airflow/.local/lib/python3.7/site-packages/airflow/example_dags/example_short_circuit_operator.py
[2023-04-16T00:55:49.615+0000] {processor.py:743} INFO - Processing file /home/airflow/.local/lib/python3.7/site-packages/airflow/example_dags/example_short_circuit_operator.py for tasks to queue
[2023-04-16T00:55:49.615+0000] {logging_mixin.py:137} INFO - [2023-04-16T00:55:49.615+0000] {dagbag.py:532} INFO - Filling up the DagBag from /home/airflow/.local/lib/python3.7/site-packages/airflow/example_dags/example_short_circuit_operator.py
[2023-04-16T00:55:49.637+0000] {processor.py:753} INFO - DAG(s) dict_keys(['example_short_circuit_operator']) retrieved from /home/airflow/.local/lib/python3.7/site-packages/airflow/example_dags/example_short_circuit_operator.py
[2023-04-16T00:55:49.672+0000] {logging_mixin.py:137} INFO - [2023-04-16T00:55:49.672+0000] {dag.py:2705} INFO - Sync 1 DAGs
[2023-04-16T00:55:49.713+0000] {logging_mixin.py:137} INFO - [2023-04-16T00:55:49.713+0000] {dag.py:3456} INFO - Setting next_dagrun for example_short_circuit_operator to 2023-04-15T00:55:49.712793+00:00, run_after=2023-04-16T00:55:49.712793+00:00
[2023-04-16T00:55:49.735+0000] {processor.py:175} INFO - Processing /home/airflow/.local/lib/python3.7/site-packages/airflow/example_dags/example_short_circuit_operator.py took 0.125 seconds
[2023-04-16T00:56:19.939+0000] {processor.py:153} INFO - Started process (PID=741) to work on /home/airflow/.local/lib/python3.7/site-packages/airflow/example_dags/example_short_circuit_operator.py
[2023-04-16T00:56:19.940+0000] {processor.py:743} INFO - Processing file /home/airflow/.local/lib/python3.7/site-packages/airflow/example_dags/example_short_circuit_operator.py for tasks to queue
[2023-04-16T00:56:19.941+0000] {logging_mixin.py:137} INFO - [2023-04-16T00:56:19.941+0000] {dagbag.py:532} INFO - Filling up the DagBag from /home/airflow/.local/lib/python3.7/site-packages/airflow/example_dags/example_short_circuit_operator.py
[2023-04-16T00:56:19.963+0000] {processor.py:753} INFO - DAG(s) dict_keys(['example_short_circuit_operator']) retrieved from /home/airflow/.local/lib/python3.7/site-packages/airflow/example_dags/example_short_circuit_operator.py
[2023-04-16T00:56:19.999+0000] {logging_mixin.py:137} INFO - [2023-04-16T00:56:19.999+0000] {dag.py:2705} INFO - Sync 1 DAGs
[2023-04-16T00:56:20.042+0000] {logging_mixin.py:137} INFO - [2023-04-16T00:56:20.042+0000] {dag.py:3456} INFO - Setting next_dagrun for example_short_circuit_operator to 2023-04-15T00:56:20.042367+00:00, run_after=2023-04-16T00:56:20.042367+00:00
[2023-04-16T00:56:20.073+0000] {processor.py:175} INFO - Processing /home/airflow/.local/lib/python3.7/site-packages/airflow/example_dags/example_short_circuit_operator.py took 0.137 seconds
[2023-04-16T00:56:50.264+0000] {processor.py:153} INFO - Started process (PID=791) to work on /home/airflow/.local/lib/python3.7/site-packages/airflow/example_dags/example_short_circuit_operator.py
[2023-04-16T00:56:50.265+0000] {processor.py:743} INFO - Processing file /home/airflow/.local/lib/python3.7/site-packages/airflow/example_dags/example_short_circuit_operator.py for tasks to queue
[2023-04-16T00:56:50.265+0000] {logging_mixin.py:137} INFO - [2023-04-16T00:56:50.265+0000] {dagbag.py:532} INFO - Filling up the DagBag from /home/airflow/.local/lib/python3.7/site-packages/airflow/example_dags/example_short_circuit_operator.py
[2023-04-16T00:56:50.287+0000] {processor.py:753} INFO - DAG(s) dict_keys(['example_short_circuit_operator']) retrieved from /home/airflow/.local/lib/python3.7/site-packages/airflow/example_dags/example_short_circuit_operator.py
[2023-04-16T00:56:50.323+0000] {logging_mixin.py:137} INFO - [2023-04-16T00:56:50.323+0000] {dag.py:2705} INFO - Sync 1 DAGs
[2023-04-16T00:56:50.362+0000] {logging_mixin.py:137} INFO - [2023-04-16T00:56:50.362+0000] {dag.py:3456} INFO - Setting next_dagrun for example_short_circuit_operator to 2023-04-15T00:56:50.362169+00:00, run_after=2023-04-16T00:56:50.362169+00:00
[2023-04-16T00:56:50.387+0000] {processor.py:175} INFO - Processing /home/airflow/.local/lib/python3.7/site-packages/airflow/example_dags/example_short_circuit_operator.py took 0.127 seconds
[2023-04-16T00:57:20.645+0000] {processor.py:153} INFO - Started process (PID=841) to work on /home/airflow/.local/lib/python3.7/site-packages/airflow/example_dags/example_short_circuit_operator.py
[2023-04-16T00:57:20.646+0000] {processor.py:743} INFO - Processing file /home/airflow/.local/lib/python3.7/site-packages/airflow/example_dags/example_short_circuit_operator.py for tasks to queue
[2023-04-16T00:57:20.647+0000] {logging_mixin.py:137} INFO - [2023-04-16T00:57:20.646+0000] {dagbag.py:532} INFO - Filling up the DagBag from /home/airflow/.local/lib/python3.7/site-packages/airflow/example_dags/example_short_circuit_operator.py
[2023-04-16T00:57:20.669+0000] {processor.py:753} INFO - DAG(s) dict_keys(['example_short_circuit_operator']) retrieved from /home/airflow/.local/lib/python3.7/site-packages/airflow/example_dags/example_short_circuit_operator.py
[2023-04-16T00:57:20.705+0000] {logging_mixin.py:137} INFO - [2023-04-16T00:57:20.705+0000] {dag.py:2705} INFO - Sync 1 DAGs
[2023-04-16T00:57:20.747+0000] {logging_mixin.py:137} INFO - [2023-04-16T00:57:20.746+0000] {dag.py:3456} INFO - Setting next_dagrun for example_short_circuit_operator to 2023-04-15T00:57:20.746646+00:00, run_after=2023-04-16T00:57:20.746646+00:00
[2023-04-16T00:57:20.770+0000] {processor.py:175} INFO - Processing /home/airflow/.local/lib/python3.7/site-packages/airflow/example_dags/example_short_circuit_operator.py took 0.130 seconds
[2023-04-16T00:57:50.960+0000] {processor.py:153} INFO - Started process (PID=891) to work on /home/airflow/.local/lib/python3.7/site-packages/airflow/example_dags/example_short_circuit_operator.py
[2023-04-16T00:57:50.960+0000] {processor.py:743} INFO - Processing file /home/airflow/.local/lib/python3.7/site-packages/airflow/example_dags/example_short_circuit_operator.py for tasks to queue
[2023-04-16T00:57:50.961+0000] {logging_mixin.py:137} INFO - [2023-04-16T00:57:50.961+0000] {dagbag.py:532} INFO - Filling up the DagBag from /home/airflow/.local/lib/python3.7/site-packages/airflow/example_dags/example_short_circuit_operator.py
[2023-04-16T00:57:50.982+0000] {processor.py:753} INFO - DAG(s) dict_keys(['example_short_circuit_operator']) retrieved from /home/airflow/.local/lib/python3.7/site-packages/airflow/example_dags/example_short_circuit_operator.py
[2023-04-16T00:57:51.027+0000] {logging_mixin.py:137} INFO - [2023-04-16T00:57:51.027+0000] {dag.py:2705} INFO - Sync 1 DAGs
[2023-04-16T00:57:51.074+0000] {logging_mixin.py:137} INFO - [2023-04-16T00:57:51.074+0000] {dag.py:3456} INFO - Setting next_dagrun for example_short_circuit_operator to 2023-04-15T00:57:51.074568+00:00, run_after=2023-04-16T00:57:51.074568+00:00
[2023-04-16T00:57:51.096+0000] {processor.py:175} INFO - Processing /home/airflow/.local/lib/python3.7/site-packages/airflow/example_dags/example_short_circuit_operator.py took 0.140 seconds
[2023-04-16T00:58:21.312+0000] {processor.py:153} INFO - Started process (PID=941) to work on /home/airflow/.local/lib/python3.7/site-packages/airflow/example_dags/example_short_circuit_operator.py
[2023-04-16T00:58:21.313+0000] {processor.py:743} INFO - Processing file /home/airflow/.local/lib/python3.7/site-packages/airflow/example_dags/example_short_circuit_operator.py for tasks to queue
[2023-04-16T00:58:21.314+0000] {logging_mixin.py:137} INFO - [2023-04-16T00:58:21.314+0000] {dagbag.py:532} INFO - Filling up the DagBag from /home/airflow/.local/lib/python3.7/site-packages/airflow/example_dags/example_short_circuit_operator.py
[2023-04-16T00:58:21.335+0000] {processor.py:753} INFO - DAG(s) dict_keys(['example_short_circuit_operator']) retrieved from /home/airflow/.local/lib/python3.7/site-packages/airflow/example_dags/example_short_circuit_operator.py
[2023-04-16T00:58:21.371+0000] {logging_mixin.py:137} INFO - [2023-04-16T00:58:21.370+0000] {dag.py:2705} INFO - Sync 1 DAGs
[2023-04-16T00:58:21.410+0000] {logging_mixin.py:137} INFO - [2023-04-16T00:58:21.410+0000] {dag.py:3456} INFO - Setting next_dagrun for example_short_circuit_operator to 2023-04-15T00:58:21.410289+00:00, run_after=2023-04-16T00:58:21.410289+00:00
[2023-04-16T00:58:21.433+0000] {processor.py:175} INFO - Processing /home/airflow/.local/lib/python3.7/site-packages/airflow/example_dags/example_short_circuit_operator.py took 0.125 seconds
[2023-04-16T00:58:51.562+0000] {processor.py:153} INFO - Started process (PID=991) to work on /home/airflow/.local/lib/python3.7/site-packages/airflow/example_dags/example_short_circuit_operator.py
[2023-04-16T00:58:51.563+0000] {processor.py:743} INFO - Processing file /home/airflow/.local/lib/python3.7/site-packages/airflow/example_dags/example_short_circuit_operator.py for tasks to queue
[2023-04-16T00:58:51.564+0000] {logging_mixin.py:137} INFO - [2023-04-16T00:58:51.563+0000] {dagbag.py:532} INFO - Filling up the DagBag from /home/airflow/.local/lib/python3.7/site-packages/airflow/example_dags/example_short_circuit_operator.py
[2023-04-16T00:58:51.585+0000] {processor.py:753} INFO - DAG(s) dict_keys(['example_short_circuit_operator']) retrieved from /home/airflow/.local/lib/python3.7/site-packages/airflow/example_dags/example_short_circuit_operator.py
[2023-04-16T00:58:51.621+0000] {logging_mixin.py:137} INFO - [2023-04-16T00:58:51.621+0000] {dag.py:2705} INFO - Sync 1 DAGs
[2023-04-16T00:58:51.661+0000] {logging_mixin.py:137} INFO - [2023-04-16T00:58:51.661+0000] {dag.py:3456} INFO - Setting next_dagrun for example_short_circuit_operator to 2023-04-15T00:58:51.660901+00:00, run_after=2023-04-16T00:58:51.660901+00:00
[2023-04-16T00:58:51.690+0000] {processor.py:175} INFO - Processing /home/airflow/.local/lib/python3.7/site-packages/airflow/example_dags/example_short_circuit_operator.py took 0.132 seconds
[2023-04-16T00:59:21.731+0000] {processor.py:153} INFO - Started process (PID=1041) to work on /home/airflow/.local/lib/python3.7/site-packages/airflow/example_dags/example_short_circuit_operator.py
[2023-04-16T00:59:21.732+0000] {processor.py:743} INFO - Processing file /home/airflow/.local/lib/python3.7/site-packages/airflow/example_dags/example_short_circuit_operator.py for tasks to queue
[2023-04-16T00:59:21.733+0000] {logging_mixin.py:137} INFO - [2023-04-16T00:59:21.732+0000] {dagbag.py:532} INFO - Filling up the DagBag from /home/airflow/.local/lib/python3.7/site-packages/airflow/example_dags/example_short_circuit_operator.py
[2023-04-16T00:59:21.767+0000] {processor.py:753} INFO - DAG(s) dict_keys(['example_short_circuit_operator']) retrieved from /home/airflow/.local/lib/python3.7/site-packages/airflow/example_dags/example_short_circuit_operator.py
[2023-04-16T00:59:21.804+0000] {logging_mixin.py:137} INFO - [2023-04-16T00:59:21.804+0000] {dag.py:2705} INFO - Sync 1 DAGs
[2023-04-16T00:59:21.848+0000] {logging_mixin.py:137} INFO - [2023-04-16T00:59:21.848+0000] {dag.py:3456} INFO - Setting next_dagrun for example_short_circuit_operator to 2023-04-15T00:59:21.847844+00:00, run_after=2023-04-16T00:59:21.847844+00:00
[2023-04-16T00:59:21.869+0000] {processor.py:175} INFO - Processing /home/airflow/.local/lib/python3.7/site-packages/airflow/example_dags/example_short_circuit_operator.py took 0.142 seconds
[2023-04-16T00:59:51.921+0000] {processor.py:153} INFO - Started process (PID=1091) to work on /home/airflow/.local/lib/python3.7/site-packages/airflow/example_dags/example_short_circuit_operator.py
[2023-04-16T00:59:51.922+0000] {processor.py:743} INFO - Processing file /home/airflow/.local/lib/python3.7/site-packages/airflow/example_dags/example_short_circuit_operator.py for tasks to queue
[2023-04-16T00:59:51.923+0000] {logging_mixin.py:137} INFO - [2023-04-16T00:59:51.923+0000] {dagbag.py:532} INFO - Filling up the DagBag from /home/airflow/.local/lib/python3.7/site-packages/airflow/example_dags/example_short_circuit_operator.py
[2023-04-16T00:59:51.944+0000] {processor.py:753} INFO - DAG(s) dict_keys(['example_short_circuit_operator']) retrieved from /home/airflow/.local/lib/python3.7/site-packages/airflow/example_dags/example_short_circuit_operator.py
[2023-04-16T00:59:51.979+0000] {logging_mixin.py:137} INFO - [2023-04-16T00:59:51.979+0000] {dag.py:2705} INFO - Sync 1 DAGs
[2023-04-16T00:59:52.028+0000] {logging_mixin.py:137} INFO - [2023-04-16T00:59:52.028+0000] {dag.py:3456} INFO - Setting next_dagrun for example_short_circuit_operator to 2023-04-15T00:59:52.028088+00:00, run_after=2023-04-16T00:59:52.028088+00:00
[2023-04-16T00:59:52.054+0000] {processor.py:175} INFO - Processing /home/airflow/.local/lib/python3.7/site-packages/airflow/example_dags/example_short_circuit_operator.py took 0.137 seconds
