[2023-04-16T00:49:13.728+0000] {processor.py:153} INFO - Started process (PID=36) to work on /home/airflow/.local/lib/python3.7/site-packages/airflow/example_dags/tutorial_taskflow_api.py
[2023-04-16T00:49:13.729+0000] {processor.py:743} INFO - Processing file /home/airflow/.local/lib/python3.7/site-packages/airflow/example_dags/tutorial_taskflow_api.py for tasks to queue
[2023-04-16T00:49:13.730+0000] {logging_mixin.py:137} INFO - [2023-04-16T00:49:13.730+0000] {dagbag.py:532} INFO - Filling up the DagBag from /home/airflow/.local/lib/python3.7/site-packages/airflow/example_dags/tutorial_taskflow_api.py
[2023-04-16T00:49:13.814+0000] {processor.py:753} INFO - DAG(s) dict_keys(['tutorial_taskflow_api']) retrieved from /home/airflow/.local/lib/python3.7/site-packages/airflow/example_dags/tutorial_taskflow_api.py
[2023-04-16T00:49:13.871+0000] {logging_mixin.py:137} INFO - [2023-04-16T00:49:13.870+0000] {dag.py:2705} INFO - Sync 1 DAGs
[2023-04-16T00:49:13.918+0000] {logging_mixin.py:137} INFO - [2023-04-16T00:49:13.918+0000] {dag.py:3456} INFO - Setting next_dagrun for tutorial_taskflow_api to None, run_after=None
[2023-04-16T00:49:13.945+0000] {processor.py:175} INFO - Processing /home/airflow/.local/lib/python3.7/site-packages/airflow/example_dags/tutorial_taskflow_api.py took 0.220 seconds
[2023-04-16T00:49:44.203+0000] {processor.py:153} INFO - Started process (PID=86) to work on /home/airflow/.local/lib/python3.7/site-packages/airflow/example_dags/tutorial_taskflow_api.py
[2023-04-16T00:49:44.214+0000] {processor.py:743} INFO - Processing file /home/airflow/.local/lib/python3.7/site-packages/airflow/example_dags/tutorial_taskflow_api.py for tasks to queue
[2023-04-16T00:49:44.215+0000] {logging_mixin.py:137} INFO - [2023-04-16T00:49:44.215+0000] {dagbag.py:532} INFO - Filling up the DagBag from /home/airflow/.local/lib/python3.7/site-packages/airflow/example_dags/tutorial_taskflow_api.py
[2023-04-16T00:49:44.247+0000] {processor.py:753} INFO - DAG(s) dict_keys(['tutorial_taskflow_api']) retrieved from /home/airflow/.local/lib/python3.7/site-packages/airflow/example_dags/tutorial_taskflow_api.py
[2023-04-16T00:49:44.280+0000] {logging_mixin.py:137} INFO - [2023-04-16T00:49:44.279+0000] {dag.py:2705} INFO - Sync 1 DAGs
[2023-04-16T00:49:44.320+0000] {logging_mixin.py:137} INFO - [2023-04-16T00:49:44.320+0000] {dag.py:3456} INFO - Setting next_dagrun for tutorial_taskflow_api to None, run_after=None
[2023-04-16T00:49:44.342+0000] {processor.py:175} INFO - Processing /home/airflow/.local/lib/python3.7/site-packages/airflow/example_dags/tutorial_taskflow_api.py took 0.145 seconds
[2023-04-16T00:50:14.510+0000] {processor.py:153} INFO - Started process (PID=136) to work on /home/airflow/.local/lib/python3.7/site-packages/airflow/example_dags/tutorial_taskflow_api.py
[2023-04-16T00:50:14.511+0000] {processor.py:743} INFO - Processing file /home/airflow/.local/lib/python3.7/site-packages/airflow/example_dags/tutorial_taskflow_api.py for tasks to queue
[2023-04-16T00:50:14.512+0000] {logging_mixin.py:137} INFO - [2023-04-16T00:50:14.512+0000] {dagbag.py:532} INFO - Filling up the DagBag from /home/airflow/.local/lib/python3.7/site-packages/airflow/example_dags/tutorial_taskflow_api.py
[2023-04-16T00:50:14.540+0000] {processor.py:753} INFO - DAG(s) dict_keys(['tutorial_taskflow_api']) retrieved from /home/airflow/.local/lib/python3.7/site-packages/airflow/example_dags/tutorial_taskflow_api.py
[2023-04-16T00:50:14.571+0000] {logging_mixin.py:137} INFO - [2023-04-16T00:50:14.571+0000] {dag.py:2705} INFO - Sync 1 DAGs
[2023-04-16T00:50:14.610+0000] {logging_mixin.py:137} INFO - [2023-04-16T00:50:14.610+0000] {dag.py:3456} INFO - Setting next_dagrun for tutorial_taskflow_api to None, run_after=None
[2023-04-16T00:50:14.631+0000] {processor.py:175} INFO - Processing /home/airflow/.local/lib/python3.7/site-packages/airflow/example_dags/tutorial_taskflow_api.py took 0.125 seconds
[2023-04-16T00:50:44.883+0000] {processor.py:153} INFO - Started process (PID=186) to work on /home/airflow/.local/lib/python3.7/site-packages/airflow/example_dags/tutorial_taskflow_api.py
[2023-04-16T00:50:44.884+0000] {processor.py:743} INFO - Processing file /home/airflow/.local/lib/python3.7/site-packages/airflow/example_dags/tutorial_taskflow_api.py for tasks to queue
[2023-04-16T00:50:44.885+0000] {logging_mixin.py:137} INFO - [2023-04-16T00:50:44.884+0000] {dagbag.py:532} INFO - Filling up the DagBag from /home/airflow/.local/lib/python3.7/site-packages/airflow/example_dags/tutorial_taskflow_api.py
[2023-04-16T00:50:44.914+0000] {processor.py:753} INFO - DAG(s) dict_keys(['tutorial_taskflow_api']) retrieved from /home/airflow/.local/lib/python3.7/site-packages/airflow/example_dags/tutorial_taskflow_api.py
[2023-04-16T00:50:44.945+0000] {logging_mixin.py:137} INFO - [2023-04-16T00:50:44.945+0000] {dag.py:2705} INFO - Sync 1 DAGs
[2023-04-16T00:50:44.985+0000] {logging_mixin.py:137} INFO - [2023-04-16T00:50:44.985+0000] {dag.py:3456} INFO - Setting next_dagrun for tutorial_taskflow_api to None, run_after=None
[2023-04-16T00:50:45.021+0000] {processor.py:175} INFO - Processing /home/airflow/.local/lib/python3.7/site-packages/airflow/example_dags/tutorial_taskflow_api.py took 0.142 seconds
[2023-04-16T00:51:15.655+0000] {processor.py:153} INFO - Started process (PID=236) to work on /home/airflow/.local/lib/python3.7/site-packages/airflow/example_dags/tutorial_taskflow_api.py
[2023-04-16T00:51:15.657+0000] {processor.py:743} INFO - Processing file /home/airflow/.local/lib/python3.7/site-packages/airflow/example_dags/tutorial_taskflow_api.py for tasks to queue
[2023-04-16T00:51:15.658+0000] {logging_mixin.py:137} INFO - [2023-04-16T00:51:15.658+0000] {dagbag.py:532} INFO - Filling up the DagBag from /home/airflow/.local/lib/python3.7/site-packages/airflow/example_dags/tutorial_taskflow_api.py
[2023-04-16T00:51:15.689+0000] {processor.py:753} INFO - DAG(s) dict_keys(['tutorial_taskflow_api']) retrieved from /home/airflow/.local/lib/python3.7/site-packages/airflow/example_dags/tutorial_taskflow_api.py
[2023-04-16T00:51:15.721+0000] {logging_mixin.py:137} INFO - [2023-04-16T00:51:15.721+0000] {dag.py:2705} INFO - Sync 1 DAGs
[2023-04-16T00:51:15.761+0000] {logging_mixin.py:137} INFO - [2023-04-16T00:51:15.761+0000] {dag.py:3456} INFO - Setting next_dagrun for tutorial_taskflow_api to None, run_after=None
[2023-04-16T00:51:15.794+0000] {processor.py:175} INFO - Processing /home/airflow/.local/lib/python3.7/site-packages/airflow/example_dags/tutorial_taskflow_api.py took 0.145 seconds
[2023-04-16T00:51:45.814+0000] {processor.py:153} INFO - Started process (PID=286) to work on /home/airflow/.local/lib/python3.7/site-packages/airflow/example_dags/tutorial_taskflow_api.py
[2023-04-16T00:51:45.817+0000] {processor.py:743} INFO - Processing file /home/airflow/.local/lib/python3.7/site-packages/airflow/example_dags/tutorial_taskflow_api.py for tasks to queue
[2023-04-16T00:51:45.817+0000] {logging_mixin.py:137} INFO - [2023-04-16T00:51:45.817+0000] {dagbag.py:532} INFO - Filling up the DagBag from /home/airflow/.local/lib/python3.7/site-packages/airflow/example_dags/tutorial_taskflow_api.py
[2023-04-16T00:51:45.847+0000] {processor.py:753} INFO - DAG(s) dict_keys(['tutorial_taskflow_api']) retrieved from /home/airflow/.local/lib/python3.7/site-packages/airflow/example_dags/tutorial_taskflow_api.py
[2023-04-16T00:51:45.882+0000] {logging_mixin.py:137} INFO - [2023-04-16T00:51:45.882+0000] {dag.py:2705} INFO - Sync 1 DAGs
[2023-04-16T00:51:45.928+0000] {logging_mixin.py:137} INFO - [2023-04-16T00:51:45.928+0000] {dag.py:3456} INFO - Setting next_dagrun for tutorial_taskflow_api to None, run_after=None
[2023-04-16T00:51:45.953+0000] {processor.py:175} INFO - Processing /home/airflow/.local/lib/python3.7/site-packages/airflow/example_dags/tutorial_taskflow_api.py took 0.143 seconds
[2023-04-16T00:52:16.208+0000] {processor.py:153} INFO - Started process (PID=336) to work on /home/airflow/.local/lib/python3.7/site-packages/airflow/example_dags/tutorial_taskflow_api.py
[2023-04-16T00:52:16.209+0000] {processor.py:743} INFO - Processing file /home/airflow/.local/lib/python3.7/site-packages/airflow/example_dags/tutorial_taskflow_api.py for tasks to queue
[2023-04-16T00:52:16.210+0000] {logging_mixin.py:137} INFO - [2023-04-16T00:52:16.210+0000] {dagbag.py:532} INFO - Filling up the DagBag from /home/airflow/.local/lib/python3.7/site-packages/airflow/example_dags/tutorial_taskflow_api.py
[2023-04-16T00:52:16.245+0000] {processor.py:753} INFO - DAG(s) dict_keys(['tutorial_taskflow_api']) retrieved from /home/airflow/.local/lib/python3.7/site-packages/airflow/example_dags/tutorial_taskflow_api.py
[2023-04-16T00:52:16.289+0000] {logging_mixin.py:137} INFO - [2023-04-16T00:52:16.289+0000] {dag.py:2705} INFO - Sync 1 DAGs
[2023-04-16T00:52:16.337+0000] {logging_mixin.py:137} INFO - [2023-04-16T00:52:16.337+0000] {dag.py:3456} INFO - Setting next_dagrun for tutorial_taskflow_api to None, run_after=None
[2023-04-16T00:52:16.359+0000] {processor.py:175} INFO - Processing /home/airflow/.local/lib/python3.7/site-packages/airflow/example_dags/tutorial_taskflow_api.py took 0.156 seconds
[2023-04-16T00:52:46.694+0000] {processor.py:153} INFO - Started process (PID=386) to work on /home/airflow/.local/lib/python3.7/site-packages/airflow/example_dags/tutorial_taskflow_api.py
[2023-04-16T00:52:46.704+0000] {processor.py:743} INFO - Processing file /home/airflow/.local/lib/python3.7/site-packages/airflow/example_dags/tutorial_taskflow_api.py for tasks to queue
[2023-04-16T00:52:46.705+0000] {logging_mixin.py:137} INFO - [2023-04-16T00:52:46.705+0000] {dagbag.py:532} INFO - Filling up the DagBag from /home/airflow/.local/lib/python3.7/site-packages/airflow/example_dags/tutorial_taskflow_api.py
[2023-04-16T00:52:46.735+0000] {processor.py:753} INFO - DAG(s) dict_keys(['tutorial_taskflow_api']) retrieved from /home/airflow/.local/lib/python3.7/site-packages/airflow/example_dags/tutorial_taskflow_api.py
[2023-04-16T00:52:46.766+0000] {logging_mixin.py:137} INFO - [2023-04-16T00:52:46.766+0000] {dag.py:2705} INFO - Sync 1 DAGs
[2023-04-16T00:52:46.806+0000] {logging_mixin.py:137} INFO - [2023-04-16T00:52:46.806+0000] {dag.py:3456} INFO - Setting next_dagrun for tutorial_taskflow_api to None, run_after=None
[2023-04-16T00:52:46.829+0000] {processor.py:175} INFO - Processing /home/airflow/.local/lib/python3.7/site-packages/airflow/example_dags/tutorial_taskflow_api.py took 0.141 seconds
[2023-04-16T00:53:17.123+0000] {processor.py:153} INFO - Started process (PID=436) to work on /home/airflow/.local/lib/python3.7/site-packages/airflow/example_dags/tutorial_taskflow_api.py
[2023-04-16T00:53:17.124+0000] {processor.py:743} INFO - Processing file /home/airflow/.local/lib/python3.7/site-packages/airflow/example_dags/tutorial_taskflow_api.py for tasks to queue
[2023-04-16T00:53:17.126+0000] {logging_mixin.py:137} INFO - [2023-04-16T00:53:17.126+0000] {dagbag.py:532} INFO - Filling up the DagBag from /home/airflow/.local/lib/python3.7/site-packages/airflow/example_dags/tutorial_taskflow_api.py
[2023-04-16T00:53:17.158+0000] {processor.py:753} INFO - DAG(s) dict_keys(['tutorial_taskflow_api']) retrieved from /home/airflow/.local/lib/python3.7/site-packages/airflow/example_dags/tutorial_taskflow_api.py
[2023-04-16T00:53:17.190+0000] {logging_mixin.py:137} INFO - [2023-04-16T00:53:17.189+0000] {dag.py:2705} INFO - Sync 1 DAGs
[2023-04-16T00:53:17.230+0000] {logging_mixin.py:137} INFO - [2023-04-16T00:53:17.230+0000] {dag.py:3456} INFO - Setting next_dagrun for tutorial_taskflow_api to None, run_after=None
[2023-04-16T00:53:17.251+0000] {processor.py:175} INFO - Processing /home/airflow/.local/lib/python3.7/site-packages/airflow/example_dags/tutorial_taskflow_api.py took 0.138 seconds
[2023-04-16T00:53:47.359+0000] {processor.py:153} INFO - Started process (PID=486) to work on /home/airflow/.local/lib/python3.7/site-packages/airflow/example_dags/tutorial_taskflow_api.py
[2023-04-16T00:53:47.360+0000] {processor.py:743} INFO - Processing file /home/airflow/.local/lib/python3.7/site-packages/airflow/example_dags/tutorial_taskflow_api.py for tasks to queue
[2023-04-16T00:53:47.362+0000] {logging_mixin.py:137} INFO - [2023-04-16T00:53:47.362+0000] {dagbag.py:532} INFO - Filling up the DagBag from /home/airflow/.local/lib/python3.7/site-packages/airflow/example_dags/tutorial_taskflow_api.py
[2023-04-16T00:53:47.395+0000] {processor.py:753} INFO - DAG(s) dict_keys(['tutorial_taskflow_api']) retrieved from /home/airflow/.local/lib/python3.7/site-packages/airflow/example_dags/tutorial_taskflow_api.py
[2023-04-16T00:53:47.428+0000] {logging_mixin.py:137} INFO - [2023-04-16T00:53:47.428+0000] {dag.py:2705} INFO - Sync 1 DAGs
[2023-04-16T00:53:47.469+0000] {logging_mixin.py:137} INFO - [2023-04-16T00:53:47.468+0000] {dag.py:3456} INFO - Setting next_dagrun for tutorial_taskflow_api to None, run_after=None
[2023-04-16T00:53:47.490+0000] {processor.py:175} INFO - Processing /home/airflow/.local/lib/python3.7/site-packages/airflow/example_dags/tutorial_taskflow_api.py took 0.141 seconds
[2023-04-16T00:54:17.900+0000] {processor.py:153} INFO - Started process (PID=536) to work on /home/airflow/.local/lib/python3.7/site-packages/airflow/example_dags/tutorial_taskflow_api.py
[2023-04-16T00:54:17.902+0000] {processor.py:743} INFO - Processing file /home/airflow/.local/lib/python3.7/site-packages/airflow/example_dags/tutorial_taskflow_api.py for tasks to queue
[2023-04-16T00:54:17.904+0000] {logging_mixin.py:137} INFO - [2023-04-16T00:54:17.903+0000] {dagbag.py:532} INFO - Filling up the DagBag from /home/airflow/.local/lib/python3.7/site-packages/airflow/example_dags/tutorial_taskflow_api.py
[2023-04-16T00:54:17.943+0000] {processor.py:753} INFO - DAG(s) dict_keys(['tutorial_taskflow_api']) retrieved from /home/airflow/.local/lib/python3.7/site-packages/airflow/example_dags/tutorial_taskflow_api.py
[2023-04-16T00:54:17.975+0000] {logging_mixin.py:137} INFO - [2023-04-16T00:54:17.975+0000] {dag.py:2705} INFO - Sync 1 DAGs
[2023-04-16T00:54:18.015+0000] {logging_mixin.py:137} INFO - [2023-04-16T00:54:18.014+0000] {dag.py:3456} INFO - Setting next_dagrun for tutorial_taskflow_api to None, run_after=None
[2023-04-16T00:54:18.045+0000] {processor.py:175} INFO - Processing /home/airflow/.local/lib/python3.7/site-packages/airflow/example_dags/tutorial_taskflow_api.py took 0.154 seconds
[2023-04-16T00:54:48.164+0000] {processor.py:153} INFO - Started process (PID=585) to work on /home/airflow/.local/lib/python3.7/site-packages/airflow/example_dags/tutorial_taskflow_api.py
[2023-04-16T00:54:48.176+0000] {processor.py:743} INFO - Processing file /home/airflow/.local/lib/python3.7/site-packages/airflow/example_dags/tutorial_taskflow_api.py for tasks to queue
[2023-04-16T00:54:48.177+0000] {logging_mixin.py:137} INFO - [2023-04-16T00:54:48.177+0000] {dagbag.py:532} INFO - Filling up the DagBag from /home/airflow/.local/lib/python3.7/site-packages/airflow/example_dags/tutorial_taskflow_api.py
[2023-04-16T00:54:48.208+0000] {processor.py:753} INFO - DAG(s) dict_keys(['tutorial_taskflow_api']) retrieved from /home/airflow/.local/lib/python3.7/site-packages/airflow/example_dags/tutorial_taskflow_api.py
[2023-04-16T00:54:48.239+0000] {logging_mixin.py:137} INFO - [2023-04-16T00:54:48.239+0000] {dag.py:2705} INFO - Sync 1 DAGs
[2023-04-16T00:54:48.279+0000] {logging_mixin.py:137} INFO - [2023-04-16T00:54:48.279+0000] {dag.py:3456} INFO - Setting next_dagrun for tutorial_taskflow_api to None, run_after=None
[2023-04-16T00:54:48.303+0000] {processor.py:175} INFO - Processing /home/airflow/.local/lib/python3.7/site-packages/airflow/example_dags/tutorial_taskflow_api.py took 0.147 seconds
[2023-04-16T00:55:18.637+0000] {processor.py:153} INFO - Started process (PID=635) to work on /home/airflow/.local/lib/python3.7/site-packages/airflow/example_dags/tutorial_taskflow_api.py
[2023-04-16T00:55:18.637+0000] {processor.py:743} INFO - Processing file /home/airflow/.local/lib/python3.7/site-packages/airflow/example_dags/tutorial_taskflow_api.py for tasks to queue
[2023-04-16T00:55:18.638+0000] {logging_mixin.py:137} INFO - [2023-04-16T00:55:18.638+0000] {dagbag.py:532} INFO - Filling up the DagBag from /home/airflow/.local/lib/python3.7/site-packages/airflow/example_dags/tutorial_taskflow_api.py
[2023-04-16T00:55:18.675+0000] {processor.py:753} INFO - DAG(s) dict_keys(['tutorial_taskflow_api']) retrieved from /home/airflow/.local/lib/python3.7/site-packages/airflow/example_dags/tutorial_taskflow_api.py
[2023-04-16T00:55:18.712+0000] {logging_mixin.py:137} INFO - [2023-04-16T00:55:18.712+0000] {dag.py:2705} INFO - Sync 1 DAGs
[2023-04-16T00:55:18.762+0000] {logging_mixin.py:137} INFO - [2023-04-16T00:55:18.762+0000] {dag.py:3456} INFO - Setting next_dagrun for tutorial_taskflow_api to None, run_after=None
[2023-04-16T00:55:18.789+0000] {processor.py:175} INFO - Processing /home/airflow/.local/lib/python3.7/site-packages/airflow/example_dags/tutorial_taskflow_api.py took 0.156 seconds
[2023-04-16T00:55:48.933+0000] {processor.py:153} INFO - Started process (PID=685) to work on /home/airflow/.local/lib/python3.7/site-packages/airflow/example_dags/tutorial_taskflow_api.py
[2023-04-16T00:55:48.934+0000] {processor.py:743} INFO - Processing file /home/airflow/.local/lib/python3.7/site-packages/airflow/example_dags/tutorial_taskflow_api.py for tasks to queue
[2023-04-16T00:55:48.935+0000] {logging_mixin.py:137} INFO - [2023-04-16T00:55:48.935+0000] {dagbag.py:532} INFO - Filling up the DagBag from /home/airflow/.local/lib/python3.7/site-packages/airflow/example_dags/tutorial_taskflow_api.py
[2023-04-16T00:55:48.969+0000] {processor.py:753} INFO - DAG(s) dict_keys(['tutorial_taskflow_api']) retrieved from /home/airflow/.local/lib/python3.7/site-packages/airflow/example_dags/tutorial_taskflow_api.py
[2023-04-16T00:55:49.010+0000] {logging_mixin.py:137} INFO - [2023-04-16T00:55:49.010+0000] {dag.py:2705} INFO - Sync 1 DAGs
[2023-04-16T00:55:49.068+0000] {logging_mixin.py:137} INFO - [2023-04-16T00:55:49.068+0000] {dag.py:3456} INFO - Setting next_dagrun for tutorial_taskflow_api to None, run_after=None
[2023-04-16T00:55:49.103+0000] {processor.py:175} INFO - Processing /home/airflow/.local/lib/python3.7/site-packages/airflow/example_dags/tutorial_taskflow_api.py took 0.173 seconds
[2023-04-16T00:56:19.220+0000] {processor.py:153} INFO - Started process (PID=735) to work on /home/airflow/.local/lib/python3.7/site-packages/airflow/example_dags/tutorial_taskflow_api.py
[2023-04-16T00:56:19.230+0000] {processor.py:743} INFO - Processing file /home/airflow/.local/lib/python3.7/site-packages/airflow/example_dags/tutorial_taskflow_api.py for tasks to queue
[2023-04-16T00:56:19.232+0000] {logging_mixin.py:137} INFO - [2023-04-16T00:56:19.231+0000] {dagbag.py:532} INFO - Filling up the DagBag from /home/airflow/.local/lib/python3.7/site-packages/airflow/example_dags/tutorial_taskflow_api.py
[2023-04-16T00:56:19.268+0000] {processor.py:753} INFO - DAG(s) dict_keys(['tutorial_taskflow_api']) retrieved from /home/airflow/.local/lib/python3.7/site-packages/airflow/example_dags/tutorial_taskflow_api.py
[2023-04-16T00:56:19.305+0000] {logging_mixin.py:137} INFO - [2023-04-16T00:56:19.304+0000] {dag.py:2705} INFO - Sync 1 DAGs
[2023-04-16T00:56:19.345+0000] {logging_mixin.py:137} INFO - [2023-04-16T00:56:19.345+0000] {dag.py:3456} INFO - Setting next_dagrun for tutorial_taskflow_api to None, run_after=None
[2023-04-16T00:56:19.369+0000] {processor.py:175} INFO - Processing /home/airflow/.local/lib/python3.7/site-packages/airflow/example_dags/tutorial_taskflow_api.py took 0.159 seconds
[2023-04-16T00:56:49.545+0000] {processor.py:153} INFO - Started process (PID=785) to work on /home/airflow/.local/lib/python3.7/site-packages/airflow/example_dags/tutorial_taskflow_api.py
[2023-04-16T00:56:49.545+0000] {processor.py:743} INFO - Processing file /home/airflow/.local/lib/python3.7/site-packages/airflow/example_dags/tutorial_taskflow_api.py for tasks to queue
[2023-04-16T00:56:49.546+0000] {logging_mixin.py:137} INFO - [2023-04-16T00:56:49.546+0000] {dagbag.py:532} INFO - Filling up the DagBag from /home/airflow/.local/lib/python3.7/site-packages/airflow/example_dags/tutorial_taskflow_api.py
[2023-04-16T00:56:49.574+0000] {processor.py:753} INFO - DAG(s) dict_keys(['tutorial_taskflow_api']) retrieved from /home/airflow/.local/lib/python3.7/site-packages/airflow/example_dags/tutorial_taskflow_api.py
[2023-04-16T00:56:49.606+0000] {logging_mixin.py:137} INFO - [2023-04-16T00:56:49.606+0000] {dag.py:2705} INFO - Sync 1 DAGs
[2023-04-16T00:56:49.647+0000] {logging_mixin.py:137} INFO - [2023-04-16T00:56:49.646+0000] {dag.py:3456} INFO - Setting next_dagrun for tutorial_taskflow_api to None, run_after=None
[2023-04-16T00:56:49.674+0000] {processor.py:175} INFO - Processing /home/airflow/.local/lib/python3.7/site-packages/airflow/example_dags/tutorial_taskflow_api.py took 0.134 seconds
[2023-04-16T00:57:20.134+0000] {processor.py:153} INFO - Started process (PID=835) to work on /home/airflow/.local/lib/python3.7/site-packages/airflow/example_dags/tutorial_taskflow_api.py
[2023-04-16T00:57:20.135+0000] {processor.py:743} INFO - Processing file /home/airflow/.local/lib/python3.7/site-packages/airflow/example_dags/tutorial_taskflow_api.py for tasks to queue
[2023-04-16T00:57:20.137+0000] {logging_mixin.py:137} INFO - [2023-04-16T00:57:20.136+0000] {dagbag.py:532} INFO - Filling up the DagBag from /home/airflow/.local/lib/python3.7/site-packages/airflow/example_dags/tutorial_taskflow_api.py
[2023-04-16T00:57:20.176+0000] {processor.py:753} INFO - DAG(s) dict_keys(['tutorial_taskflow_api']) retrieved from /home/airflow/.local/lib/python3.7/site-packages/airflow/example_dags/tutorial_taskflow_api.py
[2023-04-16T00:57:20.211+0000] {logging_mixin.py:137} INFO - [2023-04-16T00:57:20.211+0000] {dag.py:2705} INFO - Sync 1 DAGs
[2023-04-16T00:57:20.258+0000] {logging_mixin.py:137} INFO - [2023-04-16T00:57:20.258+0000] {dag.py:3456} INFO - Setting next_dagrun for tutorial_taskflow_api to None, run_after=None
[2023-04-16T00:57:20.283+0000] {processor.py:175} INFO - Processing /home/airflow/.local/lib/python3.7/site-packages/airflow/example_dags/tutorial_taskflow_api.py took 0.161 seconds
[2023-04-16T00:57:50.452+0000] {processor.py:153} INFO - Started process (PID=885) to work on /home/airflow/.local/lib/python3.7/site-packages/airflow/example_dags/tutorial_taskflow_api.py
[2023-04-16T00:57:50.453+0000] {processor.py:743} INFO - Processing file /home/airflow/.local/lib/python3.7/site-packages/airflow/example_dags/tutorial_taskflow_api.py for tasks to queue
[2023-04-16T00:57:50.453+0000] {logging_mixin.py:137} INFO - [2023-04-16T00:57:50.453+0000] {dagbag.py:532} INFO - Filling up the DagBag from /home/airflow/.local/lib/python3.7/site-packages/airflow/example_dags/tutorial_taskflow_api.py
[2023-04-16T00:57:50.480+0000] {processor.py:753} INFO - DAG(s) dict_keys(['tutorial_taskflow_api']) retrieved from /home/airflow/.local/lib/python3.7/site-packages/airflow/example_dags/tutorial_taskflow_api.py
[2023-04-16T00:57:50.512+0000] {logging_mixin.py:137} INFO - [2023-04-16T00:57:50.512+0000] {dag.py:2705} INFO - Sync 1 DAGs
[2023-04-16T00:57:50.550+0000] {logging_mixin.py:137} INFO - [2023-04-16T00:57:50.550+0000] {dag.py:3456} INFO - Setting next_dagrun for tutorial_taskflow_api to None, run_after=None
[2023-04-16T00:57:50.583+0000] {processor.py:175} INFO - Processing /home/airflow/.local/lib/python3.7/site-packages/airflow/example_dags/tutorial_taskflow_api.py took 0.136 seconds
[2023-04-16T00:58:20.681+0000] {processor.py:153} INFO - Started process (PID=935) to work on /home/airflow/.local/lib/python3.7/site-packages/airflow/example_dags/tutorial_taskflow_api.py
[2023-04-16T00:58:20.682+0000] {processor.py:743} INFO - Processing file /home/airflow/.local/lib/python3.7/site-packages/airflow/example_dags/tutorial_taskflow_api.py for tasks to queue
[2023-04-16T00:58:20.684+0000] {logging_mixin.py:137} INFO - [2023-04-16T00:58:20.684+0000] {dagbag.py:532} INFO - Filling up the DagBag from /home/airflow/.local/lib/python3.7/site-packages/airflow/example_dags/tutorial_taskflow_api.py
[2023-04-16T00:58:20.720+0000] {processor.py:753} INFO - DAG(s) dict_keys(['tutorial_taskflow_api']) retrieved from /home/airflow/.local/lib/python3.7/site-packages/airflow/example_dags/tutorial_taskflow_api.py
[2023-04-16T00:58:20.751+0000] {logging_mixin.py:137} INFO - [2023-04-16T00:58:20.751+0000] {dag.py:2705} INFO - Sync 1 DAGs
[2023-04-16T00:58:20.792+0000] {logging_mixin.py:137} INFO - [2023-04-16T00:58:20.791+0000] {dag.py:3456} INFO - Setting next_dagrun for tutorial_taskflow_api to None, run_after=None
[2023-04-16T00:58:20.822+0000] {processor.py:175} INFO - Processing /home/airflow/.local/lib/python3.7/site-packages/airflow/example_dags/tutorial_taskflow_api.py took 0.149 seconds
[2023-04-16T00:58:50.929+0000] {processor.py:153} INFO - Started process (PID=985) to work on /home/airflow/.local/lib/python3.7/site-packages/airflow/example_dags/tutorial_taskflow_api.py
[2023-04-16T00:58:50.933+0000] {processor.py:743} INFO - Processing file /home/airflow/.local/lib/python3.7/site-packages/airflow/example_dags/tutorial_taskflow_api.py for tasks to queue
[2023-04-16T00:58:50.936+0000] {logging_mixin.py:137} INFO - [2023-04-16T00:58:50.935+0000] {dagbag.py:532} INFO - Filling up the DagBag from /home/airflow/.local/lib/python3.7/site-packages/airflow/example_dags/tutorial_taskflow_api.py
[2023-04-16T00:58:50.975+0000] {processor.py:753} INFO - DAG(s) dict_keys(['tutorial_taskflow_api']) retrieved from /home/airflow/.local/lib/python3.7/site-packages/airflow/example_dags/tutorial_taskflow_api.py
[2023-04-16T00:58:51.006+0000] {logging_mixin.py:137} INFO - [2023-04-16T00:58:51.006+0000] {dag.py:2705} INFO - Sync 1 DAGs
[2023-04-16T00:58:51.048+0000] {logging_mixin.py:137} INFO - [2023-04-16T00:58:51.047+0000] {dag.py:3456} INFO - Setting next_dagrun for tutorial_taskflow_api to None, run_after=None
[2023-04-16T00:58:51.069+0000] {processor.py:175} INFO - Processing /home/airflow/.local/lib/python3.7/site-packages/airflow/example_dags/tutorial_taskflow_api.py took 0.153 seconds
[2023-04-16T00:59:21.238+0000] {processor.py:153} INFO - Started process (PID=1035) to work on /home/airflow/.local/lib/python3.7/site-packages/airflow/example_dags/tutorial_taskflow_api.py
[2023-04-16T00:59:21.239+0000] {processor.py:743} INFO - Processing file /home/airflow/.local/lib/python3.7/site-packages/airflow/example_dags/tutorial_taskflow_api.py for tasks to queue
[2023-04-16T00:59:21.240+0000] {logging_mixin.py:137} INFO - [2023-04-16T00:59:21.240+0000] {dagbag.py:532} INFO - Filling up the DagBag from /home/airflow/.local/lib/python3.7/site-packages/airflow/example_dags/tutorial_taskflow_api.py
[2023-04-16T00:59:21.274+0000] {processor.py:753} INFO - DAG(s) dict_keys(['tutorial_taskflow_api']) retrieved from /home/airflow/.local/lib/python3.7/site-packages/airflow/example_dags/tutorial_taskflow_api.py
[2023-04-16T00:59:21.311+0000] {logging_mixin.py:137} INFO - [2023-04-16T00:59:21.311+0000] {dag.py:2705} INFO - Sync 1 DAGs
[2023-04-16T00:59:21.352+0000] {logging_mixin.py:137} INFO - [2023-04-16T00:59:21.352+0000] {dag.py:3456} INFO - Setting next_dagrun for tutorial_taskflow_api to None, run_after=None
[2023-04-16T00:59:21.375+0000] {processor.py:175} INFO - Processing /home/airflow/.local/lib/python3.7/site-packages/airflow/example_dags/tutorial_taskflow_api.py took 0.147 seconds
[2023-04-16T00:59:51.443+0000] {processor.py:153} INFO - Started process (PID=1085) to work on /home/airflow/.local/lib/python3.7/site-packages/airflow/example_dags/tutorial_taskflow_api.py
[2023-04-16T00:59:51.444+0000] {processor.py:743} INFO - Processing file /home/airflow/.local/lib/python3.7/site-packages/airflow/example_dags/tutorial_taskflow_api.py for tasks to queue
[2023-04-16T00:59:51.446+0000] {logging_mixin.py:137} INFO - [2023-04-16T00:59:51.445+0000] {dagbag.py:532} INFO - Filling up the DagBag from /home/airflow/.local/lib/python3.7/site-packages/airflow/example_dags/tutorial_taskflow_api.py
[2023-04-16T00:59:51.478+0000] {processor.py:753} INFO - DAG(s) dict_keys(['tutorial_taskflow_api']) retrieved from /home/airflow/.local/lib/python3.7/site-packages/airflow/example_dags/tutorial_taskflow_api.py
[2023-04-16T00:59:51.510+0000] {logging_mixin.py:137} INFO - [2023-04-16T00:59:51.510+0000] {dag.py:2705} INFO - Sync 1 DAGs
[2023-04-16T00:59:51.550+0000] {logging_mixin.py:137} INFO - [2023-04-16T00:59:51.550+0000] {dag.py:3456} INFO - Setting next_dagrun for tutorial_taskflow_api to None, run_after=None
[2023-04-16T00:59:51.577+0000] {processor.py:175} INFO - Processing /home/airflow/.local/lib/python3.7/site-packages/airflow/example_dags/tutorial_taskflow_api.py took 0.143 seconds
