[2023-04-16T00:49:14.353+0000] {processor.py:153} INFO - Started process (PID=43) to work on /home/airflow/.local/lib/python3.7/site-packages/airflow/example_dags/tutorial_dag.py
[2023-04-16T00:49:14.354+0000] {processor.py:743} INFO - Processing file /home/airflow/.local/lib/python3.7/site-packages/airflow/example_dags/tutorial_dag.py for tasks to queue
[2023-04-16T00:49:14.355+0000] {logging_mixin.py:137} INFO - [2023-04-16T00:49:14.355+0000] {dagbag.py:532} INFO - Filling up the DagBag from /home/airflow/.local/lib/python3.7/site-packages/airflow/example_dags/tutorial_dag.py
[2023-04-16T00:49:14.374+0000] {processor.py:753} INFO - DAG(s) dict_keys(['tutorial_dag']) retrieved from /home/airflow/.local/lib/python3.7/site-packages/airflow/example_dags/tutorial_dag.py
[2023-04-16T00:49:14.405+0000] {logging_mixin.py:137} INFO - [2023-04-16T00:49:14.405+0000] {dag.py:2705} INFO - Sync 1 DAGs
[2023-04-16T00:49:14.446+0000] {logging_mixin.py:137} INFO - [2023-04-16T00:49:14.446+0000] {dag.py:3456} INFO - Setting next_dagrun for tutorial_dag to None, run_after=None
[2023-04-16T00:49:14.474+0000] {processor.py:175} INFO - Processing /home/airflow/.local/lib/python3.7/site-packages/airflow/example_dags/tutorial_dag.py took 0.124 seconds
[2023-04-16T00:49:44.702+0000] {processor.py:153} INFO - Started process (PID=93) to work on /home/airflow/.local/lib/python3.7/site-packages/airflow/example_dags/tutorial_dag.py
[2023-04-16T00:49:44.703+0000] {processor.py:743} INFO - Processing file /home/airflow/.local/lib/python3.7/site-packages/airflow/example_dags/tutorial_dag.py for tasks to queue
[2023-04-16T00:49:44.704+0000] {logging_mixin.py:137} INFO - [2023-04-16T00:49:44.704+0000] {dagbag.py:532} INFO - Filling up the DagBag from /home/airflow/.local/lib/python3.7/site-packages/airflow/example_dags/tutorial_dag.py
[2023-04-16T00:49:44.719+0000] {processor.py:753} INFO - DAG(s) dict_keys(['tutorial_dag']) retrieved from /home/airflow/.local/lib/python3.7/site-packages/airflow/example_dags/tutorial_dag.py
[2023-04-16T00:49:44.748+0000] {logging_mixin.py:137} INFO - [2023-04-16T00:49:44.748+0000] {dag.py:2705} INFO - Sync 1 DAGs
[2023-04-16T00:49:44.796+0000] {logging_mixin.py:137} INFO - [2023-04-16T00:49:44.796+0000] {dag.py:3456} INFO - Setting next_dagrun for tutorial_dag to None, run_after=None
[2023-04-16T00:49:44.827+0000] {processor.py:175} INFO - Processing /home/airflow/.local/lib/python3.7/site-packages/airflow/example_dags/tutorial_dag.py took 0.128 seconds
[2023-04-16T00:50:14.988+0000] {processor.py:153} INFO - Started process (PID=143) to work on /home/airflow/.local/lib/python3.7/site-packages/airflow/example_dags/tutorial_dag.py
[2023-04-16T00:50:14.989+0000] {processor.py:743} INFO - Processing file /home/airflow/.local/lib/python3.7/site-packages/airflow/example_dags/tutorial_dag.py for tasks to queue
[2023-04-16T00:50:14.989+0000] {logging_mixin.py:137} INFO - [2023-04-16T00:50:14.989+0000] {dagbag.py:532} INFO - Filling up the DagBag from /home/airflow/.local/lib/python3.7/site-packages/airflow/example_dags/tutorial_dag.py
[2023-04-16T00:50:15.005+0000] {processor.py:753} INFO - DAG(s) dict_keys(['tutorial_dag']) retrieved from /home/airflow/.local/lib/python3.7/site-packages/airflow/example_dags/tutorial_dag.py
[2023-04-16T00:50:15.035+0000] {logging_mixin.py:137} INFO - [2023-04-16T00:50:15.035+0000] {dag.py:2705} INFO - Sync 1 DAGs
[2023-04-16T00:50:15.074+0000] {logging_mixin.py:137} INFO - [2023-04-16T00:50:15.074+0000] {dag.py:3456} INFO - Setting next_dagrun for tutorial_dag to None, run_after=None
[2023-04-16T00:50:15.097+0000] {processor.py:175} INFO - Processing /home/airflow/.local/lib/python3.7/site-packages/airflow/example_dags/tutorial_dag.py took 0.113 seconds
[2023-04-16T00:50:45.477+0000] {processor.py:153} INFO - Started process (PID=193) to work on /home/airflow/.local/lib/python3.7/site-packages/airflow/example_dags/tutorial_dag.py
[2023-04-16T00:50:45.479+0000] {processor.py:743} INFO - Processing file /home/airflow/.local/lib/python3.7/site-packages/airflow/example_dags/tutorial_dag.py for tasks to queue
[2023-04-16T00:50:45.480+0000] {logging_mixin.py:137} INFO - [2023-04-16T00:50:45.479+0000] {dagbag.py:532} INFO - Filling up the DagBag from /home/airflow/.local/lib/python3.7/site-packages/airflow/example_dags/tutorial_dag.py
[2023-04-16T00:50:45.496+0000] {processor.py:753} INFO - DAG(s) dict_keys(['tutorial_dag']) retrieved from /home/airflow/.local/lib/python3.7/site-packages/airflow/example_dags/tutorial_dag.py
[2023-04-16T00:50:45.526+0000] {logging_mixin.py:137} INFO - [2023-04-16T00:50:45.526+0000] {dag.py:2705} INFO - Sync 1 DAGs
[2023-04-16T00:50:45.572+0000] {logging_mixin.py:137} INFO - [2023-04-16T00:50:45.572+0000] {dag.py:3456} INFO - Setting next_dagrun for tutorial_dag to None, run_after=None
[2023-04-16T00:50:45.601+0000] {processor.py:175} INFO - Processing /home/airflow/.local/lib/python3.7/site-packages/airflow/example_dags/tutorial_dag.py took 0.129 seconds
[2023-04-16T00:51:16.294+0000] {processor.py:153} INFO - Started process (PID=243) to work on /home/airflow/.local/lib/python3.7/site-packages/airflow/example_dags/tutorial_dag.py
[2023-04-16T00:51:16.295+0000] {processor.py:743} INFO - Processing file /home/airflow/.local/lib/python3.7/site-packages/airflow/example_dags/tutorial_dag.py for tasks to queue
[2023-04-16T00:51:16.296+0000] {logging_mixin.py:137} INFO - [2023-04-16T00:51:16.296+0000] {dagbag.py:532} INFO - Filling up the DagBag from /home/airflow/.local/lib/python3.7/site-packages/airflow/example_dags/tutorial_dag.py
[2023-04-16T00:51:16.312+0000] {processor.py:753} INFO - DAG(s) dict_keys(['tutorial_dag']) retrieved from /home/airflow/.local/lib/python3.7/site-packages/airflow/example_dags/tutorial_dag.py
[2023-04-16T00:51:16.343+0000] {logging_mixin.py:137} INFO - [2023-04-16T00:51:16.343+0000] {dag.py:2705} INFO - Sync 1 DAGs
[2023-04-16T00:51:16.384+0000] {logging_mixin.py:137} INFO - [2023-04-16T00:51:16.383+0000] {dag.py:3456} INFO - Setting next_dagrun for tutorial_dag to None, run_after=None
[2023-04-16T00:51:16.407+0000] {processor.py:175} INFO - Processing /home/airflow/.local/lib/python3.7/site-packages/airflow/example_dags/tutorial_dag.py took 0.117 seconds
[2023-04-16T00:51:46.471+0000] {processor.py:153} INFO - Started process (PID=293) to work on /home/airflow/.local/lib/python3.7/site-packages/airflow/example_dags/tutorial_dag.py
[2023-04-16T00:51:46.472+0000] {processor.py:743} INFO - Processing file /home/airflow/.local/lib/python3.7/site-packages/airflow/example_dags/tutorial_dag.py for tasks to queue
[2023-04-16T00:51:46.473+0000] {logging_mixin.py:137} INFO - [2023-04-16T00:51:46.473+0000] {dagbag.py:532} INFO - Filling up the DagBag from /home/airflow/.local/lib/python3.7/site-packages/airflow/example_dags/tutorial_dag.py
[2023-04-16T00:51:46.497+0000] {processor.py:753} INFO - DAG(s) dict_keys(['tutorial_dag']) retrieved from /home/airflow/.local/lib/python3.7/site-packages/airflow/example_dags/tutorial_dag.py
[2023-04-16T00:51:46.532+0000] {logging_mixin.py:137} INFO - [2023-04-16T00:51:46.532+0000] {dag.py:2705} INFO - Sync 1 DAGs
[2023-04-16T00:51:46.572+0000] {logging_mixin.py:137} INFO - [2023-04-16T00:51:46.572+0000] {dag.py:3456} INFO - Setting next_dagrun for tutorial_dag to None, run_after=None
[2023-04-16T00:51:46.596+0000] {processor.py:175} INFO - Processing /home/airflow/.local/lib/python3.7/site-packages/airflow/example_dags/tutorial_dag.py took 0.128 seconds
[2023-04-16T00:52:16.809+0000] {processor.py:153} INFO - Started process (PID=343) to work on /home/airflow/.local/lib/python3.7/site-packages/airflow/example_dags/tutorial_dag.py
[2023-04-16T00:52:16.810+0000] {processor.py:743} INFO - Processing file /home/airflow/.local/lib/python3.7/site-packages/airflow/example_dags/tutorial_dag.py for tasks to queue
[2023-04-16T00:52:16.812+0000] {logging_mixin.py:137} INFO - [2023-04-16T00:52:16.811+0000] {dagbag.py:532} INFO - Filling up the DagBag from /home/airflow/.local/lib/python3.7/site-packages/airflow/example_dags/tutorial_dag.py
[2023-04-16T00:52:16.831+0000] {processor.py:753} INFO - DAG(s) dict_keys(['tutorial_dag']) retrieved from /home/airflow/.local/lib/python3.7/site-packages/airflow/example_dags/tutorial_dag.py
[2023-04-16T00:52:16.877+0000] {logging_mixin.py:137} INFO - [2023-04-16T00:52:16.877+0000] {dag.py:2705} INFO - Sync 1 DAGs
[2023-04-16T00:52:16.937+0000] {logging_mixin.py:137} INFO - [2023-04-16T00:52:16.937+0000] {dag.py:3456} INFO - Setting next_dagrun for tutorial_dag to None, run_after=None
[2023-04-16T00:52:16.963+0000] {processor.py:175} INFO - Processing /home/airflow/.local/lib/python3.7/site-packages/airflow/example_dags/tutorial_dag.py took 0.160 seconds
[2023-04-16T00:52:47.196+0000] {processor.py:153} INFO - Started process (PID=393) to work on /home/airflow/.local/lib/python3.7/site-packages/airflow/example_dags/tutorial_dag.py
[2023-04-16T00:52:47.197+0000] {processor.py:743} INFO - Processing file /home/airflow/.local/lib/python3.7/site-packages/airflow/example_dags/tutorial_dag.py for tasks to queue
[2023-04-16T00:52:47.198+0000] {logging_mixin.py:137} INFO - [2023-04-16T00:52:47.198+0000] {dagbag.py:532} INFO - Filling up the DagBag from /home/airflow/.local/lib/python3.7/site-packages/airflow/example_dags/tutorial_dag.py
[2023-04-16T00:52:47.214+0000] {processor.py:753} INFO - DAG(s) dict_keys(['tutorial_dag']) retrieved from /home/airflow/.local/lib/python3.7/site-packages/airflow/example_dags/tutorial_dag.py
[2023-04-16T00:52:47.246+0000] {logging_mixin.py:137} INFO - [2023-04-16T00:52:47.245+0000] {dag.py:2705} INFO - Sync 1 DAGs
[2023-04-16T00:52:47.287+0000] {logging_mixin.py:137} INFO - [2023-04-16T00:52:47.286+0000] {dag.py:3456} INFO - Setting next_dagrun for tutorial_dag to None, run_after=None
[2023-04-16T00:52:47.311+0000] {processor.py:175} INFO - Processing /home/airflow/.local/lib/python3.7/site-packages/airflow/example_dags/tutorial_dag.py took 0.119 seconds
[2023-04-16T00:53:17.650+0000] {processor.py:153} INFO - Started process (PID=443) to work on /home/airflow/.local/lib/python3.7/site-packages/airflow/example_dags/tutorial_dag.py
[2023-04-16T00:53:17.651+0000] {processor.py:743} INFO - Processing file /home/airflow/.local/lib/python3.7/site-packages/airflow/example_dags/tutorial_dag.py for tasks to queue
[2023-04-16T00:53:17.652+0000] {logging_mixin.py:137} INFO - [2023-04-16T00:53:17.652+0000] {dagbag.py:532} INFO - Filling up the DagBag from /home/airflow/.local/lib/python3.7/site-packages/airflow/example_dags/tutorial_dag.py
[2023-04-16T00:53:17.668+0000] {processor.py:753} INFO - DAG(s) dict_keys(['tutorial_dag']) retrieved from /home/airflow/.local/lib/python3.7/site-packages/airflow/example_dags/tutorial_dag.py
[2023-04-16T00:53:17.700+0000] {logging_mixin.py:137} INFO - [2023-04-16T00:53:17.700+0000] {dag.py:2705} INFO - Sync 1 DAGs
[2023-04-16T00:53:17.741+0000] {logging_mixin.py:137} INFO - [2023-04-16T00:53:17.741+0000] {dag.py:3456} INFO - Setting next_dagrun for tutorial_dag to None, run_after=None
[2023-04-16T00:53:17.767+0000] {processor.py:175} INFO - Processing /home/airflow/.local/lib/python3.7/site-packages/airflow/example_dags/tutorial_dag.py took 0.120 seconds
[2023-04-16T00:53:47.849+0000] {processor.py:153} INFO - Started process (PID=493) to work on /home/airflow/.local/lib/python3.7/site-packages/airflow/example_dags/tutorial_dag.py
[2023-04-16T00:53:47.850+0000] {processor.py:743} INFO - Processing file /home/airflow/.local/lib/python3.7/site-packages/airflow/example_dags/tutorial_dag.py for tasks to queue
[2023-04-16T00:53:47.851+0000] {logging_mixin.py:137} INFO - [2023-04-16T00:53:47.850+0000] {dagbag.py:532} INFO - Filling up the DagBag from /home/airflow/.local/lib/python3.7/site-packages/airflow/example_dags/tutorial_dag.py
[2023-04-16T00:53:47.866+0000] {processor.py:753} INFO - DAG(s) dict_keys(['tutorial_dag']) retrieved from /home/airflow/.local/lib/python3.7/site-packages/airflow/example_dags/tutorial_dag.py
[2023-04-16T00:53:47.897+0000] {logging_mixin.py:137} INFO - [2023-04-16T00:53:47.897+0000] {dag.py:2705} INFO - Sync 1 DAGs
[2023-04-16T00:53:47.936+0000] {logging_mixin.py:137} INFO - [2023-04-16T00:53:47.936+0000] {dag.py:3456} INFO - Setting next_dagrun for tutorial_dag to None, run_after=None
[2023-04-16T00:53:47.958+0000] {processor.py:175} INFO - Processing /home/airflow/.local/lib/python3.7/site-packages/airflow/example_dags/tutorial_dag.py took 0.113 seconds
[2023-04-16T00:54:18.617+0000] {processor.py:153} INFO - Started process (PID=543) to work on /home/airflow/.local/lib/python3.7/site-packages/airflow/example_dags/tutorial_dag.py
[2023-04-16T00:54:18.618+0000] {processor.py:743} INFO - Processing file /home/airflow/.local/lib/python3.7/site-packages/airflow/example_dags/tutorial_dag.py for tasks to queue
[2023-04-16T00:54:18.618+0000] {logging_mixin.py:137} INFO - [2023-04-16T00:54:18.618+0000] {dagbag.py:532} INFO - Filling up the DagBag from /home/airflow/.local/lib/python3.7/site-packages/airflow/example_dags/tutorial_dag.py
[2023-04-16T00:54:18.635+0000] {processor.py:753} INFO - DAG(s) dict_keys(['tutorial_dag']) retrieved from /home/airflow/.local/lib/python3.7/site-packages/airflow/example_dags/tutorial_dag.py
[2023-04-16T00:54:18.676+0000] {logging_mixin.py:137} INFO - [2023-04-16T00:54:18.676+0000] {dag.py:2705} INFO - Sync 1 DAGs
[2023-04-16T00:54:18.724+0000] {logging_mixin.py:137} INFO - [2023-04-16T00:54:18.723+0000] {dag.py:3456} INFO - Setting next_dagrun for tutorial_dag to None, run_after=None
[2023-04-16T00:54:18.755+0000] {processor.py:175} INFO - Processing /home/airflow/.local/lib/python3.7/site-packages/airflow/example_dags/tutorial_dag.py took 0.142 seconds
[2023-04-16T00:54:48.923+0000] {processor.py:153} INFO - Started process (PID=592) to work on /home/airflow/.local/lib/python3.7/site-packages/airflow/example_dags/tutorial_dag.py
[2023-04-16T00:54:48.924+0000] {processor.py:743} INFO - Processing file /home/airflow/.local/lib/python3.7/site-packages/airflow/example_dags/tutorial_dag.py for tasks to queue
[2023-04-16T00:54:48.925+0000] {logging_mixin.py:137} INFO - [2023-04-16T00:54:48.925+0000] {dagbag.py:532} INFO - Filling up the DagBag from /home/airflow/.local/lib/python3.7/site-packages/airflow/example_dags/tutorial_dag.py
[2023-04-16T00:54:48.941+0000] {processor.py:753} INFO - DAG(s) dict_keys(['tutorial_dag']) retrieved from /home/airflow/.local/lib/python3.7/site-packages/airflow/example_dags/tutorial_dag.py
[2023-04-16T00:54:48.971+0000] {logging_mixin.py:137} INFO - [2023-04-16T00:54:48.971+0000] {dag.py:2705} INFO - Sync 1 DAGs
[2023-04-16T00:54:49.013+0000] {logging_mixin.py:137} INFO - [2023-04-16T00:54:49.013+0000] {dag.py:3456} INFO - Setting next_dagrun for tutorial_dag to None, run_after=None
[2023-04-16T00:54:49.034+0000] {processor.py:175} INFO - Processing /home/airflow/.local/lib/python3.7/site-packages/airflow/example_dags/tutorial_dag.py took 0.115 seconds
[2023-04-16T00:55:19.172+0000] {processor.py:153} INFO - Started process (PID=642) to work on /home/airflow/.local/lib/python3.7/site-packages/airflow/example_dags/tutorial_dag.py
[2023-04-16T00:55:19.173+0000] {processor.py:743} INFO - Processing file /home/airflow/.local/lib/python3.7/site-packages/airflow/example_dags/tutorial_dag.py for tasks to queue
[2023-04-16T00:55:19.174+0000] {logging_mixin.py:137} INFO - [2023-04-16T00:55:19.174+0000] {dagbag.py:532} INFO - Filling up the DagBag from /home/airflow/.local/lib/python3.7/site-packages/airflow/example_dags/tutorial_dag.py
[2023-04-16T00:55:19.189+0000] {processor.py:753} INFO - DAG(s) dict_keys(['tutorial_dag']) retrieved from /home/airflow/.local/lib/python3.7/site-packages/airflow/example_dags/tutorial_dag.py
[2023-04-16T00:55:19.220+0000] {logging_mixin.py:137} INFO - [2023-04-16T00:55:19.220+0000] {dag.py:2705} INFO - Sync 1 DAGs
[2023-04-16T00:55:19.271+0000] {logging_mixin.py:137} INFO - [2023-04-16T00:55:19.271+0000] {dag.py:3456} INFO - Setting next_dagrun for tutorial_dag to None, run_after=None
[2023-04-16T00:55:19.293+0000] {processor.py:175} INFO - Processing /home/airflow/.local/lib/python3.7/site-packages/airflow/example_dags/tutorial_dag.py took 0.125 seconds
[2023-04-16T00:55:49.628+0000] {processor.py:153} INFO - Started process (PID=692) to work on /home/airflow/.local/lib/python3.7/site-packages/airflow/example_dags/tutorial_dag.py
[2023-04-16T00:55:49.628+0000] {processor.py:743} INFO - Processing file /home/airflow/.local/lib/python3.7/site-packages/airflow/example_dags/tutorial_dag.py for tasks to queue
[2023-04-16T00:55:49.629+0000] {logging_mixin.py:137} INFO - [2023-04-16T00:55:49.629+0000] {dagbag.py:532} INFO - Filling up the DagBag from /home/airflow/.local/lib/python3.7/site-packages/airflow/example_dags/tutorial_dag.py
[2023-04-16T00:55:49.645+0000] {processor.py:753} INFO - DAG(s) dict_keys(['tutorial_dag']) retrieved from /home/airflow/.local/lib/python3.7/site-packages/airflow/example_dags/tutorial_dag.py
[2023-04-16T00:55:49.675+0000] {logging_mixin.py:137} INFO - [2023-04-16T00:55:49.675+0000] {dag.py:2705} INFO - Sync 1 DAGs
[2023-04-16T00:55:49.714+0000] {logging_mixin.py:137} INFO - [2023-04-16T00:55:49.714+0000] {dag.py:3456} INFO - Setting next_dagrun for tutorial_dag to None, run_after=None
[2023-04-16T00:55:49.736+0000] {processor.py:175} INFO - Processing /home/airflow/.local/lib/python3.7/site-packages/airflow/example_dags/tutorial_dag.py took 0.112 seconds
[2023-04-16T00:56:19.952+0000] {processor.py:153} INFO - Started process (PID=742) to work on /home/airflow/.local/lib/python3.7/site-packages/airflow/example_dags/tutorial_dag.py
[2023-04-16T00:56:19.953+0000] {processor.py:743} INFO - Processing file /home/airflow/.local/lib/python3.7/site-packages/airflow/example_dags/tutorial_dag.py for tasks to queue
[2023-04-16T00:56:19.954+0000] {logging_mixin.py:137} INFO - [2023-04-16T00:56:19.954+0000] {dagbag.py:532} INFO - Filling up the DagBag from /home/airflow/.local/lib/python3.7/site-packages/airflow/example_dags/tutorial_dag.py
[2023-04-16T00:56:19.970+0000] {processor.py:753} INFO - DAG(s) dict_keys(['tutorial_dag']) retrieved from /home/airflow/.local/lib/python3.7/site-packages/airflow/example_dags/tutorial_dag.py
[2023-04-16T00:56:20.004+0000] {logging_mixin.py:137} INFO - [2023-04-16T00:56:20.004+0000] {dag.py:2705} INFO - Sync 1 DAGs
[2023-04-16T00:56:20.043+0000] {logging_mixin.py:137} INFO - [2023-04-16T00:56:20.043+0000] {dag.py:3456} INFO - Setting next_dagrun for tutorial_dag to None, run_after=None
[2023-04-16T00:56:20.070+0000] {processor.py:175} INFO - Processing /home/airflow/.local/lib/python3.7/site-packages/airflow/example_dags/tutorial_dag.py took 0.122 seconds
[2023-04-16T00:56:50.280+0000] {processor.py:153} INFO - Started process (PID=792) to work on /home/airflow/.local/lib/python3.7/site-packages/airflow/example_dags/tutorial_dag.py
[2023-04-16T00:56:50.281+0000] {processor.py:743} INFO - Processing file /home/airflow/.local/lib/python3.7/site-packages/airflow/example_dags/tutorial_dag.py for tasks to queue
[2023-04-16T00:56:50.281+0000] {logging_mixin.py:137} INFO - [2023-04-16T00:56:50.281+0000] {dagbag.py:532} INFO - Filling up the DagBag from /home/airflow/.local/lib/python3.7/site-packages/airflow/example_dags/tutorial_dag.py
[2023-04-16T00:56:50.296+0000] {processor.py:753} INFO - DAG(s) dict_keys(['tutorial_dag']) retrieved from /home/airflow/.local/lib/python3.7/site-packages/airflow/example_dags/tutorial_dag.py
[2023-04-16T00:56:50.327+0000] {logging_mixin.py:137} INFO - [2023-04-16T00:56:50.327+0000] {dag.py:2705} INFO - Sync 1 DAGs
[2023-04-16T00:56:50.366+0000] {logging_mixin.py:137} INFO - [2023-04-16T00:56:50.366+0000] {dag.py:3456} INFO - Setting next_dagrun for tutorial_dag to None, run_after=None
[2023-04-16T00:56:50.390+0000] {processor.py:175} INFO - Processing /home/airflow/.local/lib/python3.7/site-packages/airflow/example_dags/tutorial_dag.py took 0.115 seconds
[2023-04-16T00:57:20.670+0000] {processor.py:153} INFO - Started process (PID=842) to work on /home/airflow/.local/lib/python3.7/site-packages/airflow/example_dags/tutorial_dag.py
[2023-04-16T00:57:20.671+0000] {processor.py:743} INFO - Processing file /home/airflow/.local/lib/python3.7/site-packages/airflow/example_dags/tutorial_dag.py for tasks to queue
[2023-04-16T00:57:20.672+0000] {logging_mixin.py:137} INFO - [2023-04-16T00:57:20.672+0000] {dagbag.py:532} INFO - Filling up the DagBag from /home/airflow/.local/lib/python3.7/site-packages/airflow/example_dags/tutorial_dag.py
[2023-04-16T00:57:20.688+0000] {processor.py:753} INFO - DAG(s) dict_keys(['tutorial_dag']) retrieved from /home/airflow/.local/lib/python3.7/site-packages/airflow/example_dags/tutorial_dag.py
[2023-04-16T00:57:20.719+0000] {logging_mixin.py:137} INFO - [2023-04-16T00:57:20.719+0000] {dag.py:2705} INFO - Sync 1 DAGs
[2023-04-16T00:57:20.761+0000] {logging_mixin.py:137} INFO - [2023-04-16T00:57:20.760+0000] {dag.py:3456} INFO - Setting next_dagrun for tutorial_dag to None, run_after=None
[2023-04-16T00:57:20.784+0000] {processor.py:175} INFO - Processing /home/airflow/.local/lib/python3.7/site-packages/airflow/example_dags/tutorial_dag.py took 0.118 seconds
[2023-04-16T00:57:51.116+0000] {processor.py:153} INFO - Started process (PID=892) to work on /home/airflow/.local/lib/python3.7/site-packages/airflow/example_dags/tutorial_dag.py
[2023-04-16T00:57:51.116+0000] {processor.py:743} INFO - Processing file /home/airflow/.local/lib/python3.7/site-packages/airflow/example_dags/tutorial_dag.py for tasks to queue
[2023-04-16T00:57:51.117+0000] {logging_mixin.py:137} INFO - [2023-04-16T00:57:51.117+0000] {dagbag.py:532} INFO - Filling up the DagBag from /home/airflow/.local/lib/python3.7/site-packages/airflow/example_dags/tutorial_dag.py
[2023-04-16T00:57:51.134+0000] {processor.py:753} INFO - DAG(s) dict_keys(['tutorial_dag']) retrieved from /home/airflow/.local/lib/python3.7/site-packages/airflow/example_dags/tutorial_dag.py
[2023-04-16T00:57:51.181+0000] {logging_mixin.py:137} INFO - [2023-04-16T00:57:51.181+0000] {dag.py:2705} INFO - Sync 1 DAGs
[2023-04-16T00:57:51.222+0000] {logging_mixin.py:137} INFO - [2023-04-16T00:57:51.222+0000] {dag.py:3456} INFO - Setting next_dagrun for tutorial_dag to None, run_after=None
[2023-04-16T00:57:51.255+0000] {processor.py:175} INFO - Processing /home/airflow/.local/lib/python3.7/site-packages/airflow/example_dags/tutorial_dag.py took 0.144 seconds
[2023-04-16T00:58:21.330+0000] {processor.py:153} INFO - Started process (PID=942) to work on /home/airflow/.local/lib/python3.7/site-packages/airflow/example_dags/tutorial_dag.py
[2023-04-16T00:58:21.331+0000] {processor.py:743} INFO - Processing file /home/airflow/.local/lib/python3.7/site-packages/airflow/example_dags/tutorial_dag.py for tasks to queue
[2023-04-16T00:58:21.332+0000] {logging_mixin.py:137} INFO - [2023-04-16T00:58:21.332+0000] {dagbag.py:532} INFO - Filling up the DagBag from /home/airflow/.local/lib/python3.7/site-packages/airflow/example_dags/tutorial_dag.py
[2023-04-16T00:58:21.348+0000] {processor.py:753} INFO - DAG(s) dict_keys(['tutorial_dag']) retrieved from /home/airflow/.local/lib/python3.7/site-packages/airflow/example_dags/tutorial_dag.py
[2023-04-16T00:58:21.380+0000] {logging_mixin.py:137} INFO - [2023-04-16T00:58:21.380+0000] {dag.py:2705} INFO - Sync 1 DAGs
[2023-04-16T00:58:21.419+0000] {logging_mixin.py:137} INFO - [2023-04-16T00:58:21.419+0000] {dag.py:3456} INFO - Setting next_dagrun for tutorial_dag to None, run_after=None
[2023-04-16T00:58:21.442+0000] {processor.py:175} INFO - Processing /home/airflow/.local/lib/python3.7/site-packages/airflow/example_dags/tutorial_dag.py took 0.115 seconds
[2023-04-16T00:58:51.583+0000] {processor.py:153} INFO - Started process (PID=992) to work on /home/airflow/.local/lib/python3.7/site-packages/airflow/example_dags/tutorial_dag.py
[2023-04-16T00:58:51.584+0000] {processor.py:743} INFO - Processing file /home/airflow/.local/lib/python3.7/site-packages/airflow/example_dags/tutorial_dag.py for tasks to queue
[2023-04-16T00:58:51.584+0000] {logging_mixin.py:137} INFO - [2023-04-16T00:58:51.584+0000] {dagbag.py:532} INFO - Filling up the DagBag from /home/airflow/.local/lib/python3.7/site-packages/airflow/example_dags/tutorial_dag.py
[2023-04-16T00:58:51.600+0000] {processor.py:753} INFO - DAG(s) dict_keys(['tutorial_dag']) retrieved from /home/airflow/.local/lib/python3.7/site-packages/airflow/example_dags/tutorial_dag.py
[2023-04-16T00:58:51.631+0000] {logging_mixin.py:137} INFO - [2023-04-16T00:58:51.631+0000] {dag.py:2705} INFO - Sync 1 DAGs
[2023-04-16T00:58:51.670+0000] {logging_mixin.py:137} INFO - [2023-04-16T00:58:51.670+0000] {dag.py:3456} INFO - Setting next_dagrun for tutorial_dag to None, run_after=None
[2023-04-16T00:58:51.698+0000] {processor.py:175} INFO - Processing /home/airflow/.local/lib/python3.7/site-packages/airflow/example_dags/tutorial_dag.py took 0.119 seconds
[2023-04-16T00:59:21.882+0000] {processor.py:153} INFO - Started process (PID=1042) to work on /home/airflow/.local/lib/python3.7/site-packages/airflow/example_dags/tutorial_dag.py
[2023-04-16T00:59:21.883+0000] {processor.py:743} INFO - Processing file /home/airflow/.local/lib/python3.7/site-packages/airflow/example_dags/tutorial_dag.py for tasks to queue
[2023-04-16T00:59:21.884+0000] {logging_mixin.py:137} INFO - [2023-04-16T00:59:21.883+0000] {dagbag.py:532} INFO - Filling up the DagBag from /home/airflow/.local/lib/python3.7/site-packages/airflow/example_dags/tutorial_dag.py
[2023-04-16T00:59:21.899+0000] {processor.py:753} INFO - DAG(s) dict_keys(['tutorial_dag']) retrieved from /home/airflow/.local/lib/python3.7/site-packages/airflow/example_dags/tutorial_dag.py
[2023-04-16T00:59:21.931+0000] {logging_mixin.py:137} INFO - [2023-04-16T00:59:21.931+0000] {dag.py:2705} INFO - Sync 1 DAGs
[2023-04-16T00:59:21.970+0000] {logging_mixin.py:137} INFO - [2023-04-16T00:59:21.970+0000] {dag.py:3456} INFO - Setting next_dagrun for tutorial_dag to None, run_after=None
[2023-04-16T00:59:21.992+0000] {processor.py:175} INFO - Processing /home/airflow/.local/lib/python3.7/site-packages/airflow/example_dags/tutorial_dag.py took 0.114 seconds
[2023-04-16T00:59:52.067+0000] {processor.py:153} INFO - Started process (PID=1092) to work on /home/airflow/.local/lib/python3.7/site-packages/airflow/example_dags/tutorial_dag.py
[2023-04-16T00:59:52.067+0000] {processor.py:743} INFO - Processing file /home/airflow/.local/lib/python3.7/site-packages/airflow/example_dags/tutorial_dag.py for tasks to queue
[2023-04-16T00:59:52.068+0000] {logging_mixin.py:137} INFO - [2023-04-16T00:59:52.068+0000] {dagbag.py:532} INFO - Filling up the DagBag from /home/airflow/.local/lib/python3.7/site-packages/airflow/example_dags/tutorial_dag.py
[2023-04-16T00:59:52.083+0000] {processor.py:753} INFO - DAG(s) dict_keys(['tutorial_dag']) retrieved from /home/airflow/.local/lib/python3.7/site-packages/airflow/example_dags/tutorial_dag.py
[2023-04-16T00:59:52.114+0000] {logging_mixin.py:137} INFO - [2023-04-16T00:59:52.113+0000] {dag.py:2705} INFO - Sync 1 DAGs
[2023-04-16T00:59:52.152+0000] {logging_mixin.py:137} INFO - [2023-04-16T00:59:52.152+0000] {dag.py:3456} INFO - Setting next_dagrun for tutorial_dag to None, run_after=None
[2023-04-16T00:59:52.174+0000] {processor.py:175} INFO - Processing /home/airflow/.local/lib/python3.7/site-packages/airflow/example_dags/tutorial_dag.py took 0.111 seconds
