[2023-04-16T00:49:15.954+0000] {processor.py:153} INFO - Started process (PID=57) to work on /home/airflow/.local/lib/python3.7/site-packages/airflow/example_dags/tutorial.py
[2023-04-16T00:49:15.955+0000] {processor.py:743} INFO - Processing file /home/airflow/.local/lib/python3.7/site-packages/airflow/example_dags/tutorial.py for tasks to queue
[2023-04-16T00:49:15.956+0000] {logging_mixin.py:137} INFO - [2023-04-16T00:49:15.956+0000] {dagbag.py:532} INFO - Filling up the DagBag from /home/airflow/.local/lib/python3.7/site-packages/airflow/example_dags/tutorial.py
[2023-04-16T00:49:16.027+0000] {processor.py:753} INFO - DAG(s) dict_keys(['tutorial']) retrieved from /home/airflow/.local/lib/python3.7/site-packages/airflow/example_dags/tutorial.py
[2023-04-16T00:49:16.065+0000] {logging_mixin.py:137} INFO - [2023-04-16T00:49:16.064+0000] {dag.py:2705} INFO - Sync 1 DAGs
[2023-04-16T00:49:16.117+0000] {logging_mixin.py:137} INFO - [2023-04-16T00:49:16.117+0000] {dag.py:3456} INFO - Setting next_dagrun for tutorial to 2023-04-15T00:49:16.116982+00:00, run_after=2023-04-16T00:49:16.116982+00:00
[2023-04-16T00:49:16.147+0000] {processor.py:175} INFO - Processing /home/airflow/.local/lib/python3.7/site-packages/airflow/example_dags/tutorial.py took 0.197 seconds
[2023-04-16T00:49:46.299+0000] {processor.py:153} INFO - Started process (PID=107) to work on /home/airflow/.local/lib/python3.7/site-packages/airflow/example_dags/tutorial.py
[2023-04-16T00:49:46.300+0000] {processor.py:743} INFO - Processing file /home/airflow/.local/lib/python3.7/site-packages/airflow/example_dags/tutorial.py for tasks to queue
[2023-04-16T00:49:46.301+0000] {logging_mixin.py:137} INFO - [2023-04-16T00:49:46.301+0000] {dagbag.py:532} INFO - Filling up the DagBag from /home/airflow/.local/lib/python3.7/site-packages/airflow/example_dags/tutorial.py
[2023-04-16T00:49:46.317+0000] {processor.py:753} INFO - DAG(s) dict_keys(['tutorial']) retrieved from /home/airflow/.local/lib/python3.7/site-packages/airflow/example_dags/tutorial.py
[2023-04-16T00:49:46.347+0000] {logging_mixin.py:137} INFO - [2023-04-16T00:49:46.347+0000] {dag.py:2705} INFO - Sync 1 DAGs
[2023-04-16T00:49:46.388+0000] {logging_mixin.py:137} INFO - [2023-04-16T00:49:46.388+0000] {dag.py:3456} INFO - Setting next_dagrun for tutorial to 2023-04-15T00:49:46.388341+00:00, run_after=2023-04-16T00:49:46.388341+00:00
[2023-04-16T00:49:46.409+0000] {processor.py:175} INFO - Processing /home/airflow/.local/lib/python3.7/site-packages/airflow/example_dags/tutorial.py took 0.114 seconds
[2023-04-16T00:50:16.431+0000] {processor.py:153} INFO - Started process (PID=157) to work on /home/airflow/.local/lib/python3.7/site-packages/airflow/example_dags/tutorial.py
[2023-04-16T00:50:16.432+0000] {processor.py:743} INFO - Processing file /home/airflow/.local/lib/python3.7/site-packages/airflow/example_dags/tutorial.py for tasks to queue
[2023-04-16T00:50:16.433+0000] {logging_mixin.py:137} INFO - [2023-04-16T00:50:16.432+0000] {dagbag.py:532} INFO - Filling up the DagBag from /home/airflow/.local/lib/python3.7/site-packages/airflow/example_dags/tutorial.py
[2023-04-16T00:50:16.449+0000] {processor.py:753} INFO - DAG(s) dict_keys(['tutorial']) retrieved from /home/airflow/.local/lib/python3.7/site-packages/airflow/example_dags/tutorial.py
[2023-04-16T00:50:16.480+0000] {logging_mixin.py:137} INFO - [2023-04-16T00:50:16.479+0000] {dag.py:2705} INFO - Sync 1 DAGs
[2023-04-16T00:50:16.519+0000] {logging_mixin.py:137} INFO - [2023-04-16T00:50:16.518+0000] {dag.py:3456} INFO - Setting next_dagrun for tutorial to 2023-04-15T00:50:16.518664+00:00, run_after=2023-04-16T00:50:16.518664+00:00
[2023-04-16T00:50:16.545+0000] {processor.py:175} INFO - Processing /home/airflow/.local/lib/python3.7/site-packages/airflow/example_dags/tutorial.py took 0.117 seconds
[2023-04-16T00:50:46.818+0000] {processor.py:153} INFO - Started process (PID=207) to work on /home/airflow/.local/lib/python3.7/site-packages/airflow/example_dags/tutorial.py
[2023-04-16T00:50:46.819+0000] {processor.py:743} INFO - Processing file /home/airflow/.local/lib/python3.7/site-packages/airflow/example_dags/tutorial.py for tasks to queue
[2023-04-16T00:50:46.820+0000] {logging_mixin.py:137} INFO - [2023-04-16T00:50:46.820+0000] {dagbag.py:532} INFO - Filling up the DagBag from /home/airflow/.local/lib/python3.7/site-packages/airflow/example_dags/tutorial.py
[2023-04-16T00:50:46.838+0000] {processor.py:753} INFO - DAG(s) dict_keys(['tutorial']) retrieved from /home/airflow/.local/lib/python3.7/site-packages/airflow/example_dags/tutorial.py
[2023-04-16T00:50:46.872+0000] {logging_mixin.py:137} INFO - [2023-04-16T00:50:46.871+0000] {dag.py:2705} INFO - Sync 1 DAGs
[2023-04-16T00:50:46.916+0000] {logging_mixin.py:137} INFO - [2023-04-16T00:50:46.916+0000] {dag.py:3456} INFO - Setting next_dagrun for tutorial to 2023-04-15T00:50:46.915907+00:00, run_after=2023-04-16T00:50:46.915907+00:00
[2023-04-16T00:50:46.950+0000] {processor.py:175} INFO - Processing /home/airflow/.local/lib/python3.7/site-packages/airflow/example_dags/tutorial.py took 0.136 seconds
[2023-04-16T00:51:17.420+0000] {processor.py:153} INFO - Started process (PID=257) to work on /home/airflow/.local/lib/python3.7/site-packages/airflow/example_dags/tutorial.py
[2023-04-16T00:51:17.421+0000] {processor.py:743} INFO - Processing file /home/airflow/.local/lib/python3.7/site-packages/airflow/example_dags/tutorial.py for tasks to queue
[2023-04-16T00:51:17.421+0000] {logging_mixin.py:137} INFO - [2023-04-16T00:51:17.421+0000] {dagbag.py:532} INFO - Filling up the DagBag from /home/airflow/.local/lib/python3.7/site-packages/airflow/example_dags/tutorial.py
[2023-04-16T00:51:17.439+0000] {processor.py:753} INFO - DAG(s) dict_keys(['tutorial']) retrieved from /home/airflow/.local/lib/python3.7/site-packages/airflow/example_dags/tutorial.py
[2023-04-16T00:51:17.470+0000] {logging_mixin.py:137} INFO - [2023-04-16T00:51:17.470+0000] {dag.py:2705} INFO - Sync 1 DAGs
[2023-04-16T00:51:17.512+0000] {logging_mixin.py:137} INFO - [2023-04-16T00:51:17.512+0000] {dag.py:3456} INFO - Setting next_dagrun for tutorial to 2023-04-15T00:51:17.511717+00:00, run_after=2023-04-16T00:51:17.511717+00:00
[2023-04-16T00:51:17.537+0000] {processor.py:175} INFO - Processing /home/airflow/.local/lib/python3.7/site-packages/airflow/example_dags/tutorial.py took 0.122 seconds
[2023-04-16T00:51:47.819+0000] {processor.py:153} INFO - Started process (PID=307) to work on /home/airflow/.local/lib/python3.7/site-packages/airflow/example_dags/tutorial.py
[2023-04-16T00:51:47.820+0000] {processor.py:743} INFO - Processing file /home/airflow/.local/lib/python3.7/site-packages/airflow/example_dags/tutorial.py for tasks to queue
[2023-04-16T00:51:47.821+0000] {logging_mixin.py:137} INFO - [2023-04-16T00:51:47.820+0000] {dagbag.py:532} INFO - Filling up the DagBag from /home/airflow/.local/lib/python3.7/site-packages/airflow/example_dags/tutorial.py
[2023-04-16T00:51:47.837+0000] {processor.py:753} INFO - DAG(s) dict_keys(['tutorial']) retrieved from /home/airflow/.local/lib/python3.7/site-packages/airflow/example_dags/tutorial.py
[2023-04-16T00:51:47.869+0000] {logging_mixin.py:137} INFO - [2023-04-16T00:51:47.869+0000] {dag.py:2705} INFO - Sync 1 DAGs
[2023-04-16T00:51:47.910+0000] {logging_mixin.py:137} INFO - [2023-04-16T00:51:47.910+0000] {dag.py:3456} INFO - Setting next_dagrun for tutorial to 2023-04-15T00:51:47.910462+00:00, run_after=2023-04-16T00:51:47.910462+00:00
[2023-04-16T00:51:47.932+0000] {processor.py:175} INFO - Processing /home/airflow/.local/lib/python3.7/site-packages/airflow/example_dags/tutorial.py took 0.117 seconds
[2023-04-16T00:52:18.286+0000] {processor.py:153} INFO - Started process (PID=357) to work on /home/airflow/.local/lib/python3.7/site-packages/airflow/example_dags/tutorial.py
[2023-04-16T00:52:18.287+0000] {processor.py:743} INFO - Processing file /home/airflow/.local/lib/python3.7/site-packages/airflow/example_dags/tutorial.py for tasks to queue
[2023-04-16T00:52:18.288+0000] {logging_mixin.py:137} INFO - [2023-04-16T00:52:18.288+0000] {dagbag.py:532} INFO - Filling up the DagBag from /home/airflow/.local/lib/python3.7/site-packages/airflow/example_dags/tutorial.py
[2023-04-16T00:52:18.306+0000] {processor.py:753} INFO - DAG(s) dict_keys(['tutorial']) retrieved from /home/airflow/.local/lib/python3.7/site-packages/airflow/example_dags/tutorial.py
[2023-04-16T00:52:18.341+0000] {logging_mixin.py:137} INFO - [2023-04-16T00:52:18.340+0000] {dag.py:2705} INFO - Sync 1 DAGs
[2023-04-16T00:52:18.389+0000] {logging_mixin.py:137} INFO - [2023-04-16T00:52:18.388+0000] {dag.py:3456} INFO - Setting next_dagrun for tutorial to 2023-04-15T00:52:18.388491+00:00, run_after=2023-04-16T00:52:18.388491+00:00
[2023-04-16T00:52:18.421+0000] {processor.py:175} INFO - Processing /home/airflow/.local/lib/python3.7/site-packages/airflow/example_dags/tutorial.py took 0.140 seconds
[2023-04-16T00:52:48.496+0000] {processor.py:153} INFO - Started process (PID=407) to work on /home/airflow/.local/lib/python3.7/site-packages/airflow/example_dags/tutorial.py
[2023-04-16T00:52:48.497+0000] {processor.py:743} INFO - Processing file /home/airflow/.local/lib/python3.7/site-packages/airflow/example_dags/tutorial.py for tasks to queue
[2023-04-16T00:52:48.498+0000] {logging_mixin.py:137} INFO - [2023-04-16T00:52:48.498+0000] {dagbag.py:532} INFO - Filling up the DagBag from /home/airflow/.local/lib/python3.7/site-packages/airflow/example_dags/tutorial.py
[2023-04-16T00:52:48.527+0000] {processor.py:753} INFO - DAG(s) dict_keys(['tutorial']) retrieved from /home/airflow/.local/lib/python3.7/site-packages/airflow/example_dags/tutorial.py
[2023-04-16T00:52:48.573+0000] {logging_mixin.py:137} INFO - [2023-04-16T00:52:48.573+0000] {dag.py:2705} INFO - Sync 1 DAGs
[2023-04-16T00:52:48.628+0000] {logging_mixin.py:137} INFO - [2023-04-16T00:52:48.627+0000] {dag.py:3456} INFO - Setting next_dagrun for tutorial to 2023-04-15T00:52:48.627644+00:00, run_after=2023-04-16T00:52:48.627644+00:00
[2023-04-16T00:52:48.666+0000] {processor.py:175} INFO - Processing /home/airflow/.local/lib/python3.7/site-packages/airflow/example_dags/tutorial.py took 0.174 seconds
[2023-04-16T00:53:18.763+0000] {processor.py:153} INFO - Started process (PID=457) to work on /home/airflow/.local/lib/python3.7/site-packages/airflow/example_dags/tutorial.py
[2023-04-16T00:53:18.764+0000] {processor.py:743} INFO - Processing file /home/airflow/.local/lib/python3.7/site-packages/airflow/example_dags/tutorial.py for tasks to queue
[2023-04-16T00:53:18.764+0000] {logging_mixin.py:137} INFO - [2023-04-16T00:53:18.764+0000] {dagbag.py:532} INFO - Filling up the DagBag from /home/airflow/.local/lib/python3.7/site-packages/airflow/example_dags/tutorial.py
[2023-04-16T00:53:18.781+0000] {processor.py:753} INFO - DAG(s) dict_keys(['tutorial']) retrieved from /home/airflow/.local/lib/python3.7/site-packages/airflow/example_dags/tutorial.py
[2023-04-16T00:53:18.811+0000] {logging_mixin.py:137} INFO - [2023-04-16T00:53:18.811+0000] {dag.py:2705} INFO - Sync 1 DAGs
[2023-04-16T00:53:18.851+0000] {logging_mixin.py:137} INFO - [2023-04-16T00:53:18.851+0000] {dag.py:3456} INFO - Setting next_dagrun for tutorial to 2023-04-15T00:53:18.851208+00:00, run_after=2023-04-16T00:53:18.851208+00:00
[2023-04-16T00:53:18.879+0000] {processor.py:175} INFO - Processing /home/airflow/.local/lib/python3.7/site-packages/airflow/example_dags/tutorial.py took 0.121 seconds
[2023-04-16T00:53:49.012+0000] {processor.py:153} INFO - Started process (PID=507) to work on /home/airflow/.local/lib/python3.7/site-packages/airflow/example_dags/tutorial.py
[2023-04-16T00:53:49.013+0000] {processor.py:743} INFO - Processing file /home/airflow/.local/lib/python3.7/site-packages/airflow/example_dags/tutorial.py for tasks to queue
[2023-04-16T00:53:49.014+0000] {logging_mixin.py:137} INFO - [2023-04-16T00:53:49.013+0000] {dagbag.py:532} INFO - Filling up the DagBag from /home/airflow/.local/lib/python3.7/site-packages/airflow/example_dags/tutorial.py
[2023-04-16T00:53:49.031+0000] {processor.py:753} INFO - DAG(s) dict_keys(['tutorial']) retrieved from /home/airflow/.local/lib/python3.7/site-packages/airflow/example_dags/tutorial.py
[2023-04-16T00:53:49.061+0000] {logging_mixin.py:137} INFO - [2023-04-16T00:53:49.061+0000] {dag.py:2705} INFO - Sync 1 DAGs
[2023-04-16T00:53:49.103+0000] {logging_mixin.py:137} INFO - [2023-04-16T00:53:49.103+0000] {dag.py:3456} INFO - Setting next_dagrun for tutorial to 2023-04-15T00:53:49.103059+00:00, run_after=2023-04-16T00:53:49.103059+00:00
[2023-04-16T00:53:49.126+0000] {processor.py:175} INFO - Processing /home/airflow/.local/lib/python3.7/site-packages/airflow/example_dags/tutorial.py took 0.117 seconds
[2023-04-16T00:54:19.926+0000] {processor.py:153} INFO - Started process (PID=557) to work on /home/airflow/.local/lib/python3.7/site-packages/airflow/example_dags/tutorial.py
[2023-04-16T00:54:19.927+0000] {processor.py:743} INFO - Processing file /home/airflow/.local/lib/python3.7/site-packages/airflow/example_dags/tutorial.py for tasks to queue
[2023-04-16T00:54:19.928+0000] {logging_mixin.py:137} INFO - [2023-04-16T00:54:19.927+0000] {dagbag.py:532} INFO - Filling up the DagBag from /home/airflow/.local/lib/python3.7/site-packages/airflow/example_dags/tutorial.py
[2023-04-16T00:54:19.944+0000] {processor.py:753} INFO - DAG(s) dict_keys(['tutorial']) retrieved from /home/airflow/.local/lib/python3.7/site-packages/airflow/example_dags/tutorial.py
[2023-04-16T00:54:19.976+0000] {logging_mixin.py:137} INFO - [2023-04-16T00:54:19.975+0000] {dag.py:2705} INFO - Sync 1 DAGs
[2023-04-16T00:54:20.014+0000] {logging_mixin.py:137} INFO - [2023-04-16T00:54:20.014+0000] {dag.py:3456} INFO - Setting next_dagrun for tutorial to 2023-04-15T00:54:20.014350+00:00, run_after=2023-04-16T00:54:20.014350+00:00
[2023-04-16T00:54:20.037+0000] {processor.py:175} INFO - Processing /home/airflow/.local/lib/python3.7/site-packages/airflow/example_dags/tutorial.py took 0.115 seconds
[2023-04-16T00:54:50.326+0000] {processor.py:153} INFO - Started process (PID=606) to work on /home/airflow/.local/lib/python3.7/site-packages/airflow/example_dags/tutorial.py
[2023-04-16T00:54:50.327+0000] {processor.py:743} INFO - Processing file /home/airflow/.local/lib/python3.7/site-packages/airflow/example_dags/tutorial.py for tasks to queue
[2023-04-16T00:54:50.328+0000] {logging_mixin.py:137} INFO - [2023-04-16T00:54:50.328+0000] {dagbag.py:532} INFO - Filling up the DagBag from /home/airflow/.local/lib/python3.7/site-packages/airflow/example_dags/tutorial.py
[2023-04-16T00:54:50.345+0000] {processor.py:753} INFO - DAG(s) dict_keys(['tutorial']) retrieved from /home/airflow/.local/lib/python3.7/site-packages/airflow/example_dags/tutorial.py
[2023-04-16T00:54:50.375+0000] {logging_mixin.py:137} INFO - [2023-04-16T00:54:50.375+0000] {dag.py:2705} INFO - Sync 1 DAGs
[2023-04-16T00:54:50.414+0000] {logging_mixin.py:137} INFO - [2023-04-16T00:54:50.414+0000] {dag.py:3456} INFO - Setting next_dagrun for tutorial to 2023-04-15T00:54:50.414053+00:00, run_after=2023-04-16T00:54:50.414053+00:00
[2023-04-16T00:54:50.435+0000] {processor.py:175} INFO - Processing /home/airflow/.local/lib/python3.7/site-packages/airflow/example_dags/tutorial.py took 0.113 seconds
[2023-04-16T00:55:20.530+0000] {processor.py:153} INFO - Started process (PID=656) to work on /home/airflow/.local/lib/python3.7/site-packages/airflow/example_dags/tutorial.py
[2023-04-16T00:55:20.531+0000] {processor.py:743} INFO - Processing file /home/airflow/.local/lib/python3.7/site-packages/airflow/example_dags/tutorial.py for tasks to queue
[2023-04-16T00:55:20.532+0000] {logging_mixin.py:137} INFO - [2023-04-16T00:55:20.532+0000] {dagbag.py:532} INFO - Filling up the DagBag from /home/airflow/.local/lib/python3.7/site-packages/airflow/example_dags/tutorial.py
[2023-04-16T00:55:20.548+0000] {processor.py:753} INFO - DAG(s) dict_keys(['tutorial']) retrieved from /home/airflow/.local/lib/python3.7/site-packages/airflow/example_dags/tutorial.py
[2023-04-16T00:55:20.579+0000] {logging_mixin.py:137} INFO - [2023-04-16T00:55:20.579+0000] {dag.py:2705} INFO - Sync 1 DAGs
[2023-04-16T00:55:20.620+0000] {logging_mixin.py:137} INFO - [2023-04-16T00:55:20.620+0000] {dag.py:3456} INFO - Setting next_dagrun for tutorial to 2023-04-15T00:55:20.620111+00:00, run_after=2023-04-16T00:55:20.620111+00:00
[2023-04-16T00:55:20.648+0000] {processor.py:175} INFO - Processing /home/airflow/.local/lib/python3.7/site-packages/airflow/example_dags/tutorial.py took 0.122 seconds
[2023-04-16T00:55:50.837+0000] {processor.py:153} INFO - Started process (PID=706) to work on /home/airflow/.local/lib/python3.7/site-packages/airflow/example_dags/tutorial.py
[2023-04-16T00:55:50.838+0000] {processor.py:743} INFO - Processing file /home/airflow/.local/lib/python3.7/site-packages/airflow/example_dags/tutorial.py for tasks to queue
[2023-04-16T00:55:50.838+0000] {logging_mixin.py:137} INFO - [2023-04-16T00:55:50.838+0000] {dagbag.py:532} INFO - Filling up the DagBag from /home/airflow/.local/lib/python3.7/site-packages/airflow/example_dags/tutorial.py
[2023-04-16T00:55:50.858+0000] {processor.py:753} INFO - DAG(s) dict_keys(['tutorial']) retrieved from /home/airflow/.local/lib/python3.7/site-packages/airflow/example_dags/tutorial.py
[2023-04-16T00:55:50.902+0000] {logging_mixin.py:137} INFO - [2023-04-16T00:55:50.902+0000] {dag.py:2705} INFO - Sync 1 DAGs
[2023-04-16T00:55:50.954+0000] {logging_mixin.py:137} INFO - [2023-04-16T00:55:50.954+0000] {dag.py:3456} INFO - Setting next_dagrun for tutorial to 2023-04-15T00:55:50.954466+00:00, run_after=2023-04-16T00:55:50.954466+00:00
[2023-04-16T00:55:50.984+0000] {processor.py:175} INFO - Processing /home/airflow/.local/lib/python3.7/site-packages/airflow/example_dags/tutorial.py took 0.152 seconds
[2023-04-16T00:56:21.199+0000] {processor.py:153} INFO - Started process (PID=756) to work on /home/airflow/.local/lib/python3.7/site-packages/airflow/example_dags/tutorial.py
[2023-04-16T00:56:21.201+0000] {processor.py:743} INFO - Processing file /home/airflow/.local/lib/python3.7/site-packages/airflow/example_dags/tutorial.py for tasks to queue
[2023-04-16T00:56:21.201+0000] {logging_mixin.py:137} INFO - [2023-04-16T00:56:21.201+0000] {dagbag.py:532} INFO - Filling up the DagBag from /home/airflow/.local/lib/python3.7/site-packages/airflow/example_dags/tutorial.py
[2023-04-16T00:56:21.219+0000] {processor.py:753} INFO - DAG(s) dict_keys(['tutorial']) retrieved from /home/airflow/.local/lib/python3.7/site-packages/airflow/example_dags/tutorial.py
[2023-04-16T00:56:21.252+0000] {logging_mixin.py:137} INFO - [2023-04-16T00:56:21.252+0000] {dag.py:2705} INFO - Sync 1 DAGs
[2023-04-16T00:56:21.294+0000] {logging_mixin.py:137} INFO - [2023-04-16T00:56:21.294+0000] {dag.py:3456} INFO - Setting next_dagrun for tutorial to 2023-04-15T00:56:21.294196+00:00, run_after=2023-04-16T00:56:21.294196+00:00
[2023-04-16T00:56:21.319+0000] {processor.py:175} INFO - Processing /home/airflow/.local/lib/python3.7/site-packages/airflow/example_dags/tutorial.py took 0.125 seconds
[2023-04-16T00:56:51.574+0000] {processor.py:153} INFO - Started process (PID=806) to work on /home/airflow/.local/lib/python3.7/site-packages/airflow/example_dags/tutorial.py
[2023-04-16T00:56:51.574+0000] {processor.py:743} INFO - Processing file /home/airflow/.local/lib/python3.7/site-packages/airflow/example_dags/tutorial.py for tasks to queue
[2023-04-16T00:56:51.575+0000] {logging_mixin.py:137} INFO - [2023-04-16T00:56:51.575+0000] {dagbag.py:532} INFO - Filling up the DagBag from /home/airflow/.local/lib/python3.7/site-packages/airflow/example_dags/tutorial.py
[2023-04-16T00:56:51.599+0000] {processor.py:753} INFO - DAG(s) dict_keys(['tutorial']) retrieved from /home/airflow/.local/lib/python3.7/site-packages/airflow/example_dags/tutorial.py
[2023-04-16T00:56:51.633+0000] {logging_mixin.py:137} INFO - [2023-04-16T00:56:51.633+0000] {dag.py:2705} INFO - Sync 1 DAGs
[2023-04-16T00:56:51.677+0000] {logging_mixin.py:137} INFO - [2023-04-16T00:56:51.677+0000] {dag.py:3456} INFO - Setting next_dagrun for tutorial to 2023-04-15T00:56:51.676813+00:00, run_after=2023-04-16T00:56:51.676813+00:00
[2023-04-16T00:56:51.701+0000] {processor.py:175} INFO - Processing /home/airflow/.local/lib/python3.7/site-packages/airflow/example_dags/tutorial.py took 0.132 seconds
[2023-04-16T00:57:21.971+0000] {processor.py:153} INFO - Started process (PID=856) to work on /home/airflow/.local/lib/python3.7/site-packages/airflow/example_dags/tutorial.py
[2023-04-16T00:57:21.972+0000] {processor.py:743} INFO - Processing file /home/airflow/.local/lib/python3.7/site-packages/airflow/example_dags/tutorial.py for tasks to queue
[2023-04-16T00:57:21.973+0000] {logging_mixin.py:137} INFO - [2023-04-16T00:57:21.973+0000] {dagbag.py:532} INFO - Filling up the DagBag from /home/airflow/.local/lib/python3.7/site-packages/airflow/example_dags/tutorial.py
[2023-04-16T00:57:21.994+0000] {processor.py:753} INFO - DAG(s) dict_keys(['tutorial']) retrieved from /home/airflow/.local/lib/python3.7/site-packages/airflow/example_dags/tutorial.py
[2023-04-16T00:57:22.036+0000] {logging_mixin.py:137} INFO - [2023-04-16T00:57:22.036+0000] {dag.py:2705} INFO - Sync 1 DAGs
[2023-04-16T00:57:22.085+0000] {logging_mixin.py:137} INFO - [2023-04-16T00:57:22.085+0000] {dag.py:3456} INFO - Setting next_dagrun for tutorial to 2023-04-15T00:57:22.085363+00:00, run_after=2023-04-16T00:57:22.085363+00:00
[2023-04-16T00:57:22.112+0000] {processor.py:175} INFO - Processing /home/airflow/.local/lib/python3.7/site-packages/airflow/example_dags/tutorial.py took 0.146 seconds
[2023-04-16T00:57:52.352+0000] {processor.py:153} INFO - Started process (PID=906) to work on /home/airflow/.local/lib/python3.7/site-packages/airflow/example_dags/tutorial.py
[2023-04-16T00:57:52.352+0000] {processor.py:743} INFO - Processing file /home/airflow/.local/lib/python3.7/site-packages/airflow/example_dags/tutorial.py for tasks to queue
[2023-04-16T00:57:52.353+0000] {logging_mixin.py:137} INFO - [2023-04-16T00:57:52.353+0000] {dagbag.py:532} INFO - Filling up the DagBag from /home/airflow/.local/lib/python3.7/site-packages/airflow/example_dags/tutorial.py
[2023-04-16T00:57:52.370+0000] {processor.py:753} INFO - DAG(s) dict_keys(['tutorial']) retrieved from /home/airflow/.local/lib/python3.7/site-packages/airflow/example_dags/tutorial.py
[2023-04-16T00:57:52.402+0000] {logging_mixin.py:137} INFO - [2023-04-16T00:57:52.402+0000] {dag.py:2705} INFO - Sync 1 DAGs
[2023-04-16T00:57:52.444+0000] {logging_mixin.py:137} INFO - [2023-04-16T00:57:52.444+0000] {dag.py:3456} INFO - Setting next_dagrun for tutorial to 2023-04-15T00:57:52.444010+00:00, run_after=2023-04-16T00:57:52.444010+00:00
[2023-04-16T00:57:52.469+0000] {processor.py:175} INFO - Processing /home/airflow/.local/lib/python3.7/site-packages/airflow/example_dags/tutorial.py took 0.121 seconds
[2023-04-16T00:58:22.626+0000] {processor.py:153} INFO - Started process (PID=956) to work on /home/airflow/.local/lib/python3.7/site-packages/airflow/example_dags/tutorial.py
[2023-04-16T00:58:22.627+0000] {processor.py:743} INFO - Processing file /home/airflow/.local/lib/python3.7/site-packages/airflow/example_dags/tutorial.py for tasks to queue
[2023-04-16T00:58:22.628+0000] {logging_mixin.py:137} INFO - [2023-04-16T00:58:22.628+0000] {dagbag.py:532} INFO - Filling up the DagBag from /home/airflow/.local/lib/python3.7/site-packages/airflow/example_dags/tutorial.py
[2023-04-16T00:58:22.644+0000] {processor.py:753} INFO - DAG(s) dict_keys(['tutorial']) retrieved from /home/airflow/.local/lib/python3.7/site-packages/airflow/example_dags/tutorial.py
[2023-04-16T00:58:22.676+0000] {logging_mixin.py:137} INFO - [2023-04-16T00:58:22.675+0000] {dag.py:2705} INFO - Sync 1 DAGs
[2023-04-16T00:58:22.716+0000] {logging_mixin.py:137} INFO - [2023-04-16T00:58:22.715+0000] {dag.py:3456} INFO - Setting next_dagrun for tutorial to 2023-04-15T00:58:22.715512+00:00, run_after=2023-04-16T00:58:22.715512+00:00
[2023-04-16T00:58:22.738+0000] {processor.py:175} INFO - Processing /home/airflow/.local/lib/python3.7/site-packages/airflow/example_dags/tutorial.py took 0.116 seconds
[2023-04-16T00:58:52.785+0000] {processor.py:153} INFO - Started process (PID=1005) to work on /home/airflow/.local/lib/python3.7/site-packages/airflow/example_dags/tutorial.py
[2023-04-16T00:58:52.786+0000] {processor.py:743} INFO - Processing file /home/airflow/.local/lib/python3.7/site-packages/airflow/example_dags/tutorial.py for tasks to queue
[2023-04-16T00:58:52.787+0000] {logging_mixin.py:137} INFO - [2023-04-16T00:58:52.786+0000] {dagbag.py:532} INFO - Filling up the DagBag from /home/airflow/.local/lib/python3.7/site-packages/airflow/example_dags/tutorial.py
[2023-04-16T00:58:52.806+0000] {processor.py:753} INFO - DAG(s) dict_keys(['tutorial']) retrieved from /home/airflow/.local/lib/python3.7/site-packages/airflow/example_dags/tutorial.py
[2023-04-16T00:58:52.841+0000] {logging_mixin.py:137} INFO - [2023-04-16T00:58:52.840+0000] {dag.py:2705} INFO - Sync 1 DAGs
[2023-04-16T00:58:52.888+0000] {logging_mixin.py:137} INFO - [2023-04-16T00:58:52.885+0000] {dag.py:3456} INFO - Setting next_dagrun for tutorial to 2023-04-15T00:58:52.885031+00:00, run_after=2023-04-16T00:58:52.885031+00:00
[2023-04-16T00:58:52.913+0000] {processor.py:175} INFO - Processing /home/airflow/.local/lib/python3.7/site-packages/airflow/example_dags/tutorial.py took 0.132 seconds
[2023-04-16T00:59:22.973+0000] {processor.py:153} INFO - Started process (PID=1055) to work on /home/airflow/.local/lib/python3.7/site-packages/airflow/example_dags/tutorial.py
[2023-04-16T00:59:22.974+0000] {processor.py:743} INFO - Processing file /home/airflow/.local/lib/python3.7/site-packages/airflow/example_dags/tutorial.py for tasks to queue
[2023-04-16T00:59:22.975+0000] {logging_mixin.py:137} INFO - [2023-04-16T00:59:22.974+0000] {dagbag.py:532} INFO - Filling up the DagBag from /home/airflow/.local/lib/python3.7/site-packages/airflow/example_dags/tutorial.py
[2023-04-16T00:59:22.991+0000] {processor.py:753} INFO - DAG(s) dict_keys(['tutorial']) retrieved from /home/airflow/.local/lib/python3.7/site-packages/airflow/example_dags/tutorial.py
[2023-04-16T00:59:23.022+0000] {logging_mixin.py:137} INFO - [2023-04-16T00:59:23.022+0000] {dag.py:2705} INFO - Sync 1 DAGs
[2023-04-16T00:59:23.063+0000] {logging_mixin.py:137} INFO - [2023-04-16T00:59:23.063+0000] {dag.py:3456} INFO - Setting next_dagrun for tutorial to 2023-04-15T00:59:23.063098+00:00, run_after=2023-04-16T00:59:23.063098+00:00
[2023-04-16T00:59:23.085+0000] {processor.py:175} INFO - Processing /home/airflow/.local/lib/python3.7/site-packages/airflow/example_dags/tutorial.py took 0.116 seconds
[2023-04-16T00:59:53.280+0000] {processor.py:153} INFO - Started process (PID=1105) to work on /home/airflow/.local/lib/python3.7/site-packages/airflow/example_dags/tutorial.py
[2023-04-16T00:59:53.281+0000] {processor.py:743} INFO - Processing file /home/airflow/.local/lib/python3.7/site-packages/airflow/example_dags/tutorial.py for tasks to queue
[2023-04-16T00:59:53.281+0000] {logging_mixin.py:137} INFO - [2023-04-16T00:59:53.281+0000] {dagbag.py:532} INFO - Filling up the DagBag from /home/airflow/.local/lib/python3.7/site-packages/airflow/example_dags/tutorial.py
[2023-04-16T00:59:53.299+0000] {processor.py:753} INFO - DAG(s) dict_keys(['tutorial']) retrieved from /home/airflow/.local/lib/python3.7/site-packages/airflow/example_dags/tutorial.py
[2023-04-16T00:59:53.330+0000] {logging_mixin.py:137} INFO - [2023-04-16T00:59:53.330+0000] {dag.py:2705} INFO - Sync 1 DAGs
[2023-04-16T00:59:53.371+0000] {logging_mixin.py:137} INFO - [2023-04-16T00:59:53.371+0000] {dag.py:3456} INFO - Setting next_dagrun for tutorial to 2023-04-15T00:59:53.370948+00:00, run_after=2023-04-16T00:59:53.370948+00:00
[2023-04-16T00:59:53.396+0000] {processor.py:175} INFO - Processing /home/airflow/.local/lib/python3.7/site-packages/airflow/example_dags/tutorial.py took 0.120 seconds
